[0.081s] DEBUG:colcon:Command line arguments: ['/usr/bin/colcon', 'build']
[0.081s] DEBUG:colcon:Parsed command line arguments: Namespace(log_base=None, log_level=None, verb_name='build', build_base='build', install_base='install', merge_install=False, symlink_install=False, test_result_base=None, continue_on_error=False, executor='parallel', parallel_workers=12, event_handlers=None, ignore_user_meta=False, metas=['./colcon.meta'], base_paths=['.'], packages_ignore=None, packages_ignore_regex=None, paths=None, packages_up_to=None, packages_up_to_regex=None, packages_above=None, packages_above_and_dependencies=None, packages_above_depth=None, packages_select_by_dep=None, packages_skip_by_dep=None, packages_skip_up_to=None, packages_select_build_failed=False, packages_skip_build_finished=False, packages_select_test_failures=False, packages_skip_test_passed=False, packages_select=None, packages_skip=None, packages_select_regex=None, packages_skip_regex=None, packages_start=None, packages_end=None, allow_overriding=[], cmake_args=None, cmake_target=None, cmake_target_skip_unavailable=False, cmake_clean_cache=False, cmake_clean_first=False, cmake_force_configure=False, ament_cmake_args=None, catkin_cmake_args=None, catkin_skip_building_tests=False, mixin_files=None, mixin=None, verb_parser=<colcon_mixin.mixin.mixin_argument.MixinArgumentDecorator object at 0x72082ce653c0>, verb_extension=<colcon_core.verb.build.BuildVerb object at 0x72082ce64520>, main=<bound method BuildVerb.main of <colcon_core.verb.build.BuildVerb object at 0x72082ce64520>>, mixin_verb=('build',))
[0.223s] Level 1:colcon.colcon_core.package_discovery:discover_packages(colcon_meta) check parameters
[0.223s] Level 1:colcon.colcon_core.package_discovery:discover_packages(recursive) check parameters
[0.223s] Level 1:colcon.colcon_core.package_discovery:discover_packages(ignore) check parameters
[0.223s] Level 1:colcon.colcon_core.package_discovery:discover_packages(path) check parameters
[0.223s] Level 1:colcon.colcon_core.package_discovery:discover_packages(colcon_meta) discover
[0.223s] Level 1:colcon.colcon_core.package_discovery:discover_packages(recursive) discover
[0.223s] INFO:colcon.colcon_core.package_discovery:Crawling recursively for packages in '/home/tamir/manipulator_project/config/moveit_robot_config'
[0.223s] Level 1:colcon.colcon_core.package_identification:_identify(.) by extensions ['ignore', 'ignore_ament_install']
[0.223s] Level 1:colcon.colcon_core.package_identification:_identify(.) by extension 'ignore'
[0.223s] Level 1:colcon.colcon_core.package_identification:_identify(.) by extension 'ignore_ament_install'
[0.224s] Level 1:colcon.colcon_core.package_identification:_identify(.) by extensions ['colcon_pkg']
[0.224s] Level 1:colcon.colcon_core.package_identification:_identify(.) by extension 'colcon_pkg'
[0.224s] Level 1:colcon.colcon_core.package_identification:_identify(.) by extensions ['colcon_meta']
[0.224s] Level 1:colcon.colcon_core.package_identification:_identify(.) by extension 'colcon_meta'
[0.224s] Level 1:colcon.colcon_core.package_identification:_identify(.) by extensions ['ros']
[0.224s] Level 1:colcon.colcon_core.package_identification:_identify(.) by extension 'ros'
[0.242s] DEBUG:colcon.colcon_core.package_identification:Package '.' with type 'ros.ament_cmake' and name 'moveit_robot_config'
[0.242s] Level 1:colcon.colcon_core.package_discovery:discover_packages(recursive) using defaults
[0.242s] Level 1:colcon.colcon_core.package_discovery:discover_packages(ignore) discover
[0.242s] Level 1:colcon.colcon_core.package_discovery:discover_packages(ignore) using defaults
[0.242s] Level 1:colcon.colcon_core.package_discovery:discover_packages(path) discover
[0.242s] Level 1:colcon.colcon_core.package_discovery:discover_packages(path) using defaults
[0.257s] Level 1:colcon.colcon_core.package_discovery:discover_packages(prefix_path) check parameters
[0.257s] Level 1:colcon.colcon_core.package_discovery:discover_packages(prefix_path) discover
[0.259s] DEBUG:colcon.colcon_installed_package_information.package_discovery:Found 1 installed packages in /home/tamir/manipulator_project/config/install
[0.259s] DEBUG:colcon.colcon_installed_package_information.package_discovery:Found 1 installed packages in /home/tamir/manipulator_project/install
[0.259s] DEBUG:colcon.colcon_installed_package_information.package_discovery:Found 7 installed packages in /home/tamir/autonomous_robot/install
[0.260s] DEBUG:colcon.colcon_installed_package_information.package_discovery:Found 0 installed packages in /home/tamir/autonomous_robot/autonomous_robot_description/launch/install
[0.260s] DEBUG:colcon.colcon_installed_package_information.package_discovery:Found 1 installed packages in /home/tamir/autonomous_robot/autonomous_robot_description/install
[0.260s] DEBUG:colcon.colcon_installed_package_information.package_discovery:Found 3 installed packages in /home/tamir/install
[0.260s] DEBUG:colcon.colcon_installed_package_information.package_discovery:Found 3 installed packages in /home/tamir/turtlebot3_ws/install
[0.261s] DEBUG:colcon.colcon_installed_package_information.package_discovery:Found 8 installed packages in /home/tamir/ros2_ws/install
[0.261s] DEBUG:colcon.colcon_installed_package_information.package_discovery:Found 3 installed packages in /home/tamir/autonomous_robot/autonomous_robot_control/install
[0.261s] DEBUG:colcon.colcon_installed_package_information.package_discovery:Found 3 installed packages in /home/tamir/autonomous_robot/sensors_package/src/lidar_ws/install
[0.261s] DEBUG:colcon.colcon_installed_package_information.package_discovery:Found 1 installed packages in /home/tamir/autonomous_robot/autonomous_robot_control/src/control_hardware/install
[0.262s] DEBUG:colcon.colcon_installed_package_information.package_discovery:Found 44 installed packages in /home/tamir/ws_moveit2/install
[0.263s] DEBUG:colcon.colcon_installed_package_information.package_discovery:Found 427 installed packages in /opt/ros/humble
[0.265s] Level 1:colcon.colcon_core.package_discovery:discover_packages(prefix_path) using defaults
[0.299s] Level 5:colcon.colcon_core.verb:set package 'moveit_robot_config' build argument 'cmake_args' from command line to 'None'
[0.299s] Level 5:colcon.colcon_core.verb:set package 'moveit_robot_config' build argument 'cmake_target' from command line to 'None'
[0.299s] Level 5:colcon.colcon_core.verb:set package 'moveit_robot_config' build argument 'cmake_target_skip_unavailable' from command line to 'False'
[0.299s] Level 5:colcon.colcon_core.verb:set package 'moveit_robot_config' build argument 'cmake_clean_cache' from command line to 'False'
[0.299s] Level 5:colcon.colcon_core.verb:set package 'moveit_robot_config' build argument 'cmake_clean_first' from command line to 'False'
[0.299s] Level 5:colcon.colcon_core.verb:set package 'moveit_robot_config' build argument 'cmake_force_configure' from command line to 'False'
[0.299s] Level 5:colcon.colcon_core.verb:set package 'moveit_robot_config' build argument 'ament_cmake_args' from command line to 'None'
[0.299s] Level 5:colcon.colcon_core.verb:set package 'moveit_robot_config' build argument 'catkin_cmake_args' from command line to 'None'
[0.299s] Level 5:colcon.colcon_core.verb:set package 'moveit_robot_config' build argument 'catkin_skip_building_tests' from command line to 'False'
[0.299s] DEBUG:colcon.colcon_core.verb:Building package 'moveit_robot_config' with the following arguments: {'ament_cmake_args': None, 'build_base': '/home/tamir/manipulator_project/config/moveit_robot_config/build/moveit_robot_config', 'catkin_cmake_args': None, 'catkin_skip_building_tests': False, 'cmake_args': None, 'cmake_clean_cache': False, 'cmake_clean_first': False, 'cmake_force_configure': False, 'cmake_target': None, 'cmake_target_skip_unavailable': False, 'install_base': '/home/tamir/manipulator_project/config/moveit_robot_config/install/moveit_robot_config', 'merge_install': False, 'path': '/home/tamir/manipulator_project/config/moveit_robot_config', 'symlink_install': False, 'test_result_base': None}
[0.300s] INFO:colcon.colcon_core.executor:Executing jobs using 'parallel' executor
[0.300s] DEBUG:colcon.colcon_parallel_executor.executor.parallel:run_until_complete
[0.300s] INFO:colcon.colcon_ros.task.ament_cmake.build:Building ROS package in '/home/tamir/manipulator_project/config/moveit_robot_config' with build type 'ament_cmake'
[0.301s] INFO:colcon.colcon_cmake.task.cmake.build:Building CMake package in '/home/tamir/manipulator_project/config/moveit_robot_config'
[0.302s] INFO:colcon.colcon_core.plugin_system:Skipping extension 'colcon_core.shell.bat': Not used on non-Windows systems
[0.302s] INFO:colcon.colcon_core.shell:Skip shell extension 'powershell' for command environment: Not usable outside of PowerShell
[0.302s] DEBUG:colcon.colcon_core.shell:Skip shell extension 'dsv' for command environment
[0.314s] DEBUG:colcon.colcon_core.event_handler.log_command:Invoking command in '/home/tamir/manipulator_project/config/moveit_robot_config/build/moveit_robot_config': CMAKE_PREFIX_PATH=${CMAKE_PREFIX_PATH}:/home/tamir/ros2_ws/install/turtle_spawner:/home/tamir/ros2_ws/install/turtle_controller:/home/tamir/ros2_ws/install/my_py_pkg:/home/tamir/autonomous_robot/autonomous_robot_control/install/control_hardware:/home/tamir/autonomous_robot/autonomous_robot_control/install/calc_odom:/home/tamir/ws_moveit2/install/moveit_configs_utils:/home/tamir/ws_moveit2/install/launch_param_builder:/home/tamir/autonomous_robot/install/calc_odom:/home/tamir/autonomous_robot/install/control_hardware:/home/tamir/autonomous_robot/autonomous_robot_control/src/control_hardware/install/control_hardware:/opt/ros/humble /usr/bin/cmake /home/tamir/manipulator_project/config/moveit_robot_config -DCMAKE_INSTALL_PREFIX=/home/tamir/manipulator_project/config/moveit_robot_config/install/moveit_robot_config
[0.969s] DEBUG:colcon.colcon_core.event_handler.log_command:Invoked command in '/home/tamir/manipulator_project/config/moveit_robot_config/build/moveit_robot_config' returned '0': CMAKE_PREFIX_PATH=${CMAKE_PREFIX_PATH}:/home/tamir/ros2_ws/install/turtle_spawner:/home/tamir/ros2_ws/install/turtle_controller:/home/tamir/ros2_ws/install/my_py_pkg:/home/tamir/autonomous_robot/autonomous_robot_control/install/control_hardware:/home/tamir/autonomous_robot/autonomous_robot_control/install/calc_odom:/home/tamir/ws_moveit2/install/moveit_configs_utils:/home/tamir/ws_moveit2/install/launch_param_builder:/home/tamir/autonomous_robot/install/calc_odom:/home/tamir/autonomous_robot/install/control_hardware:/home/tamir/autonomous_robot/autonomous_robot_control/src/control_hardware/install/control_hardware:/opt/ros/humble /usr/bin/cmake /home/tamir/manipulator_project/config/moveit_robot_config -DCMAKE_INSTALL_PREFIX=/home/tamir/manipulator_project/config/moveit_robot_config/install/moveit_robot_config
[0.971s] DEBUG:colcon.colcon_core.event_handler.log_command:Invoking command in '/home/tamir/manipulator_project/config/moveit_robot_config/build/moveit_robot_config': CMAKE_PREFIX_PATH=${CMAKE_PREFIX_PATH}:/home/tamir/ros2_ws/install/turtle_spawner:/home/tamir/ros2_ws/install/turtle_controller:/home/tamir/ros2_ws/install/my_py_pkg:/home/tamir/autonomous_robot/autonomous_robot_control/install/control_hardware:/home/tamir/autonomous_robot/autonomous_robot_control/install/calc_odom:/home/tamir/ws_moveit2/install/moveit_configs_utils:/home/tamir/ws_moveit2/install/launch_param_builder:/home/tamir/autonomous_robot/install/calc_odom:/home/tamir/autonomous_robot/install/control_hardware:/home/tamir/autonomous_robot/autonomous_robot_control/src/control_hardware/install/control_hardware:/opt/ros/humble /usr/bin/cmake --build /home/tamir/manipulator_project/config/moveit_robot_config/build/moveit_robot_config -- -j12 -l12
[1.014s] DEBUG:colcon.colcon_core.event_handler.log_command:Invoked command in '/home/tamir/manipulator_project/config/moveit_robot_config/build/moveit_robot_config' returned '0': CMAKE_PREFIX_PATH=${CMAKE_PREFIX_PATH}:/home/tamir/ros2_ws/install/turtle_spawner:/home/tamir/ros2_ws/install/turtle_controller:/home/tamir/ros2_ws/install/my_py_pkg:/home/tamir/autonomous_robot/autonomous_robot_control/install/control_hardware:/home/tamir/autonomous_robot/autonomous_robot_control/install/calc_odom:/home/tamir/ws_moveit2/install/moveit_configs_utils:/home/tamir/ws_moveit2/install/launch_param_builder:/home/tamir/autonomous_robot/install/calc_odom:/home/tamir/autonomous_robot/install/control_hardware:/home/tamir/autonomous_robot/autonomous_robot_control/src/control_hardware/install/control_hardware:/opt/ros/humble /usr/bin/cmake --build /home/tamir/manipulator_project/config/moveit_robot_config/build/moveit_robot_config -- -j12 -l12
[1.027s] DEBUG:colcon.colcon_core.event_handler.log_command:Invoking command in '/home/tamir/manipulator_project/config/moveit_robot_config/build/moveit_robot_config': CMAKE_PREFIX_PATH=${CMAKE_PREFIX_PATH}:/home/tamir/ros2_ws/install/turtle_spawner:/home/tamir/ros2_ws/install/turtle_controller:/home/tamir/ros2_ws/install/my_py_pkg:/home/tamir/autonomous_robot/autonomous_robot_control/install/control_hardware:/home/tamir/autonomous_robot/autonomous_robot_control/install/calc_odom:/home/tamir/ws_moveit2/install/moveit_configs_utils:/home/tamir/ws_moveit2/install/launch_param_builder:/home/tamir/autonomous_robot/install/calc_odom:/home/tamir/autonomous_robot/install/control_hardware:/home/tamir/autonomous_robot/autonomous_robot_control/src/control_hardware/install/control_hardware:/opt/ros/humble /usr/bin/cmake --install /home/tamir/manipulator_project/config/moveit_robot_config/build/moveit_robot_config
[1.047s] Level 1:colcon.colcon_core.environment:create_environment_scripts_only(moveit_robot_config)
[1.048s] DEBUG:colcon.colcon_core.event_handler.log_command:Invoked command in '/home/tamir/manipulator_project/config/moveit_robot_config/build/moveit_robot_config' returned '0': CMAKE_PREFIX_PATH=${CMAKE_PREFIX_PATH}:/home/tamir/ros2_ws/install/turtle_spawner:/home/tamir/ros2_ws/install/turtle_controller:/home/tamir/ros2_ws/install/my_py_pkg:/home/tamir/autonomous_robot/autonomous_robot_control/install/control_hardware:/home/tamir/autonomous_robot/autonomous_robot_control/install/calc_odom:/home/tamir/ws_moveit2/install/moveit_configs_utils:/home/tamir/ws_moveit2/install/launch_param_builder:/home/tamir/autonomous_robot/install/calc_odom:/home/tamir/autonomous_robot/install/control_hardware:/home/tamir/autonomous_robot/autonomous_robot_control/src/control_hardware/install/control_hardware:/opt/ros/humble /usr/bin/cmake --install /home/tamir/manipulator_project/config/moveit_robot_config/build/moveit_robot_config
[1.050s] Level 1:colcon.colcon_core.environment:checking '/home/tamir/manipulator_project/config/moveit_robot_config/install/moveit_robot_config' for CMake module files
[1.050s] Level 1:colcon.colcon_core.environment:checking '/home/tamir/manipulator_project/config/moveit_robot_config/install/moveit_robot_config' for CMake config files
[1.051s] Level 1:colcon.colcon_core.shell:create_environment_hook('moveit_robot_config', 'cmake_prefix_path')
[1.051s] INFO:colcon.colcon_core.shell:Creating environment hook '/home/tamir/manipulator_project/config/moveit_robot_config/install/moveit_robot_config/share/moveit_robot_config/hook/cmake_prefix_path.ps1'
[1.052s] INFO:colcon.colcon_core.shell:Creating environment descriptor '/home/tamir/manipulator_project/config/moveit_robot_config/install/moveit_robot_config/share/moveit_robot_config/hook/cmake_prefix_path.dsv'
[1.053s] INFO:colcon.colcon_core.shell:Creating environment hook '/home/tamir/manipulator_project/config/moveit_robot_config/install/moveit_robot_config/share/moveit_robot_config/hook/cmake_prefix_path.sh'
[1.054s] Level 1:colcon.colcon_core.environment:checking '/home/tamir/manipulator_project/config/moveit_robot_config/install/moveit_robot_config/bin'
[1.054s] Level 1:colcon.colcon_core.environment:checking '/home/tamir/manipulator_project/config/moveit_robot_config/install/moveit_robot_config/lib/pkgconfig/moveit_robot_config.pc'
[1.054s] Level 1:colcon.colcon_core.environment:checking '/home/tamir/manipulator_project/config/moveit_robot_config/install/moveit_robot_config/lib/python3.10/site-packages'
[1.055s] Level 1:colcon.colcon_core.environment:checking '/home/tamir/manipulator_project/config/moveit_robot_config/install/moveit_robot_config/bin'
[1.055s] INFO:colcon.colcon_core.shell:Creating package script '/home/tamir/manipulator_project/config/moveit_robot_config/install/moveit_robot_config/share/moveit_robot_config/package.ps1'
[1.056s] INFO:colcon.colcon_core.shell:Creating package descriptor '/home/tamir/manipulator_project/config/moveit_robot_config/install/moveit_robot_config/share/moveit_robot_config/package.dsv'
[1.057s] INFO:colcon.colcon_core.shell:Creating package script '/home/tamir/manipulator_project/config/moveit_robot_config/install/moveit_robot_config/share/moveit_robot_config/package.sh'
[1.057s] INFO:colcon.colcon_core.shell:Creating package script '/home/tamir/manipulator_project/config/moveit_robot_config/install/moveit_robot_config/share/moveit_robot_config/package.bash'
[1.058s] INFO:colcon.colcon_core.shell:Creating package script '/home/tamir/manipulator_project/config/moveit_robot_config/install/moveit_robot_config/share/moveit_robot_config/package.zsh'
[1.059s] Level 1:colcon.colcon_core.environment:create_file_with_runtime_dependencies(/home/tamir/manipulator_project/config/moveit_robot_config/install/moveit_robot_config/share/colcon-core/packages/moveit_robot_config)
[1.060s] Level 1:colcon.colcon_core.environment:create_environment_scripts_only(moveit_robot_config)
[1.060s] Level 1:colcon.colcon_core.environment:checking '/home/tamir/manipulator_project/config/moveit_robot_config/install/moveit_robot_config' for CMake module files
[1.060s] Level 1:colcon.colcon_core.environment:checking '/home/tamir/manipulator_project/config/moveit_robot_config/install/moveit_robot_config' for CMake config files
[1.061s] Level 1:colcon.colcon_core.shell:create_environment_hook('moveit_robot_config', 'cmake_prefix_path')
[1.061s] INFO:colcon.colcon_core.shell:Creating environment hook '/home/tamir/manipulator_project/config/moveit_robot_config/install/moveit_robot_config/share/moveit_robot_config/hook/cmake_prefix_path.ps1'
[1.061s] INFO:colcon.colcon_core.shell:Creating environment descriptor '/home/tamir/manipulator_project/config/moveit_robot_config/install/moveit_robot_config/share/moveit_robot_config/hook/cmake_prefix_path.dsv'
[1.062s] INFO:colcon.colcon_core.shell:Creating environment hook '/home/tamir/manipulator_project/config/moveit_robot_config/install/moveit_robot_config/share/moveit_robot_config/hook/cmake_prefix_path.sh'
[1.062s] Level 1:colcon.colcon_core.environment:checking '/home/tamir/manipulator_project/config/moveit_robot_config/install/moveit_robot_config/bin'
[1.062s] Level 1:colcon.colcon_core.environment:checking '/home/tamir/manipulator_project/config/moveit_robot_config/install/moveit_robot_config/lib/pkgconfig/moveit_robot_config.pc'
[1.063s] Level 1:colcon.colcon_core.environment:checking '/home/tamir/manipulator_project/config/moveit_robot_config/install/moveit_robot_config/lib/python3.10/site-packages'
[1.063s] Level 1:colcon.colcon_core.environment:checking '/home/tamir/manipulator_project/config/moveit_robot_config/install/moveit_robot_config/bin'
[1.063s] INFO:colcon.colcon_core.shell:Creating package script '/home/tamir/manipulator_project/config/moveit_robot_config/install/moveit_robot_config/share/moveit_robot_config/package.ps1'
[1.064s] INFO:colcon.colcon_core.shell:Creating package descriptor '/home/tamir/manipulator_project/config/moveit_robot_config/install/moveit_robot_config/share/moveit_robot_config/package.dsv'
[1.064s] INFO:colcon.colcon_core.shell:Creating package script '/home/tamir/manipulator_project/config/moveit_robot_config/install/moveit_robot_config/share/moveit_robot_config/package.sh'
[1.064s] INFO:colcon.colcon_core.shell:Creating package script '/home/tamir/manipulator_project/config/moveit_robot_config/install/moveit_robot_config/share/moveit_robot_config/package.bash'
[1.065s] INFO:colcon.colcon_core.shell:Creating package script '/home/tamir/manipulator_project/config/moveit_robot_config/install/moveit_robot_config/share/moveit_robot_config/package.zsh'
[1.065s] Level 1:colcon.colcon_core.environment:create_file_with_runtime_dependencies(/home/tamir/manipulator_project/config/moveit_robot_config/install/moveit_robot_config/share/colcon-core/packages/moveit_robot_config)
[1.065s] DEBUG:colcon.colcon_parallel_executor.executor.parallel:closing loop
[1.066s] DEBUG:colcon.colcon_parallel_executor.executor.parallel:loop closed
[1.066s] DEBUG:colcon.colcon_parallel_executor.executor.parallel:run_until_complete finished with '0'
[1.066s] DEBUG:colcon.colcon_core.event_reactor:joining thread
[1.071s] INFO:colcon.colcon_core.plugin_system:Skipping extension 'colcon_notification.desktop_notification.terminal_notifier': Not used on non-Darwin systems
[1.071s] INFO:colcon.colcon_core.plugin_system:Skipping extension 'colcon_notification.desktop_notification.win32': Not used on non-Windows systems
[1.071s] INFO:colcon.colcon_notification.desktop_notification:Sending desktop notification using 'notify2'
[1.083s] DEBUG:colcon.colcon_core.event_reactor:joined thread
[1.083s] INFO:colcon.colcon_core.shell:Creating prefix script '/home/tamir/manipulator_project/config/moveit_robot_config/install/local_setup.ps1'
[1.084s] INFO:colcon.colcon_core.shell:Creating prefix util module '/home/tamir/manipulator_project/config/moveit_robot_config/install/_local_setup_util_ps1.py'
[1.085s] INFO:colcon.colcon_core.shell:Creating prefix chain script '/home/tamir/manipulator_project/config/moveit_robot_config/install/setup.ps1'
[1.088s] INFO:colcon.colcon_core.shell:Creating prefix script '/home/tamir/manipulator_project/config/moveit_robot_config/install/local_setup.sh'
[1.089s] INFO:colcon.colcon_core.shell:Creating prefix util module '/home/tamir/manipulator_project/config/moveit_robot_config/install/_local_setup_util_sh.py'
[1.090s] INFO:colcon.colcon_core.shell:Creating prefix chain script '/home/tamir/manipulator_project/config/moveit_robot_config/install/setup.sh'
[1.092s] INFO:colcon.colcon_core.shell:Creating prefix script '/home/tamir/manipulator_project/config/moveit_robot_config/install/local_setup.bash'
[1.092s] INFO:colcon.colcon_core.shell:Creating prefix chain script '/home/tamir/manipulator_project/config/moveit_robot_config/install/setup.bash'
[1.095s] INFO:colcon.colcon_core.shell:Creating prefix script '/home/tamir/manipulator_project/config/moveit_robot_config/install/local_setup.zsh'
[1.095s] INFO:colcon.colcon_core.shell:Creating prefix chain script '/home/tamir/manipulator_project/config/moveit_robot_config/install/setup.zsh'
