-- The C compiler identification is GNU 11.4.0
-- The CXX compiler identification is GNU 11.4.0
-- Detecting C compiler ABI info
-- Detecting C compiler ABI info - done
-- Check for working C compiler: /usr/bin/cc - skipped
-- Detecting C compile features
-- Detecting C compile features - done
-- Detecting CXX compiler ABI info
-- Detecting CXX compiler ABI info - done
-- Check for working CXX compiler: /usr/bin/c++ - skipped
-- Detecting CXX compile features
-- Detecting CXX compile features - done
-- Found ament_cmake: 1.3.11 (/opt/ros/humble/share/ament_cmake/cmake)
-- Found Python3: /usr/bin/python3 (found version "3.10.12") found components: Interpreter 
-- Found rclcpp: 16.0.11 (/opt/ros/humble/share/rclcpp/cmake)
-- Found rosidl_generator_c: 3.1.6 (/opt/ros/humble/share/rosidl_generator_c/cmake)
-- Found rosidl_adapter: 3.1.6 (/opt/ros/humble/share/rosidl_adapter/cmake)
-- Found rosidl_generator_cpp: 3.1.6 (/opt/ros/humble/share/rosidl_generator_cpp/cmake)
-- Using all available rosidl_typesupport_c: rosidl_typesupport_fastrtps_c;rosidl_typesupport_introspection_c
-- Using all available rosidl_typesupport_cpp: rosidl_typesupport_fastrtps_cpp;rosidl_typesupport_introspection_cpp
-- Found rmw_implementation_cmake: 6.1.2 (/opt/ros/humble/share/rmw_implementation_cmake/cmake)
-- Found rmw_fastrtps_cpp: 6.2.7 (/opt/ros/humble/share/rmw_fastrtps_cpp/cmake)
-- Found OpenSSL: /usr/lib/x86_64-linux-gnu/libcrypto.so (found version "3.0.2")  
-- Found FastRTPS: /opt/ros/humble/include  
-- Using RMW implementation 'rmw_fastrtps_cpp' as default
-- Looking for pthread.h
-- Looking for pthread.h - found
-- Performing Test CMAKE_HAVE_LIBC_PTHREAD
-- Performing Test CMAKE_HAVE_LIBC_PTHREAD - Success
-- Found Threads: TRUE  
-- Found geometry_msgs: 4.2.4 (/opt/ros/humble/share/geometry_msgs/cmake)
-- Found rosidl_default_generators: 1.2.0 (/opt/ros/humble/share/rosidl_default_generators/cmake)
-- Found ament_cmake_ros: 0.10.0 (/opt/ros/humble/share/ament_cmake_ros/cmake)
-- Using all available rosidl_typesupport_c: rosidl_typesupport_fastrtps_c;rosidl_typesupport_introspection_c
-- Using all available rosidl_typesupport_cpp: rosidl_typesupport_fastrtps_cpp;rosidl_typesupport_introspection_cpp
-- Found PythonInterp: /usr/bin/python3 (found suitable version "3.10.12", minimum required is "3.6") 
-- Found python_cmake_module: 0.10.0 (/opt/ros/humble/share/python_cmake_module/cmake)
-- Found PythonLibs: /usr/lib/x86_64-linux-gnu/libpython3.10.so (found suitable version "3.10.12", minimum required is "3.5") 
-- Using PYTHON_EXECUTABLE: /usr/bin/python3
-- Using PYTHON_INCLUDE_DIRS: /usr/include/python3.10
-- Using PYTHON_LIBRARIES: /usr/lib/x86_64-linux-gnu/libpython3.10.so
-- Found PythonExtra: .so  
-- Configuring done
-- Generating done
-- Build files have been written to: /home/tamir/manipulator_project/src/manipulator_interfaces/build/manipulator_interfaces
[  3%] [34m[1mGenerating C code for ROS interfaces[0m
[  6%] [34m[1mGenerating C++ code for ROS interfaces[0m
[  6%] Built target ament_cmake_python_copy_manipulator_interfaces
[  9%] [32mBuilding C object CMakeFiles/manipulator_interfaces__rosidl_generator_c.dir/rosidl_generator_c/manipulator_interfaces/srv/detail/move_to_pose__functions.c.o[0m
[  9%] Built target manipulator_interfaces__cpp
[ 12%] [34m[1mGenerating C++ type support for eProsima Fast-RTPS[0m
running egg_info
creating manipulator_interfaces.egg-info
writing manipulator_interfaces.egg-info/PKG-INFO
writing dependency_links to manipulator_interfaces.egg-info/dependency_links.txt
writing top-level names to manipulator_interfaces.egg-info/top_level.txt
writing manifest file 'manipulator_interfaces.egg-info/SOURCES.txt'
[ 16%] [34m[1mGenerating C++ introspection for ROS interfaces[0m
reading manifest file 'manipulator_interfaces.egg-info/SOURCES.txt'
writing manifest file 'manipulator_interfaces.egg-info/SOURCES.txt'
[ 19%] [34m[1mGenerating C++ type support dispatch for ROS interfaces[0m
[ 22%] [32m[1mLinking C shared library libmanipulator_interfaces__rosidl_generator_c.so[0m
[ 22%] Built target ament_cmake_python_build_manipulator_interfaces_egg
[ 22%] Built target manipulator_interfaces__rosidl_generator_c
[ 25%] [34m[1mGenerating C type support for eProsima Fast-RTPS[0m
[ 32%] [34m[1mGenerating C type support dispatch for ROS interfaces[0m
[ 32%] [34m[1mGenerating C introspection for ROS interfaces[0m
[ 35%] [32mBuilding CXX object CMakeFiles/manipulator_interfaces__rosidl_typesupport_fastrtps_cpp.dir/rosidl_typesupport_fastrtps_cpp/manipulator_interfaces/srv/detail/dds_fastrtps/move_to_pose__type_support.cpp.o[0m
[ 38%] [32mBuilding CXX object CMakeFiles/manipulator_interfaces__rosidl_typesupport_introspection_cpp.dir/rosidl_typesupport_introspection_cpp/manipulator_interfaces/srv/detail/move_to_pose__type_support.cpp.o[0m
[ 41%] [32mBuilding CXX object CMakeFiles/manipulator_interfaces__rosidl_typesupport_cpp.dir/rosidl_typesupport_cpp/manipulator_interfaces/srv/move_to_pose__type_support.cpp.o[0m
[ 45%] [32mBuilding CXX object CMakeFiles/manipulator_interfaces__rosidl_typesupport_fastrtps_c.dir/rosidl_typesupport_fastrtps_c/manipulator_interfaces/srv/detail/move_to_pose__type_support_c.cpp.o[0m
[ 48%] [32mBuilding C object CMakeFiles/manipulator_interfaces__rosidl_typesupport_introspection_c.dir/rosidl_typesupport_introspection_c/manipulator_interfaces/srv/detail/move_to_pose__type_support.c.o[0m
[ 51%] [32m[1mLinking C shared library libmanipulator_interfaces__rosidl_typesupport_introspection_c.so[0m
[ 54%] [32m[1mLinking CXX shared library libmanipulator_interfaces__rosidl_typesupport_cpp.so[0m
[ 58%] [32mBuilding CXX object CMakeFiles/manipulator_interfaces__rosidl_typesupport_c.dir/rosidl_typesupport_c/manipulator_interfaces/srv/move_to_pose__type_support.cpp.o[0m
[ 58%] Built target manipulator_interfaces__rosidl_typesupport_introspection_c
[ 61%] [32m[1mLinking CXX shared library libmanipulator_interfaces__rosidl_typesupport_c.so[0m
[ 61%] Built target manipulator_interfaces__rosidl_typesupport_cpp
[ 64%] [32m[1mLinking CXX shared library libmanipulator_interfaces__rosidl_typesupport_fastrtps_cpp.so[0m
[ 64%] Built target manipulator_interfaces__rosidl_typesupport_c
[ 67%] [32m[1mLinking CXX shared library libmanipulator_interfaces__rosidl_typesupport_fastrtps_c.so[0m
[ 67%] Built target manipulator_interfaces__rosidl_typesupport_fastrtps_cpp
[ 70%] [32m[1mLinking CXX shared library libmanipulator_interfaces__rosidl_typesupport_introspection_cpp.so[0m
[ 70%] Built target manipulator_interfaces__rosidl_typesupport_fastrtps_c
[ 70%] Built target manipulator_interfaces__rosidl_typesupport_introspection_cpp
[ 70%] Built target manipulator_interfaces
[ 74%] [34m[1mGenerating Python code for ROS interfaces[0m
[ 74%] Built target manipulator_interfaces__py
[ 77%] [32mBuilding C object CMakeFiles/manipulator_interfaces__rosidl_generator_py.dir/rosidl_generator_py/manipulator_interfaces/srv/_move_to_pose_s.c.o[0m
[ 80%] [32m[1mLinking C shared library rosidl_generator_py/manipulator_interfaces/libmanipulator_interfaces__rosidl_generator_py.so[0m
[ 80%] Built target manipulator_interfaces__rosidl_generator_py
[ 87%] [32mBuilding C object CMakeFiles/manipulator_interfaces__rosidl_typesupport_c__pyext.dir/rosidl_generator_py/manipulator_interfaces/_manipulator_interfaces_s.ep.rosidl_typesupport_c.c.o[0m
[ 87%] [32mBuilding C object CMakeFiles/manipulator_interfaces__rosidl_typesupport_introspection_c__pyext.dir/rosidl_generator_py/manipulator_interfaces/_manipulator_interfaces_s.ep.rosidl_typesupport_introspection_c.c.o[0m
[ 90%] [32mBuilding C object CMakeFiles/manipulator_interfaces__rosidl_typesupport_fastrtps_c__pyext.dir/rosidl_generator_py/manipulator_interfaces/_manipulator_interfaces_s.ep.rosidl_typesupport_fastrtps_c.c.o[0m
[ 93%] [32m[1mLinking C shared library rosidl_generator_py/manipulator_interfaces/manipulator_interfaces_s__rosidl_typesupport_introspection_c.cpython-310-x86_64-linux-gnu.so[0m
[ 96%] [32m[1mLinking C shared library rosidl_generator_py/manipulator_interfaces/manipulator_interfaces_s__rosidl_typesupport_c.cpython-310-x86_64-linux-gnu.so[0m
[100%] [32m[1mLinking C shared library rosidl_generator_py/manipulator_interfaces/manipulator_interfaces_s__rosidl_typesupport_fastrtps_c.cpython-310-x86_64-linux-gnu.so[0m
[100%] Built target manipulator_interfaces__rosidl_typesupport_introspection_c__pyext
[100%] Built target manipulator_interfaces__rosidl_typesupport_c__pyext
[100%] Built target manipulator_interfaces__rosidl_typesupport_fastrtps_c__pyext
-- Install configuration: ""
-- Installing: /home/tamir/manipulator_project/src/manipulator_interfaces/install/manipulator_interfaces/share/ament_index/resource_index/rosidl_interfaces/manipulator_interfaces
-- Installing: /home/tamir/manipulator_project/src/manipulator_interfaces/install/manipulator_interfaces/include/manipulator_interfaces/manipulator_interfaces
-- Installing: /home/tamir/manipulator_project/src/manipulator_interfaces/install/manipulator_interfaces/include/manipulator_interfaces/manipulator_interfaces/msg
-- Installing: /home/tamir/manipulator_project/src/manipulator_interfaces/install/manipulator_interfaces/include/manipulator_interfaces/manipulator_interfaces/msg/rosidl_generator_c__visibility_control.h
-- Installing: /home/tamir/manipulator_project/src/manipulator_interfaces/install/manipulator_interfaces/include/manipulator_interfaces/manipulator_interfaces/srv
-- Installing: /home/tamir/manipulator_project/src/manipulator_interfaces/install/manipulator_interfaces/include/manipulator_interfaces/manipulator_interfaces/srv/detail
-- Installing: /home/tamir/manipulator_project/src/manipulator_interfaces/install/manipulator_interfaces/include/manipulator_interfaces/manipulator_interfaces/srv/detail/move_to_pose__functions.c
-- Installing: /home/tamir/manipulator_project/src/manipulator_interfaces/install/manipulator_interfaces/include/manipulator_interfaces/manipulator_interfaces/srv/detail/move_to_pose__functions.h
-- Installing: /home/tamir/manipulator_project/src/manipulator_interfaces/install/manipulator_interfaces/include/manipulator_interfaces/manipulator_interfaces/srv/detail/move_to_pose__type_support.h
-- Installing: /home/tamir/manipulator_project/src/manipulator_interfaces/install/manipulator_interfaces/include/manipulator_interfaces/manipulator_interfaces/srv/detail/move_to_pose__struct.h
-- Installing: /home/tamir/manipulator_project/src/manipulator_interfaces/install/manipulator_interfaces/include/manipulator_interfaces/manipulator_interfaces/srv/move_to_pose.h
-- Installing: /home/tamir/manipulator_project/src/manipulator_interfaces/install/manipulator_interfaces/share/manipulator_interfaces/environment/library_path.sh
-- Installing: /home/tamir/manipulator_project/src/manipulator_interfaces/install/manipulator_interfaces/share/manipulator_interfaces/environment/library_path.dsv
-- Installing: /home/tamir/manipulator_project/src/manipulator_interfaces/install/manipulator_interfaces/lib/libmanipulator_interfaces__rosidl_generator_c.so
-- Set runtime path of "/home/tamir/manipulator_project/src/manipulator_interfaces/install/manipulator_interfaces/lib/libmanipulator_interfaces__rosidl_generator_c.so" to ""
-- Up-to-date: /home/tamir/manipulator_project/src/manipulator_interfaces/install/manipulator_interfaces/include/manipulator_interfaces/manipulator_interfaces
-- Up-to-date: /home/tamir/manipulator_project/src/manipulator_interfaces/install/manipulator_interfaces/include/manipulator_interfaces/manipulator_interfaces/msg
-- Installing: /home/tamir/manipulator_project/src/manipulator_interfaces/install/manipulator_interfaces/include/manipulator_interfaces/manipulator_interfaces/msg/rosidl_typesupport_fastrtps_c__visibility_control.h
-- Up-to-date: /home/tamir/manipulator_project/src/manipulator_interfaces/install/manipulator_interfaces/include/manipulator_interfaces/manipulator_interfaces/srv
-- Up-to-date: /home/tamir/manipulator_project/src/manipulator_interfaces/install/manipulator_interfaces/include/manipulator_interfaces/manipulator_interfaces/srv/detail
-- Installing: /home/tamir/manipulator_project/src/manipulator_interfaces/install/manipulator_interfaces/include/manipulator_interfaces/manipulator_interfaces/srv/detail/move_to_pose__rosidl_typesupport_fastrtps_c.h
-- Installing: /home/tamir/manipulator_project/src/manipulator_interfaces/install/manipulator_interfaces/lib/libmanipulator_interfaces__rosidl_typesupport_fastrtps_c.so
-- Set runtime path of "/home/tamir/manipulator_project/src/manipulator_interfaces/install/manipulator_interfaces/lib/libmanipulator_interfaces__rosidl_typesupport_fastrtps_c.so" to ""
-- Up-to-date: /home/tamir/manipulator_project/src/manipulator_interfaces/install/manipulator_interfaces/include/manipulator_interfaces/manipulator_interfaces
-- Up-to-date: /home/tamir/manipulator_project/src/manipulator_interfaces/install/manipulator_interfaces/include/manipulator_interfaces/manipulator_interfaces/msg
-- Installing: /home/tamir/manipulator_project/src/manipulator_interfaces/install/manipulator_interfaces/include/manipulator_interfaces/manipulator_interfaces/msg/rosidl_generator_cpp__visibility_control.hpp
-- Up-to-date: /home/tamir/manipulator_project/src/manipulator_interfaces/install/manipulator_interfaces/include/manipulator_interfaces/manipulator_interfaces/srv
-- Installing: /home/tamir/manipulator_project/src/manipulator_interfaces/install/manipulator_interfaces/include/manipulator_interfaces/manipulator_interfaces/srv/move_to_pose.hpp
-- Up-to-date: /home/tamir/manipulator_project/src/manipulator_interfaces/install/manipulator_interfaces/include/manipulator_interfaces/manipulator_interfaces/srv/detail
-- Installing: /home/tamir/manipulator_project/src/manipulator_interfaces/install/manipulator_interfaces/include/manipulator_interfaces/manipulator_interfaces/srv/detail/move_to_pose__struct.hpp
-- Installing: /home/tamir/manipulator_project/src/manipulator_interfaces/install/manipulator_interfaces/include/manipulator_interfaces/manipulator_interfaces/srv/detail/move_to_pose__type_support.hpp
-- Installing: /home/tamir/manipulator_project/src/manipulator_interfaces/install/manipulator_interfaces/include/manipulator_interfaces/manipulator_interfaces/srv/detail/move_to_pose__builder.hpp
-- Installing: /home/tamir/manipulator_project/src/manipulator_interfaces/install/manipulator_interfaces/include/manipulator_interfaces/manipulator_interfaces/srv/detail/move_to_pose__traits.hpp
-- Up-to-date: /home/tamir/manipulator_project/src/manipulator_interfaces/install/manipulator_interfaces/include/manipulator_interfaces/manipulator_interfaces
-- Up-to-date: /home/tamir/manipulator_project/src/manipulator_interfaces/install/manipulator_interfaces/include/manipulator_interfaces/manipulator_interfaces/msg
-- Installing: /home/tamir/manipulator_project/src/manipulator_interfaces/install/manipulator_interfaces/include/manipulator_interfaces/manipulator_interfaces/msg/rosidl_typesupport_fastrtps_cpp__visibility_control.h
-- Up-to-date: /home/tamir/manipulator_project/src/manipulator_interfaces/install/manipulator_interfaces/include/manipulator_interfaces/manipulator_interfaces/srv
-- Up-to-date: /home/tamir/manipulator_project/src/manipulator_interfaces/install/manipulator_interfaces/include/manipulator_interfaces/manipulator_interfaces/srv/detail
-- Installing: /home/tamir/manipulator_project/src/manipulator_interfaces/install/manipulator_interfaces/include/manipulator_interfaces/manipulator_interfaces/srv/detail/dds_fastrtps
-- Installing: /home/tamir/manipulator_project/src/manipulator_interfaces/install/manipulator_interfaces/include/manipulator_interfaces/manipulator_interfaces/srv/detail/move_to_pose__rosidl_typesupport_fastrtps_cpp.hpp
-- Installing: /home/tamir/manipulator_project/src/manipulator_interfaces/install/manipulator_interfaces/lib/libmanipulator_interfaces__rosidl_typesupport_fastrtps_cpp.so
-- Set runtime path of "/home/tamir/manipulator_project/src/manipulator_interfaces/install/manipulator_interfaces/lib/libmanipulator_interfaces__rosidl_typesupport_fastrtps_cpp.so" to ""
-- Up-to-date: /home/tamir/manipulator_project/src/manipulator_interfaces/install/manipulator_interfaces/include/manipulator_interfaces/manipulator_interfaces
-- Up-to-date: /home/tamir/manipulator_project/src/manipulator_interfaces/install/manipulator_interfaces/include/manipulator_interfaces/manipulator_interfaces/msg
-- Installing: /home/tamir/manipulator_project/src/manipulator_interfaces/install/manipulator_interfaces/include/manipulator_interfaces/manipulator_interfaces/msg/rosidl_typesupport_introspection_c__visibility_control.h
-- Up-to-date: /home/tamir/manipulator_project/src/manipulator_interfaces/install/manipulator_interfaces/include/manipulator_interfaces/manipulator_interfaces/srv
-- Up-to-date: /home/tamir/manipulator_project/src/manipulator_interfaces/install/manipulator_interfaces/include/manipulator_interfaces/manipulator_interfaces/srv/detail
-- Installing: /home/tamir/manipulator_project/src/manipulator_interfaces/install/manipulator_interfaces/include/manipulator_interfaces/manipulator_interfaces/srv/detail/move_to_pose__type_support.c
-- Installing: /home/tamir/manipulator_project/src/manipulator_interfaces/install/manipulator_interfaces/include/manipulator_interfaces/manipulator_interfaces/srv/detail/move_to_pose__rosidl_typesupport_introspection_c.h
-- Installing: /home/tamir/manipulator_project/src/manipulator_interfaces/install/manipulator_interfaces/lib/libmanipulator_interfaces__rosidl_typesupport_introspection_c.so
-- Set runtime path of "/home/tamir/manipulator_project/src/manipulator_interfaces/install/manipulator_interfaces/lib/libmanipulator_interfaces__rosidl_typesupport_introspection_c.so" to ""
-- Installing: /home/tamir/manipulator_project/src/manipulator_interfaces/install/manipulator_interfaces/lib/libmanipulator_interfaces__rosidl_typesupport_c.so
-- Set runtime path of "/home/tamir/manipulator_project/src/manipulator_interfaces/install/manipulator_interfaces/lib/libmanipulator_interfaces__rosidl_typesupport_c.so" to ""
-- Up-to-date: /home/tamir/manipulator_project/src/manipulator_interfaces/install/manipulator_interfaces/include/manipulator_interfaces/manipulator_interfaces
-- Up-to-date: /home/tamir/manipulator_project/src/manipulator_interfaces/install/manipulator_interfaces/include/manipulator_interfaces/manipulator_interfaces/srv
-- Up-to-date: /home/tamir/manipulator_project/src/manipulator_interfaces/install/manipulator_interfaces/include/manipulator_interfaces/manipulator_interfaces/srv/detail
-- Installing: /home/tamir/manipulator_project/src/manipulator_interfaces/install/manipulator_interfaces/include/manipulator_interfaces/manipulator_interfaces/srv/detail/move_to_pose__rosidl_typesupport_introspection_cpp.hpp
-- Installing: /home/tamir/manipulator_project/src/manipulator_interfaces/install/manipulator_interfaces/include/manipulator_interfaces/manipulator_interfaces/srv/detail/move_to_pose__type_support.cpp
-- Installing: /home/tamir/manipulator_project/src/manipulator_interfaces/install/manipulator_interfaces/lib/libmanipulator_interfaces__rosidl_typesupport_introspection_cpp.so
-- Set runtime path of "/home/tamir/manipulator_project/src/manipulator_interfaces/install/manipulator_interfaces/lib/libmanipulator_interfaces__rosidl_typesupport_introspection_cpp.so" to ""
-- Installing: /home/tamir/manipulator_project/src/manipulator_interfaces/install/manipulator_interfaces/lib/libmanipulator_interfaces__rosidl_typesupport_cpp.so
-- Set runtime path of "/home/tamir/manipulator_project/src/manipulator_interfaces/install/manipulator_interfaces/lib/libmanipulator_interfaces__rosidl_typesupport_cpp.so" to ""
-- Installing: /home/tamir/manipulator_project/src/manipulator_interfaces/install/manipulator_interfaces/share/manipulator_interfaces/environment/pythonpath.sh
-- Installing: /home/tamir/manipulator_project/src/manipulator_interfaces/install/manipulator_interfaces/share/manipulator_interfaces/environment/pythonpath.dsv
-- Installing: /home/tamir/manipulator_project/src/manipulator_interfaces/install/manipulator_interfaces/local/lib/python3.10/dist-packages/manipulator_interfaces-0.0.0-py3.10.egg-info
-- Installing: /home/tamir/manipulator_project/src/manipulator_interfaces/install/manipulator_interfaces/local/lib/python3.10/dist-packages/manipulator_interfaces-0.0.0-py3.10.egg-info/PKG-INFO
-- Installing: /home/tamir/manipulator_project/src/manipulator_interfaces/install/manipulator_interfaces/local/lib/python3.10/dist-packages/manipulator_interfaces-0.0.0-py3.10.egg-info/dependency_links.txt
-- Installing: /home/tamir/manipulator_project/src/manipulator_interfaces/install/manipulator_interfaces/local/lib/python3.10/dist-packages/manipulator_interfaces-0.0.0-py3.10.egg-info/top_level.txt
-- Installing: /home/tamir/manipulator_project/src/manipulator_interfaces/install/manipulator_interfaces/local/lib/python3.10/dist-packages/manipulator_interfaces-0.0.0-py3.10.egg-info/SOURCES.txt
-- Installing: /home/tamir/manipulator_project/src/manipulator_interfaces/install/manipulator_interfaces/local/lib/python3.10/dist-packages/manipulator_interfaces
-- Installing: /home/tamir/manipulator_project/src/manipulator_interfaces/install/manipulator_interfaces/local/lib/python3.10/dist-packages/manipulator_interfaces/_manipulator_interfaces_s.ep.rosidl_typesupport_c.c
-- Installing: /home/tamir/manipulator_project/src/manipulator_interfaces/install/manipulator_interfaces/local/lib/python3.10/dist-packages/manipulator_interfaces/libmanipulator_interfaces__rosidl_generator_py.so
-- Installing: /home/tamir/manipulator_project/src/manipulator_interfaces/install/manipulator_interfaces/local/lib/python3.10/dist-packages/manipulator_interfaces/_manipulator_interfaces_s.ep.rosidl_typesupport_fastrtps_c.c
-- Installing: /home/tamir/manipulator_project/src/manipulator_interfaces/install/manipulator_interfaces/local/lib/python3.10/dist-packages/manipulator_interfaces/_manipulator_interfaces_s.ep.rosidl_typesupport_introspection_c.c
-- Installing: /home/tamir/manipulator_project/src/manipulator_interfaces/install/manipulator_interfaces/local/lib/python3.10/dist-packages/manipulator_interfaces/manipulator_interfaces_s__rosidl_typesupport_introspection_c.cpython-310-x86_64-linux-gnu.so
-- Installing: /home/tamir/manipulator_project/src/manipulator_interfaces/install/manipulator_interfaces/local/lib/python3.10/dist-packages/manipulator_interfaces/__init__.py
-- Installing: /home/tamir/manipulator_project/src/manipulator_interfaces/install/manipulator_interfaces/local/lib/python3.10/dist-packages/manipulator_interfaces/srv
-- Installing: /home/tamir/manipulator_project/src/manipulator_interfaces/install/manipulator_interfaces/local/lib/python3.10/dist-packages/manipulator_interfaces/srv/_move_to_pose_s.c
-- Installing: /home/tamir/manipulator_project/src/manipulator_interfaces/install/manipulator_interfaces/local/lib/python3.10/dist-packages/manipulator_interfaces/srv/__init__.py
-- Installing: /home/tamir/manipulator_project/src/manipulator_interfaces/install/manipulator_interfaces/local/lib/python3.10/dist-packages/manipulator_interfaces/srv/_move_to_pose.py
-- Installing: /home/tamir/manipulator_project/src/manipulator_interfaces/install/manipulator_interfaces/local/lib/python3.10/dist-packages/manipulator_interfaces/manipulator_interfaces_s__rosidl_typesupport_c.cpython-310-x86_64-linux-gnu.so
-- Installing: /home/tamir/manipulator_project/src/manipulator_interfaces/install/manipulator_interfaces/local/lib/python3.10/dist-packages/manipulator_interfaces/manipulator_interfaces_s__rosidl_typesupport_fastrtps_c.cpython-310-x86_64-linux-gnu.so
Listing '/home/tamir/manipulator_project/src/manipulator_interfaces/install/manipulator_interfaces/local/lib/python3.10/dist-packages/manipulator_interfaces'...
Compiling '/home/tamir/manipulator_project/src/manipulator_interfaces/install/manipulator_interfaces/local/lib/python3.10/dist-packages/manipulator_interfaces/__init__.py'...
Listing '/home/tamir/manipulator_project/src/manipulator_interfaces/install/manipulator_interfaces/local/lib/python3.10/dist-packages/manipulator_interfaces/srv'...
Compiling '/home/tamir/manipulator_project/src/manipulator_interfaces/install/manipulator_interfaces/local/lib/python3.10/dist-packages/manipulator_interfaces/srv/__init__.py'...
Compiling '/home/tamir/manipulator_project/src/manipulator_interfaces/install/manipulator_interfaces/local/lib/python3.10/dist-packages/manipulator_interfaces/srv/_move_to_pose.py'...
-- Installing: /home/tamir/manipulator_project/src/manipulator_interfaces/install/manipulator_interfaces/local/lib/python3.10/dist-packages/manipulator_interfaces/manipulator_interfaces_s__rosidl_typesupport_fastrtps_c.cpython-310-x86_64-linux-gnu.so
-- Set runtime path of "/home/tamir/manipulator_project/src/manipulator_interfaces/install/manipulator_interfaces/local/lib/python3.10/dist-packages/manipulator_interfaces/manipulator_interfaces_s__rosidl_typesupport_fastrtps_c.cpython-310-x86_64-linux-gnu.so" to ""
-- Installing: /home/tamir/manipulator_project/src/manipulator_interfaces/install/manipulator_interfaces/local/lib/python3.10/dist-packages/manipulator_interfaces/manipulator_interfaces_s__rosidl_typesupport_introspection_c.cpython-310-x86_64-linux-gnu.so
-- Set runtime path of "/home/tamir/manipulator_project/src/manipulator_interfaces/install/manipulator_interfaces/local/lib/python3.10/dist-packages/manipulator_interfaces/manipulator_interfaces_s__rosidl_typesupport_introspection_c.cpython-310-x86_64-linux-gnu.so" to ""
-- Installing: /home/tamir/manipulator_project/src/manipulator_interfaces/install/manipulator_interfaces/local/lib/python3.10/dist-packages/manipulator_interfaces/manipulator_interfaces_s__rosidl_typesupport_c.cpython-310-x86_64-linux-gnu.so
-- Set runtime path of "/home/tamir/manipulator_project/src/manipulator_interfaces/install/manipulator_interfaces/local/lib/python3.10/dist-packages/manipulator_interfaces/manipulator_interfaces_s__rosidl_typesupport_c.cpython-310-x86_64-linux-gnu.so" to ""
-- Installing: /home/tamir/manipulator_project/src/manipulator_interfaces/install/manipulator_interfaces/lib/libmanipulator_interfaces__rosidl_generator_py.so
-- Set runtime path of "/home/tamir/manipulator_project/src/manipulator_interfaces/install/manipulator_interfaces/lib/libmanipulator_interfaces__rosidl_generator_py.so" to ""
-- Installing: /home/tamir/manipulator_project/src/manipulator_interfaces/install/manipulator_interfaces/share/manipulator_interfaces/srv/MoveToPose.idl
-- Installing: /home/tamir/manipulator_project/src/manipulator_interfaces/install/manipulator_interfaces/share/manipulator_interfaces/srv/MoveToPose.srv
-- Installing: /home/tamir/manipulator_project/src/manipulator_interfaces/install/manipulator_interfaces/share/manipulator_interfaces/srv/MoveToPose_Request.msg
-- Installing: /home/tamir/manipulator_project/src/manipulator_interfaces/install/manipulator_interfaces/share/manipulator_interfaces/srv/MoveToPose_Response.msg
-- Installing: /home/tamir/manipulator_project/src/manipulator_interfaces/install/manipulator_interfaces/share/ament_index/resource_index/package_run_dependencies/manipulator_interfaces
-- Installing: /home/tamir/manipulator_project/src/manipulator_interfaces/install/manipulator_interfaces/share/ament_index/resource_index/parent_prefix_path/manipulator_interfaces
-- Installing: /home/tamir/manipulator_project/src/manipulator_interfaces/install/manipulator_interfaces/share/manipulator_interfaces/environment/ament_prefix_path.sh
-- Installing: /home/tamir/manipulator_project/src/manipulator_interfaces/install/manipulator_interfaces/share/manipulator_interfaces/environment/ament_prefix_path.dsv
-- Installing: /home/tamir/manipulator_project/src/manipulator_interfaces/install/manipulator_interfaces/share/manipulator_interfaces/environment/path.sh
-- Installing: /home/tamir/manipulator_project/src/manipulator_interfaces/install/manipulator_interfaces/share/manipulator_interfaces/environment/path.dsv
-- Installing: /home/tamir/manipulator_project/src/manipulator_interfaces/install/manipulator_interfaces/share/manipulator_interfaces/local_setup.bash
-- Installing: /home/tamir/manipulator_project/src/manipulator_interfaces/install/manipulator_interfaces/share/manipulator_interfaces/local_setup.sh
-- Installing: /home/tamir/manipulator_project/src/manipulator_interfaces/install/manipulator_interfaces/share/manipulator_interfaces/local_setup.zsh
-- Installing: /home/tamir/manipulator_project/src/manipulator_interfaces/install/manipulator_interfaces/share/manipulator_interfaces/local_setup.dsv
-- Installing: /home/tamir/manipulator_project/src/manipulator_interfaces/install/manipulator_interfaces/share/manipulator_interfaces/package.dsv
-- Installing: /home/tamir/manipulator_project/src/manipulator_interfaces/install/manipulator_interfaces/share/ament_index/resource_index/packages/manipulator_interfaces
-- Installing: /home/tamir/manipulator_project/src/manipulator_interfaces/install/manipulator_interfaces/share/manipulator_interfaces/cmake/export_manipulator_interfaces__rosidl_generator_cExport.cmake
-- Installing: /home/tamir/manipulator_project/src/manipulator_interfaces/install/manipulator_interfaces/share/manipulator_interfaces/cmake/export_manipulator_interfaces__rosidl_generator_cExport-noconfig.cmake
-- Installing: /home/tamir/manipulator_project/src/manipulator_interfaces/install/manipulator_interfaces/share/manipulator_interfaces/cmake/export_manipulator_interfaces__rosidl_typesupport_fastrtps_cExport.cmake
-- Installing: /home/tamir/manipulator_project/src/manipulator_interfaces/install/manipulator_interfaces/share/manipulator_interfaces/cmake/export_manipulator_interfaces__rosidl_typesupport_fastrtps_cExport-noconfig.cmake
-- Installing: /home/tamir/manipulator_project/src/manipulator_interfaces/install/manipulator_interfaces/share/manipulator_interfaces/cmake/export_manipulator_interfaces__rosidl_generator_cppExport.cmake
-- Installing: /home/tamir/manipulator_project/src/manipulator_interfaces/install/manipulator_interfaces/share/manipulator_interfaces/cmake/export_manipulator_interfaces__rosidl_typesupport_fastrtps_cppExport.cmake
-- Installing: /home/tamir/manipulator_project/src/manipulator_interfaces/install/manipulator_interfaces/share/manipulator_interfaces/cmake/export_manipulator_interfaces__rosidl_typesupport_fastrtps_cppExport-noconfig.cmake
-- Installing: /home/tamir/manipulator_project/src/manipulator_interfaces/install/manipulator_interfaces/share/manipulator_interfaces/cmake/manipulator_interfaces__rosidl_typesupport_introspection_cExport.cmake
-- Installing: /home/tamir/manipulator_project/src/manipulator_interfaces/install/manipulator_interfaces/share/manipulator_interfaces/cmake/manipulator_interfaces__rosidl_typesupport_introspection_cExport-noconfig.cmake
-- Installing: /home/tamir/manipulator_project/src/manipulator_interfaces/install/manipulator_interfaces/share/manipulator_interfaces/cmake/manipulator_interfaces__rosidl_typesupport_cExport.cmake
-- Installing: /home/tamir/manipulator_project/src/manipulator_interfaces/install/manipulator_interfaces/share/manipulator_interfaces/cmake/manipulator_interfaces__rosidl_typesupport_cExport-noconfig.cmake
-- Installing: /home/tamir/manipulator_project/src/manipulator_interfaces/install/manipulator_interfaces/share/manipulator_interfaces/cmake/manipulator_interfaces__rosidl_typesupport_introspection_cppExport.cmake
-- Installing: /home/tamir/manipulator_project/src/manipulator_interfaces/install/manipulator_interfaces/share/manipulator_interfaces/cmake/manipulator_interfaces__rosidl_typesupport_introspection_cppExport-noconfig.cmake
-- Installing: /home/tamir/manipulator_project/src/manipulator_interfaces/install/manipulator_interfaces/share/manipulator_interfaces/cmake/manipulator_interfaces__rosidl_typesupport_cppExport.cmake
-- Installing: /home/tamir/manipulator_project/src/manipulator_interfaces/install/manipulator_interfaces/share/manipulator_interfaces/cmake/manipulator_interfaces__rosidl_typesupport_cppExport-noconfig.cmake
-- Installing: /home/tamir/manipulator_project/src/manipulator_interfaces/install/manipulator_interfaces/share/manipulator_interfaces/cmake/export_manipulator_interfaces__rosidl_generator_pyExport.cmake
-- Installing: /home/tamir/manipulator_project/src/manipulator_interfaces/install/manipulator_interfaces/share/manipulator_interfaces/cmake/export_manipulator_interfaces__rosidl_generator_pyExport-noconfig.cmake
-- Installing: /home/tamir/manipulator_project/src/manipulator_interfaces/install/manipulator_interfaces/share/manipulator_interfaces/cmake/rosidl_cmake-extras.cmake
-- Installing: /home/tamir/manipulator_project/src/manipulator_interfaces/install/manipulator_interfaces/share/manipulator_interfaces/cmake/ament_cmake_export_dependencies-extras.cmake
-- Installing: /home/tamir/manipulator_project/src/manipulator_interfaces/install/manipulator_interfaces/share/manipulator_interfaces/cmake/ament_cmake_export_include_directories-extras.cmake
-- Installing: /home/tamir/manipulator_project/src/manipulator_interfaces/install/manipulator_interfaces/share/manipulator_interfaces/cmake/ament_cmake_export_libraries-extras.cmake
-- Installing: /home/tamir/manipulator_project/src/manipulator_interfaces/install/manipulator_interfaces/share/manipulator_interfaces/cmake/ament_cmake_export_targets-extras.cmake
-- Installing: /home/tamir/manipulator_project/src/manipulator_interfaces/install/manipulator_interfaces/share/manipulator_interfaces/cmake/rosidl_cmake_export_typesupport_targets-extras.cmake
-- Installing: /home/tamir/manipulator_project/src/manipulator_interfaces/install/manipulator_interfaces/share/manipulator_interfaces/cmake/rosidl_cmake_export_typesupport_libraries-extras.cmake
-- Installing: /home/tamir/manipulator_project/src/manipulator_interfaces/install/manipulator_interfaces/share/manipulator_interfaces/cmake/manipulator_interfacesConfig.cmake
-- Installing: /home/tamir/manipulator_project/src/manipulator_interfaces/install/manipulator_interfaces/share/manipulator_interfaces/cmake/manipulator_interfacesConfig-version.cmake
-- Installing: /home/tamir/manipulator_project/src/manipulator_interfaces/install/manipulator_interfaces/share/manipulator_interfaces/package.xml
