[0.014s] Invoking command in '/home/tamir/manipulator_project/src/manipulator_interfaces/build/manipulator_interfaces': CMAKE_PREFIX_PATH=${CMAKE_PREFIX_PATH}:/home/tamir/ws_moveit2/install/moveit_configs_utils:/home/tamir/ws_moveit2/install/launch_param_builder:/home/tamir/autonomous_robot/install/calc_odom:/home/tamir/autonomous_robot/install/control_hardware:/home/tamir/ros2_ws/install/turtle_spawner:/home/tamir/ros2_ws/install/turtle_controller:/home/tamir/ros2_ws/install/my_py_pkg:/home/tamir/autonomous_robot/autonomous_robot_control/install/control_hardware:/home/tamir/autonomous_robot/autonomous_robot_control/install/calc_odom:/home/tamir/autonomous_robot/autonomous_robot_control/src/control_hardware/install/control_hardware:/opt/ros/humble /usr/bin/cmake /home/tamir/manipulator_project/src/manipulator_interfaces -DCMAKE_INSTALL_PREFIX=/home/tamir/manipulator_project/src/manipulator_interfaces/install/manipulator_interfaces
[0.085s] -- The C compiler identification is GNU 11.4.0
[0.142s] -- The CXX compiler identification is GNU 11.4.0
[0.149s] -- Detecting C compiler ABI info
[0.242s] -- Detecting C compiler ABI info - done
[0.251s] -- Check for working C compiler: /usr/bin/cc - skipped
[0.252s] -- Detecting C compile features
[0.252s] -- Detecting C compile features - done
[0.256s] -- Detecting CXX compiler ABI info
[0.358s] -- Detecting CXX compiler ABI info - done
[0.367s] -- Check for working CXX compiler: /usr/bin/c++ - skipped
[0.367s] -- Detecting CXX compile features
[0.368s] -- Detecting CXX compile features - done
[0.377s] -- Found ament_cmake: 1.3.11 (/opt/ros/humble/share/ament_cmake/cmake)
[0.531s] -- Found Python3: /usr/bin/python3 (found version "3.10.12") found components: Interpreter 
[0.657s] -- Found rclcpp: 16.0.11 (/opt/ros/humble/share/rclcpp/cmake)
[0.723s] -- Found rosidl_generator_c: 3.1.6 (/opt/ros/humble/share/rosidl_generator_c/cmake)
[0.733s] -- Found rosidl_adapter: 3.1.6 (/opt/ros/humble/share/rosidl_adapter/cmake)
[0.745s] -- Found rosidl_generator_cpp: 3.1.6 (/opt/ros/humble/share/rosidl_generator_cpp/cmake)
[0.762s] -- Using all available rosidl_typesupport_c: rosidl_typesupport_fastrtps_c;rosidl_typesupport_introspection_c
[0.784s] -- Using all available rosidl_typesupport_cpp: rosidl_typesupport_fastrtps_cpp;rosidl_typesupport_introspection_cpp
[0.849s] -- Found rmw_implementation_cmake: 6.1.2 (/opt/ros/humble/share/rmw_implementation_cmake/cmake)
[0.856s] -- Found rmw_fastrtps_cpp: 6.2.7 (/opt/ros/humble/share/rmw_fastrtps_cpp/cmake)
[0.983s] -- Found OpenSSL: /usr/lib/x86_64-linux-gnu/libcrypto.so (found version "3.0.2")  
[1.013s] -- Found FastRTPS: /opt/ros/humble/include  
[1.058s] -- Using RMW implementation 'rmw_fastrtps_cpp' as default
[1.074s] -- Looking for pthread.h
[1.165s] -- Looking for pthread.h - found
[1.165s] -- Performing Test CMAKE_HAVE_LIBC_PTHREAD
[1.267s] -- Performing Test CMAKE_HAVE_LIBC_PTHREAD - Success
[1.269s] -- Found Threads: TRUE  
[1.325s] -- Found geometry_msgs: 4.2.4 (/opt/ros/humble/share/geometry_msgs/cmake)
[1.338s] -- Found rosidl_default_generators: 1.2.0 (/opt/ros/humble/share/rosidl_default_generators/cmake)
[1.589s] -- Found ament_cmake_ros: 0.10.0 (/opt/ros/humble/share/ament_cmake_ros/cmake)
[1.944s] -- Using all available rosidl_typesupport_c: rosidl_typesupport_fastrtps_c;rosidl_typesupport_introspection_c
[2.088s] -- Using all available rosidl_typesupport_cpp: rosidl_typesupport_fastrtps_cpp;rosidl_typesupport_introspection_cpp
[2.117s] -- Found PythonInterp: /usr/bin/python3 (found suitable version "3.10.12", minimum required is "3.6") 
[2.123s] -- Found python_cmake_module: 0.10.0 (/opt/ros/humble/share/python_cmake_module/cmake)
[2.154s] -- Found PythonLibs: /usr/lib/x86_64-linux-gnu/libpython3.10.so (found suitable version "3.10.12", minimum required is "3.5") 
[2.154s] -- Using PYTHON_EXECUTABLE: /usr/bin/python3
[2.154s] -- Using PYTHON_INCLUDE_DIRS: /usr/include/python3.10
[2.154s] -- Using PYTHON_LIBRARIES: /usr/lib/x86_64-linux-gnu/libpython3.10.so
[2.174s] -- Found PythonExtra: .so  
[2.260s] -- Configuring done
[2.279s] -- Generating done
[2.287s] -- Build files have been written to: /home/tamir/manipulator_project/src/manipulator_interfaces/build/manipulator_interfaces
[2.295s] Invoked command in '/home/tamir/manipulator_project/src/manipulator_interfaces/build/manipulator_interfaces' returned '0': CMAKE_PREFIX_PATH=${CMAKE_PREFIX_PATH}:/home/tamir/ws_moveit2/install/moveit_configs_utils:/home/tamir/ws_moveit2/install/launch_param_builder:/home/tamir/autonomous_robot/install/calc_odom:/home/tamir/autonomous_robot/install/control_hardware:/home/tamir/ros2_ws/install/turtle_spawner:/home/tamir/ros2_ws/install/turtle_controller:/home/tamir/ros2_ws/install/my_py_pkg:/home/tamir/autonomous_robot/autonomous_robot_control/install/control_hardware:/home/tamir/autonomous_robot/autonomous_robot_control/install/calc_odom:/home/tamir/autonomous_robot/autonomous_robot_control/src/control_hardware/install/control_hardware:/opt/ros/humble /usr/bin/cmake /home/tamir/manipulator_project/src/manipulator_interfaces -DCMAKE_INSTALL_PREFIX=/home/tamir/manipulator_project/src/manipulator_interfaces/install/manipulator_interfaces
[2.297s] Invoking command in '/home/tamir/manipulator_project/src/manipulator_interfaces/build/manipulator_interfaces': CMAKE_PREFIX_PATH=${CMAKE_PREFIX_PATH}:/home/tamir/ws_moveit2/install/moveit_configs_utils:/home/tamir/ws_moveit2/install/launch_param_builder:/home/tamir/autonomous_robot/install/calc_odom:/home/tamir/autonomous_robot/install/control_hardware:/home/tamir/ros2_ws/install/turtle_spawner:/home/tamir/ros2_ws/install/turtle_controller:/home/tamir/ros2_ws/install/my_py_pkg:/home/tamir/autonomous_robot/autonomous_robot_control/install/control_hardware:/home/tamir/autonomous_robot/autonomous_robot_control/install/calc_odom:/home/tamir/autonomous_robot/autonomous_robot_control/src/control_hardware/install/control_hardware:/opt/ros/humble /usr/bin/cmake --build /home/tamir/manipulator_project/src/manipulator_interfaces/build/manipulator_interfaces -- -j12 -l12
[2.350s] [  3%] [34m[1mGenerating C code for ROS interfaces[0m
[2.363s] [  6%] [34m[1mGenerating C++ code for ROS interfaces[0m
[2.372s] [  6%] Built target ament_cmake_python_copy_manipulator_interfaces
[2.557s] [  9%] [32mBuilding C object CMakeFiles/manipulator_interfaces__rosidl_generator_c.dir/rosidl_generator_c/manipulator_interfaces/srv/detail/move_to_pose__functions.c.o[0m
[2.557s] [  9%] Built target manipulator_interfaces__cpp
[2.567s] [ 12%] [34m[1mGenerating C++ type support for eProsima Fast-RTPS[0m
[2.569s] running egg_info
[2.569s] creating manipulator_interfaces.egg-info
[2.569s] writing manipulator_interfaces.egg-info/PKG-INFO
[2.569s] writing dependency_links to manipulator_interfaces.egg-info/dependency_links.txt
[2.569s] writing top-level names to manipulator_interfaces.egg-info/top_level.txt
[2.570s] writing manifest file 'manipulator_interfaces.egg-info/SOURCES.txt'
[2.570s] [ 16%] [34m[1mGenerating C++ introspection for ROS interfaces[0m
[2.571s] reading manifest file 'manipulator_interfaces.egg-info/SOURCES.txt'
[2.571s] writing manifest file 'manipulator_interfaces.egg-info/SOURCES.txt'
[2.573s] [ 19%] [34m[1mGenerating C++ type support dispatch for ROS interfaces[0m
[2.599s] [ 22%] [32m[1mLinking C shared library libmanipulator_interfaces__rosidl_generator_c.so[0m
[2.600s] [ 22%] Built target ament_cmake_python_build_manipulator_interfaces_egg
[2.644s] [ 22%] Built target manipulator_interfaces__rosidl_generator_c
[2.656s] [ 25%] [34m[1mGenerating C type support for eProsima Fast-RTPS[0m
[2.661s] [ 32%] [34m[1mGenerating C type support dispatch for ROS interfaces[0m
[2.661s] [ 32%] [34m[1mGenerating C introspection for ROS interfaces[0m
[2.759s] [ 35%] [32mBuilding CXX object CMakeFiles/manipulator_interfaces__rosidl_typesupport_fastrtps_cpp.dir/rosidl_typesupport_fastrtps_cpp/manipulator_interfaces/srv/detail/dds_fastrtps/move_to_pose__type_support.cpp.o[0m
[2.762s] [ 38%] [32mBuilding CXX object CMakeFiles/manipulator_interfaces__rosidl_typesupport_introspection_cpp.dir/rosidl_typesupport_introspection_cpp/manipulator_interfaces/srv/detail/move_to_pose__type_support.cpp.o[0m
[2.767s] [ 41%] [32mBuilding CXX object CMakeFiles/manipulator_interfaces__rosidl_typesupport_cpp.dir/rosidl_typesupport_cpp/manipulator_interfaces/srv/move_to_pose__type_support.cpp.o[0m
[2.845s] [ 45%] [32mBuilding CXX object CMakeFiles/manipulator_interfaces__rosidl_typesupport_fastrtps_c.dir/rosidl_typesupport_fastrtps_c/manipulator_interfaces/srv/detail/move_to_pose__type_support_c.cpp.o[0m
[2.888s] [ 48%] [32mBuilding C object CMakeFiles/manipulator_interfaces__rosidl_typesupport_introspection_c.dir/rosidl_typesupport_introspection_c/manipulator_interfaces/srv/detail/move_to_pose__type_support.c.o[0m
[2.933s] [ 51%] [32m[1mLinking C shared library libmanipulator_interfaces__rosidl_typesupport_introspection_c.so[0m
[2.941s] [ 54%] [32m[1mLinking CXX shared library libmanipulator_interfaces__rosidl_typesupport_cpp.so[0m
[2.953s] [ 58%] [32mBuilding CXX object CMakeFiles/manipulator_interfaces__rosidl_typesupport_c.dir/rosidl_typesupport_c/manipulator_interfaces/srv/move_to_pose__type_support.cpp.o[0m
[2.966s] [ 58%] Built target manipulator_interfaces__rosidl_typesupport_introspection_c
[2.980s] [ 61%] [32m[1mLinking CXX shared library libmanipulator_interfaces__rosidl_typesupport_c.so[0m
[2.983s] [ 61%] Built target manipulator_interfaces__rosidl_typesupport_cpp
[3.024s] [ 64%] [32m[1mLinking CXX shared library libmanipulator_interfaces__rosidl_typesupport_fastrtps_cpp.so[0m
[3.024s] [ 64%] Built target manipulator_interfaces__rosidl_typesupport_c
[3.069s] [ 67%] [32m[1mLinking CXX shared library libmanipulator_interfaces__rosidl_typesupport_fastrtps_c.so[0m
[3.092s] [ 67%] Built target manipulator_interfaces__rosidl_typesupport_fastrtps_cpp
[3.112s] [ 70%] [32m[1mLinking CXX shared library libmanipulator_interfaces__rosidl_typesupport_introspection_cpp.so[0m
[3.132s] [ 70%] Built target manipulator_interfaces__rosidl_typesupport_fastrtps_c
[3.170s] [ 70%] Built target manipulator_interfaces__rosidl_typesupport_introspection_cpp
[3.199s] [ 70%] Built target manipulator_interfaces
[3.229s] [ 74%] [34m[1mGenerating Python code for ROS interfaces[0m
[3.464s] [ 74%] Built target manipulator_interfaces__py
[3.497s] [ 77%] [32mBuilding C object CMakeFiles/manipulator_interfaces__rosidl_generator_py.dir/rosidl_generator_py/manipulator_interfaces/srv/_move_to_pose_s.c.o[0m
[3.577s] [ 80%] [32m[1mLinking C shared library rosidl_generator_py/manipulator_interfaces/libmanipulator_interfaces__rosidl_generator_py.so[0m
[3.618s] [ 80%] Built target manipulator_interfaces__rosidl_generator_py
[3.648s] [ 87%] [32mBuilding C object CMakeFiles/manipulator_interfaces__rosidl_typesupport_c__pyext.dir/rosidl_generator_py/manipulator_interfaces/_manipulator_interfaces_s.ep.rosidl_typesupport_c.c.o[0m
[3.649s] [ 87%] [32mBuilding C object CMakeFiles/manipulator_interfaces__rosidl_typesupport_introspection_c__pyext.dir/rosidl_generator_py/manipulator_interfaces/_manipulator_interfaces_s.ep.rosidl_typesupport_introspection_c.c.o[0m
[3.650s] [ 90%] [32mBuilding C object CMakeFiles/manipulator_interfaces__rosidl_typesupport_fastrtps_c__pyext.dir/rosidl_generator_py/manipulator_interfaces/_manipulator_interfaces_s.ep.rosidl_typesupport_fastrtps_c.c.o[0m
[3.715s] [ 93%] [32m[1mLinking C shared library rosidl_generator_py/manipulator_interfaces/manipulator_interfaces_s__rosidl_typesupport_introspection_c.cpython-310-x86_64-linux-gnu.so[0m
[3.720s] [ 96%] [32m[1mLinking C shared library rosidl_generator_py/manipulator_interfaces/manipulator_interfaces_s__rosidl_typesupport_c.cpython-310-x86_64-linux-gnu.so[0m
[3.722s] [100%] [32m[1mLinking C shared library rosidl_generator_py/manipulator_interfaces/manipulator_interfaces_s__rosidl_typesupport_fastrtps_c.cpython-310-x86_64-linux-gnu.so[0m
[3.753s] [100%] Built target manipulator_interfaces__rosidl_typesupport_introspection_c__pyext
[3.758s] [100%] Built target manipulator_interfaces__rosidl_typesupport_c__pyext
[3.762s] [100%] Built target manipulator_interfaces__rosidl_typesupport_fastrtps_c__pyext
[3.775s] Invoked command in '/home/tamir/manipulator_project/src/manipulator_interfaces/build/manipulator_interfaces' returned '0': CMAKE_PREFIX_PATH=${CMAKE_PREFIX_PATH}:/home/tamir/ws_moveit2/install/moveit_configs_utils:/home/tamir/ws_moveit2/install/launch_param_builder:/home/tamir/autonomous_robot/install/calc_odom:/home/tamir/autonomous_robot/install/control_hardware:/home/tamir/ros2_ws/install/turtle_spawner:/home/tamir/ros2_ws/install/turtle_controller:/home/tamir/ros2_ws/install/my_py_pkg:/home/tamir/autonomous_robot/autonomous_robot_control/install/control_hardware:/home/tamir/autonomous_robot/autonomous_robot_control/install/calc_odom:/home/tamir/autonomous_robot/autonomous_robot_control/src/control_hardware/install/control_hardware:/opt/ros/humble /usr/bin/cmake --build /home/tamir/manipulator_project/src/manipulator_interfaces/build/manipulator_interfaces -- -j12 -l12
[3.786s] Invoking command in '/home/tamir/manipulator_project/src/manipulator_interfaces/build/manipulator_interfaces': CMAKE_PREFIX_PATH=${CMAKE_PREFIX_PATH}:/home/tamir/ws_moveit2/install/moveit_configs_utils:/home/tamir/ws_moveit2/install/launch_param_builder:/home/tamir/autonomous_robot/install/calc_odom:/home/tamir/autonomous_robot/install/control_hardware:/home/tamir/ros2_ws/install/turtle_spawner:/home/tamir/ros2_ws/install/turtle_controller:/home/tamir/ros2_ws/install/my_py_pkg:/home/tamir/autonomous_robot/autonomous_robot_control/install/control_hardware:/home/tamir/autonomous_robot/autonomous_robot_control/install/calc_odom:/home/tamir/autonomous_robot/autonomous_robot_control/src/control_hardware/install/control_hardware:/opt/ros/humble /usr/bin/cmake --install /home/tamir/manipulator_project/src/manipulator_interfaces/build/manipulator_interfaces
[3.796s] -- Install configuration: ""
[3.796s] -- Installing: /home/tamir/manipulator_project/src/manipulator_interfaces/install/manipulator_interfaces/share/ament_index/resource_index/rosidl_interfaces/manipulator_interfaces
[3.796s] -- Installing: /home/tamir/manipulator_project/src/manipulator_interfaces/install/manipulator_interfaces/include/manipulator_interfaces/manipulator_interfaces
[3.796s] -- Installing: /home/tamir/manipulator_project/src/manipulator_interfaces/install/manipulator_interfaces/include/manipulator_interfaces/manipulator_interfaces/msg
[3.796s] -- Installing: /home/tamir/manipulator_project/src/manipulator_interfaces/install/manipulator_interfaces/include/manipulator_interfaces/manipulator_interfaces/msg/rosidl_generator_c__visibility_control.h
[3.796s] -- Installing: /home/tamir/manipulator_project/src/manipulator_interfaces/install/manipulator_interfaces/include/manipulator_interfaces/manipulator_interfaces/srv
[3.796s] -- Installing: /home/tamir/manipulator_project/src/manipulator_interfaces/install/manipulator_interfaces/include/manipulator_interfaces/manipulator_interfaces/srv/detail
[3.796s] -- Installing: /home/tamir/manipulator_project/src/manipulator_interfaces/install/manipulator_interfaces/include/manipulator_interfaces/manipulator_interfaces/srv/detail/move_to_pose__functions.c
[3.796s] -- Installing: /home/tamir/manipulator_project/src/manipulator_interfaces/install/manipulator_interfaces/include/manipulator_interfaces/manipulator_interfaces/srv/detail/move_to_pose__functions.h
[3.797s] -- Installing: /home/tamir/manipulator_project/src/manipulator_interfaces/install/manipulator_interfaces/include/manipulator_interfaces/manipulator_interfaces/srv/detail/move_to_pose__type_support.h
[3.797s] -- Installing: /home/tamir/manipulator_project/src/manipulator_interfaces/install/manipulator_interfaces/include/manipulator_interfaces/manipulator_interfaces/srv/detail/move_to_pose__struct.h
[3.797s] -- Installing: /home/tamir/manipulator_project/src/manipulator_interfaces/install/manipulator_interfaces/include/manipulator_interfaces/manipulator_interfaces/srv/move_to_pose.h
[3.797s] -- Installing: /home/tamir/manipulator_project/src/manipulator_interfaces/install/manipulator_interfaces/share/manipulator_interfaces/environment/library_path.sh
[3.797s] -- Installing: /home/tamir/manipulator_project/src/manipulator_interfaces/install/manipulator_interfaces/share/manipulator_interfaces/environment/library_path.dsv
[3.797s] -- Installing: /home/tamir/manipulator_project/src/manipulator_interfaces/install/manipulator_interfaces/lib/libmanipulator_interfaces__rosidl_generator_c.so
[3.797s] -- Set runtime path of "/home/tamir/manipulator_project/src/manipulator_interfaces/install/manipulator_interfaces/lib/libmanipulator_interfaces__rosidl_generator_c.so" to ""
[3.797s] -- Up-to-date: /home/tamir/manipulator_project/src/manipulator_interfaces/install/manipulator_interfaces/include/manipulator_interfaces/manipulator_interfaces
[3.797s] -- Up-to-date: /home/tamir/manipulator_project/src/manipulator_interfaces/install/manipulator_interfaces/include/manipulator_interfaces/manipulator_interfaces/msg
[3.797s] -- Installing: /home/tamir/manipulator_project/src/manipulator_interfaces/install/manipulator_interfaces/include/manipulator_interfaces/manipulator_interfaces/msg/rosidl_typesupport_fastrtps_c__visibility_control.h
[3.797s] -- Up-to-date: /home/tamir/manipulator_project/src/manipulator_interfaces/install/manipulator_interfaces/include/manipulator_interfaces/manipulator_interfaces/srv
[3.797s] -- Up-to-date: /home/tamir/manipulator_project/src/manipulator_interfaces/install/manipulator_interfaces/include/manipulator_interfaces/manipulator_interfaces/srv/detail
[3.798s] -- Installing: /home/tamir/manipulator_project/src/manipulator_interfaces/install/manipulator_interfaces/include/manipulator_interfaces/manipulator_interfaces/srv/detail/move_to_pose__rosidl_typesupport_fastrtps_c.h
[3.798s] -- Installing: /home/tamir/manipulator_project/src/manipulator_interfaces/install/manipulator_interfaces/lib/libmanipulator_interfaces__rosidl_typesupport_fastrtps_c.so
[3.798s] -- Set runtime path of "/home/tamir/manipulator_project/src/manipulator_interfaces/install/manipulator_interfaces/lib/libmanipulator_interfaces__rosidl_typesupport_fastrtps_c.so" to ""
[3.798s] -- Up-to-date: /home/tamir/manipulator_project/src/manipulator_interfaces/install/manipulator_interfaces/include/manipulator_interfaces/manipulator_interfaces
[3.798s] -- Up-to-date: /home/tamir/manipulator_project/src/manipulator_interfaces/install/manipulator_interfaces/include/manipulator_interfaces/manipulator_interfaces/msg
[3.798s] -- Installing: /home/tamir/manipulator_project/src/manipulator_interfaces/install/manipulator_interfaces/include/manipulator_interfaces/manipulator_interfaces/msg/rosidl_generator_cpp__visibility_control.hpp
[3.798s] -- Up-to-date: /home/tamir/manipulator_project/src/manipulator_interfaces/install/manipulator_interfaces/include/manipulator_interfaces/manipulator_interfaces/srv
[3.798s] -- Installing: /home/tamir/manipulator_project/src/manipulator_interfaces/install/manipulator_interfaces/include/manipulator_interfaces/manipulator_interfaces/srv/move_to_pose.hpp
[3.798s] -- Up-to-date: /home/tamir/manipulator_project/src/manipulator_interfaces/install/manipulator_interfaces/include/manipulator_interfaces/manipulator_interfaces/srv/detail
[3.798s] -- Installing: /home/tamir/manipulator_project/src/manipulator_interfaces/install/manipulator_interfaces/include/manipulator_interfaces/manipulator_interfaces/srv/detail/move_to_pose__struct.hpp
[3.798s] -- Installing: /home/tamir/manipulator_project/src/manipulator_interfaces/install/manipulator_interfaces/include/manipulator_interfaces/manipulator_interfaces/srv/detail/move_to_pose__type_support.hpp
[3.798s] -- Installing: /home/tamir/manipulator_project/src/manipulator_interfaces/install/manipulator_interfaces/include/manipulator_interfaces/manipulator_interfaces/srv/detail/move_to_pose__builder.hpp
[3.799s] -- Installing: /home/tamir/manipulator_project/src/manipulator_interfaces/install/manipulator_interfaces/include/manipulator_interfaces/manipulator_interfaces/srv/detail/move_to_pose__traits.hpp
[3.799s] -- Up-to-date: /home/tamir/manipulator_project/src/manipulator_interfaces/install/manipulator_interfaces/include/manipulator_interfaces/manipulator_interfaces
[3.799s] -- Up-to-date: /home/tamir/manipulator_project/src/manipulator_interfaces/install/manipulator_interfaces/include/manipulator_interfaces/manipulator_interfaces/msg
[3.799s] -- Installing: /home/tamir/manipulator_project/src/manipulator_interfaces/install/manipulator_interfaces/include/manipulator_interfaces/manipulator_interfaces/msg/rosidl_typesupport_fastrtps_cpp__visibility_control.h
[3.799s] -- Up-to-date: /home/tamir/manipulator_project/src/manipulator_interfaces/install/manipulator_interfaces/include/manipulator_interfaces/manipulator_interfaces/srv
[3.799s] -- Up-to-date: /home/tamir/manipulator_project/src/manipulator_interfaces/install/manipulator_interfaces/include/manipulator_interfaces/manipulator_interfaces/srv/detail
[3.799s] -- Installing: /home/tamir/manipulator_project/src/manipulator_interfaces/install/manipulator_interfaces/include/manipulator_interfaces/manipulator_interfaces/srv/detail/dds_fastrtps
[3.799s] -- Installing: /home/tamir/manipulator_project/src/manipulator_interfaces/install/manipulator_interfaces/include/manipulator_interfaces/manipulator_interfaces/srv/detail/move_to_pose__rosidl_typesupport_fastrtps_cpp.hpp
[3.799s] -- Installing: /home/tamir/manipulator_project/src/manipulator_interfaces/install/manipulator_interfaces/lib/libmanipulator_interfaces__rosidl_typesupport_fastrtps_cpp.so
[3.799s] -- Set runtime path of "/home/tamir/manipulator_project/src/manipulator_interfaces/install/manipulator_interfaces/lib/libmanipulator_interfaces__rosidl_typesupport_fastrtps_cpp.so" to ""
[3.799s] -- Up-to-date: /home/tamir/manipulator_project/src/manipulator_interfaces/install/manipulator_interfaces/include/manipulator_interfaces/manipulator_interfaces
[3.799s] -- Up-to-date: /home/tamir/manipulator_project/src/manipulator_interfaces/install/manipulator_interfaces/include/manipulator_interfaces/manipulator_interfaces/msg
[3.800s] -- Installing: /home/tamir/manipulator_project/src/manipulator_interfaces/install/manipulator_interfaces/include/manipulator_interfaces/manipulator_interfaces/msg/rosidl_typesupport_introspection_c__visibility_control.h
[3.800s] -- Up-to-date: /home/tamir/manipulator_project/src/manipulator_interfaces/install/manipulator_interfaces/include/manipulator_interfaces/manipulator_interfaces/srv
[3.800s] -- Up-to-date: /home/tamir/manipulator_project/src/manipulator_interfaces/install/manipulator_interfaces/include/manipulator_interfaces/manipulator_interfaces/srv/detail
[3.800s] -- Installing: /home/tamir/manipulator_project/src/manipulator_interfaces/install/manipulator_interfaces/include/manipulator_interfaces/manipulator_interfaces/srv/detail/move_to_pose__type_support.c
[3.800s] -- Installing: /home/tamir/manipulator_project/src/manipulator_interfaces/install/manipulator_interfaces/include/manipulator_interfaces/manipulator_interfaces/srv/detail/move_to_pose__rosidl_typesupport_introspection_c.h
[3.800s] -- Installing: /home/tamir/manipulator_project/src/manipulator_interfaces/install/manipulator_interfaces/lib/libmanipulator_interfaces__rosidl_typesupport_introspection_c.so
[3.800s] -- Set runtime path of "/home/tamir/manipulator_project/src/manipulator_interfaces/install/manipulator_interfaces/lib/libmanipulator_interfaces__rosidl_typesupport_introspection_c.so" to ""
[3.800s] -- Installing: /home/tamir/manipulator_project/src/manipulator_interfaces/install/manipulator_interfaces/lib/libmanipulator_interfaces__rosidl_typesupport_c.so
[3.800s] -- Set runtime path of "/home/tamir/manipulator_project/src/manipulator_interfaces/install/manipulator_interfaces/lib/libmanipulator_interfaces__rosidl_typesupport_c.so" to ""
[3.800s] -- Up-to-date: /home/tamir/manipulator_project/src/manipulator_interfaces/install/manipulator_interfaces/include/manipulator_interfaces/manipulator_interfaces
[3.800s] -- Up-to-date: /home/tamir/manipulator_project/src/manipulator_interfaces/install/manipulator_interfaces/include/manipulator_interfaces/manipulator_interfaces/srv
[3.800s] -- Up-to-date: /home/tamir/manipulator_project/src/manipulator_interfaces/install/manipulator_interfaces/include/manipulator_interfaces/manipulator_interfaces/srv/detail
[3.800s] -- Installing: /home/tamir/manipulator_project/src/manipulator_interfaces/install/manipulator_interfaces/include/manipulator_interfaces/manipulator_interfaces/srv/detail/move_to_pose__rosidl_typesupport_introspection_cpp.hpp
[3.800s] -- Installing: /home/tamir/manipulator_project/src/manipulator_interfaces/install/manipulator_interfaces/include/manipulator_interfaces/manipulator_interfaces/srv/detail/move_to_pose__type_support.cpp
[3.800s] -- Installing: /home/tamir/manipulator_project/src/manipulator_interfaces/install/manipulator_interfaces/lib/libmanipulator_interfaces__rosidl_typesupport_introspection_cpp.so
[3.800s] -- Set runtime path of "/home/tamir/manipulator_project/src/manipulator_interfaces/install/manipulator_interfaces/lib/libmanipulator_interfaces__rosidl_typesupport_introspection_cpp.so" to ""
[3.800s] -- Installing: /home/tamir/manipulator_project/src/manipulator_interfaces/install/manipulator_interfaces/lib/libmanipulator_interfaces__rosidl_typesupport_cpp.so
[3.800s] -- Set runtime path of "/home/tamir/manipulator_project/src/manipulator_interfaces/install/manipulator_interfaces/lib/libmanipulator_interfaces__rosidl_typesupport_cpp.so" to ""
[3.800s] -- Installing: /home/tamir/manipulator_project/src/manipulator_interfaces/install/manipulator_interfaces/share/manipulator_interfaces/environment/pythonpath.sh
[3.800s] -- Installing: /home/tamir/manipulator_project/src/manipulator_interfaces/install/manipulator_interfaces/share/manipulator_interfaces/environment/pythonpath.dsv
[3.800s] -- Installing: /home/tamir/manipulator_project/src/manipulator_interfaces/install/manipulator_interfaces/local/lib/python3.10/dist-packages/manipulator_interfaces-0.0.0-py3.10.egg-info
[3.800s] -- Installing: /home/tamir/manipulator_project/src/manipulator_interfaces/install/manipulator_interfaces/local/lib/python3.10/dist-packages/manipulator_interfaces-0.0.0-py3.10.egg-info/PKG-INFO
[3.800s] -- Installing: /home/tamir/manipulator_project/src/manipulator_interfaces/install/manipulator_interfaces/local/lib/python3.10/dist-packages/manipulator_interfaces-0.0.0-py3.10.egg-info/dependency_links.txt
[3.801s] -- Installing: /home/tamir/manipulator_project/src/manipulator_interfaces/install/manipulator_interfaces/local/lib/python3.10/dist-packages/manipulator_interfaces-0.0.0-py3.10.egg-info/top_level.txt
[3.801s] -- Installing: /home/tamir/manipulator_project/src/manipulator_interfaces/install/manipulator_interfaces/local/lib/python3.10/dist-packages/manipulator_interfaces-0.0.0-py3.10.egg-info/SOURCES.txt
[3.801s] -- Installing: /home/tamir/manipulator_project/src/manipulator_interfaces/install/manipulator_interfaces/local/lib/python3.10/dist-packages/manipulator_interfaces
[3.801s] -- Installing: /home/tamir/manipulator_project/src/manipulator_interfaces/install/manipulator_interfaces/local/lib/python3.10/dist-packages/manipulator_interfaces/_manipulator_interfaces_s.ep.rosidl_typesupport_c.c
[3.801s] -- Installing: /home/tamir/manipulator_project/src/manipulator_interfaces/install/manipulator_interfaces/local/lib/python3.10/dist-packages/manipulator_interfaces/libmanipulator_interfaces__rosidl_generator_py.so
[3.801s] -- Installing: /home/tamir/manipulator_project/src/manipulator_interfaces/install/manipulator_interfaces/local/lib/python3.10/dist-packages/manipulator_interfaces/_manipulator_interfaces_s.ep.rosidl_typesupport_fastrtps_c.c
[3.801s] -- Installing: /home/tamir/manipulator_project/src/manipulator_interfaces/install/manipulator_interfaces/local/lib/python3.10/dist-packages/manipulator_interfaces/_manipulator_interfaces_s.ep.rosidl_typesupport_introspection_c.c
[3.801s] -- Installing: /home/tamir/manipulator_project/src/manipulator_interfaces/install/manipulator_interfaces/local/lib/python3.10/dist-packages/manipulator_interfaces/manipulator_interfaces_s__rosidl_typesupport_introspection_c.cpython-310-x86_64-linux-gnu.so
[3.801s] -- Installing: /home/tamir/manipulator_project/src/manipulator_interfaces/install/manipulator_interfaces/local/lib/python3.10/dist-packages/manipulator_interfaces/__init__.py
[3.801s] -- Installing: /home/tamir/manipulator_project/src/manipulator_interfaces/install/manipulator_interfaces/local/lib/python3.10/dist-packages/manipulator_interfaces/srv
[3.801s] -- Installing: /home/tamir/manipulator_project/src/manipulator_interfaces/install/manipulator_interfaces/local/lib/python3.10/dist-packages/manipulator_interfaces/srv/_move_to_pose_s.c
[3.801s] -- Installing: /home/tamir/manipulator_project/src/manipulator_interfaces/install/manipulator_interfaces/local/lib/python3.10/dist-packages/manipulator_interfaces/srv/__init__.py
[3.801s] -- Installing: /home/tamir/manipulator_project/src/manipulator_interfaces/install/manipulator_interfaces/local/lib/python3.10/dist-packages/manipulator_interfaces/srv/_move_to_pose.py
[3.801s] -- Installing: /home/tamir/manipulator_project/src/manipulator_interfaces/install/manipulator_interfaces/local/lib/python3.10/dist-packages/manipulator_interfaces/manipulator_interfaces_s__rosidl_typesupport_c.cpython-310-x86_64-linux-gnu.so
[3.801s] -- Installing: /home/tamir/manipulator_project/src/manipulator_interfaces/install/manipulator_interfaces/local/lib/python3.10/dist-packages/manipulator_interfaces/manipulator_interfaces_s__rosidl_typesupport_fastrtps_c.cpython-310-x86_64-linux-gnu.so
[3.829s] Listing '/home/tamir/manipulator_project/src/manipulator_interfaces/install/manipulator_interfaces/local/lib/python3.10/dist-packages/manipulator_interfaces'...
[3.829s] Compiling '/home/tamir/manipulator_project/src/manipulator_interfaces/install/manipulator_interfaces/local/lib/python3.10/dist-packages/manipulator_interfaces/__init__.py'...
[3.829s] Listing '/home/tamir/manipulator_project/src/manipulator_interfaces/install/manipulator_interfaces/local/lib/python3.10/dist-packages/manipulator_interfaces/srv'...
[3.830s] Compiling '/home/tamir/manipulator_project/src/manipulator_interfaces/install/manipulator_interfaces/local/lib/python3.10/dist-packages/manipulator_interfaces/srv/__init__.py'...
[3.830s] Compiling '/home/tamir/manipulator_project/src/manipulator_interfaces/install/manipulator_interfaces/local/lib/python3.10/dist-packages/manipulator_interfaces/srv/_move_to_pose.py'...
[3.833s] -- Installing: /home/tamir/manipulator_project/src/manipulator_interfaces/install/manipulator_interfaces/local/lib/python3.10/dist-packages/manipulator_interfaces/manipulator_interfaces_s__rosidl_typesupport_fastrtps_c.cpython-310-x86_64-linux-gnu.so
[3.833s] -- Set runtime path of "/home/tamir/manipulator_project/src/manipulator_interfaces/install/manipulator_interfaces/local/lib/python3.10/dist-packages/manipulator_interfaces/manipulator_interfaces_s__rosidl_typesupport_fastrtps_c.cpython-310-x86_64-linux-gnu.so" to ""
[3.833s] -- Installing: /home/tamir/manipulator_project/src/manipulator_interfaces/install/manipulator_interfaces/local/lib/python3.10/dist-packages/manipulator_interfaces/manipulator_interfaces_s__rosidl_typesupport_introspection_c.cpython-310-x86_64-linux-gnu.so
[3.833s] -- Set runtime path of "/home/tamir/manipulator_project/src/manipulator_interfaces/install/manipulator_interfaces/local/lib/python3.10/dist-packages/manipulator_interfaces/manipulator_interfaces_s__rosidl_typesupport_introspection_c.cpython-310-x86_64-linux-gnu.so" to ""
[3.833s] -- Installing: /home/tamir/manipulator_project/src/manipulator_interfaces/install/manipulator_interfaces/local/lib/python3.10/dist-packages/manipulator_interfaces/manipulator_interfaces_s__rosidl_typesupport_c.cpython-310-x86_64-linux-gnu.so
[3.833s] -- Set runtime path of "/home/tamir/manipulator_project/src/manipulator_interfaces/install/manipulator_interfaces/local/lib/python3.10/dist-packages/manipulator_interfaces/manipulator_interfaces_s__rosidl_typesupport_c.cpython-310-x86_64-linux-gnu.so" to ""
[3.833s] -- Installing: /home/tamir/manipulator_project/src/manipulator_interfaces/install/manipulator_interfaces/lib/libmanipulator_interfaces__rosidl_generator_py.so
[3.834s] -- Set runtime path of "/home/tamir/manipulator_project/src/manipulator_interfaces/install/manipulator_interfaces/lib/libmanipulator_interfaces__rosidl_generator_py.so" to ""
[3.834s] -- Installing: /home/tamir/manipulator_project/src/manipulator_interfaces/install/manipulator_interfaces/share/manipulator_interfaces/srv/MoveToPose.idl
[3.834s] -- Installing: /home/tamir/manipulator_project/src/manipulator_interfaces/install/manipulator_interfaces/share/manipulator_interfaces/srv/MoveToPose.srv
[3.834s] -- Installing: /home/tamir/manipulator_project/src/manipulator_interfaces/install/manipulator_interfaces/share/manipulator_interfaces/srv/MoveToPose_Request.msg
[3.834s] -- Installing: /home/tamir/manipulator_project/src/manipulator_interfaces/install/manipulator_interfaces/share/manipulator_interfaces/srv/MoveToPose_Response.msg
[3.834s] -- Installing: /home/tamir/manipulator_project/src/manipulator_interfaces/install/manipulator_interfaces/share/ament_index/resource_index/package_run_dependencies/manipulator_interfaces
[3.834s] -- Installing: /home/tamir/manipulator_project/src/manipulator_interfaces/install/manipulator_interfaces/share/ament_index/resource_index/parent_prefix_path/manipulator_interfaces
[3.834s] -- Installing: /home/tamir/manipulator_project/src/manipulator_interfaces/install/manipulator_interfaces/share/manipulator_interfaces/environment/ament_prefix_path.sh
[3.834s] -- Installing: /home/tamir/manipulator_project/src/manipulator_interfaces/install/manipulator_interfaces/share/manipulator_interfaces/environment/ament_prefix_path.dsv
[3.834s] -- Installing: /home/tamir/manipulator_project/src/manipulator_interfaces/install/manipulator_interfaces/share/manipulator_interfaces/environment/path.sh
[3.834s] -- Installing: /home/tamir/manipulator_project/src/manipulator_interfaces/install/manipulator_interfaces/share/manipulator_interfaces/environment/path.dsv
[3.834s] -- Installing: /home/tamir/manipulator_project/src/manipulator_interfaces/install/manipulator_interfaces/share/manipulator_interfaces/local_setup.bash
[3.834s] -- Installing: /home/tamir/manipulator_project/src/manipulator_interfaces/install/manipulator_interfaces/share/manipulator_interfaces/local_setup.sh
[3.834s] -- Installing: /home/tamir/manipulator_project/src/manipulator_interfaces/install/manipulator_interfaces/share/manipulator_interfaces/local_setup.zsh
[3.834s] -- Installing: /home/tamir/manipulator_project/src/manipulator_interfaces/install/manipulator_interfaces/share/manipulator_interfaces/local_setup.dsv
[3.834s] -- Installing: /home/tamir/manipulator_project/src/manipulator_interfaces/install/manipulator_interfaces/share/manipulator_interfaces/package.dsv
[3.834s] -- Installing: /home/tamir/manipulator_project/src/manipulator_interfaces/install/manipulator_interfaces/share/ament_index/resource_index/packages/manipulator_interfaces
[3.835s] -- Installing: /home/tamir/manipulator_project/src/manipulator_interfaces/install/manipulator_interfaces/share/manipulator_interfaces/cmake/export_manipulator_interfaces__rosidl_generator_cExport.cmake
[3.835s] -- Installing: /home/tamir/manipulator_project/src/manipulator_interfaces/install/manipulator_interfaces/share/manipulator_interfaces/cmake/export_manipulator_interfaces__rosidl_generator_cExport-noconfig.cmake
[3.835s] -- Installing: /home/tamir/manipulator_project/src/manipulator_interfaces/install/manipulator_interfaces/share/manipulator_interfaces/cmake/export_manipulator_interfaces__rosidl_typesupport_fastrtps_cExport.cmake
[3.835s] -- Installing: /home/tamir/manipulator_project/src/manipulator_interfaces/install/manipulator_interfaces/share/manipulator_interfaces/cmake/export_manipulator_interfaces__rosidl_typesupport_fastrtps_cExport-noconfig.cmake
[3.835s] -- Installing: /home/tamir/manipulator_project/src/manipulator_interfaces/install/manipulator_interfaces/share/manipulator_interfaces/cmake/export_manipulator_interfaces__rosidl_generator_cppExport.cmake
[3.835s] -- Installing: /home/tamir/manipulator_project/src/manipulator_interfaces/install/manipulator_interfaces/share/manipulator_interfaces/cmake/export_manipulator_interfaces__rosidl_typesupport_fastrtps_cppExport.cmake
[3.835s] -- Installing: /home/tamir/manipulator_project/src/manipulator_interfaces/install/manipulator_interfaces/share/manipulator_interfaces/cmake/export_manipulator_interfaces__rosidl_typesupport_fastrtps_cppExport-noconfig.cmake
[3.835s] -- Installing: /home/tamir/manipulator_project/src/manipulator_interfaces/install/manipulator_interfaces/share/manipulator_interfaces/cmake/manipulator_interfaces__rosidl_typesupport_introspection_cExport.cmake
[3.835s] -- Installing: /home/tamir/manipulator_project/src/manipulator_interfaces/install/manipulator_interfaces/share/manipulator_interfaces/cmake/manipulator_interfaces__rosidl_typesupport_introspection_cExport-noconfig.cmake
[3.835s] -- Installing: /home/tamir/manipulator_project/src/manipulator_interfaces/install/manipulator_interfaces/share/manipulator_interfaces/cmake/manipulator_interfaces__rosidl_typesupport_cExport.cmake
[3.835s] -- Installing: /home/tamir/manipulator_project/src/manipulator_interfaces/install/manipulator_interfaces/share/manipulator_interfaces/cmake/manipulator_interfaces__rosidl_typesupport_cExport-noconfig.cmake
[3.835s] -- Installing: /home/tamir/manipulator_project/src/manipulator_interfaces/install/manipulator_interfaces/share/manipulator_interfaces/cmake/manipulator_interfaces__rosidl_typesupport_introspection_cppExport.cmake
[3.835s] -- Installing: /home/tamir/manipulator_project/src/manipulator_interfaces/install/manipulator_interfaces/share/manipulator_interfaces/cmake/manipulator_interfaces__rosidl_typesupport_introspection_cppExport-noconfig.cmake
[3.836s] -- Installing: /home/tamir/manipulator_project/src/manipulator_interfaces/install/manipulator_interfaces/share/manipulator_interfaces/cmake/manipulator_interfaces__rosidl_typesupport_cppExport.cmake
[3.836s] -- Installing: /home/tamir/manipulator_project/src/manipulator_interfaces/install/manipulator_interfaces/share/manipulator_interfaces/cmake/manipulator_interfaces__rosidl_typesupport_cppExport-noconfig.cmake
[3.836s] -- Installing: /home/tamir/manipulator_project/src/manipulator_interfaces/install/manipulator_interfaces/share/manipulator_interfaces/cmake/export_manipulator_interfaces__rosidl_generator_pyExport.cmake
[3.836s] -- Installing: /home/tamir/manipulator_project/src/manipulator_interfaces/install/manipulator_interfaces/share/manipulator_interfaces/cmake/export_manipulator_interfaces__rosidl_generator_pyExport-noconfig.cmake
[3.836s] -- Installing: /home/tamir/manipulator_project/src/manipulator_interfaces/install/manipulator_interfaces/share/manipulator_interfaces/cmake/rosidl_cmake-extras.cmake
[3.836s] -- Installing: /home/tamir/manipulator_project/src/manipulator_interfaces/install/manipulator_interfaces/share/manipulator_interfaces/cmake/ament_cmake_export_dependencies-extras.cmake
[3.836s] -- Installing: /home/tamir/manipulator_project/src/manipulator_interfaces/install/manipulator_interfaces/share/manipulator_interfaces/cmake/ament_cmake_export_include_directories-extras.cmake
[3.836s] -- Installing: /home/tamir/manipulator_project/src/manipulator_interfaces/install/manipulator_interfaces/share/manipulator_interfaces/cmake/ament_cmake_export_libraries-extras.cmake
[3.836s] -- Installing: /home/tamir/manipulator_project/src/manipulator_interfaces/install/manipulator_interfaces/share/manipulator_interfaces/cmake/ament_cmake_export_targets-extras.cmake
[3.836s] -- Installing: /home/tamir/manipulator_project/src/manipulator_interfaces/install/manipulator_interfaces/share/manipulator_interfaces/cmake/rosidl_cmake_export_typesupport_targets-extras.cmake
[3.836s] -- Installing: /home/tamir/manipulator_project/src/manipulator_interfaces/install/manipulator_interfaces/share/manipulator_interfaces/cmake/rosidl_cmake_export_typesupport_libraries-extras.cmake
[3.837s] -- Installing: /home/tamir/manipulator_project/src/manipulator_interfaces/install/manipulator_interfaces/share/manipulator_interfaces/cmake/manipulator_interfacesConfig.cmake
[3.837s] -- Installing: /home/tamir/manipulator_project/src/manipulator_interfaces/install/manipulator_interfaces/share/manipulator_interfaces/cmake/manipulator_interfacesConfig-version.cmake
[3.837s] -- Installing: /home/tamir/manipulator_project/src/manipulator_interfaces/install/manipulator_interfaces/share/manipulator_interfaces/package.xml
[3.838s] Invoked command in '/home/tamir/manipulator_project/src/manipulator_interfaces/build/manipulator_interfaces' returned '0': CMAKE_PREFIX_PATH=${CMAKE_PREFIX_PATH}:/home/tamir/ws_moveit2/install/moveit_configs_utils:/home/tamir/ws_moveit2/install/launch_param_builder:/home/tamir/autonomous_robot/install/calc_odom:/home/tamir/autonomous_robot/install/control_hardware:/home/tamir/ros2_ws/install/turtle_spawner:/home/tamir/ros2_ws/install/turtle_controller:/home/tamir/ros2_ws/install/my_py_pkg:/home/tamir/autonomous_robot/autonomous_robot_control/install/control_hardware:/home/tamir/autonomous_robot/autonomous_robot_control/install/calc_odom:/home/tamir/autonomous_robot/autonomous_robot_control/src/control_hardware/install/control_hardware:/opt/ros/humble /usr/bin/cmake --install /home/tamir/manipulator_project/src/manipulator_interfaces/build/manipulator_interfaces
