[0.016s] Invoking command in '/home/tamir/manipulator_project/build/manipulator_project': CMAKE_PREFIX_PATH=${CMAKE_PREFIX_PATH}:/home/tamir/ros2_ws/install/turtle_spawner:/home/tamir/ros2_ws/install/turtle_controller:/home/tamir/ros2_ws/install/my_py_pkg:/home/tamir/autonomous_robot/autonomous_robot_control/install/control_hardware:/home/tamir/autonomous_robot/autonomous_robot_control/install/calc_odom:/home/tamir/ws_moveit2/install/moveit_configs_utils:/home/tamir/ws_moveit2/install/launch_param_builder:/home/tamir/autonomous_robot/install/calc_odom:/home/tamir/autonomous_robot/install/control_hardware:/home/tamir/autonomous_robot/autonomous_robot_control/src/control_hardware/install/control_hardware:/opt/ros/humble /usr/bin/cmake --build /home/tamir/manipulator_project/build/manipulator_project -- -j12 -l12
[0.097s] [100%] Built target move_group
[0.109s] Invoked command in '/home/tamir/manipulator_project/build/manipulator_project' returned '0': CMAKE_PREFIX_PATH=${CMAKE_PREFIX_PATH}:/home/tamir/ros2_ws/install/turtle_spawner:/home/tamir/ros2_ws/install/turtle_controller:/home/tamir/ros2_ws/install/my_py_pkg:/home/tamir/autonomous_robot/autonomous_robot_control/install/control_hardware:/home/tamir/autonomous_robot/autonomous_robot_control/install/calc_odom:/home/tamir/ws_moveit2/install/moveit_configs_utils:/home/tamir/ws_moveit2/install/launch_param_builder:/home/tamir/autonomous_robot/install/calc_odom:/home/tamir/autonomous_robot/install/control_hardware:/home/tamir/autonomous_robot/autonomous_robot_control/src/control_hardware/install/control_hardware:/opt/ros/humble /usr/bin/cmake --build /home/tamir/manipulator_project/build/manipulator_project -- -j12 -l12
[0.118s] Invoking command in '/home/tamir/manipulator_project/build/manipulator_project': CMAKE_PREFIX_PATH=${CMAKE_PREFIX_PATH}:/home/tamir/ros2_ws/install/turtle_spawner:/home/tamir/ros2_ws/install/turtle_controller:/home/tamir/ros2_ws/install/my_py_pkg:/home/tamir/autonomous_robot/autonomous_robot_control/install/control_hardware:/home/tamir/autonomous_robot/autonomous_robot_control/install/calc_odom:/home/tamir/ws_moveit2/install/moveit_configs_utils:/home/tamir/ws_moveit2/install/launch_param_builder:/home/tamir/autonomous_robot/install/calc_odom:/home/tamir/autonomous_robot/install/control_hardware:/home/tamir/autonomous_robot/autonomous_robot_control/src/control_hardware/install/control_hardware:/opt/ros/humble /usr/bin/cmake --install /home/tamir/manipulator_project/build/manipulator_project
[0.128s] -- Install configuration: ""
[0.128s] -- Execute custom install script
[0.129s] -- Up-to-date symlink: /home/tamir/manipulator_project/install/manipulator_project/lib/manipulator_project/move_group
[0.131s] [33mCMake Warning (dev) at ament_cmake_symlink_install/ament_cmake_symlink_install.cmake:62 (file):
[0.131s]   Policy CMP0009 is not set: FILE GLOB_RECURSE calls should not follow
[0.131s]   symlinks by default.  Run "cmake --help-policy CMP0009" for policy details.
[0.132s]   Use the cmake_policy command to set the policy and suppress this warning.
[0.132s] Call Stack (most recent call first):
[0.132s]   ament_cmake_symlink_install/ament_cmake_symlink_install.cmake:317 (ament_cmake_symlink_install_directory)
[0.132s]   cmake_install.cmake:46 (include)
[0.132s] This warning is for project developers.  Use -Wno-dev to suppress it.
[0.132s] [0m
[0.132s] -- Up-to-date symlink: /home/tamir/manipulator_project/install/manipulator_project/share/manipulator_project//config/build/.built_by
[0.132s] -- Up-to-date symlink: /home/tamir/manipulator_project/install/manipulator_project/share/manipulator_project//config/build/COLCON_IGNORE
[0.132s] -- Up-to-date symlink: /home/tamir/manipulator_project/install/manipulator_project/share/manipulator_project//config/build/moveit_robot_config/.cmake/api/v1/query/client-colcon-cmake/codemodel-v2
[0.132s] -- Up-to-date symlink: /home/tamir/manipulator_project/install/manipulator_project/share/manipulator_project//config/build/moveit_robot_config/.cmake/api/v1/reply/codemodel-v2-870ec90986b518efe5cb.json
[0.133s] -- Up-to-date symlink: /home/tamir/manipulator_project/install/manipulator_project/share/manipulator_project//config/build/moveit_robot_config/.cmake/api/v1/reply/directory-.-e2ea9b12327a68eeb404.json
[0.133s] -- Up-to-date symlink: /home/tamir/manipulator_project/install/manipulator_project/share/manipulator_project//config/build/moveit_robot_config/.cmake/api/v1/reply/index-2025-01-24T07-50-35-0055.json
[0.133s] -- Up-to-date symlink: /home/tamir/manipulator_project/install/manipulator_project/share/manipulator_project//config/build/moveit_robot_config/.cmake/api/v1/reply/target-moveit_robot_config_uninstall-b721e67dd9db5ecf9481.json
[0.133s] -- Up-to-date symlink: /home/tamir/manipulator_project/install/manipulator_project/share/manipulator_project//config/build/moveit_robot_config/.cmake/api/v1/reply/target-uninstall-c83a569c2a1bb3657037.json
[0.133s] -- Up-to-date symlink: /home/tamir/manipulator_project/install/manipulator_project/share/manipulator_project//config/build/moveit_robot_config/CMakeCache.txt
[0.133s] -- Up-to-date symlink: /home/tamir/manipulator_project/install/manipulator_project/share/manipulator_project//config/build/moveit_robot_config/CMakeFiles/3.22.1/CMakeCCompiler.cmake
[0.133s] -- Up-to-date symlink: /home/tamir/manipulator_project/install/manipulator_project/share/manipulator_project//config/build/moveit_robot_config/CMakeFiles/3.22.1/CMakeCXXCompiler.cmake
[0.133s] -- Up-to-date symlink: /home/tamir/manipulator_project/install/manipulator_project/share/manipulator_project//config/build/moveit_robot_config/CMakeFiles/3.22.1/CMakeDetermineCompilerABI_C.bin
[0.133s] -- Up-to-date symlink: /home/tamir/manipulator_project/install/manipulator_project/share/manipulator_project//config/build/moveit_robot_config/CMakeFiles/3.22.1/CMakeDetermineCompilerABI_CXX.bin
[0.133s] -- Up-to-date symlink: /home/tamir/manipulator_project/install/manipulator_project/share/manipulator_project//config/build/moveit_robot_config/CMakeFiles/3.22.1/CMakeSystem.cmake
[0.133s] -- Up-to-date symlink: /home/tamir/manipulator_project/install/manipulator_project/share/manipulator_project//config/build/moveit_robot_config/CMakeFiles/3.22.1/CompilerIdC/CMakeCCompilerId.c
[0.134s] -- Up-to-date symlink: /home/tamir/manipulator_project/install/manipulator_project/share/manipulator_project//config/build/moveit_robot_config/CMakeFiles/3.22.1/CompilerIdC/a.out
[0.134s] -- Up-to-date symlink: /home/tamir/manipulator_project/install/manipulator_project/share/manipulator_project//config/build/moveit_robot_config/CMakeFiles/3.22.1/CompilerIdCXX/CMakeCXXCompilerId.cpp
[0.134s] -- Up-to-date symlink: /home/tamir/manipulator_project/install/manipulator_project/share/manipulator_project//config/build/moveit_robot_config/CMakeFiles/3.22.1/CompilerIdCXX/a.out
[0.134s] -- Up-to-date symlink: /home/tamir/manipulator_project/install/manipulator_project/share/manipulator_project//config/build/moveit_robot_config/CMakeFiles/CMakeDirectoryInformation.cmake
[0.134s] -- Up-to-date symlink: /home/tamir/manipulator_project/install/manipulator_project/share/manipulator_project//config/build/moveit_robot_config/CMakeFiles/CMakeOutput.log
[0.134s] -- Up-to-date symlink: /home/tamir/manipulator_project/install/manipulator_project/share/manipulator_project//config/build/moveit_robot_config/CMakeFiles/CMakeRuleHashes.txt
[0.134s] -- Up-to-date symlink: /home/tamir/manipulator_project/install/manipulator_project/share/manipulator_project//config/build/moveit_robot_config/CMakeFiles/Makefile.cmake
[0.134s] -- Up-to-date symlink: /home/tamir/manipulator_project/install/manipulator_project/share/manipulator_project//config/build/moveit_robot_config/CMakeFiles/Makefile2
[0.134s] -- Up-to-date symlink: /home/tamir/manipulator_project/install/manipulator_project/share/manipulator_project//config/build/moveit_robot_config/CMakeFiles/TargetDirectories.txt
[0.134s] -- Up-to-date symlink: /home/tamir/manipulator_project/install/manipulator_project/share/manipulator_project//config/build/moveit_robot_config/CMakeFiles/cmake.check_cache
[0.134s] -- Up-to-date symlink: /home/tamir/manipulator_project/install/manipulator_project/share/manipulator_project//config/build/moveit_robot_config/CMakeFiles/moveit_robot_config_uninstall.dir/DependInfo.cmake
[0.134s] -- Up-to-date symlink: /home/tamir/manipulator_project/install/manipulator_project/share/manipulator_project//config/build/moveit_robot_config/CMakeFiles/moveit_robot_config_uninstall.dir/build.make
[0.134s] -- Up-to-date symlink: /home/tamir/manipulator_project/install/manipulator_project/share/manipulator_project//config/build/moveit_robot_config/CMakeFiles/moveit_robot_config_uninstall.dir/cmake_clean.cmake
[0.134s] -- Up-to-date symlink: /home/tamir/manipulator_project/install/manipulator_project/share/manipulator_project//config/build/moveit_robot_config/CMakeFiles/moveit_robot_config_uninstall.dir/compiler_depend.make
[0.134s] -- Up-to-date symlink: /home/tamir/manipulator_project/install/manipulator_project/share/manipulator_project//config/build/moveit_robot_config/CMakeFiles/moveit_robot_config_uninstall.dir/compiler_depend.ts
[0.134s] -- Up-to-date symlink: /home/tamir/manipulator_project/install/manipulator_project/share/manipulator_project//config/build/moveit_robot_config/CMakeFiles/moveit_robot_config_uninstall.dir/progress.make
[0.134s] -- Up-to-date symlink: /home/tamir/manipulator_project/install/manipulator_project/share/manipulator_project//config/build/moveit_robot_config/CMakeFiles/progress.marks
[0.134s] -- Up-to-date symlink: /home/tamir/manipulator_project/install/manipulator_project/share/manipulator_project//config/build/moveit_robot_config/CMakeFiles/uninstall.dir/DependInfo.cmake
[0.134s] -- Up-to-date symlink: /home/tamir/manipulator_project/install/manipulator_project/share/manipulator_project//config/build/moveit_robot_config/CMakeFiles/uninstall.dir/build.make
[0.134s] -- Up-to-date symlink: /home/tamir/manipulator_project/install/manipulator_project/share/manipulator_project//config/build/moveit_robot_config/CMakeFiles/uninstall.dir/cmake_clean.cmake
[0.135s] -- Up-to-date symlink: /home/tamir/manipulator_project/install/manipulator_project/share/manipulator_project//config/build/moveit_robot_config/CMakeFiles/uninstall.dir/compiler_depend.make
[0.135s] -- Up-to-date symlink: /home/tamir/manipulator_project/install/manipulator_project/share/manipulator_project//config/build/moveit_robot_config/CMakeFiles/uninstall.dir/compiler_depend.ts
[0.135s] -- Up-to-date symlink: /home/tamir/manipulator_project/install/manipulator_project/share/manipulator_project//config/build/moveit_robot_config/CMakeFiles/uninstall.dir/progress.make
[0.135s] -- Up-to-date symlink: /home/tamir/manipulator_project/install/manipulator_project/share/manipulator_project//config/build/moveit_robot_config/CTestConfiguration.ini
[0.135s] -- Up-to-date symlink: /home/tamir/manipulator_project/install/manipulator_project/share/manipulator_project//config/build/moveit_robot_config/CTestCustom.cmake
[0.135s] -- Up-to-date symlink: /home/tamir/manipulator_project/install/manipulator_project/share/manipulator_project//config/build/moveit_robot_config/CTestTestfile.cmake
[0.135s] -- Up-to-date symlink: /home/tamir/manipulator_project/install/manipulator_project/share/manipulator_project//config/build/moveit_robot_config/Makefile
[0.135s] -- Up-to-date symlink: /home/tamir/manipulator_project/install/manipulator_project/share/manipulator_project//config/build/moveit_robot_config/ament_cmake_core/moveit_robot_configConfig-version.cmake
[0.135s] -- Up-to-date symlink: /home/tamir/manipulator_project/install/manipulator_project/share/manipulator_project//config/build/moveit_robot_config/ament_cmake_core/moveit_robot_configConfig.cmake
[0.135s] -- Up-to-date symlink: /home/tamir/manipulator_project/install/manipulator_project/share/manipulator_project//config/build/moveit_robot_config/ament_cmake_core/package.cmake
[0.135s] -- Up-to-date symlink: /home/tamir/manipulator_project/install/manipulator_project/share/manipulator_project//config/build/moveit_robot_config/ament_cmake_core/stamps/ament_prefix_path.sh.stamp
[0.135s] -- Up-to-date symlink: /home/tamir/manipulator_project/install/manipulator_project/share/manipulator_project//config/build/moveit_robot_config/ament_cmake_core/stamps/nameConfig-version.cmake.in.stamp
[0.135s] -- Up-to-date symlink: /home/tamir/manipulator_project/install/manipulator_project/share/manipulator_project//config/build/moveit_robot_config/ament_cmake_core/stamps/nameConfig.cmake.in.stamp
[0.135s] -- Up-to-date symlink: /home/tamir/manipulator_project/install/manipulator_project/share/manipulator_project//config/build/moveit_robot_config/ament_cmake_core/stamps/package.xml.stamp
[0.135s] -- Up-to-date symlink: /home/tamir/manipulator_project/install/manipulator_project/share/manipulator_project//config/build/moveit_robot_config/ament_cmake_core/stamps/package_xml_2_cmake.py.stamp
[0.135s] -- Up-to-date symlink: /home/tamir/manipulator_project/install/manipulator_project/share/manipulator_project//config/build/moveit_robot_config/ament_cmake_core/stamps/path.sh.stamp
[0.135s] -- Up-to-date symlink: /home/tamir/manipulator_project/install/manipulator_project/share/manipulator_project//config/build/moveit_robot_config/ament_cmake_core/stamps/templates_2_cmake.py.stamp
[0.135s] -- Up-to-date symlink: /home/tamir/manipulator_project/install/manipulator_project/share/manipulator_project//config/build/moveit_robot_config/ament_cmake_environment_hooks/ament_prefix_path.dsv
[0.135s] -- Up-to-date symlink: /home/tamir/manipulator_project/install/manipulator_project/share/manipulator_project//config/build/moveit_robot_config/ament_cmake_environment_hooks/local_setup.bash
[0.135s] -- Up-to-date symlink: /home/tamir/manipulator_project/install/manipulator_project/share/manipulator_project//config/build/moveit_robot_config/ament_cmake_environment_hooks/local_setup.dsv
[0.135s] -- Up-to-date symlink: /home/tamir/manipulator_project/install/manipulator_project/share/manipulator_project//config/build/moveit_robot_config/ament_cmake_environment_hooks/local_setup.sh
[0.135s] -- Up-to-date symlink: /home/tamir/manipulator_project/install/manipulator_project/share/manipulator_project//config/build/moveit_robot_config/ament_cmake_environment_hooks/local_setup.zsh
[0.135s] -- Up-to-date symlink: /home/tamir/manipulator_project/install/manipulator_project/share/manipulator_project//config/build/moveit_robot_config/ament_cmake_environment_hooks/package.dsv
[0.135s] -- Up-to-date symlink: /home/tamir/manipulator_project/install/manipulator_project/share/manipulator_project//config/build/moveit_robot_config/ament_cmake_environment_hooks/path.dsv
[0.135s] -- Up-to-date symlink: /home/tamir/manipulator_project/install/manipulator_project/share/manipulator_project//config/build/moveit_robot_config/ament_cmake_index/share/ament_index/resource_index/package_run_dependencies/moveit_robot_config
[0.135s] -- Up-to-date symlink: /home/tamir/manipulator_project/install/manipulator_project/share/manipulator_project//config/build/moveit_robot_config/ament_cmake_index/share/ament_index/resource_index/packages/moveit_robot_config
[0.135s] -- Up-to-date symlink: /home/tamir/manipulator_project/install/manipulator_project/share/manipulator_project//config/build/moveit_robot_config/ament_cmake_index/share/ament_index/resource_index/parent_prefix_path/moveit_robot_config
[0.136s] -- Up-to-date symlink: /home/tamir/manipulator_project/install/manipulator_project/share/manipulator_project//config/build/moveit_robot_config/ament_cmake_package_templates/templates.cmake
[0.136s] -- Up-to-date symlink: /home/tamir/manipulator_project/install/manipulator_project/share/manipulator_project//config/build/moveit_robot_config/ament_cmake_uninstall_target/ament_cmake_uninstall_target.cmake
[0.136s] -- Up-to-date symlink: /home/tamir/manipulator_project/install/manipulator_project/share/manipulator_project//config/build/moveit_robot_config/cmake_args.last
[0.136s] -- Up-to-date symlink: /home/tamir/manipulator_project/install/manipulator_project/share/manipulator_project//config/build/moveit_robot_config/cmake_install.cmake
[0.136s] -- Up-to-date symlink: /home/tamir/manipulator_project/install/manipulator_project/share/manipulator_project//config/build/moveit_robot_config/colcon_build.rc
[0.136s] -- Up-to-date symlink: /home/tamir/manipulator_project/install/manipulator_project/share/manipulator_project//config/build/moveit_robot_config/colcon_command_prefix_build.sh
[0.136s] -- Up-to-date symlink: /home/tamir/manipulator_project/install/manipulator_project/share/manipulator_project//config/build/moveit_robot_config/colcon_command_prefix_build.sh.env
[0.136s] -- Up-to-date symlink: /home/tamir/manipulator_project/install/manipulator_project/share/manipulator_project//config/build/moveit_robot_config/install_manifest.txt
[0.136s] -- Up-to-date symlink: /home/tamir/manipulator_project/install/manipulator_project/share/manipulator_project//config/install/.colcon_install_layout
[0.136s] -- Up-to-date symlink: /home/tamir/manipulator_project/install/manipulator_project/share/manipulator_project//config/install/COLCON_IGNORE
[0.136s] -- Up-to-date symlink: /home/tamir/manipulator_project/install/manipulator_project/share/manipulator_project//config/install/_local_setup_util_ps1.py
[0.136s] -- Up-to-date symlink: /home/tamir/manipulator_project/install/manipulator_project/share/manipulator_project//config/install/_local_setup_util_sh.py
[0.136s] -- Up-to-date symlink: /home/tamir/manipulator_project/install/manipulator_project/share/manipulator_project//config/install/local_setup.bash
[0.136s] -- Up-to-date symlink: /home/tamir/manipulator_project/install/manipulator_project/share/manipulator_project//config/install/local_setup.ps1
[0.136s] -- Up-to-date symlink: /home/tamir/manipulator_project/install/manipulator_project/share/manipulator_project//config/install/local_setup.sh
[0.136s] -- Up-to-date symlink: /home/tamir/manipulator_project/install/manipulator_project/share/manipulator_project//config/install/local_setup.zsh
[0.136s] -- Up-to-date symlink: /home/tamir/manipulator_project/install/manipulator_project/share/manipulator_project//config/install/moveit_robot_config/share/ament_index/resource_index/package_run_dependencies/moveit_robot_config
[0.136s] -- Up-to-date symlink: /home/tamir/manipulator_project/install/manipulator_project/share/manipulator_project//config/install/moveit_robot_config/share/ament_index/resource_index/packages/moveit_robot_config
[0.136s] -- Up-to-date symlink: /home/tamir/manipulator_project/install/manipulator_project/share/manipulator_project//config/install/moveit_robot_config/share/ament_index/resource_index/parent_prefix_path/moveit_robot_config
[0.136s] -- Up-to-date symlink: /home/tamir/manipulator_project/install/manipulator_project/share/manipulator_project//config/install/moveit_robot_config/share/colcon-core/packages/moveit_robot_config
[0.136s] -- Up-to-date symlink: /home/tamir/manipulator_project/install/manipulator_project/share/manipulator_project//config/install/moveit_robot_config/share/moveit_robot_config/.setup_assistant
[0.137s] -- Up-to-date symlink: /home/tamir/manipulator_project/install/manipulator_project/share/manipulator_project//config/install/moveit_robot_config/share/moveit_robot_config/cmake/moveit_robot_configConfig-version.cmake
[0.137s] -- Up-to-date symlink: /home/tamir/manipulator_project/install/manipulator_project/share/manipulator_project//config/install/moveit_robot_config/share/moveit_robot_config/cmake/moveit_robot_configConfig.cmake
[0.137s] -- Up-to-date symlink: /home/tamir/manipulator_project/install/manipulator_project/share/manipulator_project//config/install/moveit_robot_config/share/moveit_robot_config/config/initial_positions.yaml
[0.137s] -- Up-to-date symlink: /home/tamir/manipulator_project/install/manipulator_project/share/manipulator_project//config/install/moveit_robot_config/share/moveit_robot_config/config/joint_limits.yaml
[0.137s] -- Up-to-date symlink: /home/tamir/manipulator_project/install/manipulator_project/share/manipulator_project//config/install/moveit_robot_config/share/moveit_robot_config/config/kinematics.yaml
[0.137s] -- Up-to-date symlink: /home/tamir/manipulator_project/install/manipulator_project/share/manipulator_project//config/install/moveit_robot_config/share/moveit_robot_config/config/manipulator_robot.ros2_control.xacro
[0.137s] -- Up-to-date symlink: /home/tamir/manipulator_project/install/manipulator_project/share/manipulator_project//config/install/moveit_robot_config/share/moveit_robot_config/config/manipulator_robot.srdf
[0.137s] -- Up-to-date symlink: /home/tamir/manipulator_project/install/manipulator_project/share/manipulator_project//config/install/moveit_robot_config/share/moveit_robot_config/config/manipulator_robot.urdf.xacro
[0.137s] -- Up-to-date symlink: /home/tamir/manipulator_project/install/manipulator_project/share/manipulator_project//config/install/moveit_robot_config/share/moveit_robot_config/config/moveit.rviz
[0.137s] -- Up-to-date symlink: /home/tamir/manipulator_project/install/manipulator_project/share/manipulator_project//config/install/moveit_robot_config/share/moveit_robot_config/config/moveit_controllers.yaml
[0.137s] -- Up-to-date symlink: /home/tamir/manipulator_project/install/manipulator_project/share/manipulator_project//config/install/moveit_robot_config/share/moveit_robot_config/config/pilz_cartesian_limits.yaml
[0.137s] -- Up-to-date symlink: /home/tamir/manipulator_project/install/manipulator_project/share/manipulator_project//config/install/moveit_robot_config/share/moveit_robot_config/config/ros2_controllers.yaml
[0.137s] -- Up-to-date symlink: /home/tamir/manipulator_project/install/manipulator_project/share/manipulator_project//config/install/moveit_robot_config/share/moveit_robot_config/environment/ament_prefix_path.dsv
[0.137s] -- Up-to-date symlink: /home/tamir/manipulator_project/install/manipulator_project/share/manipulator_project//config/install/moveit_robot_config/share/moveit_robot_config/environment/ament_prefix_path.sh
[0.137s] -- Up-to-date symlink: /home/tamir/manipulator_project/install/manipulator_project/share/manipulator_project//config/install/moveit_robot_config/share/moveit_robot_config/environment/path.dsv
[0.137s] -- Up-to-date symlink: /home/tamir/manipulator_project/install/manipulator_project/share/manipulator_project//config/install/moveit_robot_config/share/moveit_robot_config/environment/path.sh
[0.137s] -- Up-to-date symlink: /home/tamir/manipulator_project/install/manipulator_project/share/manipulator_project//config/install/moveit_robot_config/share/moveit_robot_config/hook/cmake_prefix_path.dsv
[0.137s] -- Up-to-date symlink: /home/tamir/manipulator_project/install/manipulator_project/share/manipulator_project//config/install/moveit_robot_config/share/moveit_robot_config/hook/cmake_prefix_path.ps1
[0.137s] -- Up-to-date symlink: /home/tamir/manipulator_project/install/manipulator_project/share/manipulator_project//config/install/moveit_robot_config/share/moveit_robot_config/hook/cmake_prefix_path.sh
[0.137s] -- Up-to-date symlink: /home/tamir/manipulator_project/install/manipulator_project/share/manipulator_project//config/install/moveit_robot_config/share/moveit_robot_config/launch/__pycache__/demo.launch.cpython-310.pyc
[0.137s] -- Up-to-date symlink: /home/tamir/manipulator_project/install/manipulator_project/share/manipulator_project//config/install/moveit_robot_config/share/moveit_robot_config/launch/__pycache__/move_group.launch.cpython-310.pyc
[0.137s] -- Up-to-date symlink: /home/tamir/manipulator_project/install/manipulator_project/share/manipulator_project//config/install/moveit_robot_config/share/moveit_robot_config/launch/__pycache__/moveit_rviz.launch.cpython-310.pyc
[0.137s] -- Up-to-date symlink: /home/tamir/manipulator_project/install/manipulator_project/share/manipulator_project//config/install/moveit_robot_config/share/moveit_robot_config/launch/__pycache__/rsp.launch.cpython-310.pyc
[0.138s] -- Up-to-date symlink: /home/tamir/manipulator_project/install/manipulator_project/share/manipulator_project//config/install/moveit_robot_config/share/moveit_robot_config/launch/__pycache__/spawn_controllers.launch.cpython-310.pyc
[0.138s] -- Up-to-date symlink: /home/tamir/manipulator_project/install/manipulator_project/share/manipulator_project//config/install/moveit_robot_config/share/moveit_robot_config/launch/__pycache__/static_virtual_joint_tfs.launch.cpython-310.pyc
[0.138s] -- Up-to-date symlink: /home/tamir/manipulator_project/install/manipulator_project/share/manipulator_project//config/install/moveit_robot_config/share/moveit_robot_config/launch/__pycache__/warehouse_db.launch.cpython-310.pyc
[0.138s] -- Up-to-date symlink: /home/tamir/manipulator_project/install/manipulator_project/share/manipulator_project//config/install/moveit_robot_config/share/moveit_robot_config/launch/build/.built_by
[0.138s] -- Up-to-date symlink: /home/tamir/manipulator_project/install/manipulator_project/share/manipulator_project//config/install/moveit_robot_config/share/moveit_robot_config/launch/build/COLCON_IGNORE
[0.138s] -- Up-to-date symlink: /home/tamir/manipulator_project/install/manipulator_project/share/manipulator_project//config/install/moveit_robot_config/share/moveit_robot_config/launch/demo.launch.py
[0.138s] -- Up-to-date symlink: /home/tamir/manipulator_project/install/manipulator_project/share/manipulator_project//config/install/moveit_robot_config/share/moveit_robot_config/launch/install/.colcon_install_layout
[0.138s] -- Up-to-date symlink: /home/tamir/manipulator_project/install/manipulator_project/share/manipulator_project//config/install/moveit_robot_config/share/moveit_robot_config/launch/install/COLCON_IGNORE
[0.138s] -- Up-to-date symlink: /home/tamir/manipulator_project/install/manipulator_project/share/manipulator_project//config/install/moveit_robot_config/share/moveit_robot_config/launch/install/_local_setup_util_ps1.py
[0.138s] -- Up-to-date symlink: /home/tamir/manipulator_project/install/manipulator_project/share/manipulator_project//config/install/moveit_robot_config/share/moveit_robot_config/launch/install/_local_setup_util_sh.py
[0.138s] -- Up-to-date symlink: /home/tamir/manipulator_project/install/manipulator_project/share/manipulator_project//config/install/moveit_robot_config/share/moveit_robot_config/launch/install/local_setup.bash
[0.138s] -- Up-to-date symlink: /home/tamir/manipulator_project/install/manipulator_project/share/manipulator_project//config/install/moveit_robot_config/share/moveit_robot_config/launch/install/local_setup.ps1
[0.138s] -- Up-to-date symlink: /home/tamir/manipulator_project/install/manipulator_project/share/manipulator_project//config/install/moveit_robot_config/share/moveit_robot_config/launch/install/local_setup.sh
[0.138s] -- Up-to-date symlink: /home/tamir/manipulator_project/install/manipulator_project/share/manipulator_project//config/install/moveit_robot_config/share/moveit_robot_config/launch/install/local_setup.zsh
[0.138s] -- Up-to-date symlink: /home/tamir/manipulator_project/install/manipulator_project/share/manipulator_project//config/install/moveit_robot_config/share/moveit_robot_config/launch/install/setup.bash
[0.138s] -- Up-to-date symlink: /home/tamir/manipulator_project/install/manipulator_project/share/manipulator_project//config/install/moveit_robot_config/share/moveit_robot_config/launch/install/setup.ps1
[0.138s] -- Up-to-date symlink: /home/tamir/manipulator_project/install/manipulator_project/share/manipulator_project//config/install/moveit_robot_config/share/moveit_robot_config/launch/install/setup.sh
[0.138s] -- Up-to-date symlink: /home/tamir/manipulator_project/install/manipulator_project/share/manipulator_project//config/install/moveit_robot_config/share/moveit_robot_config/launch/install/setup.zsh
[0.138s] -- Up-to-date symlink: /home/tamir/manipulator_project/install/manipulator_project/share/manipulator_project//config/install/moveit_robot_config/share/moveit_robot_config/launch/log/COLCON_IGNORE
[0.138s] -- Up-to-date symlink: /home/tamir/manipulator_project/install/manipulator_project/share/manipulator_project//config/install/moveit_robot_config/share/moveit_robot_config/launch/log/build_2025-01-22_15-48-35/events.log
[0.139s] -- Up-to-date symlink: /home/tamir/manipulator_project/install/manipulator_project/share/manipulator_project//config/install/moveit_robot_config/share/moveit_robot_config/launch/log/build_2025-01-22_15-48-35/logger_all.log
[0.139s] -- Up-to-date symlink: /home/tamir/manipulator_project/install/manipulator_project/share/manipulator_project//config/install/moveit_robot_config/share/moveit_robot_config/launch/log/build_2025-01-23_20-15-38/events.log
[0.139s] -- Up-to-date symlink: /home/tamir/manipulator_project/install/manipulator_project/share/manipulator_project//config/install/moveit_robot_config/share/moveit_robot_config/launch/log/build_2025-01-23_20-15-38/logger_all.log
[0.139s] -- Up-to-date symlink: /home/tamir/manipulator_project/install/manipulator_project/share/manipulator_project//config/install/moveit_robot_config/share/moveit_robot_config/launch/log/latest/events.log
[0.139s] -- Up-to-date symlink: /home/tamir/manipulator_project/install/manipulator_project/share/manipulator_project//config/install/moveit_robot_config/share/moveit_robot_config/launch/log/latest/logger_all.log
[0.139s] -- Up-to-date symlink: /home/tamir/manipulator_project/install/manipulator_project/share/manipulator_project//config/install/moveit_robot_config/share/moveit_robot_config/launch/log/latest_build/events.log
[0.139s] -- Up-to-date symlink: /home/tamir/manipulator_project/install/manipulator_project/share/manipulator_project//config/install/moveit_robot_config/share/moveit_robot_config/launch/log/latest_build/logger_all.log
[0.139s] -- Up-to-date symlink: /home/tamir/manipulator_project/install/manipulator_project/share/manipulator_project//config/install/moveit_robot_config/share/moveit_robot_config/launch/move_group.launch.py
[0.139s] -- Up-to-date symlink: /home/tamir/manipulator_project/install/manipulator_project/share/manipulator_project//config/install/moveit_robot_config/share/moveit_robot_config/launch/moveit_rviz.launch.py
[0.139s] -- Up-to-date symlink: /home/tamir/manipulator_project/install/manipulator_project/share/manipulator_project//config/install/moveit_robot_config/share/moveit_robot_config/launch/rsp.launch.py
[0.139s] -- Up-to-date symlink: /home/tamir/manipulator_project/install/manipulator_project/share/manipulator_project//config/install/moveit_robot_config/share/moveit_robot_config/launch/setup_assistant.launch.py
[0.139s] -- Up-to-date symlink: /home/tamir/manipulator_project/install/manipulator_project/share/manipulator_project//config/install/moveit_robot_config/share/moveit_robot_config/launch/spawn_controllers.launch.py
[0.139s] -- Up-to-date symlink: /home/tamir/manipulator_project/install/manipulator_project/share/manipulator_project//config/install/moveit_robot_config/share/moveit_robot_config/launch/static_virtual_joint_tfs.launch.py
[0.139s] -- Up-to-date symlink: /home/tamir/manipulator_project/install/manipulator_project/share/manipulator_project//config/install/moveit_robot_config/share/moveit_robot_config/launch/warehouse_db.launch.py
[0.139s] -- Up-to-date symlink: /home/tamir/manipulator_project/install/manipulator_project/share/manipulator_project//config/install/moveit_robot_config/share/moveit_robot_config/local_setup.bash
[0.139s] -- Up-to-date symlink: /home/tamir/manipulator_project/install/manipulator_project/share/manipulator_project//config/install/moveit_robot_config/share/moveit_robot_config/local_setup.dsv
[0.139s] -- Up-to-date symlink: /home/tamir/manipulator_project/install/manipulator_project/share/manipulator_project//config/install/moveit_robot_config/share/moveit_robot_config/local_setup.sh
[0.139s] -- Up-to-date symlink: /home/tamir/manipulator_project/install/manipulator_project/share/manipulator_project//config/install/moveit_robot_config/share/moveit_robot_config/local_setup.zsh
[0.139s] -- Up-to-date symlink: /home/tamir/manipulator_project/install/manipulator_project/share/manipulator_project//config/install/moveit_robot_config/share/moveit_robot_config/package.bash
[0.139s] -- Up-to-date symlink: /home/tamir/manipulator_project/install/manipulator_project/share/manipulator_project//config/install/moveit_robot_config/share/moveit_robot_config/package.dsv
[0.140s] -- Up-to-date symlink: /home/tamir/manipulator_project/install/manipulator_project/share/manipulator_project//config/install/moveit_robot_config/share/moveit_robot_config/package.ps1
[0.140s] -- Up-to-date symlink: /home/tamir/manipulator_project/install/manipulator_project/share/manipulator_project//config/install/moveit_robot_config/share/moveit_robot_config/package.sh
[0.140s] -- Up-to-date symlink: /home/tamir/manipulator_project/install/manipulator_project/share/manipulator_project//config/install/moveit_robot_config/share/moveit_robot_config/package.xml
[0.140s] -- Up-to-date symlink: /home/tamir/manipulator_project/install/manipulator_project/share/manipulator_project//config/install/moveit_robot_config/share/moveit_robot_config/package.zsh
[0.140s] -- Up-to-date symlink: /home/tamir/manipulator_project/install/manipulator_project/share/manipulator_project//config/install/setup.bash
[0.140s] -- Up-to-date symlink: /home/tamir/manipulator_project/install/manipulator_project/share/manipulator_project//config/install/setup.ps1
[0.140s] -- Up-to-date symlink: /home/tamir/manipulator_project/install/manipulator_project/share/manipulator_project//config/install/setup.sh
[0.140s] -- Up-to-date symlink: /home/tamir/manipulator_project/install/manipulator_project/share/manipulator_project//config/install/setup.zsh
[0.140s] -- Up-to-date symlink: /home/tamir/manipulator_project/install/manipulator_project/share/manipulator_project//config/log/COLCON_IGNORE
[0.140s] -- Up-to-date symlink: /home/tamir/manipulator_project/install/manipulator_project/share/manipulator_project//config/log/build_2025-01-22_13-07-04/events.log
[0.140s] -- Up-to-date symlink: /home/tamir/manipulator_project/install/manipulator_project/share/manipulator_project//config/log/build_2025-01-22_13-07-04/logger_all.log
[0.140s] -- Up-to-date symlink: /home/tamir/manipulator_project/install/manipulator_project/share/manipulator_project//config/log/build_2025-01-22_13-07-04/moveit_robot_config/command.log
[0.140s] -- Up-to-date symlink: /home/tamir/manipulator_project/install/manipulator_project/share/manipulator_project//config/log/build_2025-01-22_13-07-04/moveit_robot_config/stderr.log
[0.140s] -- Up-to-date symlink: /home/tamir/manipulator_project/install/manipulator_project/share/manipulator_project//config/log/build_2025-01-22_13-07-04/moveit_robot_config/stdout.log
[0.140s] -- Up-to-date symlink: /home/tamir/manipulator_project/install/manipulator_project/share/manipulator_project//config/log/build_2025-01-22_13-07-04/moveit_robot_config/stdout_stderr.log
[0.140s] -- Up-to-date symlink: /home/tamir/manipulator_project/install/manipulator_project/share/manipulator_project//config/log/build_2025-01-22_13-07-04/moveit_robot_config/streams.log
[0.140s] -- Up-to-date symlink: /home/tamir/manipulator_project/install/manipulator_project/share/manipulator_project//config/log/build_2025-01-23_18-14-55/events.log
[0.140s] -- Up-to-date symlink: /home/tamir/manipulator_project/install/manipulator_project/share/manipulator_project//config/log/build_2025-01-23_18-14-55/logger_all.log
[0.140s] -- Up-to-date symlink: /home/tamir/manipulator_project/install/manipulator_project/share/manipulator_project//config/log/build_2025-01-23_18-14-55/moveit_robot_config/command.log
[0.140s] -- Up-to-date symlink: /home/tamir/manipulator_project/install/manipulator_project/share/manipulator_project//config/log/build_2025-01-23_18-14-55/moveit_robot_config/stderr.log
[0.140s] -- Up-to-date symlink: /home/tamir/manipulator_project/install/manipulator_project/share/manipulator_project//config/log/build_2025-01-23_18-14-55/moveit_robot_config/stdout.log
[0.140s] -- Up-to-date symlink: /home/tamir/manipulator_project/install/manipulator_project/share/manipulator_project//config/log/build_2025-01-23_18-14-55/moveit_robot_config/stdout_stderr.log
[0.140s] -- Up-to-date symlink: /home/tamir/manipulator_project/install/manipulator_project/share/manipulator_project//config/log/build_2025-01-23_18-14-55/moveit_robot_config/streams.log
[0.140s] -- Up-to-date symlink: /home/tamir/manipulator_project/install/manipulator_project/share/manipulator_project//config/log/build_2025-01-23_20-15-51/events.log
[0.141s] -- Up-to-date symlink: /home/tamir/manipulator_project/install/manipulator_project/share/manipulator_project//config/log/build_2025-01-23_20-15-51/logger_all.log
[0.141s] -- Up-to-date symlink: /home/tamir/manipulator_project/install/manipulator_project/share/manipulator_project//config/log/build_2025-01-23_20-15-51/moveit_robot_config/command.log
[0.141s] -- Up-to-date symlink: /home/tamir/manipulator_project/install/manipulator_project/share/manipulator_project//config/log/build_2025-01-23_20-15-51/moveit_robot_config/stderr.log
[0.141s] -- Up-to-date symlink: /home/tamir/manipulator_project/install/manipulator_project/share/manipulator_project//config/log/build_2025-01-23_20-15-51/moveit_robot_config/stdout.log
[0.141s] -- Up-to-date symlink: /home/tamir/manipulator_project/install/manipulator_project/share/manipulator_project//config/log/build_2025-01-23_20-15-51/moveit_robot_config/stdout_stderr.log
[0.141s] -- Up-to-date symlink: /home/tamir/manipulator_project/install/manipulator_project/share/manipulator_project//config/log/build_2025-01-23_20-15-51/moveit_robot_config/streams.log
[0.141s] -- Symlinking: /home/tamir/manipulator_project/install/manipulator_project/share/manipulator_project//config/log/build_2025-01-23_20-21-44/events.log
[0.149s] -- Symlinking: /home/tamir/manipulator_project/install/manipulator_project/share/manipulator_project//config/log/build_2025-01-23_20-21-44/logger_all.log
[0.159s] -- Symlinking: /home/tamir/manipulator_project/install/manipulator_project/share/manipulator_project//config/log/build_2025-01-23_20-21-44/moveit_robot_config/command.log
[0.166s] -- Symlinking: /home/tamir/manipulator_project/install/manipulator_project/share/manipulator_project//config/log/build_2025-01-23_20-21-44/moveit_robot_config/stderr.log
[0.175s] -- Symlinking: /home/tamir/manipulator_project/install/manipulator_project/share/manipulator_project//config/log/build_2025-01-23_20-21-44/moveit_robot_config/stdout.log
[0.185s] -- Symlinking: /home/tamir/manipulator_project/install/manipulator_project/share/manipulator_project//config/log/build_2025-01-23_20-21-44/moveit_robot_config/stdout_stderr.log
[0.193s] -- Symlinking: /home/tamir/manipulator_project/install/manipulator_project/share/manipulator_project//config/log/build_2025-01-23_20-21-44/moveit_robot_config/streams.log
[0.206s] -- Up-to-date symlink: /home/tamir/manipulator_project/install/manipulator_project/share/manipulator_project//config/log/build_2025-01-24_09-50-34/events.log
[0.206s] -- Up-to-date symlink: /home/tamir/manipulator_project/install/manipulator_project/share/manipulator_project//config/log/build_2025-01-24_09-50-34/logger_all.log
[0.206s] -- Up-to-date symlink: /home/tamir/manipulator_project/install/manipulator_project/share/manipulator_project//config/log/build_2025-01-24_09-50-34/moveit_robot_config/command.log
[0.206s] -- Up-to-date symlink: /home/tamir/manipulator_project/install/manipulator_project/share/manipulator_project//config/log/build_2025-01-24_09-50-34/moveit_robot_config/stderr.log
[0.207s] -- Up-to-date symlink: /home/tamir/manipulator_project/install/manipulator_project/share/manipulator_project//config/log/build_2025-01-24_09-50-34/moveit_robot_config/stdout.log
[0.207s] -- Up-to-date symlink: /home/tamir/manipulator_project/install/manipulator_project/share/manipulator_project//config/log/build_2025-01-24_09-50-34/moveit_robot_config/stdout_stderr.log
[0.207s] -- Up-to-date symlink: /home/tamir/manipulator_project/install/manipulator_project/share/manipulator_project//config/log/build_2025-01-24_09-50-34/moveit_robot_config/streams.log
[0.207s] -- Up-to-date symlink: /home/tamir/manipulator_project/install/manipulator_project/share/manipulator_project//config/log/build_2025-01-24_09-51-54/events.log
[0.207s] -- Up-to-date symlink: /home/tamir/manipulator_project/install/manipulator_project/share/manipulator_project//config/log/build_2025-01-24_09-51-54/logger_all.log
[0.207s] -- Up-to-date symlink: /home/tamir/manipulator_project/install/manipulator_project/share/manipulator_project//config/log/build_2025-01-24_09-51-54/moveit_robot_config/command.log
[0.207s] -- Up-to-date symlink: /home/tamir/manipulator_project/install/manipulator_project/share/manipulator_project//config/log/build_2025-01-24_09-51-54/moveit_robot_config/stderr.log
[0.207s] -- Up-to-date symlink: /home/tamir/manipulator_project/install/manipulator_project/share/manipulator_project//config/log/build_2025-01-24_09-51-54/moveit_robot_config/stdout.log
[0.208s] -- Up-to-date symlink: /home/tamir/manipulator_project/install/manipulator_project/share/manipulator_project//config/log/build_2025-01-24_09-51-54/moveit_robot_config/stdout_stderr.log
[0.208s] -- Up-to-date symlink: /home/tamir/manipulator_project/install/manipulator_project/share/manipulator_project//config/log/build_2025-01-24_09-51-54/moveit_robot_config/streams.log
[0.208s] -- Up-to-date symlink: /home/tamir/manipulator_project/install/manipulator_project/share/manipulator_project//config/log/build_2025-01-24_09-56-24/events.log
[0.208s] -- Up-to-date symlink: /home/tamir/manipulator_project/install/manipulator_project/share/manipulator_project//config/log/build_2025-01-24_09-56-24/logger_all.log
[0.208s] -- Up-to-date symlink: /home/tamir/manipulator_project/install/manipulator_project/share/manipulator_project//config/log/build_2025-01-24_09-56-24/moveit_robot_config/command.log
[0.208s] -- Up-to-date symlink: /home/tamir/manipulator_project/install/manipulator_project/share/manipulator_project//config/log/build_2025-01-24_09-56-24/moveit_robot_config/stderr.log
[0.208s] -- Up-to-date symlink: /home/tamir/manipulator_project/install/manipulator_project/share/manipulator_project//config/log/build_2025-01-24_09-56-24/moveit_robot_config/stdout.log
[0.208s] -- Up-to-date symlink: /home/tamir/manipulator_project/install/manipulator_project/share/manipulator_project//config/log/build_2025-01-24_09-56-24/moveit_robot_config/stdout_stderr.log
[0.209s] -- Up-to-date symlink: /home/tamir/manipulator_project/install/manipulator_project/share/manipulator_project//config/log/build_2025-01-24_09-56-24/moveit_robot_config/streams.log
[0.209s] -- Up-to-date symlink: /home/tamir/manipulator_project/install/manipulator_project/share/manipulator_project//config/log/build_2025-01-24_10-03-30/events.log
[0.209s] -- Up-to-date symlink: /home/tamir/manipulator_project/install/manipulator_project/share/manipulator_project//config/log/build_2025-01-24_10-03-30/logger_all.log
[0.209s] -- Up-to-date symlink: /home/tamir/manipulator_project/install/manipulator_project/share/manipulator_project//config/log/build_2025-01-24_10-03-30/moveit_robot_config/command.log
[0.209s] -- Up-to-date symlink: /home/tamir/manipulator_project/install/manipulator_project/share/manipulator_project//config/log/build_2025-01-24_10-03-30/moveit_robot_config/stderr.log
[0.209s] -- Up-to-date symlink: /home/tamir/manipulator_project/install/manipulator_project/share/manipulator_project//config/log/build_2025-01-24_10-03-30/moveit_robot_config/stdout.log
[0.209s] -- Up-to-date symlink: /home/tamir/manipulator_project/install/manipulator_project/share/manipulator_project//config/log/build_2025-01-24_10-03-30/moveit_robot_config/stdout_stderr.log
[0.209s] -- Up-to-date symlink: /home/tamir/manipulator_project/install/manipulator_project/share/manipulator_project//config/log/build_2025-01-24_10-03-30/moveit_robot_config/streams.log
[0.209s] -- Symlinking: /home/tamir/manipulator_project/install/manipulator_project/share/manipulator_project//config/log/latest/events.log
[0.222s] -- Symlinking: /home/tamir/manipulator_project/install/manipulator_project/share/manipulator_project//config/log/latest/logger_all.log
[0.233s] -- Symlinking: /home/tamir/manipulator_project/install/manipulator_project/share/manipulator_project//config/log/latest/moveit_robot_config/command.log
[0.246s] -- Symlinking: /home/tamir/manipulator_project/install/manipulator_project/share/manipulator_project//config/log/latest/moveit_robot_config/stderr.log
[0.254s] -- Symlinking: /home/tamir/manipulator_project/install/manipulator_project/share/manipulator_project//config/log/latest/moveit_robot_config/stdout.log
[0.266s] -- Symlinking: /home/tamir/manipulator_project/install/manipulator_project/share/manipulator_project//config/log/latest/moveit_robot_config/stdout_stderr.log
[0.283s] -- Symlinking: /home/tamir/manipulator_project/install/manipulator_project/share/manipulator_project//config/log/latest/moveit_robot_config/streams.log
[0.300s] -- Up-to-date symlink: /home/tamir/manipulator_project/install/manipulator_project/share/manipulator_project//config/log/latest_build/events.log
[0.300s] -- Up-to-date symlink: /home/tamir/manipulator_project/install/manipulator_project/share/manipulator_project//config/log/latest_build/logger_all.log
[0.301s] -- Up-to-date symlink: /home/tamir/manipulator_project/install/manipulator_project/share/manipulator_project//config/log/latest_build/moveit_robot_config/command.log
[0.301s] -- Up-to-date symlink: /home/tamir/manipulator_project/install/manipulator_project/share/manipulator_project//config/log/latest_build/moveit_robot_config/stderr.log
[0.301s] -- Up-to-date symlink: /home/tamir/manipulator_project/install/manipulator_project/share/manipulator_project//config/log/latest_build/moveit_robot_config/stdout.log
[0.301s] -- Up-to-date symlink: /home/tamir/manipulator_project/install/manipulator_project/share/manipulator_project//config/log/latest_build/moveit_robot_config/stdout_stderr.log
[0.301s] -- Up-to-date symlink: /home/tamir/manipulator_project/install/manipulator_project/share/manipulator_project//config/log/latest_build/moveit_robot_config/streams.log
[0.301s] -- Up-to-date symlink: /home/tamir/manipulator_project/install/manipulator_project/share/manipulator_project//config/moveit_robot_config/.setup_assistant
[0.302s] -- Up-to-date symlink: /home/tamir/manipulator_project/install/manipulator_project/share/manipulator_project//config/moveit_robot_config/CMakeLists.txt
[0.302s] -- Up-to-date symlink: /home/tamir/manipulator_project/install/manipulator_project/share/manipulator_project//config/moveit_robot_config/build/.built_by
[0.302s] -- Up-to-date symlink: /home/tamir/manipulator_project/install/manipulator_project/share/manipulator_project//config/moveit_robot_config/build/COLCON_IGNORE
[0.302s] -- Up-to-date symlink: /home/tamir/manipulator_project/install/manipulator_project/share/manipulator_project//config/moveit_robot_config/build/moveit_robot_config/.cmake/api/v1/query/client-colcon-cmake/codemodel-v2
[0.302s] -- Up-to-date symlink: /home/tamir/manipulator_project/install/manipulator_project/share/manipulator_project//config/moveit_robot_config/build/moveit_robot_config/.cmake/api/v1/reply/codemodel-v2-bd4ebd743d0298c513d5.json
[0.302s] -- Up-to-date symlink: /home/tamir/manipulator_project/install/manipulator_project/share/manipulator_project//config/moveit_robot_config/build/moveit_robot_config/.cmake/api/v1/reply/directory-.-f8d22c1f97afd56bc7fa.json
[0.303s] -- Up-to-date symlink: /home/tamir/manipulator_project/install/manipulator_project/share/manipulator_project//config/moveit_robot_config/build/moveit_robot_config/.cmake/api/v1/reply/index-2025-01-24T08-03-46-0837.json
[0.303s] -- Up-to-date symlink: /home/tamir/manipulator_project/install/manipulator_project/share/manipulator_project//config/moveit_robot_config/build/moveit_robot_config/.cmake/api/v1/reply/target-moveit_robot_config_uninstall-734a376b3e9dacabe2d7.json
[0.303s] -- Up-to-date symlink: /home/tamir/manipulator_project/install/manipulator_project/share/manipulator_project//config/moveit_robot_config/build/moveit_robot_config/.cmake/api/v1/reply/target-uninstall-c83a569c2a1bb3657037.json
[0.303s] -- Up-to-date symlink: /home/tamir/manipulator_project/install/manipulator_project/share/manipulator_project//config/moveit_robot_config/build/moveit_robot_config/CMakeCache.txt
[0.303s] -- Up-to-date symlink: /home/tamir/manipulator_project/install/manipulator_project/share/manipulator_project//config/moveit_robot_config/build/moveit_robot_config/CMakeFiles/3.22.1/CMakeCCompiler.cmake
[0.303s] -- Up-to-date symlink: /home/tamir/manipulator_project/install/manipulator_project/share/manipulator_project//config/moveit_robot_config/build/moveit_robot_config/CMakeFiles/3.22.1/CMakeCXXCompiler.cmake
[0.304s] -- Up-to-date symlink: /home/tamir/manipulator_project/install/manipulator_project/share/manipulator_project//config/moveit_robot_config/build/moveit_robot_config/CMakeFiles/3.22.1/CMakeDetermineCompilerABI_C.bin
[0.304s] -- Up-to-date symlink: /home/tamir/manipulator_project/install/manipulator_project/share/manipulator_project//config/moveit_robot_config/build/moveit_robot_config/CMakeFiles/3.22.1/CMakeDetermineCompilerABI_CXX.bin
[0.304s] -- Up-to-date symlink: /home/tamir/manipulator_project/install/manipulator_project/share/manipulator_project//config/moveit_robot_config/build/moveit_robot_config/CMakeFiles/3.22.1/CMakeSystem.cmake
[0.304s] -- Up-to-date symlink: /home/tamir/manipulator_project/install/manipulator_project/share/manipulator_project//config/moveit_robot_config/build/moveit_robot_config/CMakeFiles/3.22.1/CompilerIdC/CMakeCCompilerId.c
[0.304s] -- Up-to-date symlink: /home/tamir/manipulator_project/install/manipulator_project/share/manipulator_project//config/moveit_robot_config/build/moveit_robot_config/CMakeFiles/3.22.1/CompilerIdC/a.out
[0.305s] -- Up-to-date symlink: /home/tamir/manipulator_project/install/manipulator_project/share/manipulator_project//config/moveit_robot_config/build/moveit_robot_config/CMakeFiles/3.22.1/CompilerIdCXX/CMakeCXXCompilerId.cpp
[0.305s] -- Up-to-date symlink: /home/tamir/manipulator_project/install/manipulator_project/share/manipulator_project//config/moveit_robot_config/build/moveit_robot_config/CMakeFiles/3.22.1/CompilerIdCXX/a.out
[0.305s] -- Up-to-date symlink: /home/tamir/manipulator_project/install/manipulator_project/share/manipulator_project//config/moveit_robot_config/build/moveit_robot_config/CMakeFiles/CMakeDirectoryInformation.cmake
[0.305s] -- Up-to-date symlink: /home/tamir/manipulator_project/install/manipulator_project/share/manipulator_project//config/moveit_robot_config/build/moveit_robot_config/CMakeFiles/CMakeOutput.log
[0.305s] -- Up-to-date symlink: /home/tamir/manipulator_project/install/manipulator_project/share/manipulator_project//config/moveit_robot_config/build/moveit_robot_config/CMakeFiles/CMakeRuleHashes.txt
[0.305s] -- Up-to-date symlink: /home/tamir/manipulator_project/install/manipulator_project/share/manipulator_project//config/moveit_robot_config/build/moveit_robot_config/CMakeFiles/Makefile.cmake
[0.306s] -- Up-to-date symlink: /home/tamir/manipulator_project/install/manipulator_project/share/manipulator_project//config/moveit_robot_config/build/moveit_robot_config/CMakeFiles/Makefile2
[0.306s] -- Up-to-date symlink: /home/tamir/manipulator_project/install/manipulator_project/share/manipulator_project//config/moveit_robot_config/build/moveit_robot_config/CMakeFiles/TargetDirectories.txt
[0.306s] -- Up-to-date symlink: /home/tamir/manipulator_project/install/manipulator_project/share/manipulator_project//config/moveit_robot_config/build/moveit_robot_config/CMakeFiles/cmake.check_cache
[0.306s] -- Up-to-date symlink: /home/tamir/manipulator_project/install/manipulator_project/share/manipulator_project//config/moveit_robot_config/build/moveit_robot_config/CMakeFiles/moveit_robot_config_uninstall.dir/DependInfo.cmake
[0.306s] -- Up-to-date symlink: /home/tamir/manipulator_project/install/manipulator_project/share/manipulator_project//config/moveit_robot_config/build/moveit_robot_config/CMakeFiles/moveit_robot_config_uninstall.dir/build.make
[0.306s] -- Up-to-date symlink: /home/tamir/manipulator_project/install/manipulator_project/share/manipulator_project//config/moveit_robot_config/build/moveit_robot_config/CMakeFiles/moveit_robot_config_uninstall.dir/cmake_clean.cmake
[0.307s] -- Up-to-date symlink: /home/tamir/manipulator_project/install/manipulator_project/share/manipulator_project//config/moveit_robot_config/build/moveit_robot_config/CMakeFiles/moveit_robot_config_uninstall.dir/compiler_depend.make
[0.307s] -- Up-to-date symlink: /home/tamir/manipulator_project/install/manipulator_project/share/manipulator_project//config/moveit_robot_config/build/moveit_robot_config/CMakeFiles/moveit_robot_config_uninstall.dir/compiler_depend.ts
[0.307s] -- Up-to-date symlink: /home/tamir/manipulator_project/install/manipulator_project/share/manipulator_project//config/moveit_robot_config/build/moveit_robot_config/CMakeFiles/moveit_robot_config_uninstall.dir/progress.make
[0.307s] -- Up-to-date symlink: /home/tamir/manipulator_project/install/manipulator_project/share/manipulator_project//config/moveit_robot_config/build/moveit_robot_config/CMakeFiles/progress.marks
[0.307s] -- Up-to-date symlink: /home/tamir/manipulator_project/install/manipulator_project/share/manipulator_project//config/moveit_robot_config/build/moveit_robot_config/CMakeFiles/uninstall.dir/DependInfo.cmake
[0.307s] -- Up-to-date symlink: /home/tamir/manipulator_project/install/manipulator_project/share/manipulator_project//config/moveit_robot_config/build/moveit_robot_config/CMakeFiles/uninstall.dir/build.make
[0.307s] -- Up-to-date symlink: /home/tamir/manipulator_project/install/manipulator_project/share/manipulator_project//config/moveit_robot_config/build/moveit_robot_config/CMakeFiles/uninstall.dir/cmake_clean.cmake
[0.308s] -- Up-to-date symlink: /home/tamir/manipulator_project/install/manipulator_project/share/manipulator_project//config/moveit_robot_config/build/moveit_robot_config/CMakeFiles/uninstall.dir/compiler_depend.make
[0.308s] -- Up-to-date symlink: /home/tamir/manipulator_project/install/manipulator_project/share/manipulator_project//config/moveit_robot_config/build/moveit_robot_config/CMakeFiles/uninstall.dir/compiler_depend.ts
[0.308s] -- Up-to-date symlink: /home/tamir/manipulator_project/install/manipulator_project/share/manipulator_project//config/moveit_robot_config/build/moveit_robot_config/CMakeFiles/uninstall.dir/progress.make
[0.308s] -- Up-to-date symlink: /home/tamir/manipulator_project/install/manipulator_project/share/manipulator_project//config/moveit_robot_config/build/moveit_robot_config/CTestConfiguration.ini
[0.308s] -- Up-to-date symlink: /home/tamir/manipulator_project/install/manipulator_project/share/manipulator_project//config/moveit_robot_config/build/moveit_robot_config/CTestCustom.cmake
[0.308s] -- Up-to-date symlink: /home/tamir/manipulator_project/install/manipulator_project/share/manipulator_project//config/moveit_robot_config/build/moveit_robot_config/CTestTestfile.cmake
[0.309s] -- Up-to-date symlink: /home/tamir/manipulator_project/install/manipulator_project/share/manipulator_project//config/moveit_robot_config/build/moveit_robot_config/Makefile
[0.309s] -- Up-to-date symlink: /home/tamir/manipulator_project/install/manipulator_project/share/manipulator_project//config/moveit_robot_config/build/moveit_robot_config/ament_cmake_core/moveit_robot_configConfig-version.cmake
[0.309s] -- Up-to-date symlink: /home/tamir/manipulator_project/install/manipulator_project/share/manipulator_project//config/moveit_robot_config/build/moveit_robot_config/ament_cmake_core/moveit_robot_configConfig.cmake
[0.309s] -- Up-to-date symlink: /home/tamir/manipulator_project/install/manipulator_project/share/manipulator_project//config/moveit_robot_config/build/moveit_robot_config/ament_cmake_core/package.cmake
[0.309s] -- Up-to-date symlink: /home/tamir/manipulator_project/install/manipulator_project/share/manipulator_project//config/moveit_robot_config/build/moveit_robot_config/ament_cmake_core/stamps/ament_prefix_path.sh.stamp
[0.309s] -- Up-to-date symlink: /home/tamir/manipulator_project/install/manipulator_project/share/manipulator_project//config/moveit_robot_config/build/moveit_robot_config/ament_cmake_core/stamps/nameConfig-version.cmake.in.stamp
[0.310s] -- Up-to-date symlink: /home/tamir/manipulator_project/install/manipulator_project/share/manipulator_project//config/moveit_robot_config/build/moveit_robot_config/ament_cmake_core/stamps/nameConfig.cmake.in.stamp
[0.310s] -- Up-to-date symlink: /home/tamir/manipulator_project/install/manipulator_project/share/manipulator_project//config/moveit_robot_config/build/moveit_robot_config/ament_cmake_core/stamps/package.xml.stamp
[0.310s] -- Up-to-date symlink: /home/tamir/manipulator_project/install/manipulator_project/share/manipulator_project//config/moveit_robot_config/build/moveit_robot_config/ament_cmake_core/stamps/package_xml_2_cmake.py.stamp
[0.310s] -- Up-to-date symlink: /home/tamir/manipulator_project/install/manipulator_project/share/manipulator_project//config/moveit_robot_config/build/moveit_robot_config/ament_cmake_core/stamps/path.sh.stamp
[0.310s] -- Up-to-date symlink: /home/tamir/manipulator_project/install/manipulator_project/share/manipulator_project//config/moveit_robot_config/build/moveit_robot_config/ament_cmake_core/stamps/templates_2_cmake.py.stamp
[0.311s] -- Up-to-date symlink: /home/tamir/manipulator_project/install/manipulator_project/share/manipulator_project//config/moveit_robot_config/build/moveit_robot_config/ament_cmake_environment_hooks/ament_prefix_path.dsv
[0.311s] -- Up-to-date symlink: /home/tamir/manipulator_project/install/manipulator_project/share/manipulator_project//config/moveit_robot_config/build/moveit_robot_config/ament_cmake_environment_hooks/local_setup.bash
[0.311s] -- Up-to-date symlink: /home/tamir/manipulator_project/install/manipulator_project/share/manipulator_project//config/moveit_robot_config/build/moveit_robot_config/ament_cmake_environment_hooks/local_setup.dsv
[0.311s] -- Up-to-date symlink: /home/tamir/manipulator_project/install/manipulator_project/share/manipulator_project//config/moveit_robot_config/build/moveit_robot_config/ament_cmake_environment_hooks/local_setup.sh
[0.312s] -- Up-to-date symlink: /home/tamir/manipulator_project/install/manipulator_project/share/manipulator_project//config/moveit_robot_config/build/moveit_robot_config/ament_cmake_environment_hooks/local_setup.zsh
[0.312s] -- Up-to-date symlink: /home/tamir/manipulator_project/install/manipulator_project/share/manipulator_project//config/moveit_robot_config/build/moveit_robot_config/ament_cmake_environment_hooks/package.dsv
[0.312s] -- Up-to-date symlink: /home/tamir/manipulator_project/install/manipulator_project/share/manipulator_project//config/moveit_robot_config/build/moveit_robot_config/ament_cmake_environment_hooks/path.dsv
[0.312s] -- Up-to-date symlink: /home/tamir/manipulator_project/install/manipulator_project/share/manipulator_project//config/moveit_robot_config/build/moveit_robot_config/ament_cmake_index/share/ament_index/resource_index/package_run_dependencies/moveit_robot_config
[0.312s] -- Up-to-date symlink: /home/tamir/manipulator_project/install/manipulator_project/share/manipulator_project//config/moveit_robot_config/build/moveit_robot_config/ament_cmake_index/share/ament_index/resource_index/packages/moveit_robot_config
[0.312s] -- Up-to-date symlink: /home/tamir/manipulator_project/install/manipulator_project/share/manipulator_project//config/moveit_robot_config/build/moveit_robot_config/ament_cmake_index/share/ament_index/resource_index/parent_prefix_path/moveit_robot_config
[0.312s] -- Up-to-date symlink: /home/tamir/manipulator_project/install/manipulator_project/share/manipulator_project//config/moveit_robot_config/build/moveit_robot_config/ament_cmake_package_templates/templates.cmake
[0.313s] -- Up-to-date symlink: /home/tamir/manipulator_project/install/manipulator_project/share/manipulator_project//config/moveit_robot_config/build/moveit_robot_config/ament_cmake_uninstall_target/ament_cmake_uninstall_target.cmake
[0.313s] -- Up-to-date symlink: /home/tamir/manipulator_project/install/manipulator_project/share/manipulator_project//config/moveit_robot_config/build/moveit_robot_config/cmake_args.last
[0.313s] -- Up-to-date symlink: /home/tamir/manipulator_project/install/manipulator_project/share/manipulator_project//config/moveit_robot_config/build/moveit_robot_config/cmake_install.cmake
[0.313s] -- Up-to-date symlink: /home/tamir/manipulator_project/install/manipulator_project/share/manipulator_project//config/moveit_robot_config/build/moveit_robot_config/colcon_build.rc
[0.313s] -- Up-to-date symlink: /home/tamir/manipulator_project/install/manipulator_project/share/manipulator_project//config/moveit_robot_config/build/moveit_robot_config/colcon_command_prefix_build.sh
[0.314s] -- Up-to-date symlink: /home/tamir/manipulator_project/install/manipulator_project/share/manipulator_project//config/moveit_robot_config/build/moveit_robot_config/colcon_command_prefix_build.sh.env
[0.314s] -- Up-to-date symlink: /home/tamir/manipulator_project/install/manipulator_project/share/manipulator_project//config/moveit_robot_config/build/moveit_robot_config/install_manifest.txt
[0.314s] -- Up-to-date symlink: /home/tamir/manipulator_project/install/manipulator_project/share/manipulator_project//config/moveit_robot_config/config/initial_positions.yaml
[0.314s] -- Up-to-date symlink: /home/tamir/manipulator_project/install/manipulator_project/share/manipulator_project//config/moveit_robot_config/config/joint_limits.yaml
[0.314s] -- Up-to-date symlink: /home/tamir/manipulator_project/install/manipulator_project/share/manipulator_project//config/moveit_robot_config/config/kinematics.yaml
[0.314s] -- Up-to-date symlink: /home/tamir/manipulator_project/install/manipulator_project/share/manipulator_project//config/moveit_robot_config/config/manipulator_robot.ros2_control.xacro
[0.314s] -- Up-to-date symlink: /home/tamir/manipulator_project/install/manipulator_project/share/manipulator_project//config/moveit_robot_config/config/manipulator_robot.srdf
[0.315s] -- Up-to-date symlink: /home/tamir/manipulator_project/install/manipulator_project/share/manipulator_project//config/moveit_robot_config/config/manipulator_robot.urdf.xacro
[0.315s] -- Up-to-date symlink: /home/tamir/manipulator_project/install/manipulator_project/share/manipulator_project//config/moveit_robot_config/config/moveit.rviz
[0.315s] -- Up-to-date symlink: /home/tamir/manipulator_project/install/manipulator_project/share/manipulator_project//config/moveit_robot_config/config/moveit_controllers.yaml
[0.315s] -- Up-to-date symlink: /home/tamir/manipulator_project/install/manipulator_project/share/manipulator_project//config/moveit_robot_config/config/pilz_cartesian_limits.yaml
[0.315s] -- Up-to-date symlink: /home/tamir/manipulator_project/install/manipulator_project/share/manipulator_project//config/moveit_robot_config/config/ros2_controllers.yaml
[0.315s] -- Up-to-date symlink: /home/tamir/manipulator_project/install/manipulator_project/share/manipulator_project//config/moveit_robot_config/install/.colcon_install_layout
[0.315s] -- Up-to-date symlink: /home/tamir/manipulator_project/install/manipulator_project/share/manipulator_project//config/moveit_robot_config/install/COLCON_IGNORE
[0.315s] -- Up-to-date symlink: /home/tamir/manipulator_project/install/manipulator_project/share/manipulator_project//config/moveit_robot_config/install/_local_setup_util_ps1.py
[0.315s] -- Up-to-date symlink: /home/tamir/manipulator_project/install/manipulator_project/share/manipulator_project//config/moveit_robot_config/install/_local_setup_util_sh.py
[0.316s] -- Up-to-date symlink: /home/tamir/manipulator_project/install/manipulator_project/share/manipulator_project//config/moveit_robot_config/install/local_setup.bash
[0.316s] -- Up-to-date symlink: /home/tamir/manipulator_project/install/manipulator_project/share/manipulator_project//config/moveit_robot_config/install/local_setup.ps1
[0.316s] -- Up-to-date symlink: /home/tamir/manipulator_project/install/manipulator_project/share/manipulator_project//config/moveit_robot_config/install/local_setup.sh
[0.316s] -- Up-to-date symlink: /home/tamir/manipulator_project/install/manipulator_project/share/manipulator_project//config/moveit_robot_config/install/local_setup.zsh
[0.316s] -- Up-to-date symlink: /home/tamir/manipulator_project/install/manipulator_project/share/manipulator_project//config/moveit_robot_config/install/moveit_robot_config/share/ament_index/resource_index/package_run_dependencies/moveit_robot_config
[0.316s] -- Up-to-date symlink: /home/tamir/manipulator_project/install/manipulator_project/share/manipulator_project//config/moveit_robot_config/install/moveit_robot_config/share/ament_index/resource_index/packages/moveit_robot_config
[0.316s] -- Up-to-date symlink: /home/tamir/manipulator_project/install/manipulator_project/share/manipulator_project//config/moveit_robot_config/install/moveit_robot_config/share/ament_index/resource_index/parent_prefix_path/moveit_robot_config
[0.316s] -- Up-to-date symlink: /home/tamir/manipulator_project/install/manipulator_project/share/manipulator_project//config/moveit_robot_config/install/moveit_robot_config/share/colcon-core/packages/moveit_robot_config
[0.316s] -- Up-to-date symlink: /home/tamir/manipulator_project/install/manipulator_project/share/manipulator_project//config/moveit_robot_config/install/moveit_robot_config/share/moveit_robot_config/.setup_assistant
[0.316s] -- Up-to-date symlink: /home/tamir/manipulator_project/install/manipulator_project/share/manipulator_project//config/moveit_robot_config/install/moveit_robot_config/share/moveit_robot_config/cmake/moveit_robot_configConfig-version.cmake
[0.316s] -- Up-to-date symlink: /home/tamir/manipulator_project/install/manipulator_project/share/manipulator_project//config/moveit_robot_config/install/moveit_robot_config/share/moveit_robot_config/cmake/moveit_robot_configConfig.cmake
[0.317s] -- Up-to-date symlink: /home/tamir/manipulator_project/install/manipulator_project/share/manipulator_project//config/moveit_robot_config/install/moveit_robot_config/share/moveit_robot_config/config/initial_positions.yaml
[0.317s] -- Up-to-date symlink: /home/tamir/manipulator_project/install/manipulator_project/share/manipulator_project//config/moveit_robot_config/install/moveit_robot_config/share/moveit_robot_config/config/joint_limits.yaml
[0.317s] -- Up-to-date symlink: /home/tamir/manipulator_project/install/manipulator_project/share/manipulator_project//config/moveit_robot_config/install/moveit_robot_config/share/moveit_robot_config/config/kinematics.yaml
[0.317s] -- Up-to-date symlink: /home/tamir/manipulator_project/install/manipulator_project/share/manipulator_project//config/moveit_robot_config/install/moveit_robot_config/share/moveit_robot_config/config/manipulator_robot.ros2_control.xacro
[0.317s] -- Up-to-date symlink: /home/tamir/manipulator_project/install/manipulator_project/share/manipulator_project//config/moveit_robot_config/install/moveit_robot_config/share/moveit_robot_config/config/manipulator_robot.srdf
[0.317s] -- Up-to-date symlink: /home/tamir/manipulator_project/install/manipulator_project/share/manipulator_project//config/moveit_robot_config/install/moveit_robot_config/share/moveit_robot_config/config/manipulator_robot.urdf.xacro
[0.317s] -- Up-to-date symlink: /home/tamir/manipulator_project/install/manipulator_project/share/manipulator_project//config/moveit_robot_config/install/moveit_robot_config/share/moveit_robot_config/config/moveit.rviz
[0.317s] -- Up-to-date symlink: /home/tamir/manipulator_project/install/manipulator_project/share/manipulator_project//config/moveit_robot_config/install/moveit_robot_config/share/moveit_robot_config/config/moveit_controllers.yaml
[0.317s] -- Up-to-date symlink: /home/tamir/manipulator_project/install/manipulator_project/share/manipulator_project//config/moveit_robot_config/install/moveit_robot_config/share/moveit_robot_config/config/pilz_cartesian_limits.yaml
[0.317s] -- Up-to-date symlink: /home/tamir/manipulator_project/install/manipulator_project/share/manipulator_project//config/moveit_robot_config/install/moveit_robot_config/share/moveit_robot_config/config/ros2_controllers.yaml
[0.317s] -- Up-to-date symlink: /home/tamir/manipulator_project/install/manipulator_project/share/manipulator_project//config/moveit_robot_config/install/moveit_robot_config/share/moveit_robot_config/environment/ament_prefix_path.dsv
[0.317s] -- Up-to-date symlink: /home/tamir/manipulator_project/install/manipulator_project/share/manipulator_project//config/moveit_robot_config/install/moveit_robot_config/share/moveit_robot_config/environment/ament_prefix_path.sh
[0.317s] -- Up-to-date symlink: /home/tamir/manipulator_project/install/manipulator_project/share/manipulator_project//config/moveit_robot_config/install/moveit_robot_config/share/moveit_robot_config/environment/path.dsv
[0.318s] -- Up-to-date symlink: /home/tamir/manipulator_project/install/manipulator_project/share/manipulator_project//config/moveit_robot_config/install/moveit_robot_config/share/moveit_robot_config/environment/path.sh
[0.318s] -- Up-to-date symlink: /home/tamir/manipulator_project/install/manipulator_project/share/manipulator_project//config/moveit_robot_config/install/moveit_robot_config/share/moveit_robot_config/hook/cmake_prefix_path.dsv
[0.318s] -- Up-to-date symlink: /home/tamir/manipulator_project/install/manipulator_project/share/manipulator_project//config/moveit_robot_config/install/moveit_robot_config/share/moveit_robot_config/hook/cmake_prefix_path.ps1
[0.318s] -- Up-to-date symlink: /home/tamir/manipulator_project/install/manipulator_project/share/manipulator_project//config/moveit_robot_config/install/moveit_robot_config/share/moveit_robot_config/hook/cmake_prefix_path.sh
[0.318s] -- Up-to-date symlink: /home/tamir/manipulator_project/install/manipulator_project/share/manipulator_project//config/moveit_robot_config/install/moveit_robot_config/share/moveit_robot_config/launch/__pycache__/demo.launch.cpython-310.pyc
[0.318s] -- Up-to-date symlink: /home/tamir/manipulator_project/install/manipulator_project/share/manipulator_project//config/moveit_robot_config/install/moveit_robot_config/share/moveit_robot_config/launch/__pycache__/move_group.launch.cpython-310.pyc
[0.318s] -- Up-to-date symlink: /home/tamir/manipulator_project/install/manipulator_project/share/manipulator_project//config/moveit_robot_config/install/moveit_robot_config/share/moveit_robot_config/launch/__pycache__/moveit_rviz.launch.cpython-310.pyc
[0.318s] -- Up-to-date symlink: /home/tamir/manipulator_project/install/manipulator_project/share/manipulator_project//config/moveit_robot_config/install/moveit_robot_config/share/moveit_robot_config/launch/__pycache__/rsp.launch.cpython-310.pyc
[0.318s] -- Up-to-date symlink: /home/tamir/manipulator_project/install/manipulator_project/share/manipulator_project//config/moveit_robot_config/install/moveit_robot_config/share/moveit_robot_config/launch/__pycache__/spawn_controllers.launch.cpython-310.pyc
[0.318s] -- Up-to-date symlink: /home/tamir/manipulator_project/install/manipulator_project/share/manipulator_project//config/moveit_robot_config/install/moveit_robot_config/share/moveit_robot_config/launch/__pycache__/static_virtual_joint_tfs.launch.cpython-310.pyc
[0.318s] -- Up-to-date symlink: /home/tamir/manipulator_project/install/manipulator_project/share/manipulator_project//config/moveit_robot_config/install/moveit_robot_config/share/moveit_robot_config/launch/__pycache__/warehouse_db.launch.cpython-310.pyc
[0.318s] -- Up-to-date symlink: /home/tamir/manipulator_project/install/manipulator_project/share/manipulator_project//config/moveit_robot_config/install/moveit_robot_config/share/moveit_robot_config/launch/build/.built_by
[0.318s] -- Up-to-date symlink: /home/tamir/manipulator_project/install/manipulator_project/share/manipulator_project//config/moveit_robot_config/install/moveit_robot_config/share/moveit_robot_config/launch/build/COLCON_IGNORE
[0.318s] -- Up-to-date symlink: /home/tamir/manipulator_project/install/manipulator_project/share/manipulator_project//config/moveit_robot_config/install/moveit_robot_config/share/moveit_robot_config/launch/demo.launch.py
[0.319s] -- Up-to-date symlink: /home/tamir/manipulator_project/install/manipulator_project/share/manipulator_project//config/moveit_robot_config/install/moveit_robot_config/share/moveit_robot_config/launch/install/.colcon_install_layout
[0.319s] -- Up-to-date symlink: /home/tamir/manipulator_project/install/manipulator_project/share/manipulator_project//config/moveit_robot_config/install/moveit_robot_config/share/moveit_robot_config/launch/install/COLCON_IGNORE
[0.319s] -- Up-to-date symlink: /home/tamir/manipulator_project/install/manipulator_project/share/manipulator_project//config/moveit_robot_config/install/moveit_robot_config/share/moveit_robot_config/launch/install/_local_setup_util_ps1.py
[0.319s] -- Up-to-date symlink: /home/tamir/manipulator_project/install/manipulator_project/share/manipulator_project//config/moveit_robot_config/install/moveit_robot_config/share/moveit_robot_config/launch/install/_local_setup_util_sh.py
[0.319s] -- Up-to-date symlink: /home/tamir/manipulator_project/install/manipulator_project/share/manipulator_project//config/moveit_robot_config/install/moveit_robot_config/share/moveit_robot_config/launch/install/local_setup.bash
[0.319s] -- Up-to-date symlink: /home/tamir/manipulator_project/install/manipulator_project/share/manipulator_project//config/moveit_robot_config/install/moveit_robot_config/share/moveit_robot_config/launch/install/local_setup.ps1
[0.319s] -- Up-to-date symlink: /home/tamir/manipulator_project/install/manipulator_project/share/manipulator_project//config/moveit_robot_config/install/moveit_robot_config/share/moveit_robot_config/launch/install/local_setup.sh
[0.319s] -- Up-to-date symlink: /home/tamir/manipulator_project/install/manipulator_project/share/manipulator_project//config/moveit_robot_config/install/moveit_robot_config/share/moveit_robot_config/launch/install/local_setup.zsh
[0.319s] -- Up-to-date symlink: /home/tamir/manipulator_project/install/manipulator_project/share/manipulator_project//config/moveit_robot_config/install/moveit_robot_config/share/moveit_robot_config/launch/install/setup.bash
[0.319s] -- Up-to-date symlink: /home/tamir/manipulator_project/install/manipulator_project/share/manipulator_project//config/moveit_robot_config/install/moveit_robot_config/share/moveit_robot_config/launch/install/setup.ps1
[0.319s] -- Up-to-date symlink: /home/tamir/manipulator_project/install/manipulator_project/share/manipulator_project//config/moveit_robot_config/install/moveit_robot_config/share/moveit_robot_config/launch/install/setup.sh
[0.319s] -- Up-to-date symlink: /home/tamir/manipulator_project/install/manipulator_project/share/manipulator_project//config/moveit_robot_config/install/moveit_robot_config/share/moveit_robot_config/launch/install/setup.zsh
[0.319s] -- Up-to-date symlink: /home/tamir/manipulator_project/install/manipulator_project/share/manipulator_project//config/moveit_robot_config/install/moveit_robot_config/share/moveit_robot_config/launch/log/COLCON_IGNORE
[0.320s] -- Symlinking: /home/tamir/manipulator_project/install/manipulator_project/share/manipulator_project//config/moveit_robot_config/install/moveit_robot_config/share/moveit_robot_config/launch/log/build_2025-01-22_15-48-35/events.log
[0.323s] -- Symlinking: /home/tamir/manipulator_project/install/manipulator_project/share/manipulator_project//config/moveit_robot_config/install/moveit_robot_config/share/moveit_robot_config/launch/log/build_2025-01-22_15-48-35/logger_all.log
[0.333s] -- Up-to-date symlink: /home/tamir/manipulator_project/install/manipulator_project/share/manipulator_project//config/moveit_robot_config/install/moveit_robot_config/share/moveit_robot_config/launch/log/build_2025-01-23_20-15-38/events.log
[0.333s] -- Up-to-date symlink: /home/tamir/manipulator_project/install/manipulator_project/share/manipulator_project//config/moveit_robot_config/install/moveit_robot_config/share/moveit_robot_config/launch/log/build_2025-01-23_20-15-38/logger_all.log
[0.333s] -- Symlinking: /home/tamir/manipulator_project/install/manipulator_project/share/manipulator_project//config/moveit_robot_config/install/moveit_robot_config/share/moveit_robot_config/launch/log/latest/events.log
[0.341s] -- Symlinking: /home/tamir/manipulator_project/install/manipulator_project/share/manipulator_project//config/moveit_robot_config/install/moveit_robot_config/share/moveit_robot_config/launch/log/latest/logger_all.log
[0.349s] -- Up-to-date symlink: /home/tamir/manipulator_project/install/manipulator_project/share/manipulator_project//config/moveit_robot_config/install/moveit_robot_config/share/moveit_robot_config/launch/log/latest_build/events.log
[0.349s] -- Up-to-date symlink: /home/tamir/manipulator_project/install/manipulator_project/share/manipulator_project//config/moveit_robot_config/install/moveit_robot_config/share/moveit_robot_config/launch/log/latest_build/logger_all.log
[0.349s] -- Up-to-date symlink: /home/tamir/manipulator_project/install/manipulator_project/share/manipulator_project//config/moveit_robot_config/install/moveit_robot_config/share/moveit_robot_config/launch/move_group.launch.py
[0.349s] -- Up-to-date symlink: /home/tamir/manipulator_project/install/manipulator_project/share/manipulator_project//config/moveit_robot_config/install/moveit_robot_config/share/moveit_robot_config/launch/moveit_rviz.launch.py
[0.349s] -- Up-to-date symlink: /home/tamir/manipulator_project/install/manipulator_project/share/manipulator_project//config/moveit_robot_config/install/moveit_robot_config/share/moveit_robot_config/launch/rsp.launch.py
[0.349s] -- Up-to-date symlink: /home/tamir/manipulator_project/install/manipulator_project/share/manipulator_project//config/moveit_robot_config/install/moveit_robot_config/share/moveit_robot_config/launch/setup_assistant.launch.py
[0.349s] -- Up-to-date symlink: /home/tamir/manipulator_project/install/manipulator_project/share/manipulator_project//config/moveit_robot_config/install/moveit_robot_config/share/moveit_robot_config/launch/spawn_controllers.launch.py
[0.349s] -- Up-to-date symlink: /home/tamir/manipulator_project/install/manipulator_project/share/manipulator_project//config/moveit_robot_config/install/moveit_robot_config/share/moveit_robot_config/launch/static_virtual_joint_tfs.launch.py
[0.349s] -- Up-to-date symlink: /home/tamir/manipulator_project/install/manipulator_project/share/manipulator_project//config/moveit_robot_config/install/moveit_robot_config/share/moveit_robot_config/launch/warehouse_db.launch.py
[0.349s] -- Up-to-date symlink: /home/tamir/manipulator_project/install/manipulator_project/share/manipulator_project//config/moveit_robot_config/install/moveit_robot_config/share/moveit_robot_config/local_setup.bash
[0.350s] -- Up-to-date symlink: /home/tamir/manipulator_project/install/manipulator_project/share/manipulator_project//config/moveit_robot_config/install/moveit_robot_config/share/moveit_robot_config/local_setup.dsv
[0.350s] -- Up-to-date symlink: /home/tamir/manipulator_project/install/manipulator_project/share/manipulator_project//config/moveit_robot_config/install/moveit_robot_config/share/moveit_robot_config/local_setup.sh
[0.350s] -- Up-to-date symlink: /home/tamir/manipulator_project/install/manipulator_project/share/manipulator_project//config/moveit_robot_config/install/moveit_robot_config/share/moveit_robot_config/local_setup.zsh
[0.350s] -- Up-to-date symlink: /home/tamir/manipulator_project/install/manipulator_project/share/manipulator_project//config/moveit_robot_config/install/moveit_robot_config/share/moveit_robot_config/package.bash
[0.350s] -- Up-to-date symlink: /home/tamir/manipulator_project/install/manipulator_project/share/manipulator_project//config/moveit_robot_config/install/moveit_robot_config/share/moveit_robot_config/package.dsv
[0.350s] -- Up-to-date symlink: /home/tamir/manipulator_project/install/manipulator_project/share/manipulator_project//config/moveit_robot_config/install/moveit_robot_config/share/moveit_robot_config/package.ps1
[0.350s] -- Up-to-date symlink: /home/tamir/manipulator_project/install/manipulator_project/share/manipulator_project//config/moveit_robot_config/install/moveit_robot_config/share/moveit_robot_config/package.sh
[0.350s] -- Up-to-date symlink: /home/tamir/manipulator_project/install/manipulator_project/share/manipulator_project//config/moveit_robot_config/install/moveit_robot_config/share/moveit_robot_config/package.xml
[0.350s] -- Up-to-date symlink: /home/tamir/manipulator_project/install/manipulator_project/share/manipulator_project//config/moveit_robot_config/install/moveit_robot_config/share/moveit_robot_config/package.zsh
[0.350s] -- Up-to-date symlink: /home/tamir/manipulator_project/install/manipulator_project/share/manipulator_project//config/moveit_robot_config/install/setup.bash
[0.350s] -- Up-to-date symlink: /home/tamir/manipulator_project/install/manipulator_project/share/manipulator_project//config/moveit_robot_config/install/setup.ps1
[0.350s] -- Up-to-date symlink: /home/tamir/manipulator_project/install/manipulator_project/share/manipulator_project//config/moveit_robot_config/install/setup.sh
[0.350s] -- Up-to-date symlink: /home/tamir/manipulator_project/install/manipulator_project/share/manipulator_project//config/moveit_robot_config/install/setup.zsh
[0.350s] -- Up-to-date symlink: /home/tamir/manipulator_project/install/manipulator_project/share/manipulator_project//config/moveit_robot_config/launch/__pycache__/demo.launch.cpython-310.pyc
[0.350s] -- Up-to-date symlink: /home/tamir/manipulator_project/install/manipulator_project/share/manipulator_project//config/moveit_robot_config/launch/__pycache__/move_group.launch.cpython-310.pyc
[0.350s] -- Up-to-date symlink: /home/tamir/manipulator_project/install/manipulator_project/share/manipulator_project//config/moveit_robot_config/launch/__pycache__/moveit_rviz.launch.cpython-310.pyc
[0.350s] -- Up-to-date symlink: /home/tamir/manipulator_project/install/manipulator_project/share/manipulator_project//config/moveit_robot_config/launch/build/.built_by
[0.350s] -- Up-to-date symlink: /home/tamir/manipulator_project/install/manipulator_project/share/manipulator_project//config/moveit_robot_config/launch/build/COLCON_IGNORE
[0.350s] -- Up-to-date symlink: /home/tamir/manipulator_project/install/manipulator_project/share/manipulator_project//config/moveit_robot_config/launch/demo.launch.py
[0.351s] -- Up-to-date symlink: /home/tamir/manipulator_project/install/manipulator_project/share/manipulator_project//config/moveit_robot_config/launch/install/.colcon_install_layout
[0.351s] -- Up-to-date symlink: /home/tamir/manipulator_project/install/manipulator_project/share/manipulator_project//config/moveit_robot_config/launch/install/COLCON_IGNORE
[0.351s] -- Up-to-date symlink: /home/tamir/manipulator_project/install/manipulator_project/share/manipulator_project//config/moveit_robot_config/launch/install/_local_setup_util_ps1.py
[0.351s] -- Up-to-date symlink: /home/tamir/manipulator_project/install/manipulator_project/share/manipulator_project//config/moveit_robot_config/launch/install/_local_setup_util_sh.py
[0.351s] -- Up-to-date symlink: /home/tamir/manipulator_project/install/manipulator_project/share/manipulator_project//config/moveit_robot_config/launch/install/local_setup.bash
[0.351s] -- Up-to-date symlink: /home/tamir/manipulator_project/install/manipulator_project/share/manipulator_project//config/moveit_robot_config/launch/install/local_setup.ps1
[0.351s] -- Up-to-date symlink: /home/tamir/manipulator_project/install/manipulator_project/share/manipulator_project//config/moveit_robot_config/launch/install/local_setup.sh
[0.351s] -- Up-to-date symlink: /home/tamir/manipulator_project/install/manipulator_project/share/manipulator_project//config/moveit_robot_config/launch/install/local_setup.zsh
[0.351s] -- Up-to-date symlink: /home/tamir/manipulator_project/install/manipulator_project/share/manipulator_project//config/moveit_robot_config/launch/install/setup.bash
[0.352s] -- Up-to-date symlink: /home/tamir/manipulator_project/install/manipulator_project/share/manipulator_project//config/moveit_robot_config/launch/install/setup.ps1
[0.352s] -- Up-to-date symlink: /home/tamir/manipulator_project/install/manipulator_project/share/manipulator_project//config/moveit_robot_config/launch/install/setup.sh
[0.352s] -- Up-to-date symlink: /home/tamir/manipulator_project/install/manipulator_project/share/manipulator_project//config/moveit_robot_config/launch/install/setup.zsh
[0.352s] -- Up-to-date symlink: /home/tamir/manipulator_project/install/manipulator_project/share/manipulator_project//config/moveit_robot_config/launch/log/COLCON_IGNORE
[0.352s] -- Up-to-date symlink: /home/tamir/manipulator_project/install/manipulator_project/share/manipulator_project//config/moveit_robot_config/launch/log/build_2025-01-22_15-48-35/events.log
[0.352s] -- Up-to-date symlink: /home/tamir/manipulator_project/install/manipulator_project/share/manipulator_project//config/moveit_robot_config/launch/log/build_2025-01-22_15-48-35/logger_all.log
[0.352s] -- Up-to-date symlink: /home/tamir/manipulator_project/install/manipulator_project/share/manipulator_project//config/moveit_robot_config/launch/log/build_2025-01-23_20-15-38/events.log
[0.352s] -- Up-to-date symlink: /home/tamir/manipulator_project/install/manipulator_project/share/manipulator_project//config/moveit_robot_config/launch/log/build_2025-01-23_20-15-38/logger_all.log
[0.352s] -- Up-to-date symlink: /home/tamir/manipulator_project/install/manipulator_project/share/manipulator_project//config/moveit_robot_config/launch/log/latest/events.log
[0.352s] -- Up-to-date symlink: /home/tamir/manipulator_project/install/manipulator_project/share/manipulator_project//config/moveit_robot_config/launch/log/latest/logger_all.log
[0.352s] -- Up-to-date symlink: /home/tamir/manipulator_project/install/manipulator_project/share/manipulator_project//config/moveit_robot_config/launch/log/latest_build/events.log
[0.353s] -- Up-to-date symlink: /home/tamir/manipulator_project/install/manipulator_project/share/manipulator_project//config/moveit_robot_config/launch/log/latest_build/logger_all.log
[0.353s] -- Up-to-date symlink: /home/tamir/manipulator_project/install/manipulator_project/share/manipulator_project//config/moveit_robot_config/launch/move_group.launch.py
[0.353s] -- Up-to-date symlink: /home/tamir/manipulator_project/install/manipulator_project/share/manipulator_project//config/moveit_robot_config/launch/moveit_rviz.launch.py
[0.353s] -- Up-to-date symlink: /home/tamir/manipulator_project/install/manipulator_project/share/manipulator_project//config/moveit_robot_config/launch/rsp.launch.py
[0.353s] -- Up-to-date symlink: /home/tamir/manipulator_project/install/manipulator_project/share/manipulator_project//config/moveit_robot_config/launch/setup_assistant.launch.py
[0.353s] -- Up-to-date symlink: /home/tamir/manipulator_project/install/manipulator_project/share/manipulator_project//config/moveit_robot_config/launch/spawn_controllers.launch.py
[0.353s] -- Up-to-date symlink: /home/tamir/manipulator_project/install/manipulator_project/share/manipulator_project//config/moveit_robot_config/launch/static_virtual_joint_tfs.launch.py
[0.353s] -- Up-to-date symlink: /home/tamir/manipulator_project/install/manipulator_project/share/manipulator_project//config/moveit_robot_config/launch/warehouse_db.launch.py
[0.353s] -- Up-to-date symlink: /home/tamir/manipulator_project/install/manipulator_project/share/manipulator_project//config/moveit_robot_config/log/COLCON_IGNORE
[0.353s] -- Up-to-date symlink: /home/tamir/manipulator_project/install/manipulator_project/share/manipulator_project//config/moveit_robot_config/log/build_2025-01-24_10-03-45/events.log
[0.353s] -- Up-to-date symlink: /home/tamir/manipulator_project/install/manipulator_project/share/manipulator_project//config/moveit_robot_config/log/build_2025-01-24_10-03-45/logger_all.log
[0.354s] -- Up-to-date symlink: /home/tamir/manipulator_project/install/manipulator_project/share/manipulator_project//config/moveit_robot_config/log/build_2025-01-24_10-03-45/moveit_robot_config/command.log
[0.354s] -- Up-to-date symlink: /home/tamir/manipulator_project/install/manipulator_project/share/manipulator_project//config/moveit_robot_config/log/build_2025-01-24_10-03-45/moveit_robot_config/stderr.log
[0.354s] -- Up-to-date symlink: /home/tamir/manipulator_project/install/manipulator_project/share/manipulator_project//config/moveit_robot_config/log/build_2025-01-24_10-03-45/moveit_robot_config/stdout.log
[0.354s] -- Up-to-date symlink: /home/tamir/manipulator_project/install/manipulator_project/share/manipulator_project//config/moveit_robot_config/log/build_2025-01-24_10-03-45/moveit_robot_config/stdout_stderr.log
[0.354s] -- Up-to-date symlink: /home/tamir/manipulator_project/install/manipulator_project/share/manipulator_project//config/moveit_robot_config/log/build_2025-01-24_10-03-45/moveit_robot_config/streams.log
[0.354s] -- Up-to-date symlink: /home/tamir/manipulator_project/install/manipulator_project/share/manipulator_project//config/moveit_robot_config/log/latest/events.log
[0.354s] -- Up-to-date symlink: /home/tamir/manipulator_project/install/manipulator_project/share/manipulator_project//config/moveit_robot_config/log/latest/logger_all.log
[0.354s] -- Up-to-date symlink: /home/tamir/manipulator_project/install/manipulator_project/share/manipulator_project//config/moveit_robot_config/log/latest/moveit_robot_config/command.log
[0.354s] -- Up-to-date symlink: /home/tamir/manipulator_project/install/manipulator_project/share/manipulator_project//config/moveit_robot_config/log/latest/moveit_robot_config/stderr.log
[0.354s] -- Up-to-date symlink: /home/tamir/manipulator_project/install/manipulator_project/share/manipulator_project//config/moveit_robot_config/log/latest/moveit_robot_config/stdout.log
[0.354s] -- Up-to-date symlink: /home/tamir/manipulator_project/install/manipulator_project/share/manipulator_project//config/moveit_robot_config/log/latest/moveit_robot_config/stdout_stderr.log
[0.355s] -- Up-to-date symlink: /home/tamir/manipulator_project/install/manipulator_project/share/manipulator_project//config/moveit_robot_config/log/latest/moveit_robot_config/streams.log
[0.355s] -- Up-to-date symlink: /home/tamir/manipulator_project/install/manipulator_project/share/manipulator_project//config/moveit_robot_config/log/latest_build/events.log
[0.355s] -- Up-to-date symlink: /home/tamir/manipulator_project/install/manipulator_project/share/manipulator_project//config/moveit_robot_config/log/latest_build/logger_all.log
[0.355s] -- Up-to-date symlink: /home/tamir/manipulator_project/install/manipulator_project/share/manipulator_project//config/moveit_robot_config/log/latest_build/moveit_robot_config/command.log
[0.355s] -- Up-to-date symlink: /home/tamir/manipulator_project/install/manipulator_project/share/manipulator_project//config/moveit_robot_config/log/latest_build/moveit_robot_config/stderr.log
[0.355s] -- Up-to-date symlink: /home/tamir/manipulator_project/install/manipulator_project/share/manipulator_project//config/moveit_robot_config/log/latest_build/moveit_robot_config/stdout.log
[0.355s] -- Up-to-date symlink: /home/tamir/manipulator_project/install/manipulator_project/share/manipulator_project//config/moveit_robot_config/log/latest_build/moveit_robot_config/stdout_stderr.log
[0.355s] -- Up-to-date symlink: /home/tamir/manipulator_project/install/manipulator_project/share/manipulator_project//config/moveit_robot_config/log/latest_build/moveit_robot_config/streams.log
[0.355s] -- Up-to-date symlink: /home/tamir/manipulator_project/install/manipulator_project/share/manipulator_project//config/moveit_robot_config/package.xml
[0.355s] -- Up-to-date symlink: /home/tamir/manipulator_project/install/manipulator_project/share/manipulator_project//config/urdf_config.rviz
[0.355s] -- Up-to-date symlink: /home/tamir/manipulator_project/install/manipulator_project/share/manipulator_project//launch/__pycache__/simulation.launch.cpython-310.pyc
[0.355s] -- Up-to-date symlink: /home/tamir/manipulator_project/install/manipulator_project/share/manipulator_project//launch/simulation.launch.py
[0.355s] -- Up-to-date symlink: /home/tamir/manipulator_project/install/manipulator_project/share/manipulator_project//urdf/manipulator_model.urdf.xacro
[0.356s] -- Up-to-date symlink: /home/tamir/manipulator_project/install/manipulator_project/share/ament_index/resource_index/package_run_dependencies/manipulator_project
[0.356s] -- Up-to-date symlink: /home/tamir/manipulator_project/install/manipulator_project/share/ament_index/resource_index/parent_prefix_path/manipulator_project
[0.356s] -- Up-to-date symlink: /home/tamir/manipulator_project/install/manipulator_project/share/manipulator_project/environment/ament_prefix_path.sh
[0.356s] -- Up-to-date symlink: /home/tamir/manipulator_project/install/manipulator_project/share/manipulator_project/environment/ament_prefix_path.dsv
[0.356s] -- Up-to-date symlink: /home/tamir/manipulator_project/install/manipulator_project/share/manipulator_project/environment/path.sh
[0.356s] -- Up-to-date symlink: /home/tamir/manipulator_project/install/manipulator_project/share/manipulator_project/environment/path.dsv
[0.356s] -- Up-to-date symlink: /home/tamir/manipulator_project/install/manipulator_project/share/manipulator_project/local_setup.bash
[0.356s] -- Up-to-date symlink: /home/tamir/manipulator_project/install/manipulator_project/share/manipulator_project/local_setup.sh
[0.356s] -- Up-to-date symlink: /home/tamir/manipulator_project/install/manipulator_project/share/manipulator_project/local_setup.zsh
[0.356s] -- Up-to-date symlink: /home/tamir/manipulator_project/install/manipulator_project/share/manipulator_project/local_setup.dsv
[0.356s] -- Symlinking: /home/tamir/manipulator_project/install/manipulator_project/share/manipulator_project/package.dsv
[0.362s] -- Up-to-date symlink: /home/tamir/manipulator_project/install/manipulator_project/share/ament_index/resource_index/packages/manipulator_project
[0.363s] -- Up-to-date symlink: /home/tamir/manipulator_project/install/manipulator_project/share/manipulator_project/cmake/manipulator_projectConfig.cmake
[0.363s] -- Up-to-date symlink: /home/tamir/manipulator_project/install/manipulator_project/share/manipulator_project/cmake/manipulator_projectConfig-version.cmake
[0.363s] -- Up-to-date symlink: /home/tamir/manipulator_project/install/manipulator_project/share/manipulator_project/package.xml
[0.364s] Invoked command in '/home/tamir/manipulator_project/build/manipulator_project' returned '0': CMAKE_PREFIX_PATH=${CMAKE_PREFIX_PATH}:/home/tamir/ros2_ws/install/turtle_spawner:/home/tamir/ros2_ws/install/turtle_controller:/home/tamir/ros2_ws/install/my_py_pkg:/home/tamir/autonomous_robot/autonomous_robot_control/install/control_hardware:/home/tamir/autonomous_robot/autonomous_robot_control/install/calc_odom:/home/tamir/ws_moveit2/install/moveit_configs_utils:/home/tamir/ws_moveit2/install/launch_param_builder:/home/tamir/autonomous_robot/install/calc_odom:/home/tamir/autonomous_robot/install/control_hardware:/home/tamir/autonomous_robot/autonomous_robot_control/src/control_hardware/install/control_hardware:/opt/ros/humble /usr/bin/cmake --install /home/tamir/manipulator_project/build/manipulator_project
