[ 75%] Built target move_to_pose_service_node
[100%] Built target move_robot
-- Install configuration: ""
-- Up-to-date: /home/tamir/manipulator_project/install/manipulator_project/lib/manipulator_project/move_robot
-- Up-to-date: /home/tamir/manipulator_project/install/manipulator_project/lib/manipulator_project/move_to_pose_service_node
-- Up-to-date: /home/tamir/manipulator_project/install/manipulator_project/share/manipulator_project//launch
-- Up-to-date: /home/tamir/manipulator_project/install/manipulator_project/share/manipulator_project//launch/simulation.launch.py
-- Up-to-date: /home/tamir/manipulator_project/install/manipulator_project/share/manipulator_project//launch/start_service.launch.py
-- Installing: /home/tamir/manipulator_project/install/manipulator_project/share/manipulator_project//launch/rviz_urdf_check.launch.py
-- Up-to-date: /home/tamir/manipulator_project/install/manipulator_project/share/manipulator_project//urdf
-- Up-to-date: /home/tamir/manipulator_project/install/manipulator_project/share/manipulator_project//urdf/manipulator_model2.urdf.xacro
-- Up-to-date: /home/tamir/manipulator_project/install/manipulator_project/share/manipulator_project//robot2_moveit_config
-- Up-to-date: /home/tamir/manipulator_project/install/manipulator_project/share/manipulator_project//robot2_moveit_config/package.xml
-- Up-to-date: /home/tamir/manipulator_project/install/manipulator_project/share/manipulator_project//robot2_moveit_config/launch
-- Up-to-date: /home/tamir/manipulator_project/install/manipulator_project/share/manipulator_project//robot2_moveit_config/launch/__pycache__
-- Up-to-date: /home/tamir/manipulator_project/install/manipulator_project/share/manipulator_project//robot2_moveit_config/launch/__pycache__/demo.launch.cpython-310.pyc
-- Up-to-date: /home/tamir/manipulator_project/install/manipulator_project/share/manipulator_project//robot2_moveit_config/launch/setup_assistant.launch.py
-- Up-to-date: /home/tamir/manipulator_project/install/manipulator_project/share/manipulator_project//robot2_moveit_config/launch/move_group.launch.py
-- Up-to-date: /home/tamir/manipulator_project/install/manipulator_project/share/manipulator_project//robot2_moveit_config/launch/moveit_rviz.launch.py
-- Up-to-date: /home/tamir/manipulator_project/install/manipulator_project/share/manipulator_project//robot2_moveit_config/launch/demo.launch.py
-- Up-to-date: /home/tamir/manipulator_project/install/manipulator_project/share/manipulator_project//robot2_moveit_config/launch/static_virtual_joint_tfs.launch.py
-- Up-to-date: /home/tamir/manipulator_project/install/manipulator_project/share/manipulator_project//robot2_moveit_config/launch/warehouse_db.launch.py
-- Up-to-date: /home/tamir/manipulator_project/install/manipulator_project/share/manipulator_project//robot2_moveit_config/launch/spawn_controllers.launch.py
-- Up-to-date: /home/tamir/manipulator_project/install/manipulator_project/share/manipulator_project//robot2_moveit_config/launch/rsp.launch.py
-- Up-to-date: /home/tamir/manipulator_project/install/manipulator_project/share/manipulator_project//robot2_moveit_config/build
-- Up-to-date: /home/tamir/manipulator_project/install/manipulator_project/share/manipulator_project//robot2_moveit_config/build/robot2_moveit_config
-- Up-to-date: /home/tamir/manipulator_project/install/manipulator_project/share/manipulator_project//robot2_moveit_config/build/robot2_moveit_config/CTestConfiguration.ini
-- Up-to-date: /home/tamir/manipulator_project/install/manipulator_project/share/manipulator_project//robot2_moveit_config/build/robot2_moveit_config/ament_cmake_index
-- Up-to-date: /home/tamir/manipulator_project/install/manipulator_project/share/manipulator_project//robot2_moveit_config/build/robot2_moveit_config/ament_cmake_index/share
-- Up-to-date: /home/tamir/manipulator_project/install/manipulator_project/share/manipulator_project//robot2_moveit_config/build/robot2_moveit_config/ament_cmake_index/share/ament_index
-- Up-to-date: /home/tamir/manipulator_project/install/manipulator_project/share/manipulator_project//robot2_moveit_config/build/robot2_moveit_config/ament_cmake_index/share/ament_index/resource_index
-- Up-to-date: /home/tamir/manipulator_project/install/manipulator_project/share/manipulator_project//robot2_moveit_config/build/robot2_moveit_config/ament_cmake_index/share/ament_index/resource_index/package_run_dependencies
-- Up-to-date: /home/tamir/manipulator_project/install/manipulator_project/share/manipulator_project//robot2_moveit_config/build/robot2_moveit_config/ament_cmake_index/share/ament_index/resource_index/package_run_dependencies/robot2_moveit_config
-- Up-to-date: /home/tamir/manipulator_project/install/manipulator_project/share/manipulator_project//robot2_moveit_config/build/robot2_moveit_config/ament_cmake_index/share/ament_index/resource_index/packages
-- Up-to-date: /home/tamir/manipulator_project/install/manipulator_project/share/manipulator_project//robot2_moveit_config/build/robot2_moveit_config/ament_cmake_index/share/ament_index/resource_index/packages/robot2_moveit_config
-- Up-to-date: /home/tamir/manipulator_project/install/manipulator_project/share/manipulator_project//robot2_moveit_config/build/robot2_moveit_config/ament_cmake_index/share/ament_index/resource_index/parent_prefix_path
-- Up-to-date: /home/tamir/manipulator_project/install/manipulator_project/share/manipulator_project//robot2_moveit_config/build/robot2_moveit_config/ament_cmake_index/share/ament_index/resource_index/parent_prefix_path/robot2_moveit_config
-- Up-to-date: /home/tamir/manipulator_project/install/manipulator_project/share/manipulator_project//robot2_moveit_config/build/robot2_moveit_config/colcon_command_prefix_build.sh
-- Up-to-date: /home/tamir/manipulator_project/install/manipulator_project/share/manipulator_project//robot2_moveit_config/build/robot2_moveit_config/ament_cmake_uninstall_target
-- Up-to-date: /home/tamir/manipulator_project/install/manipulator_project/share/manipulator_project//robot2_moveit_config/build/robot2_moveit_config/ament_cmake_uninstall_target/ament_cmake_uninstall_target.cmake
-- Up-to-date: /home/tamir/manipulator_project/install/manipulator_project/share/manipulator_project//robot2_moveit_config/build/robot2_moveit_config/cmake_args.last
-- Up-to-date: /home/tamir/manipulator_project/install/manipulator_project/share/manipulator_project//robot2_moveit_config/build/robot2_moveit_config/colcon_command_prefix_build.sh.env
-- Up-to-date: /home/tamir/manipulator_project/install/manipulator_project/share/manipulator_project//robot2_moveit_config/build/robot2_moveit_config/CTestTestfile.cmake
-- Up-to-date: /home/tamir/manipulator_project/install/manipulator_project/share/manipulator_project//robot2_moveit_config/build/robot2_moveit_config/ament_cmake_core
-- Up-to-date: /home/tamir/manipulator_project/install/manipulator_project/share/manipulator_project//robot2_moveit_config/build/robot2_moveit_config/ament_cmake_core/robot2_moveit_configConfig.cmake
-- Up-to-date: /home/tamir/manipulator_project/install/manipulator_project/share/manipulator_project//robot2_moveit_config/build/robot2_moveit_config/ament_cmake_core/package.cmake
-- Up-to-date: /home/tamir/manipulator_project/install/manipulator_project/share/manipulator_project//robot2_moveit_config/build/robot2_moveit_config/ament_cmake_core/robot2_moveit_configConfig-version.cmake
-- Up-to-date: /home/tamir/manipulator_project/install/manipulator_project/share/manipulator_project//robot2_moveit_config/build/robot2_moveit_config/ament_cmake_core/stamps
-- Up-to-date: /home/tamir/manipulator_project/install/manipulator_project/share/manipulator_project//robot2_moveit_config/build/robot2_moveit_config/ament_cmake_core/stamps/package_xml_2_cmake.py.stamp
-- Up-to-date: /home/tamir/manipulator_project/install/manipulator_project/share/manipulator_project//robot2_moveit_config/build/robot2_moveit_config/ament_cmake_core/stamps/nameConfig.cmake.in.stamp
-- Up-to-date: /home/tamir/manipulator_project/install/manipulator_project/share/manipulator_project//robot2_moveit_config/build/robot2_moveit_config/ament_cmake_core/stamps/templates_2_cmake.py.stamp
-- Up-to-date: /home/tamir/manipulator_project/install/manipulator_project/share/manipulator_project//robot2_moveit_config/build/robot2_moveit_config/ament_cmake_core/stamps/nameConfig-version.cmake.in.stamp
-- Up-to-date: /home/tamir/manipulator_project/install/manipulator_project/share/manipulator_project//robot2_moveit_config/build/robot2_moveit_config/ament_cmake_core/stamps/package.xml.stamp
-- Up-to-date: /home/tamir/manipulator_project/install/manipulator_project/share/manipulator_project//robot2_moveit_config/build/robot2_moveit_config/ament_cmake_core/stamps/path.sh.stamp
-- Up-to-date: /home/tamir/manipulator_project/install/manipulator_project/share/manipulator_project//robot2_moveit_config/build/robot2_moveit_config/ament_cmake_core/stamps/ament_prefix_path.sh.stamp
-- Up-to-date: /home/tamir/manipulator_project/install/manipulator_project/share/manipulator_project//robot2_moveit_config/build/robot2_moveit_config/CTestCustom.cmake
-- Up-to-date: /home/tamir/manipulator_project/install/manipulator_project/share/manipulator_project//robot2_moveit_config/build/robot2_moveit_config/colcon_build.rc
-- Up-to-date: /home/tamir/manipulator_project/install/manipulator_project/share/manipulator_project//robot2_moveit_config/build/robot2_moveit_config/ament_cmake_package_templates
-- Up-to-date: /home/tamir/manipulator_project/install/manipulator_project/share/manipulator_project//robot2_moveit_config/build/robot2_moveit_config/ament_cmake_package_templates/templates.cmake
-- Up-to-date: /home/tamir/manipulator_project/install/manipulator_project/share/manipulator_project//robot2_moveit_config/build/robot2_moveit_config/ament_cmake_environment_hooks
-- Up-to-date: /home/tamir/manipulator_project/install/manipulator_project/share/manipulator_project//robot2_moveit_config/build/robot2_moveit_config/ament_cmake_environment_hooks/local_setup.sh
-- Up-to-date: /home/tamir/manipulator_project/install/manipulator_project/share/manipulator_project//robot2_moveit_config/build/robot2_moveit_config/ament_cmake_environment_hooks/ament_prefix_path.dsv
-- Up-to-date: /home/tamir/manipulator_project/install/manipulator_project/share/manipulator_project//robot2_moveit_config/build/robot2_moveit_config/ament_cmake_environment_hooks/local_setup.zsh
-- Up-to-date: /home/tamir/manipulator_project/install/manipulator_project/share/manipulator_project//robot2_moveit_config/build/robot2_moveit_config/ament_cmake_environment_hooks/local_setup.dsv
-- Up-to-date: /home/tamir/manipulator_project/install/manipulator_project/share/manipulator_project//robot2_moveit_config/build/robot2_moveit_config/ament_cmake_environment_hooks/path.dsv
-- Up-to-date: /home/tamir/manipulator_project/install/manipulator_project/share/manipulator_project//robot2_moveit_config/build/robot2_moveit_config/ament_cmake_environment_hooks/local_setup.bash
-- Up-to-date: /home/tamir/manipulator_project/install/manipulator_project/share/manipulator_project//robot2_moveit_config/build/robot2_moveit_config/ament_cmake_environment_hooks/package.dsv
-- Up-to-date: /home/tamir/manipulator_project/install/manipulator_project/share/manipulator_project//robot2_moveit_config/build/robot2_moveit_config/CMakeFiles
-- Up-to-date: /home/tamir/manipulator_project/install/manipulator_project/share/manipulator_project//robot2_moveit_config/build/robot2_moveit_config/CMakeFiles/Makefile.cmake
-- Up-to-date: /home/tamir/manipulator_project/install/manipulator_project/share/manipulator_project//robot2_moveit_config/build/robot2_moveit_config/CMakeFiles/CMakeOutput.log
-- Up-to-date: /home/tamir/manipulator_project/install/manipulator_project/share/manipulator_project//robot2_moveit_config/build/robot2_moveit_config/CMakeFiles/CMakeDirectoryInformation.cmake
-- Up-to-date: /home/tamir/manipulator_project/install/manipulator_project/share/manipulator_project//robot2_moveit_config/build/robot2_moveit_config/CMakeFiles/TargetDirectories.txt
-- Up-to-date: /home/tamir/manipulator_project/install/manipulator_project/share/manipulator_project//robot2_moveit_config/build/robot2_moveit_config/CMakeFiles/robot2_moveit_config_uninstall.dir
-- Up-to-date: /home/tamir/manipulator_project/install/manipulator_project/share/manipulator_project//robot2_moveit_config/build/robot2_moveit_config/CMakeFiles/robot2_moveit_config_uninstall.dir/build.make
-- Up-to-date: /home/tamir/manipulator_project/install/manipulator_project/share/manipulator_project//robot2_moveit_config/build/robot2_moveit_config/CMakeFiles/robot2_moveit_config_uninstall.dir/compiler_depend.make
-- Up-to-date: /home/tamir/manipulator_project/install/manipulator_project/share/manipulator_project//robot2_moveit_config/build/robot2_moveit_config/CMakeFiles/robot2_moveit_config_uninstall.dir/progress.make
-- Up-to-date: /home/tamir/manipulator_project/install/manipulator_project/share/manipulator_project//robot2_moveit_config/build/robot2_moveit_config/CMakeFiles/robot2_moveit_config_uninstall.dir/compiler_depend.ts
-- Up-to-date: /home/tamir/manipulator_project/install/manipulator_project/share/manipulator_project//robot2_moveit_config/build/robot2_moveit_config/CMakeFiles/robot2_moveit_config_uninstall.dir/cmake_clean.cmake
-- Up-to-date: /home/tamir/manipulator_project/install/manipulator_project/share/manipulator_project//robot2_moveit_config/build/robot2_moveit_config/CMakeFiles/robot2_moveit_config_uninstall.dir/DependInfo.cmake
-- Up-to-date: /home/tamir/manipulator_project/install/manipulator_project/share/manipulator_project//robot2_moveit_config/build/robot2_moveit_config/CMakeFiles/progress.marks
-- Up-to-date: /home/tamir/manipulator_project/install/manipulator_project/share/manipulator_project//robot2_moveit_config/build/robot2_moveit_config/CMakeFiles/CMakeTmp
-- Up-to-date: /home/tamir/manipulator_project/install/manipulator_project/share/manipulator_project//robot2_moveit_config/build/robot2_moveit_config/CMakeFiles/Makefile2
-- Up-to-date: /home/tamir/manipulator_project/install/manipulator_project/share/manipulator_project//robot2_moveit_config/build/robot2_moveit_config/CMakeFiles/uninstall.dir
-- Up-to-date: /home/tamir/manipulator_project/install/manipulator_project/share/manipulator_project//robot2_moveit_config/build/robot2_moveit_config/CMakeFiles/uninstall.dir/build.make
-- Up-to-date: /home/tamir/manipulator_project/install/manipulator_project/share/manipulator_project//robot2_moveit_config/build/robot2_moveit_config/CMakeFiles/uninstall.dir/compiler_depend.make
-- Up-to-date: /home/tamir/manipulator_project/install/manipulator_project/share/manipulator_project//robot2_moveit_config/build/robot2_moveit_config/CMakeFiles/uninstall.dir/progress.make
-- Up-to-date: /home/tamir/manipulator_project/install/manipulator_project/share/manipulator_project//robot2_moveit_config/build/robot2_moveit_config/CMakeFiles/uninstall.dir/compiler_depend.ts
-- Up-to-date: /home/tamir/manipulator_project/install/manipulator_project/share/manipulator_project//robot2_moveit_config/build/robot2_moveit_config/CMakeFiles/uninstall.dir/cmake_clean.cmake
-- Up-to-date: /home/tamir/manipulator_project/install/manipulator_project/share/manipulator_project//robot2_moveit_config/build/robot2_moveit_config/CMakeFiles/uninstall.dir/DependInfo.cmake
-- Up-to-date: /home/tamir/manipulator_project/install/manipulator_project/share/manipulator_project//robot2_moveit_config/build/robot2_moveit_config/CMakeFiles/3.22.1
-- Up-to-date: /home/tamir/manipulator_project/install/manipulator_project/share/manipulator_project//robot2_moveit_config/build/robot2_moveit_config/CMakeFiles/3.22.1/CMakeDetermineCompilerABI_CXX.bin
-- Up-to-date: /home/tamir/manipulator_project/install/manipulator_project/share/manipulator_project//robot2_moveit_config/build/robot2_moveit_config/CMakeFiles/3.22.1/CMakeSystem.cmake
-- Up-to-date: /home/tamir/manipulator_project/install/manipulator_project/share/manipulator_project//robot2_moveit_config/build/robot2_moveit_config/CMakeFiles/3.22.1/CMakeDetermineCompilerABI_C.bin
-- Up-to-date: /home/tamir/manipulator_project/install/manipulator_project/share/manipulator_project//robot2_moveit_config/build/robot2_moveit_config/CMakeFiles/3.22.1/CMakeCXXCompiler.cmake
-- Up-to-date: /home/tamir/manipulator_project/install/manipulator_project/share/manipulator_project//robot2_moveit_config/build/robot2_moveit_config/CMakeFiles/3.22.1/CMakeCCompiler.cmake
-- Up-to-date: /home/tamir/manipulator_project/install/manipulator_project/share/manipulator_project//robot2_moveit_config/build/robot2_moveit_config/CMakeFiles/3.22.1/CompilerIdCXX
-- Up-to-date: /home/tamir/manipulator_project/install/manipulator_project/share/manipulator_project//robot2_moveit_config/build/robot2_moveit_config/CMakeFiles/3.22.1/CompilerIdCXX/tmp
-- Up-to-date: /home/tamir/manipulator_project/install/manipulator_project/share/manipulator_project//robot2_moveit_config/build/robot2_moveit_config/CMakeFiles/3.22.1/CompilerIdCXX/a.out
-- Up-to-date: /home/tamir/manipulator_project/install/manipulator_project/share/manipulator_project//robot2_moveit_config/build/robot2_moveit_config/CMakeFiles/3.22.1/CompilerIdCXX/CMakeCXXCompilerId.cpp
-- Up-to-date: /home/tamir/manipulator_project/install/manipulator_project/share/manipulator_project//robot2_moveit_config/build/robot2_moveit_config/CMakeFiles/3.22.1/CompilerIdC
-- Up-to-date: /home/tamir/manipulator_project/install/manipulator_project/share/manipulator_project//robot2_moveit_config/build/robot2_moveit_config/CMakeFiles/3.22.1/CompilerIdC/tmp
-- Up-to-date: /home/tamir/manipulator_project/install/manipulator_project/share/manipulator_project//robot2_moveit_config/build/robot2_moveit_config/CMakeFiles/3.22.1/CompilerIdC/a.out
-- Up-to-date: /home/tamir/manipulator_project/install/manipulator_project/share/manipulator_project//robot2_moveit_config/build/robot2_moveit_config/CMakeFiles/3.22.1/CompilerIdC/CMakeCCompilerId.c
-- Up-to-date: /home/tamir/manipulator_project/install/manipulator_project/share/manipulator_project//robot2_moveit_config/build/robot2_moveit_config/CMakeFiles/cmake.check_cache
-- Up-to-date: /home/tamir/manipulator_project/install/manipulator_project/share/manipulator_project//robot2_moveit_config/build/robot2_moveit_config/CMakeFiles/CMakeRuleHashes.txt
-- Up-to-date: /home/tamir/manipulator_project/install/manipulator_project/share/manipulator_project//robot2_moveit_config/build/robot2_moveit_config/cmake_install.cmake
-- Up-to-date: /home/tamir/manipulator_project/install/manipulator_project/share/manipulator_project//robot2_moveit_config/build/robot2_moveit_config/CMakeCache.txt
-- Up-to-date: /home/tamir/manipulator_project/install/manipulator_project/share/manipulator_project//robot2_moveit_config/build/robot2_moveit_config/install_manifest.txt
-- Up-to-date: /home/tamir/manipulator_project/install/manipulator_project/share/manipulator_project//robot2_moveit_config/build/robot2_moveit_config/.cmake
-- Up-to-date: /home/tamir/manipulator_project/install/manipulator_project/share/manipulator_project//robot2_moveit_config/build/robot2_moveit_config/.cmake/api
-- Up-to-date: /home/tamir/manipulator_project/install/manipulator_project/share/manipulator_project//robot2_moveit_config/build/robot2_moveit_config/.cmake/api/v1
-- Up-to-date: /home/tamir/manipulator_project/install/manipulator_project/share/manipulator_project//robot2_moveit_config/build/robot2_moveit_config/.cmake/api/v1/reply
-- Up-to-date: /home/tamir/manipulator_project/install/manipulator_project/share/manipulator_project//robot2_moveit_config/build/robot2_moveit_config/.cmake/api/v1/reply/directory-.-b43482103471be2d05e2.json
-- Up-to-date: /home/tamir/manipulator_project/install/manipulator_project/share/manipulator_project//robot2_moveit_config/build/robot2_moveit_config/.cmake/api/v1/reply/codemodel-v2-9e35a3d69996f3e0e897.json
-- Up-to-date: /home/tamir/manipulator_project/install/manipulator_project/share/manipulator_project//robot2_moveit_config/build/robot2_moveit_config/.cmake/api/v1/reply/index-2025-03-21T15-13-30-0236.json
-- Up-to-date: /home/tamir/manipulator_project/install/manipulator_project/share/manipulator_project//robot2_moveit_config/build/robot2_moveit_config/.cmake/api/v1/reply/target-uninstall-bbb56078d5cb9c0d2615.json
-- Up-to-date: /home/tamir/manipulator_project/install/manipulator_project/share/manipulator_project//robot2_moveit_config/build/robot2_moveit_config/.cmake/api/v1/reply/target-robot2_moveit_config_uninstall-8e2d0ca8423c3a50fc83.json
-- Up-to-date: /home/tamir/manipulator_project/install/manipulator_project/share/manipulator_project//robot2_moveit_config/build/robot2_moveit_config/.cmake/api/v1/query
-- Up-to-date: /home/tamir/manipulator_project/install/manipulator_project/share/manipulator_project//robot2_moveit_config/build/robot2_moveit_config/.cmake/api/v1/query/client-colcon-cmake
-- Up-to-date: /home/tamir/manipulator_project/install/manipulator_project/share/manipulator_project//robot2_moveit_config/build/robot2_moveit_config/.cmake/api/v1/query/client-colcon-cmake/codemodel-v2
-- Up-to-date: /home/tamir/manipulator_project/install/manipulator_project/share/manipulator_project//robot2_moveit_config/build/robot2_moveit_config/Makefile
-- Up-to-date: /home/tamir/manipulator_project/install/manipulator_project/share/manipulator_project//robot2_moveit_config/build/COLCON_IGNORE
-- Up-to-date: /home/tamir/manipulator_project/install/manipulator_project/share/manipulator_project//robot2_moveit_config/build/.built_by
-- Up-to-date: /home/tamir/manipulator_project/install/manipulator_project/share/manipulator_project//robot2_moveit_config/CMakeLists.txt
-- Up-to-date: /home/tamir/manipulator_project/install/manipulator_project/share/manipulator_project//robot2_moveit_config/log
-- Up-to-date: /home/tamir/manipulator_project/install/manipulator_project/share/manipulator_project//robot2_moveit_config/log/COLCON_IGNORE
-- Up-to-date: /home/tamir/manipulator_project/install/manipulator_project/share/manipulator_project//robot2_moveit_config/log/latest
-- Up-to-date: /home/tamir/manipulator_project/install/manipulator_project/share/manipulator_project//robot2_moveit_config/log/latest_build
-- Up-to-date: /home/tamir/manipulator_project/install/manipulator_project/share/manipulator_project//robot2_moveit_config/log/build_2025-03-21_17-13-29
-- Up-to-date: /home/tamir/manipulator_project/install/manipulator_project/share/manipulator_project//robot2_moveit_config/log/build_2025-03-21_17-13-29/events.log
-- Up-to-date: /home/tamir/manipulator_project/install/manipulator_project/share/manipulator_project//robot2_moveit_config/log/build_2025-03-21_17-13-29/robot2_moveit_config
-- Up-to-date: /home/tamir/manipulator_project/install/manipulator_project/share/manipulator_project//robot2_moveit_config/log/build_2025-03-21_17-13-29/robot2_moveit_config/command.log
-- Up-to-date: /home/tamir/manipulator_project/install/manipulator_project/share/manipulator_project//robot2_moveit_config/log/build_2025-03-21_17-13-29/robot2_moveit_config/stderr.log
-- Up-to-date: /home/tamir/manipulator_project/install/manipulator_project/share/manipulator_project//robot2_moveit_config/log/build_2025-03-21_17-13-29/robot2_moveit_config/stdout_stderr.log
-- Up-to-date: /home/tamir/manipulator_project/install/manipulator_project/share/manipulator_project//robot2_moveit_config/log/build_2025-03-21_17-13-29/robot2_moveit_config/streams.log
-- Up-to-date: /home/tamir/manipulator_project/install/manipulator_project/share/manipulator_project//robot2_moveit_config/log/build_2025-03-21_17-13-29/robot2_moveit_config/stdout.log
-- Up-to-date: /home/tamir/manipulator_project/install/manipulator_project/share/manipulator_project//robot2_moveit_config/log/build_2025-03-21_17-13-29/logger_all.log
-- Up-to-date: /home/tamir/manipulator_project/install/manipulator_project/share/manipulator_project//robot2_moveit_config/config
-- Up-to-date: /home/tamir/manipulator_project/install/manipulator_project/share/manipulator_project//robot2_moveit_config/config/manipulator_robot2.srdf
-- Up-to-date: /home/tamir/manipulator_project/install/manipulator_project/share/manipulator_project//robot2_moveit_config/config/moveit_controllers.yaml
-- Up-to-date: /home/tamir/manipulator_project/install/manipulator_project/share/manipulator_project//robot2_moveit_config/config/kinematics.yaml
-- Up-to-date: /home/tamir/manipulator_project/install/manipulator_project/share/manipulator_project//robot2_moveit_config/config/ros2_controllers.yaml
-- Up-to-date: /home/tamir/manipulator_project/install/manipulator_project/share/manipulator_project//robot2_moveit_config/config/joint_limits.yaml
-- Up-to-date: /home/tamir/manipulator_project/install/manipulator_project/share/manipulator_project//robot2_moveit_config/config/moveit.rviz
-- Up-to-date: /home/tamir/manipulator_project/install/manipulator_project/share/manipulator_project//robot2_moveit_config/config/manipulator_robot2.ros2_control.xacro
-- Up-to-date: /home/tamir/manipulator_project/install/manipulator_project/share/manipulator_project//robot2_moveit_config/config/manipulator_robot2.urdf.xacro
-- Up-to-date: /home/tamir/manipulator_project/install/manipulator_project/share/manipulator_project//robot2_moveit_config/config/pilz_cartesian_limits.yaml
-- Up-to-date: /home/tamir/manipulator_project/install/manipulator_project/share/manipulator_project//robot2_moveit_config/config/initial_positions.yaml
-- Up-to-date: /home/tamir/manipulator_project/install/manipulator_project/share/manipulator_project//robot2_moveit_config/install
-- Up-to-date: /home/tamir/manipulator_project/install/manipulator_project/share/manipulator_project//robot2_moveit_config/install/setup.ps1
-- Up-to-date: /home/tamir/manipulator_project/install/manipulator_project/share/manipulator_project//robot2_moveit_config/install/setup.zsh
-- Up-to-date: /home/tamir/manipulator_project/install/manipulator_project/share/manipulator_project//robot2_moveit_config/install/robot2_moveit_config
-- Up-to-date: /home/tamir/manipulator_project/install/manipulator_project/share/manipulator_project//robot2_moveit_config/install/robot2_moveit_config/share
-- Up-to-date: /home/tamir/manipulator_project/install/manipulator_project/share/manipulator_project//robot2_moveit_config/install/robot2_moveit_config/share/robot2_moveit_config
-- Up-to-date: /home/tamir/manipulator_project/install/manipulator_project/share/manipulator_project//robot2_moveit_config/install/robot2_moveit_config/share/robot2_moveit_config/package.zsh
-- Up-to-date: /home/tamir/manipulator_project/install/manipulator_project/share/manipulator_project//robot2_moveit_config/install/robot2_moveit_config/share/robot2_moveit_config/package.xml
-- Up-to-date: /home/tamir/manipulator_project/install/manipulator_project/share/manipulator_project//robot2_moveit_config/install/robot2_moveit_config/share/robot2_moveit_config/local_setup.sh
-- Up-to-date: /home/tamir/manipulator_project/install/manipulator_project/share/manipulator_project//robot2_moveit_config/install/robot2_moveit_config/share/robot2_moveit_config/launch
-- Up-to-date: /home/tamir/manipulator_project/install/manipulator_project/share/manipulator_project//robot2_moveit_config/install/robot2_moveit_config/share/robot2_moveit_config/launch/__pycache__
-- Installing: /home/tamir/manipulator_project/install/manipulator_project/share/manipulator_project//robot2_moveit_config/install/robot2_moveit_config/share/robot2_moveit_config/launch/__pycache__/move_group.launch.cpython-310.pyc
-- Installing: /home/tamir/manipulator_project/install/manipulator_project/share/manipulator_project//robot2_moveit_config/install/robot2_moveit_config/share/robot2_moveit_config/launch/__pycache__/moveit_rviz.launch.cpython-310.pyc
-- Installing: /home/tamir/manipulator_project/install/manipulator_project/share/manipulator_project//robot2_moveit_config/install/robot2_moveit_config/share/robot2_moveit_config/launch/__pycache__/spawn_controllers.launch.cpython-310.pyc
-- Installing: /home/tamir/manipulator_project/install/manipulator_project/share/manipulator_project//robot2_moveit_config/install/robot2_moveit_config/share/robot2_moveit_config/launch/__pycache__/rsp.launch.cpython-310.pyc
-- Installing: /home/tamir/manipulator_project/install/manipulator_project/share/manipulator_project//robot2_moveit_config/install/robot2_moveit_config/share/robot2_moveit_config/launch/__pycache__/static_virtual_joint_tfs.launch.cpython-310.pyc
-- Installing: /home/tamir/manipulator_project/install/manipulator_project/share/manipulator_project//robot2_moveit_config/install/robot2_moveit_config/share/robot2_moveit_config/launch/__pycache__/demo.launch.cpython-310.pyc
-- Installing: /home/tamir/manipulator_project/install/manipulator_project/share/manipulator_project//robot2_moveit_config/install/robot2_moveit_config/share/robot2_moveit_config/launch/__pycache__/warehouse_db.launch.cpython-310.pyc
-- Up-to-date: /home/tamir/manipulator_project/install/manipulator_project/share/manipulator_project//robot2_moveit_config/install/robot2_moveit_config/share/robot2_moveit_config/launch/setup_assistant.launch.py
-- Up-to-date: /home/tamir/manipulator_project/install/manipulator_project/share/manipulator_project//robot2_moveit_config/install/robot2_moveit_config/share/robot2_moveit_config/launch/move_group.launch.py
-- Up-to-date: /home/tamir/manipulator_project/install/manipulator_project/share/manipulator_project//robot2_moveit_config/install/robot2_moveit_config/share/robot2_moveit_config/launch/moveit_rviz.launch.py
-- Up-to-date: /home/tamir/manipulator_project/install/manipulator_project/share/manipulator_project//robot2_moveit_config/install/robot2_moveit_config/share/robot2_moveit_config/launch/demo.launch.py
-- Up-to-date: /home/tamir/manipulator_project/install/manipulator_project/share/manipulator_project//robot2_moveit_config/install/robot2_moveit_config/share/robot2_moveit_config/launch/static_virtual_joint_tfs.launch.py
-- Up-to-date: /home/tamir/manipulator_project/install/manipulator_project/share/manipulator_project//robot2_moveit_config/install/robot2_moveit_config/share/robot2_moveit_config/launch/warehouse_db.launch.py
-- Up-to-date: /home/tamir/manipulator_project/install/manipulator_project/share/manipulator_project//robot2_moveit_config/install/robot2_moveit_config/share/robot2_moveit_config/launch/spawn_controllers.launch.py
-- Up-to-date: /home/tamir/manipulator_project/install/manipulator_project/share/manipulator_project//robot2_moveit_config/install/robot2_moveit_config/share/robot2_moveit_config/launch/rsp.launch.py
-- Up-to-date: /home/tamir/manipulator_project/install/manipulator_project/share/manipulator_project//robot2_moveit_config/install/robot2_moveit_config/share/robot2_moveit_config/environment
-- Up-to-date: /home/tamir/manipulator_project/install/manipulator_project/share/manipulator_project//robot2_moveit_config/install/robot2_moveit_config/share/robot2_moveit_config/environment/ament_prefix_path.sh
-- Up-to-date: /home/tamir/manipulator_project/install/manipulator_project/share/manipulator_project//robot2_moveit_config/install/robot2_moveit_config/share/robot2_moveit_config/environment/path.sh
-- Up-to-date: /home/tamir/manipulator_project/install/manipulator_project/share/manipulator_project//robot2_moveit_config/install/robot2_moveit_config/share/robot2_moveit_config/environment/ament_prefix_path.dsv
-- Up-to-date: /home/tamir/manipulator_project/install/manipulator_project/share/manipulator_project//robot2_moveit_config/install/robot2_moveit_config/share/robot2_moveit_config/environment/path.dsv
-- Up-to-date: /home/tamir/manipulator_project/install/manipulator_project/share/manipulator_project//robot2_moveit_config/install/robot2_moveit_config/share/robot2_moveit_config/cmake
-- Up-to-date: /home/tamir/manipulator_project/install/manipulator_project/share/manipulator_project//robot2_moveit_config/install/robot2_moveit_config/share/robot2_moveit_config/cmake/robot2_moveit_configConfig.cmake
-- Up-to-date: /home/tamir/manipulator_project/install/manipulator_project/share/manipulator_project//robot2_moveit_config/install/robot2_moveit_config/share/robot2_moveit_config/cmake/robot2_moveit_configConfig-version.cmake
-- Up-to-date: /home/tamir/manipulator_project/install/manipulator_project/share/manipulator_project//robot2_moveit_config/install/robot2_moveit_config/share/robot2_moveit_config/package.ps1
-- Up-to-date: /home/tamir/manipulator_project/install/manipulator_project/share/manipulator_project//robot2_moveit_config/install/robot2_moveit_config/share/robot2_moveit_config/config
-- Up-to-date: /home/tamir/manipulator_project/install/manipulator_project/share/manipulator_project//robot2_moveit_config/install/robot2_moveit_config/share/robot2_moveit_config/config/manipulator_robot2.srdf
-- Up-to-date: /home/tamir/manipulator_project/install/manipulator_project/share/manipulator_project//robot2_moveit_config/install/robot2_moveit_config/share/robot2_moveit_config/config/moveit_controllers.yaml
-- Up-to-date: /home/tamir/manipulator_project/install/manipulator_project/share/manipulator_project//robot2_moveit_config/install/robot2_moveit_config/share/robot2_moveit_config/config/kinematics.yaml
-- Up-to-date: /home/tamir/manipulator_project/install/manipulator_project/share/manipulator_project//robot2_moveit_config/install/robot2_moveit_config/share/robot2_moveit_config/config/ros2_controllers.yaml
-- Up-to-date: /home/tamir/manipulator_project/install/manipulator_project/share/manipulator_project//robot2_moveit_config/install/robot2_moveit_config/share/robot2_moveit_config/config/joint_limits.yaml
-- Up-to-date: /home/tamir/manipulator_project/install/manipulator_project/share/manipulator_project//robot2_moveit_config/install/robot2_moveit_config/share/robot2_moveit_config/config/moveit.rviz
-- Up-to-date: /home/tamir/manipulator_project/install/manipulator_project/share/manipulator_project//robot2_moveit_config/install/robot2_moveit_config/share/robot2_moveit_config/config/manipulator_robot2.ros2_control.xacro
-- Up-to-date: /home/tamir/manipulator_project/install/manipulator_project/share/manipulator_project//robot2_moveit_config/install/robot2_moveit_config/share/robot2_moveit_config/config/manipulator_robot2.urdf.xacro
-- Up-to-date: /home/tamir/manipulator_project/install/manipulator_project/share/manipulator_project//robot2_moveit_config/install/robot2_moveit_config/share/robot2_moveit_config/config/pilz_cartesian_limits.yaml
-- Up-to-date: /home/tamir/manipulator_project/install/manipulator_project/share/manipulator_project//robot2_moveit_config/install/robot2_moveit_config/share/robot2_moveit_config/config/initial_positions.yaml
-- Up-to-date: /home/tamir/manipulator_project/install/manipulator_project/share/manipulator_project//robot2_moveit_config/install/robot2_moveit_config/share/robot2_moveit_config/local_setup.zsh
-- Up-to-date: /home/tamir/manipulator_project/install/manipulator_project/share/manipulator_project//robot2_moveit_config/install/robot2_moveit_config/share/robot2_moveit_config/local_setup.dsv
-- Up-to-date: /home/tamir/manipulator_project/install/manipulator_project/share/manipulator_project//robot2_moveit_config/install/robot2_moveit_config/share/robot2_moveit_config/package.sh
-- Up-to-date: /home/tamir/manipulator_project/install/manipulator_project/share/manipulator_project//robot2_moveit_config/install/robot2_moveit_config/share/robot2_moveit_config/hook
-- Up-to-date: /home/tamir/manipulator_project/install/manipulator_project/share/manipulator_project//robot2_moveit_config/install/robot2_moveit_config/share/robot2_moveit_config/hook/cmake_prefix_path.dsv
-- Up-to-date: /home/tamir/manipulator_project/install/manipulator_project/share/manipulator_project//robot2_moveit_config/install/robot2_moveit_config/share/robot2_moveit_config/hook/cmake_prefix_path.sh
-- Up-to-date: /home/tamir/manipulator_project/install/manipulator_project/share/manipulator_project//robot2_moveit_config/install/robot2_moveit_config/share/robot2_moveit_config/hook/cmake_prefix_path.ps1
-- Up-to-date: /home/tamir/manipulator_project/install/manipulator_project/share/manipulator_project//robot2_moveit_config/install/robot2_moveit_config/share/robot2_moveit_config/local_setup.bash
-- Up-to-date: /home/tamir/manipulator_project/install/manipulator_project/share/manipulator_project//robot2_moveit_config/install/robot2_moveit_config/share/robot2_moveit_config/package.dsv
-- Up-to-date: /home/tamir/manipulator_project/install/manipulator_project/share/manipulator_project//robot2_moveit_config/install/robot2_moveit_config/share/robot2_moveit_config/.setup_assistant
-- Up-to-date: /home/tamir/manipulator_project/install/manipulator_project/share/manipulator_project//robot2_moveit_config/install/robot2_moveit_config/share/robot2_moveit_config/package.bash
-- Up-to-date: /home/tamir/manipulator_project/install/manipulator_project/share/manipulator_project//robot2_moveit_config/install/robot2_moveit_config/share/colcon-core
-- Up-to-date: /home/tamir/manipulator_project/install/manipulator_project/share/manipulator_project//robot2_moveit_config/install/robot2_moveit_config/share/colcon-core/packages
-- Up-to-date: /home/tamir/manipulator_project/install/manipulator_project/share/manipulator_project//robot2_moveit_config/install/robot2_moveit_config/share/colcon-core/packages/robot2_moveit_config
-- Up-to-date: /home/tamir/manipulator_project/install/manipulator_project/share/manipulator_project//robot2_moveit_config/install/robot2_moveit_config/share/ament_index
-- Up-to-date: /home/tamir/manipulator_project/install/manipulator_project/share/manipulator_project//robot2_moveit_config/install/robot2_moveit_config/share/ament_index/resource_index
-- Up-to-date: /home/tamir/manipulator_project/install/manipulator_project/share/manipulator_project//robot2_moveit_config/install/robot2_moveit_config/share/ament_index/resource_index/package_run_dependencies
-- Up-to-date: /home/tamir/manipulator_project/install/manipulator_project/share/manipulator_project//robot2_moveit_config/install/robot2_moveit_config/share/ament_index/resource_index/package_run_dependencies/robot2_moveit_config
-- Up-to-date: /home/tamir/manipulator_project/install/manipulator_project/share/manipulator_project//robot2_moveit_config/install/robot2_moveit_config/share/ament_index/resource_index/packages
-- Up-to-date: /home/tamir/manipulator_project/install/manipulator_project/share/manipulator_project//robot2_moveit_config/install/robot2_moveit_config/share/ament_index/resource_index/packages/robot2_moveit_config
-- Up-to-date: /home/tamir/manipulator_project/install/manipulator_project/share/manipulator_project//robot2_moveit_config/install/robot2_moveit_config/share/ament_index/resource_index/parent_prefix_path
-- Up-to-date: /home/tamir/manipulator_project/install/manipulator_project/share/manipulator_project//robot2_moveit_config/install/robot2_moveit_config/share/ament_index/resource_index/parent_prefix_path/robot2_moveit_config
-- Up-to-date: /home/tamir/manipulator_project/install/manipulator_project/share/manipulator_project//robot2_moveit_config/install/local_setup.sh
-- Up-to-date: /home/tamir/manipulator_project/install/manipulator_project/share/manipulator_project//robot2_moveit_config/install/_local_setup_util_ps1.py
-- Up-to-date: /home/tamir/manipulator_project/install/manipulator_project/share/manipulator_project//robot2_moveit_config/install/COLCON_IGNORE
-- Up-to-date: /home/tamir/manipulator_project/install/manipulator_project/share/manipulator_project//robot2_moveit_config/install/.colcon_install_layout
-- Up-to-date: /home/tamir/manipulator_project/install/manipulator_project/share/manipulator_project//robot2_moveit_config/install/setup.sh
-- Up-to-date: /home/tamir/manipulator_project/install/manipulator_project/share/manipulator_project//robot2_moveit_config/install/setup.bash
-- Up-to-date: /home/tamir/manipulator_project/install/manipulator_project/share/manipulator_project//robot2_moveit_config/install/local_setup.zsh
-- Up-to-date: /home/tamir/manipulator_project/install/manipulator_project/share/manipulator_project//robot2_moveit_config/install/local_setup.ps1
-- Up-to-date: /home/tamir/manipulator_project/install/manipulator_project/share/manipulator_project//robot2_moveit_config/install/local_setup.bash
-- Up-to-date: /home/tamir/manipulator_project/install/manipulator_project/share/manipulator_project//robot2_moveit_config/install/_local_setup_util_sh.py
-- Up-to-date: /home/tamir/manipulator_project/install/manipulator_project/share/manipulator_project//robot2_moveit_config/.setup_assistant
-- Up-to-date: /home/tamir/manipulator_project/install/manipulator_project/share/ament_index/resource_index/package_run_dependencies/manipulator_project
-- Up-to-date: /home/tamir/manipulator_project/install/manipulator_project/share/ament_index/resource_index/parent_prefix_path/manipulator_project
-- Up-to-date: /home/tamir/manipulator_project/install/manipulator_project/share/manipulator_project/environment/ament_prefix_path.sh
-- Up-to-date: /home/tamir/manipulator_project/install/manipulator_project/share/manipulator_project/environment/ament_prefix_path.dsv
-- Up-to-date: /home/tamir/manipulator_project/install/manipulator_project/share/manipulator_project/environment/path.sh
-- Up-to-date: /home/tamir/manipulator_project/install/manipulator_project/share/manipulator_project/environment/path.dsv
-- Up-to-date: /home/tamir/manipulator_project/install/manipulator_project/share/manipulator_project/local_setup.bash
-- Up-to-date: /home/tamir/manipulator_project/install/manipulator_project/share/manipulator_project/local_setup.sh
-- Up-to-date: /home/tamir/manipulator_project/install/manipulator_project/share/manipulator_project/local_setup.zsh
-- Up-to-date: /home/tamir/manipulator_project/install/manipulator_project/share/manipulator_project/local_setup.dsv
-- Up-to-date: /home/tamir/manipulator_project/install/manipulator_project/share/manipulator_project/package.dsv
-- Up-to-date: /home/tamir/manipulator_project/install/manipulator_project/share/ament_index/resource_index/packages/manipulator_project
-- Up-to-date: /home/tamir/manipulator_project/install/manipulator_project/share/manipulator_project/cmake/manipulator_projectConfig.cmake
-- Up-to-date: /home/tamir/manipulator_project/install/manipulator_project/share/manipulator_project/cmake/manipulator_projectConfig-version.cmake
-- Up-to-date: /home/tamir/manipulator_project/install/manipulator_project/share/manipulator_project/package.xml
