[0.015s] Invoking command in '/home/tamir/manipulator_project/build/manipulator_project': CMAKE_PREFIX_PATH=${CMAKE_PREFIX_PATH}:/home/tamir/ws_moveit2/install/moveit_configs_utils:/home/tamir/ws_moveit2/install/launch_param_builder:/home/tamir/autonomous_robot/install/calc_odom:/home/tamir/autonomous_robot/install/control_hardware:/home/tamir/ros2_ws/install/turtle_spawner:/home/tamir/ros2_ws/install/turtle_controller:/home/tamir/ros2_ws/install/my_py_pkg:/home/tamir/autonomous_robot/autonomous_robot_control/install/control_hardware:/home/tamir/autonomous_robot/autonomous_robot_control/install/calc_odom:/home/tamir/autonomous_robot/autonomous_robot_control/src/control_hardware/install/control_hardware:/opt/ros/humble /usr/bin/cmake --build /home/tamir/manipulator_project/build/manipulator_project -- -j12 -l12
[0.112s] [ 75%] Built target move_to_pose_service_node
[0.112s] [100%] Built target move_robot
[0.126s] Invoked command in '/home/tamir/manipulator_project/build/manipulator_project' returned '0': CMAKE_PREFIX_PATH=${CMAKE_PREFIX_PATH}:/home/tamir/ws_moveit2/install/moveit_configs_utils:/home/tamir/ws_moveit2/install/launch_param_builder:/home/tamir/autonomous_robot/install/calc_odom:/home/tamir/autonomous_robot/install/control_hardware:/home/tamir/ros2_ws/install/turtle_spawner:/home/tamir/ros2_ws/install/turtle_controller:/home/tamir/ros2_ws/install/my_py_pkg:/home/tamir/autonomous_robot/autonomous_robot_control/install/control_hardware:/home/tamir/autonomous_robot/autonomous_robot_control/install/calc_odom:/home/tamir/autonomous_robot/autonomous_robot_control/src/control_hardware/install/control_hardware:/opt/ros/humble /usr/bin/cmake --build /home/tamir/manipulator_project/build/manipulator_project -- -j12 -l12
[0.137s] Invoking command in '/home/tamir/manipulator_project/build/manipulator_project': CMAKE_PREFIX_PATH=${CMAKE_PREFIX_PATH}:/home/tamir/ws_moveit2/install/moveit_configs_utils:/home/tamir/ws_moveit2/install/launch_param_builder:/home/tamir/autonomous_robot/install/calc_odom:/home/tamir/autonomous_robot/install/control_hardware:/home/tamir/ros2_ws/install/turtle_spawner:/home/tamir/ros2_ws/install/turtle_controller:/home/tamir/ros2_ws/install/my_py_pkg:/home/tamir/autonomous_robot/autonomous_robot_control/install/control_hardware:/home/tamir/autonomous_robot/autonomous_robot_control/install/calc_odom:/home/tamir/autonomous_robot/autonomous_robot_control/src/control_hardware/install/control_hardware:/opt/ros/humble /usr/bin/cmake --install /home/tamir/manipulator_project/build/manipulator_project
[0.146s] -- Install configuration: ""
[0.146s] -- Up-to-date: /home/tamir/manipulator_project/install/manipulator_project/lib/manipulator_project/move_robot
[0.146s] -- Up-to-date: /home/tamir/manipulator_project/install/manipulator_project/lib/manipulator_project/move_to_pose_service_node
[0.146s] -- Up-to-date: /home/tamir/manipulator_project/install/manipulator_project/share/manipulator_project//launch
[0.146s] -- Up-to-date: /home/tamir/manipulator_project/install/manipulator_project/share/manipulator_project//launch/simulation.launch.py
[0.146s] -- Up-to-date: /home/tamir/manipulator_project/install/manipulator_project/share/manipulator_project//launch/start_service.launch.py
[0.146s] -- Installing: /home/tamir/manipulator_project/install/manipulator_project/share/manipulator_project//launch/rviz_urdf_check.launch.py
[0.146s] -- Up-to-date: /home/tamir/manipulator_project/install/manipulator_project/share/manipulator_project//urdf
[0.146s] -- Up-to-date: /home/tamir/manipulator_project/install/manipulator_project/share/manipulator_project//urdf/manipulator_model2.urdf.xacro
[0.146s] -- Up-to-date: /home/tamir/manipulator_project/install/manipulator_project/share/manipulator_project//robot2_moveit_config
[0.146s] -- Up-to-date: /home/tamir/manipulator_project/install/manipulator_project/share/manipulator_project//robot2_moveit_config/package.xml
[0.146s] -- Up-to-date: /home/tamir/manipulator_project/install/manipulator_project/share/manipulator_project//robot2_moveit_config/launch
[0.146s] -- Up-to-date: /home/tamir/manipulator_project/install/manipulator_project/share/manipulator_project//robot2_moveit_config/launch/__pycache__
[0.146s] -- Up-to-date: /home/tamir/manipulator_project/install/manipulator_project/share/manipulator_project//robot2_moveit_config/launch/__pycache__/demo.launch.cpython-310.pyc
[0.146s] -- Up-to-date: /home/tamir/manipulator_project/install/manipulator_project/share/manipulator_project//robot2_moveit_config/launch/setup_assistant.launch.py
[0.146s] -- Up-to-date: /home/tamir/manipulator_project/install/manipulator_project/share/manipulator_project//robot2_moveit_config/launch/move_group.launch.py
[0.147s] -- Up-to-date: /home/tamir/manipulator_project/install/manipulator_project/share/manipulator_project//robot2_moveit_config/launch/moveit_rviz.launch.py
[0.147s] -- Up-to-date: /home/tamir/manipulator_project/install/manipulator_project/share/manipulator_project//robot2_moveit_config/launch/demo.launch.py
[0.147s] -- Up-to-date: /home/tamir/manipulator_project/install/manipulator_project/share/manipulator_project//robot2_moveit_config/launch/static_virtual_joint_tfs.launch.py
[0.147s] -- Up-to-date: /home/tamir/manipulator_project/install/manipulator_project/share/manipulator_project//robot2_moveit_config/launch/warehouse_db.launch.py
[0.147s] -- Up-to-date: /home/tamir/manipulator_project/install/manipulator_project/share/manipulator_project//robot2_moveit_config/launch/spawn_controllers.launch.py
[0.147s] -- Up-to-date: /home/tamir/manipulator_project/install/manipulator_project/share/manipulator_project//robot2_moveit_config/launch/rsp.launch.py
[0.147s] -- Up-to-date: /home/tamir/manipulator_project/install/manipulator_project/share/manipulator_project//robot2_moveit_config/build
[0.147s] -- Up-to-date: /home/tamir/manipulator_project/install/manipulator_project/share/manipulator_project//robot2_moveit_config/build/robot2_moveit_config
[0.147s] -- Up-to-date: /home/tamir/manipulator_project/install/manipulator_project/share/manipulator_project//robot2_moveit_config/build/robot2_moveit_config/CTestConfiguration.ini
[0.147s] -- Up-to-date: /home/tamir/manipulator_project/install/manipulator_project/share/manipulator_project//robot2_moveit_config/build/robot2_moveit_config/ament_cmake_index
[0.147s] -- Up-to-date: /home/tamir/manipulator_project/install/manipulator_project/share/manipulator_project//robot2_moveit_config/build/robot2_moveit_config/ament_cmake_index/share
[0.147s] -- Up-to-date: /home/tamir/manipulator_project/install/manipulator_project/share/manipulator_project//robot2_moveit_config/build/robot2_moveit_config/ament_cmake_index/share/ament_index
[0.147s] -- Up-to-date: /home/tamir/manipulator_project/install/manipulator_project/share/manipulator_project//robot2_moveit_config/build/robot2_moveit_config/ament_cmake_index/share/ament_index/resource_index
[0.147s] -- Up-to-date: /home/tamir/manipulator_project/install/manipulator_project/share/manipulator_project//robot2_moveit_config/build/robot2_moveit_config/ament_cmake_index/share/ament_index/resource_index/package_run_dependencies
[0.147s] -- Up-to-date: /home/tamir/manipulator_project/install/manipulator_project/share/manipulator_project//robot2_moveit_config/build/robot2_moveit_config/ament_cmake_index/share/ament_index/resource_index/package_run_dependencies/robot2_moveit_config
[0.147s] -- Up-to-date: /home/tamir/manipulator_project/install/manipulator_project/share/manipulator_project//robot2_moveit_config/build/robot2_moveit_config/ament_cmake_index/share/ament_index/resource_index/packages
[0.147s] -- Up-to-date: /home/tamir/manipulator_project/install/manipulator_project/share/manipulator_project//robot2_moveit_config/build/robot2_moveit_config/ament_cmake_index/share/ament_index/resource_index/packages/robot2_moveit_config
[0.147s] -- Up-to-date: /home/tamir/manipulator_project/install/manipulator_project/share/manipulator_project//robot2_moveit_config/build/robot2_moveit_config/ament_cmake_index/share/ament_index/resource_index/parent_prefix_path
[0.147s] -- Up-to-date: /home/tamir/manipulator_project/install/manipulator_project/share/manipulator_project//robot2_moveit_config/build/robot2_moveit_config/ament_cmake_index/share/ament_index/resource_index/parent_prefix_path/robot2_moveit_config
[0.148s] -- Up-to-date: /home/tamir/manipulator_project/install/manipulator_project/share/manipulator_project//robot2_moveit_config/build/robot2_moveit_config/colcon_command_prefix_build.sh
[0.148s] -- Up-to-date: /home/tamir/manipulator_project/install/manipulator_project/share/manipulator_project//robot2_moveit_config/build/robot2_moveit_config/ament_cmake_uninstall_target
[0.148s] -- Up-to-date: /home/tamir/manipulator_project/install/manipulator_project/share/manipulator_project//robot2_moveit_config/build/robot2_moveit_config/ament_cmake_uninstall_target/ament_cmake_uninstall_target.cmake
[0.148s] -- Up-to-date: /home/tamir/manipulator_project/install/manipulator_project/share/manipulator_project//robot2_moveit_config/build/robot2_moveit_config/cmake_args.last
[0.148s] -- Up-to-date: /home/tamir/manipulator_project/install/manipulator_project/share/manipulator_project//robot2_moveit_config/build/robot2_moveit_config/colcon_command_prefix_build.sh.env
[0.148s] -- Up-to-date: /home/tamir/manipulator_project/install/manipulator_project/share/manipulator_project//robot2_moveit_config/build/robot2_moveit_config/CTestTestfile.cmake
[0.148s] -- Up-to-date: /home/tamir/manipulator_project/install/manipulator_project/share/manipulator_project//robot2_moveit_config/build/robot2_moveit_config/ament_cmake_core
[0.148s] -- Up-to-date: /home/tamir/manipulator_project/install/manipulator_project/share/manipulator_project//robot2_moveit_config/build/robot2_moveit_config/ament_cmake_core/robot2_moveit_configConfig.cmake
[0.148s] -- Up-to-date: /home/tamir/manipulator_project/install/manipulator_project/share/manipulator_project//robot2_moveit_config/build/robot2_moveit_config/ament_cmake_core/package.cmake
[0.148s] -- Up-to-date: /home/tamir/manipulator_project/install/manipulator_project/share/manipulator_project//robot2_moveit_config/build/robot2_moveit_config/ament_cmake_core/robot2_moveit_configConfig-version.cmake
[0.148s] -- Up-to-date: /home/tamir/manipulator_project/install/manipulator_project/share/manipulator_project//robot2_moveit_config/build/robot2_moveit_config/ament_cmake_core/stamps
[0.148s] -- Up-to-date: /home/tamir/manipulator_project/install/manipulator_project/share/manipulator_project//robot2_moveit_config/build/robot2_moveit_config/ament_cmake_core/stamps/package_xml_2_cmake.py.stamp
[0.148s] -- Up-to-date: /home/tamir/manipulator_project/install/manipulator_project/share/manipulator_project//robot2_moveit_config/build/robot2_moveit_config/ament_cmake_core/stamps/nameConfig.cmake.in.stamp
[0.148s] -- Up-to-date: /home/tamir/manipulator_project/install/manipulator_project/share/manipulator_project//robot2_moveit_config/build/robot2_moveit_config/ament_cmake_core/stamps/templates_2_cmake.py.stamp
[0.148s] -- Up-to-date: /home/tamir/manipulator_project/install/manipulator_project/share/manipulator_project//robot2_moveit_config/build/robot2_moveit_config/ament_cmake_core/stamps/nameConfig-version.cmake.in.stamp
[0.148s] -- Up-to-date: /home/tamir/manipulator_project/install/manipulator_project/share/manipulator_project//robot2_moveit_config/build/robot2_moveit_config/ament_cmake_core/stamps/package.xml.stamp
[0.148s] -- Up-to-date: /home/tamir/manipulator_project/install/manipulator_project/share/manipulator_project//robot2_moveit_config/build/robot2_moveit_config/ament_cmake_core/stamps/path.sh.stamp
[0.148s] -- Up-to-date: /home/tamir/manipulator_project/install/manipulator_project/share/manipulator_project//robot2_moveit_config/build/robot2_moveit_config/ament_cmake_core/stamps/ament_prefix_path.sh.stamp
[0.148s] -- Up-to-date: /home/tamir/manipulator_project/install/manipulator_project/share/manipulator_project//robot2_moveit_config/build/robot2_moveit_config/CTestCustom.cmake
[0.148s] -- Up-to-date: /home/tamir/manipulator_project/install/manipulator_project/share/manipulator_project//robot2_moveit_config/build/robot2_moveit_config/colcon_build.rc
[0.148s] -- Up-to-date: /home/tamir/manipulator_project/install/manipulator_project/share/manipulator_project//robot2_moveit_config/build/robot2_moveit_config/ament_cmake_package_templates
[0.149s] -- Up-to-date: /home/tamir/manipulator_project/install/manipulator_project/share/manipulator_project//robot2_moveit_config/build/robot2_moveit_config/ament_cmake_package_templates/templates.cmake
[0.149s] -- Up-to-date: /home/tamir/manipulator_project/install/manipulator_project/share/manipulator_project//robot2_moveit_config/build/robot2_moveit_config/ament_cmake_environment_hooks
[0.149s] -- Up-to-date: /home/tamir/manipulator_project/install/manipulator_project/share/manipulator_project//robot2_moveit_config/build/robot2_moveit_config/ament_cmake_environment_hooks/local_setup.sh
[0.149s] -- Up-to-date: /home/tamir/manipulator_project/install/manipulator_project/share/manipulator_project//robot2_moveit_config/build/robot2_moveit_config/ament_cmake_environment_hooks/ament_prefix_path.dsv
[0.149s] -- Up-to-date: /home/tamir/manipulator_project/install/manipulator_project/share/manipulator_project//robot2_moveit_config/build/robot2_moveit_config/ament_cmake_environment_hooks/local_setup.zsh
[0.149s] -- Up-to-date: /home/tamir/manipulator_project/install/manipulator_project/share/manipulator_project//robot2_moveit_config/build/robot2_moveit_config/ament_cmake_environment_hooks/local_setup.dsv
[0.149s] -- Up-to-date: /home/tamir/manipulator_project/install/manipulator_project/share/manipulator_project//robot2_moveit_config/build/robot2_moveit_config/ament_cmake_environment_hooks/path.dsv
[0.149s] -- Up-to-date: /home/tamir/manipulator_project/install/manipulator_project/share/manipulator_project//robot2_moveit_config/build/robot2_moveit_config/ament_cmake_environment_hooks/local_setup.bash
[0.149s] -- Up-to-date: /home/tamir/manipulator_project/install/manipulator_project/share/manipulator_project//robot2_moveit_config/build/robot2_moveit_config/ament_cmake_environment_hooks/package.dsv
[0.149s] -- Up-to-date: /home/tamir/manipulator_project/install/manipulator_project/share/manipulator_project//robot2_moveit_config/build/robot2_moveit_config/CMakeFiles
[0.149s] -- Up-to-date: /home/tamir/manipulator_project/install/manipulator_project/share/manipulator_project//robot2_moveit_config/build/robot2_moveit_config/CMakeFiles/Makefile.cmake
[0.149s] -- Up-to-date: /home/tamir/manipulator_project/install/manipulator_project/share/manipulator_project//robot2_moveit_config/build/robot2_moveit_config/CMakeFiles/CMakeOutput.log
[0.149s] -- Up-to-date: /home/tamir/manipulator_project/install/manipulator_project/share/manipulator_project//robot2_moveit_config/build/robot2_moveit_config/CMakeFiles/CMakeDirectoryInformation.cmake
[0.149s] -- Up-to-date: /home/tamir/manipulator_project/install/manipulator_project/share/manipulator_project//robot2_moveit_config/build/robot2_moveit_config/CMakeFiles/TargetDirectories.txt
[0.149s] -- Up-to-date: /home/tamir/manipulator_project/install/manipulator_project/share/manipulator_project//robot2_moveit_config/build/robot2_moveit_config/CMakeFiles/robot2_moveit_config_uninstall.dir
[0.149s] -- Up-to-date: /home/tamir/manipulator_project/install/manipulator_project/share/manipulator_project//robot2_moveit_config/build/robot2_moveit_config/CMakeFiles/robot2_moveit_config_uninstall.dir/build.make
[0.149s] -- Up-to-date: /home/tamir/manipulator_project/install/manipulator_project/share/manipulator_project//robot2_moveit_config/build/robot2_moveit_config/CMakeFiles/robot2_moveit_config_uninstall.dir/compiler_depend.make
[0.149s] -- Up-to-date: /home/tamir/manipulator_project/install/manipulator_project/share/manipulator_project//robot2_moveit_config/build/robot2_moveit_config/CMakeFiles/robot2_moveit_config_uninstall.dir/progress.make
[0.149s] -- Up-to-date: /home/tamir/manipulator_project/install/manipulator_project/share/manipulator_project//robot2_moveit_config/build/robot2_moveit_config/CMakeFiles/robot2_moveit_config_uninstall.dir/compiler_depend.ts
[0.149s] -- Up-to-date: /home/tamir/manipulator_project/install/manipulator_project/share/manipulator_project//robot2_moveit_config/build/robot2_moveit_config/CMakeFiles/robot2_moveit_config_uninstall.dir/cmake_clean.cmake
[0.149s] -- Up-to-date: /home/tamir/manipulator_project/install/manipulator_project/share/manipulator_project//robot2_moveit_config/build/robot2_moveit_config/CMakeFiles/robot2_moveit_config_uninstall.dir/DependInfo.cmake
[0.149s] -- Up-to-date: /home/tamir/manipulator_project/install/manipulator_project/share/manipulator_project//robot2_moveit_config/build/robot2_moveit_config/CMakeFiles/progress.marks
[0.149s] -- Up-to-date: /home/tamir/manipulator_project/install/manipulator_project/share/manipulator_project//robot2_moveit_config/build/robot2_moveit_config/CMakeFiles/CMakeTmp
[0.150s] -- Up-to-date: /home/tamir/manipulator_project/install/manipulator_project/share/manipulator_project//robot2_moveit_config/build/robot2_moveit_config/CMakeFiles/Makefile2
[0.150s] -- Up-to-date: /home/tamir/manipulator_project/install/manipulator_project/share/manipulator_project//robot2_moveit_config/build/robot2_moveit_config/CMakeFiles/uninstall.dir
[0.150s] -- Up-to-date: /home/tamir/manipulator_project/install/manipulator_project/share/manipulator_project//robot2_moveit_config/build/robot2_moveit_config/CMakeFiles/uninstall.dir/build.make
[0.150s] -- Up-to-date: /home/tamir/manipulator_project/install/manipulator_project/share/manipulator_project//robot2_moveit_config/build/robot2_moveit_config/CMakeFiles/uninstall.dir/compiler_depend.make
[0.150s] -- Up-to-date: /home/tamir/manipulator_project/install/manipulator_project/share/manipulator_project//robot2_moveit_config/build/robot2_moveit_config/CMakeFiles/uninstall.dir/progress.make
[0.150s] -- Up-to-date: /home/tamir/manipulator_project/install/manipulator_project/share/manipulator_project//robot2_moveit_config/build/robot2_moveit_config/CMakeFiles/uninstall.dir/compiler_depend.ts
[0.150s] -- Up-to-date: /home/tamir/manipulator_project/install/manipulator_project/share/manipulator_project//robot2_moveit_config/build/robot2_moveit_config/CMakeFiles/uninstall.dir/cmake_clean.cmake
[0.150s] -- Up-to-date: /home/tamir/manipulator_project/install/manipulator_project/share/manipulator_project//robot2_moveit_config/build/robot2_moveit_config/CMakeFiles/uninstall.dir/DependInfo.cmake
[0.150s] -- Up-to-date: /home/tamir/manipulator_project/install/manipulator_project/share/manipulator_project//robot2_moveit_config/build/robot2_moveit_config/CMakeFiles/3.22.1
[0.150s] -- Up-to-date: /home/tamir/manipulator_project/install/manipulator_project/share/manipulator_project//robot2_moveit_config/build/robot2_moveit_config/CMakeFiles/3.22.1/CMakeDetermineCompilerABI_CXX.bin
[0.150s] -- Up-to-date: /home/tamir/manipulator_project/install/manipulator_project/share/manipulator_project//robot2_moveit_config/build/robot2_moveit_config/CMakeFiles/3.22.1/CMakeSystem.cmake
[0.150s] -- Up-to-date: /home/tamir/manipulator_project/install/manipulator_project/share/manipulator_project//robot2_moveit_config/build/robot2_moveit_config/CMakeFiles/3.22.1/CMakeDetermineCompilerABI_C.bin
[0.150s] -- Up-to-date: /home/tamir/manipulator_project/install/manipulator_project/share/manipulator_project//robot2_moveit_config/build/robot2_moveit_config/CMakeFiles/3.22.1/CMakeCXXCompiler.cmake
[0.150s] -- Up-to-date: /home/tamir/manipulator_project/install/manipulator_project/share/manipulator_project//robot2_moveit_config/build/robot2_moveit_config/CMakeFiles/3.22.1/CMakeCCompiler.cmake
[0.150s] -- Up-to-date: /home/tamir/manipulator_project/install/manipulator_project/share/manipulator_project//robot2_moveit_config/build/robot2_moveit_config/CMakeFiles/3.22.1/CompilerIdCXX
[0.150s] -- Up-to-date: /home/tamir/manipulator_project/install/manipulator_project/share/manipulator_project//robot2_moveit_config/build/robot2_moveit_config/CMakeFiles/3.22.1/CompilerIdCXX/tmp
[0.150s] -- Up-to-date: /home/tamir/manipulator_project/install/manipulator_project/share/manipulator_project//robot2_moveit_config/build/robot2_moveit_config/CMakeFiles/3.22.1/CompilerIdCXX/a.out
[0.151s] -- Up-to-date: /home/tamir/manipulator_project/install/manipulator_project/share/manipulator_project//robot2_moveit_config/build/robot2_moveit_config/CMakeFiles/3.22.1/CompilerIdCXX/CMakeCXXCompilerId.cpp
[0.151s] -- Up-to-date: /home/tamir/manipulator_project/install/manipulator_project/share/manipulator_project//robot2_moveit_config/build/robot2_moveit_config/CMakeFiles/3.22.1/CompilerIdC
[0.151s] -- Up-to-date: /home/tamir/manipulator_project/install/manipulator_project/share/manipulator_project//robot2_moveit_config/build/robot2_moveit_config/CMakeFiles/3.22.1/CompilerIdC/tmp
[0.151s] -- Up-to-date: /home/tamir/manipulator_project/install/manipulator_project/share/manipulator_project//robot2_moveit_config/build/robot2_moveit_config/CMakeFiles/3.22.1/CompilerIdC/a.out
[0.151s] -- Up-to-date: /home/tamir/manipulator_project/install/manipulator_project/share/manipulator_project//robot2_moveit_config/build/robot2_moveit_config/CMakeFiles/3.22.1/CompilerIdC/CMakeCCompilerId.c
[0.151s] -- Up-to-date: /home/tamir/manipulator_project/install/manipulator_project/share/manipulator_project//robot2_moveit_config/build/robot2_moveit_config/CMakeFiles/cmake.check_cache
[0.151s] -- Up-to-date: /home/tamir/manipulator_project/install/manipulator_project/share/manipulator_project//robot2_moveit_config/build/robot2_moveit_config/CMakeFiles/CMakeRuleHashes.txt
[0.151s] -- Up-to-date: /home/tamir/manipulator_project/install/manipulator_project/share/manipulator_project//robot2_moveit_config/build/robot2_moveit_config/cmake_install.cmake
[0.151s] -- Up-to-date: /home/tamir/manipulator_project/install/manipulator_project/share/manipulator_project//robot2_moveit_config/build/robot2_moveit_config/CMakeCache.txt
[0.151s] -- Up-to-date: /home/tamir/manipulator_project/install/manipulator_project/share/manipulator_project//robot2_moveit_config/build/robot2_moveit_config/install_manifest.txt
[0.151s] -- Up-to-date: /home/tamir/manipulator_project/install/manipulator_project/share/manipulator_project//robot2_moveit_config/build/robot2_moveit_config/.cmake
[0.151s] -- Up-to-date: /home/tamir/manipulator_project/install/manipulator_project/share/manipulator_project//robot2_moveit_config/build/robot2_moveit_config/.cmake/api
[0.151s] -- Up-to-date: /home/tamir/manipulator_project/install/manipulator_project/share/manipulator_project//robot2_moveit_config/build/robot2_moveit_config/.cmake/api/v1
[0.151s] -- Up-to-date: /home/tamir/manipulator_project/install/manipulator_project/share/manipulator_project//robot2_moveit_config/build/robot2_moveit_config/.cmake/api/v1/reply
[0.151s] -- Up-to-date: /home/tamir/manipulator_project/install/manipulator_project/share/manipulator_project//robot2_moveit_config/build/robot2_moveit_config/.cmake/api/v1/reply/directory-.-b43482103471be2d05e2.json
[0.151s] -- Up-to-date: /home/tamir/manipulator_project/install/manipulator_project/share/manipulator_project//robot2_moveit_config/build/robot2_moveit_config/.cmake/api/v1/reply/codemodel-v2-9e35a3d69996f3e0e897.json
[0.151s] -- Up-to-date: /home/tamir/manipulator_project/install/manipulator_project/share/manipulator_project//robot2_moveit_config/build/robot2_moveit_config/.cmake/api/v1/reply/index-2025-03-21T15-13-30-0236.json
[0.151s] -- Up-to-date: /home/tamir/manipulator_project/install/manipulator_project/share/manipulator_project//robot2_moveit_config/build/robot2_moveit_config/.cmake/api/v1/reply/target-uninstall-bbb56078d5cb9c0d2615.json
[0.151s] -- Up-to-date: /home/tamir/manipulator_project/install/manipulator_project/share/manipulator_project//robot2_moveit_config/build/robot2_moveit_config/.cmake/api/v1/reply/target-robot2_moveit_config_uninstall-8e2d0ca8423c3a50fc83.json
[0.151s] -- Up-to-date: /home/tamir/manipulator_project/install/manipulator_project/share/manipulator_project//robot2_moveit_config/build/robot2_moveit_config/.cmake/api/v1/query
[0.151s] -- Up-to-date: /home/tamir/manipulator_project/install/manipulator_project/share/manipulator_project//robot2_moveit_config/build/robot2_moveit_config/.cmake/api/v1/query/client-colcon-cmake
[0.151s] -- Up-to-date: /home/tamir/manipulator_project/install/manipulator_project/share/manipulator_project//robot2_moveit_config/build/robot2_moveit_config/.cmake/api/v1/query/client-colcon-cmake/codemodel-v2
[0.152s] -- Up-to-date: /home/tamir/manipulator_project/install/manipulator_project/share/manipulator_project//robot2_moveit_config/build/robot2_moveit_config/Makefile
[0.152s] -- Up-to-date: /home/tamir/manipulator_project/install/manipulator_project/share/manipulator_project//robot2_moveit_config/build/COLCON_IGNORE
[0.152s] -- Up-to-date: /home/tamir/manipulator_project/install/manipulator_project/share/manipulator_project//robot2_moveit_config/build/.built_by
[0.152s] -- Up-to-date: /home/tamir/manipulator_project/install/manipulator_project/share/manipulator_project//robot2_moveit_config/CMakeLists.txt
[0.152s] -- Up-to-date: /home/tamir/manipulator_project/install/manipulator_project/share/manipulator_project//robot2_moveit_config/log
[0.152s] -- Up-to-date: /home/tamir/manipulator_project/install/manipulator_project/share/manipulator_project//robot2_moveit_config/log/COLCON_IGNORE
[0.152s] -- Up-to-date: /home/tamir/manipulator_project/install/manipulator_project/share/manipulator_project//robot2_moveit_config/log/latest
[0.152s] -- Up-to-date: /home/tamir/manipulator_project/install/manipulator_project/share/manipulator_project//robot2_moveit_config/log/latest_build
[0.152s] -- Up-to-date: /home/tamir/manipulator_project/install/manipulator_project/share/manipulator_project//robot2_moveit_config/log/build_2025-03-21_17-13-29
[0.152s] -- Up-to-date: /home/tamir/manipulator_project/install/manipulator_project/share/manipulator_project//robot2_moveit_config/log/build_2025-03-21_17-13-29/events.log
[0.152s] -- Up-to-date: /home/tamir/manipulator_project/install/manipulator_project/share/manipulator_project//robot2_moveit_config/log/build_2025-03-21_17-13-29/robot2_moveit_config
[0.152s] -- Up-to-date: /home/tamir/manipulator_project/install/manipulator_project/share/manipulator_project//robot2_moveit_config/log/build_2025-03-21_17-13-29/robot2_moveit_config/command.log
[0.152s] -- Up-to-date: /home/tamir/manipulator_project/install/manipulator_project/share/manipulator_project//robot2_moveit_config/log/build_2025-03-21_17-13-29/robot2_moveit_config/stderr.log
[0.152s] -- Up-to-date: /home/tamir/manipulator_project/install/manipulator_project/share/manipulator_project//robot2_moveit_config/log/build_2025-03-21_17-13-29/robot2_moveit_config/stdout_stderr.log
[0.152s] -- Up-to-date: /home/tamir/manipulator_project/install/manipulator_project/share/manipulator_project//robot2_moveit_config/log/build_2025-03-21_17-13-29/robot2_moveit_config/streams.log
[0.152s] -- Up-to-date: /home/tamir/manipulator_project/install/manipulator_project/share/manipulator_project//robot2_moveit_config/log/build_2025-03-21_17-13-29/robot2_moveit_config/stdout.log
[0.152s] -- Up-to-date: /home/tamir/manipulator_project/install/manipulator_project/share/manipulator_project//robot2_moveit_config/log/build_2025-03-21_17-13-29/logger_all.log
[0.152s] -- Up-to-date: /home/tamir/manipulator_project/install/manipulator_project/share/manipulator_project//robot2_moveit_config/config
[0.152s] -- Up-to-date: /home/tamir/manipulator_project/install/manipulator_project/share/manipulator_project//robot2_moveit_config/config/manipulator_robot2.srdf
[0.152s] -- Up-to-date: /home/tamir/manipulator_project/install/manipulator_project/share/manipulator_project//robot2_moveit_config/config/moveit_controllers.yaml
[0.152s] -- Up-to-date: /home/tamir/manipulator_project/install/manipulator_project/share/manipulator_project//robot2_moveit_config/config/kinematics.yaml
[0.152s] -- Up-to-date: /home/tamir/manipulator_project/install/manipulator_project/share/manipulator_project//robot2_moveit_config/config/ros2_controllers.yaml
[0.152s] -- Up-to-date: /home/tamir/manipulator_project/install/manipulator_project/share/manipulator_project//robot2_moveit_config/config/joint_limits.yaml
[0.152s] -- Up-to-date: /home/tamir/manipulator_project/install/manipulator_project/share/manipulator_project//robot2_moveit_config/config/moveit.rviz
[0.153s] -- Up-to-date: /home/tamir/manipulator_project/install/manipulator_project/share/manipulator_project//robot2_moveit_config/config/manipulator_robot2.ros2_control.xacro
[0.153s] -- Up-to-date: /home/tamir/manipulator_project/install/manipulator_project/share/manipulator_project//robot2_moveit_config/config/manipulator_robot2.urdf.xacro
[0.153s] -- Up-to-date: /home/tamir/manipulator_project/install/manipulator_project/share/manipulator_project//robot2_moveit_config/config/pilz_cartesian_limits.yaml
[0.153s] -- Up-to-date: /home/tamir/manipulator_project/install/manipulator_project/share/manipulator_project//robot2_moveit_config/config/initial_positions.yaml
[0.153s] -- Up-to-date: /home/tamir/manipulator_project/install/manipulator_project/share/manipulator_project//robot2_moveit_config/install
[0.153s] -- Up-to-date: /home/tamir/manipulator_project/install/manipulator_project/share/manipulator_project//robot2_moveit_config/install/setup.ps1
[0.153s] -- Up-to-date: /home/tamir/manipulator_project/install/manipulator_project/share/manipulator_project//robot2_moveit_config/install/setup.zsh
[0.153s] -- Up-to-date: /home/tamir/manipulator_project/install/manipulator_project/share/manipulator_project//robot2_moveit_config/install/robot2_moveit_config
[0.153s] -- Up-to-date: /home/tamir/manipulator_project/install/manipulator_project/share/manipulator_project//robot2_moveit_config/install/robot2_moveit_config/share
[0.153s] -- Up-to-date: /home/tamir/manipulator_project/install/manipulator_project/share/manipulator_project//robot2_moveit_config/install/robot2_moveit_config/share/robot2_moveit_config
[0.153s] -- Up-to-date: /home/tamir/manipulator_project/install/manipulator_project/share/manipulator_project//robot2_moveit_config/install/robot2_moveit_config/share/robot2_moveit_config/package.zsh
[0.153s] -- Up-to-date: /home/tamir/manipulator_project/install/manipulator_project/share/manipulator_project//robot2_moveit_config/install/robot2_moveit_config/share/robot2_moveit_config/package.xml
[0.153s] -- Up-to-date: /home/tamir/manipulator_project/install/manipulator_project/share/manipulator_project//robot2_moveit_config/install/robot2_moveit_config/share/robot2_moveit_config/local_setup.sh
[0.153s] -- Up-to-date: /home/tamir/manipulator_project/install/manipulator_project/share/manipulator_project//robot2_moveit_config/install/robot2_moveit_config/share/robot2_moveit_config/launch
[0.153s] -- Up-to-date: /home/tamir/manipulator_project/install/manipulator_project/share/manipulator_project//robot2_moveit_config/install/robot2_moveit_config/share/robot2_moveit_config/launch/__pycache__
[0.153s] -- Installing: /home/tamir/manipulator_project/install/manipulator_project/share/manipulator_project//robot2_moveit_config/install/robot2_moveit_config/share/robot2_moveit_config/launch/__pycache__/move_group.launch.cpython-310.pyc
[0.153s] -- Installing: /home/tamir/manipulator_project/install/manipulator_project/share/manipulator_project//robot2_moveit_config/install/robot2_moveit_config/share/robot2_moveit_config/launch/__pycache__/moveit_rviz.launch.cpython-310.pyc
[0.153s] -- Installing: /home/tamir/manipulator_project/install/manipulator_project/share/manipulator_project//robot2_moveit_config/install/robot2_moveit_config/share/robot2_moveit_config/launch/__pycache__/spawn_controllers.launch.cpython-310.pyc
[0.153s] -- Installing: /home/tamir/manipulator_project/install/manipulator_project/share/manipulator_project//robot2_moveit_config/install/robot2_moveit_config/share/robot2_moveit_config/launch/__pycache__/rsp.launch.cpython-310.pyc
[0.153s] -- Installing: /home/tamir/manipulator_project/install/manipulator_project/share/manipulator_project//robot2_moveit_config/install/robot2_moveit_config/share/robot2_moveit_config/launch/__pycache__/static_virtual_joint_tfs.launch.cpython-310.pyc
[0.153s] -- Installing: /home/tamir/manipulator_project/install/manipulator_project/share/manipulator_project//robot2_moveit_config/install/robot2_moveit_config/share/robot2_moveit_config/launch/__pycache__/demo.launch.cpython-310.pyc
[0.153s] -- Installing: /home/tamir/manipulator_project/install/manipulator_project/share/manipulator_project//robot2_moveit_config/install/robot2_moveit_config/share/robot2_moveit_config/launch/__pycache__/warehouse_db.launch.cpython-310.pyc
[0.153s] -- Up-to-date: /home/tamir/manipulator_project/install/manipulator_project/share/manipulator_project//robot2_moveit_config/install/robot2_moveit_config/share/robot2_moveit_config/launch/setup_assistant.launch.py
[0.153s] -- Up-to-date: /home/tamir/manipulator_project/install/manipulator_project/share/manipulator_project//robot2_moveit_config/install/robot2_moveit_config/share/robot2_moveit_config/launch/move_group.launch.py
[0.153s] -- Up-to-date: /home/tamir/manipulator_project/install/manipulator_project/share/manipulator_project//robot2_moveit_config/install/robot2_moveit_config/share/robot2_moveit_config/launch/moveit_rviz.launch.py
[0.154s] -- Up-to-date: /home/tamir/manipulator_project/install/manipulator_project/share/manipulator_project//robot2_moveit_config/install/robot2_moveit_config/share/robot2_moveit_config/launch/demo.launch.py
[0.154s] -- Up-to-date: /home/tamir/manipulator_project/install/manipulator_project/share/manipulator_project//robot2_moveit_config/install/robot2_moveit_config/share/robot2_moveit_config/launch/static_virtual_joint_tfs.launch.py
[0.154s] -- Up-to-date: /home/tamir/manipulator_project/install/manipulator_project/share/manipulator_project//robot2_moveit_config/install/robot2_moveit_config/share/robot2_moveit_config/launch/warehouse_db.launch.py
[0.154s] -- Up-to-date: /home/tamir/manipulator_project/install/manipulator_project/share/manipulator_project//robot2_moveit_config/install/robot2_moveit_config/share/robot2_moveit_config/launch/spawn_controllers.launch.py
[0.154s] -- Up-to-date: /home/tamir/manipulator_project/install/manipulator_project/share/manipulator_project//robot2_moveit_config/install/robot2_moveit_config/share/robot2_moveit_config/launch/rsp.launch.py
[0.154s] -- Up-to-date: /home/tamir/manipulator_project/install/manipulator_project/share/manipulator_project//robot2_moveit_config/install/robot2_moveit_config/share/robot2_moveit_config/environment
[0.154s] -- Up-to-date: /home/tamir/manipulator_project/install/manipulator_project/share/manipulator_project//robot2_moveit_config/install/robot2_moveit_config/share/robot2_moveit_config/environment/ament_prefix_path.sh
[0.154s] -- Up-to-date: /home/tamir/manipulator_project/install/manipulator_project/share/manipulator_project//robot2_moveit_config/install/robot2_moveit_config/share/robot2_moveit_config/environment/path.sh
[0.154s] -- Up-to-date: /home/tamir/manipulator_project/install/manipulator_project/share/manipulator_project//robot2_moveit_config/install/robot2_moveit_config/share/robot2_moveit_config/environment/ament_prefix_path.dsv
[0.154s] -- Up-to-date: /home/tamir/manipulator_project/install/manipulator_project/share/manipulator_project//robot2_moveit_config/install/robot2_moveit_config/share/robot2_moveit_config/environment/path.dsv
[0.154s] -- Up-to-date: /home/tamir/manipulator_project/install/manipulator_project/share/manipulator_project//robot2_moveit_config/install/robot2_moveit_config/share/robot2_moveit_config/cmake
[0.154s] -- Up-to-date: /home/tamir/manipulator_project/install/manipulator_project/share/manipulator_project//robot2_moveit_config/install/robot2_moveit_config/share/robot2_moveit_config/cmake/robot2_moveit_configConfig.cmake
[0.154s] -- Up-to-date: /home/tamir/manipulator_project/install/manipulator_project/share/manipulator_project//robot2_moveit_config/install/robot2_moveit_config/share/robot2_moveit_config/cmake/robot2_moveit_configConfig-version.cmake
[0.154s] -- Up-to-date: /home/tamir/manipulator_project/install/manipulator_project/share/manipulator_project//robot2_moveit_config/install/robot2_moveit_config/share/robot2_moveit_config/package.ps1
[0.154s] -- Up-to-date: /home/tamir/manipulator_project/install/manipulator_project/share/manipulator_project//robot2_moveit_config/install/robot2_moveit_config/share/robot2_moveit_config/config
[0.154s] -- Up-to-date: /home/tamir/manipulator_project/install/manipulator_project/share/manipulator_project//robot2_moveit_config/install/robot2_moveit_config/share/robot2_moveit_config/config/manipulator_robot2.srdf
[0.154s] -- Up-to-date: /home/tamir/manipulator_project/install/manipulator_project/share/manipulator_project//robot2_moveit_config/install/robot2_moveit_config/share/robot2_moveit_config/config/moveit_controllers.yaml
[0.154s] -- Up-to-date: /home/tamir/manipulator_project/install/manipulator_project/share/manipulator_project//robot2_moveit_config/install/robot2_moveit_config/share/robot2_moveit_config/config/kinematics.yaml
[0.154s] -- Up-to-date: /home/tamir/manipulator_project/install/manipulator_project/share/manipulator_project//robot2_moveit_config/install/robot2_moveit_config/share/robot2_moveit_config/config/ros2_controllers.yaml
[0.154s] -- Up-to-date: /home/tamir/manipulator_project/install/manipulator_project/share/manipulator_project//robot2_moveit_config/install/robot2_moveit_config/share/robot2_moveit_config/config/joint_limits.yaml
[0.154s] -- Up-to-date: /home/tamir/manipulator_project/install/manipulator_project/share/manipulator_project//robot2_moveit_config/install/robot2_moveit_config/share/robot2_moveit_config/config/moveit.rviz
[0.154s] -- Up-to-date: /home/tamir/manipulator_project/install/manipulator_project/share/manipulator_project//robot2_moveit_config/install/robot2_moveit_config/share/robot2_moveit_config/config/manipulator_robot2.ros2_control.xacro
[0.154s] -- Up-to-date: /home/tamir/manipulator_project/install/manipulator_project/share/manipulator_project//robot2_moveit_config/install/robot2_moveit_config/share/robot2_moveit_config/config/manipulator_robot2.urdf.xacro
[0.154s] -- Up-to-date: /home/tamir/manipulator_project/install/manipulator_project/share/manipulator_project//robot2_moveit_config/install/robot2_moveit_config/share/robot2_moveit_config/config/pilz_cartesian_limits.yaml
[0.154s] -- Up-to-date: /home/tamir/manipulator_project/install/manipulator_project/share/manipulator_project//robot2_moveit_config/install/robot2_moveit_config/share/robot2_moveit_config/config/initial_positions.yaml
[0.154s] -- Up-to-date: /home/tamir/manipulator_project/install/manipulator_project/share/manipulator_project//robot2_moveit_config/install/robot2_moveit_config/share/robot2_moveit_config/local_setup.zsh
[0.154s] -- Up-to-date: /home/tamir/manipulator_project/install/manipulator_project/share/manipulator_project//robot2_moveit_config/install/robot2_moveit_config/share/robot2_moveit_config/local_setup.dsv
[0.154s] -- Up-to-date: /home/tamir/manipulator_project/install/manipulator_project/share/manipulator_project//robot2_moveit_config/install/robot2_moveit_config/share/robot2_moveit_config/package.sh
[0.154s] -- Up-to-date: /home/tamir/manipulator_project/install/manipulator_project/share/manipulator_project//robot2_moveit_config/install/robot2_moveit_config/share/robot2_moveit_config/hook
[0.155s] -- Up-to-date: /home/tamir/manipulator_project/install/manipulator_project/share/manipulator_project//robot2_moveit_config/install/robot2_moveit_config/share/robot2_moveit_config/hook/cmake_prefix_path.dsv
[0.155s] -- Up-to-date: /home/tamir/manipulator_project/install/manipulator_project/share/manipulator_project//robot2_moveit_config/install/robot2_moveit_config/share/robot2_moveit_config/hook/cmake_prefix_path.sh
[0.155s] -- Up-to-date: /home/tamir/manipulator_project/install/manipulator_project/share/manipulator_project//robot2_moveit_config/install/robot2_moveit_config/share/robot2_moveit_config/hook/cmake_prefix_path.ps1
[0.155s] -- Up-to-date: /home/tamir/manipulator_project/install/manipulator_project/share/manipulator_project//robot2_moveit_config/install/robot2_moveit_config/share/robot2_moveit_config/local_setup.bash
[0.155s] -- Up-to-date: /home/tamir/manipulator_project/install/manipulator_project/share/manipulator_project//robot2_moveit_config/install/robot2_moveit_config/share/robot2_moveit_config/package.dsv
[0.155s] -- Up-to-date: /home/tamir/manipulator_project/install/manipulator_project/share/manipulator_project//robot2_moveit_config/install/robot2_moveit_config/share/robot2_moveit_config/.setup_assistant
[0.155s] -- Up-to-date: /home/tamir/manipulator_project/install/manipulator_project/share/manipulator_project//robot2_moveit_config/install/robot2_moveit_config/share/robot2_moveit_config/package.bash
[0.155s] -- Up-to-date: /home/tamir/manipulator_project/install/manipulator_project/share/manipulator_project//robot2_moveit_config/install/robot2_moveit_config/share/colcon-core
[0.155s] -- Up-to-date: /home/tamir/manipulator_project/install/manipulator_project/share/manipulator_project//robot2_moveit_config/install/robot2_moveit_config/share/colcon-core/packages
[0.155s] -- Up-to-date: /home/tamir/manipulator_project/install/manipulator_project/share/manipulator_project//robot2_moveit_config/install/robot2_moveit_config/share/colcon-core/packages/robot2_moveit_config
[0.155s] -- Up-to-date: /home/tamir/manipulator_project/install/manipulator_project/share/manipulator_project//robot2_moveit_config/install/robot2_moveit_config/share/ament_index
[0.155s] -- Up-to-date: /home/tamir/manipulator_project/install/manipulator_project/share/manipulator_project//robot2_moveit_config/install/robot2_moveit_config/share/ament_index/resource_index
[0.155s] -- Up-to-date: /home/tamir/manipulator_project/install/manipulator_project/share/manipulator_project//robot2_moveit_config/install/robot2_moveit_config/share/ament_index/resource_index/package_run_dependencies
[0.155s] -- Up-to-date: /home/tamir/manipulator_project/install/manipulator_project/share/manipulator_project//robot2_moveit_config/install/robot2_moveit_config/share/ament_index/resource_index/package_run_dependencies/robot2_moveit_config
[0.155s] -- Up-to-date: /home/tamir/manipulator_project/install/manipulator_project/share/manipulator_project//robot2_moveit_config/install/robot2_moveit_config/share/ament_index/resource_index/packages
[0.155s] -- Up-to-date: /home/tamir/manipulator_project/install/manipulator_project/share/manipulator_project//robot2_moveit_config/install/robot2_moveit_config/share/ament_index/resource_index/packages/robot2_moveit_config
[0.155s] -- Up-to-date: /home/tamir/manipulator_project/install/manipulator_project/share/manipulator_project//robot2_moveit_config/install/robot2_moveit_config/share/ament_index/resource_index/parent_prefix_path
[0.155s] -- Up-to-date: /home/tamir/manipulator_project/install/manipulator_project/share/manipulator_project//robot2_moveit_config/install/robot2_moveit_config/share/ament_index/resource_index/parent_prefix_path/robot2_moveit_config
[0.155s] -- Up-to-date: /home/tamir/manipulator_project/install/manipulator_project/share/manipulator_project//robot2_moveit_config/install/local_setup.sh
[0.155s] -- Up-to-date: /home/tamir/manipulator_project/install/manipulator_project/share/manipulator_project//robot2_moveit_config/install/_local_setup_util_ps1.py
[0.155s] -- Up-to-date: /home/tamir/manipulator_project/install/manipulator_project/share/manipulator_project//robot2_moveit_config/install/COLCON_IGNORE
[0.155s] -- Up-to-date: /home/tamir/manipulator_project/install/manipulator_project/share/manipulator_project//robot2_moveit_config/install/.colcon_install_layout
[0.155s] -- Up-to-date: /home/tamir/manipulator_project/install/manipulator_project/share/manipulator_project//robot2_moveit_config/install/setup.sh
[0.155s] -- Up-to-date: /home/tamir/manipulator_project/install/manipulator_project/share/manipulator_project//robot2_moveit_config/install/setup.bash
[0.155s] -- Up-to-date: /home/tamir/manipulator_project/install/manipulator_project/share/manipulator_project//robot2_moveit_config/install/local_setup.zsh
[0.155s] -- Up-to-date: /home/tamir/manipulator_project/install/manipulator_project/share/manipulator_project//robot2_moveit_config/install/local_setup.ps1
[0.155s] -- Up-to-date: /home/tamir/manipulator_project/install/manipulator_project/share/manipulator_project//robot2_moveit_config/install/local_setup.bash
[0.155s] -- Up-to-date: /home/tamir/manipulator_project/install/manipulator_project/share/manipulator_project//robot2_moveit_config/install/_local_setup_util_sh.py
[0.155s] -- Up-to-date: /home/tamir/manipulator_project/install/manipulator_project/share/manipulator_project//robot2_moveit_config/.setup_assistant
[0.156s] -- Up-to-date: /home/tamir/manipulator_project/install/manipulator_project/share/ament_index/resource_index/package_run_dependencies/manipulator_project
[0.156s] -- Up-to-date: /home/tamir/manipulator_project/install/manipulator_project/share/ament_index/resource_index/parent_prefix_path/manipulator_project
[0.156s] -- Up-to-date: /home/tamir/manipulator_project/install/manipulator_project/share/manipulator_project/environment/ament_prefix_path.sh
[0.156s] -- Up-to-date: /home/tamir/manipulator_project/install/manipulator_project/share/manipulator_project/environment/ament_prefix_path.dsv
[0.156s] -- Up-to-date: /home/tamir/manipulator_project/install/manipulator_project/share/manipulator_project/environment/path.sh
[0.156s] -- Up-to-date: /home/tamir/manipulator_project/install/manipulator_project/share/manipulator_project/environment/path.dsv
[0.156s] -- Up-to-date: /home/tamir/manipulator_project/install/manipulator_project/share/manipulator_project/local_setup.bash
[0.156s] -- Up-to-date: /home/tamir/manipulator_project/install/manipulator_project/share/manipulator_project/local_setup.sh
[0.156s] -- Up-to-date: /home/tamir/manipulator_project/install/manipulator_project/share/manipulator_project/local_setup.zsh
[0.156s] -- Up-to-date: /home/tamir/manipulator_project/install/manipulator_project/share/manipulator_project/local_setup.dsv
[0.156s] -- Up-to-date: /home/tamir/manipulator_project/install/manipulator_project/share/manipulator_project/package.dsv
[0.156s] -- Up-to-date: /home/tamir/manipulator_project/install/manipulator_project/share/ament_index/resource_index/packages/manipulator_project
[0.156s] -- Up-to-date: /home/tamir/manipulator_project/install/manipulator_project/share/manipulator_project/cmake/manipulator_projectConfig.cmake
[0.156s] -- Up-to-date: /home/tamir/manipulator_project/install/manipulator_project/share/manipulator_project/cmake/manipulator_projectConfig-version.cmake
[0.156s] -- Up-to-date: /home/tamir/manipulator_project/install/manipulator_project/share/manipulator_project/package.xml
[0.156s] Invoked command in '/home/tamir/manipulator_project/build/manipulator_project' returned '0': CMAKE_PREFIX_PATH=${CMAKE_PREFIX_PATH}:/home/tamir/ws_moveit2/install/moveit_configs_utils:/home/tamir/ws_moveit2/install/launch_param_builder:/home/tamir/autonomous_robot/install/calc_odom:/home/tamir/autonomous_robot/install/control_hardware:/home/tamir/ros2_ws/install/turtle_spawner:/home/tamir/ros2_ws/install/turtle_controller:/home/tamir/ros2_ws/install/my_py_pkg:/home/tamir/autonomous_robot/autonomous_robot_control/install/control_hardware:/home/tamir/autonomous_robot/autonomous_robot_control/install/calc_odom:/home/tamir/autonomous_robot/autonomous_robot_control/src/control_hardware/install/control_hardware:/opt/ros/humble /usr/bin/cmake --install /home/tamir/manipulator_project/build/manipulator_project
