[35m[1mConsolidate compiler generated dependencies of target move_robot[0m
[100%] Built target move_robot
-- Install configuration: ""
-- Up-to-date: /home/tamir/manipulator_project/install/manipulator_project/lib/manipulator_project/move_robot
-- Up-to-date: /home/tamir/manipulator_project/install/manipulator_project/share/manipulator_project//config
-- Up-to-date: /home/tamir/manipulator_project/install/manipulator_project/share/manipulator_project//config/urdf_config.rviz
-- Up-to-date: /home/tamir/manipulator_project/install/manipulator_project/share/manipulator_project//launch
-- Up-to-date: /home/tamir/manipulator_project/install/manipulator_project/share/manipulator_project//launch/simulation.launch.py
-- Up-to-date: /home/tamir/manipulator_project/install/manipulator_project/share/manipulator_project//launch/rviz_urdf_check.launch.py
-- Up-to-date: /home/tamir/manipulator_project/install/manipulator_project/share/manipulator_project//urdf
-- Up-to-date: /home/tamir/manipulator_project/install/manipulator_project/share/manipulator_project//urdf/manipulator_model.urdf.xacro
-- Installing: /home/tamir/manipulator_project/install/manipulator_project/share/manipulator_project//urdf/build
-- Installing: /home/tamir/manipulator_project/install/manipulator_project/share/manipulator_project//urdf/build/COLCON_IGNORE
-- Installing: /home/tamir/manipulator_project/install/manipulator_project/share/manipulator_project//urdf/build/.built_by
-- Installing: /home/tamir/manipulator_project/install/manipulator_project/share/manipulator_project//urdf/log
-- Installing: /home/tamir/manipulator_project/install/manipulator_project/share/manipulator_project//urdf/log/COLCON_IGNORE
-- Installing: /home/tamir/manipulator_project/install/manipulator_project/share/manipulator_project//urdf/log/latest
-- Installing: /home/tamir/manipulator_project/install/manipulator_project/share/manipulator_project//urdf/log/latest_build
-- Installing: /home/tamir/manipulator_project/install/manipulator_project/share/manipulator_project//urdf/log/build_2025-01-24_23-38-41
-- Installing: /home/tamir/manipulator_project/install/manipulator_project/share/manipulator_project//urdf/log/build_2025-01-24_23-38-41/events.log
-- Installing: /home/tamir/manipulator_project/install/manipulator_project/share/manipulator_project//urdf/log/build_2025-01-24_23-38-41/logger_all.log
-- Installing: /home/tamir/manipulator_project/install/manipulator_project/share/manipulator_project//urdf/install
-- Installing: /home/tamir/manipulator_project/install/manipulator_project/share/manipulator_project//urdf/install/setup.ps1
-- Installing: /home/tamir/manipulator_project/install/manipulator_project/share/manipulator_project//urdf/install/setup.zsh
-- Installing: /home/tamir/manipulator_project/install/manipulator_project/share/manipulator_project//urdf/install/local_setup.sh
-- Installing: /home/tamir/manipulator_project/install/manipulator_project/share/manipulator_project//urdf/install/_local_setup_util_ps1.py
-- Installing: /home/tamir/manipulator_project/install/manipulator_project/share/manipulator_project//urdf/install/COLCON_IGNORE
-- Installing: /home/tamir/manipulator_project/install/manipulator_project/share/manipulator_project//urdf/install/.colcon_install_layout
-- Installing: /home/tamir/manipulator_project/install/manipulator_project/share/manipulator_project//urdf/install/setup.sh
-- Installing: /home/tamir/manipulator_project/install/manipulator_project/share/manipulator_project//urdf/install/setup.bash
-- Installing: /home/tamir/manipulator_project/install/manipulator_project/share/manipulator_project//urdf/install/local_setup.zsh
-- Installing: /home/tamir/manipulator_project/install/manipulator_project/share/manipulator_project//urdf/install/local_setup.ps1
-- Installing: /home/tamir/manipulator_project/install/manipulator_project/share/manipulator_project//urdf/install/local_setup.bash
-- Installing: /home/tamir/manipulator_project/install/manipulator_project/share/manipulator_project//urdf/install/_local_setup_util_sh.py
-- Up-to-date: /home/tamir/manipulator_project/install/manipulator_project/share/ament_index/resource_index/package_run_dependencies/manipulator_project
-- Up-to-date: /home/tamir/manipulator_project/install/manipulator_project/share/ament_index/resource_index/parent_prefix_path/manipulator_project
-- Up-to-date: /home/tamir/manipulator_project/install/manipulator_project/share/manipulator_project/environment/ament_prefix_path.sh
-- Up-to-date: /home/tamir/manipulator_project/install/manipulator_project/share/manipulator_project/environment/ament_prefix_path.dsv
-- Up-to-date: /home/tamir/manipulator_project/install/manipulator_project/share/manipulator_project/environment/path.sh
-- Up-to-date: /home/tamir/manipulator_project/install/manipulator_project/share/manipulator_project/environment/path.dsv
-- Up-to-date: /home/tamir/manipulator_project/install/manipulator_project/share/manipulator_project/local_setup.bash
-- Up-to-date: /home/tamir/manipulator_project/install/manipulator_project/share/manipulator_project/local_setup.sh
-- Up-to-date: /home/tamir/manipulator_project/install/manipulator_project/share/manipulator_project/local_setup.zsh
-- Up-to-date: /home/tamir/manipulator_project/install/manipulator_project/share/manipulator_project/local_setup.dsv
-- Installing: /home/tamir/manipulator_project/install/manipulator_project/share/manipulator_project/package.dsv
-- Up-to-date: /home/tamir/manipulator_project/install/manipulator_project/share/ament_index/resource_index/packages/manipulator_project
-- Up-to-date: /home/tamir/manipulator_project/install/manipulator_project/share/manipulator_project/cmake/manipulator_projectConfig.cmake
-- Up-to-date: /home/tamir/manipulator_project/install/manipulator_project/share/manipulator_project/cmake/manipulator_projectConfig-version.cmake
-- Up-to-date: /home/tamir/manipulator_project/install/manipulator_project/share/manipulator_project/package.xml
