[0.078s] DEBUG:colcon:Command line arguments: ['/usr/bin/colcon', 'build']
[0.078s] DEBUG:colcon:Parsed command line arguments: Namespace(log_base=None, log_level=None, verb_name='build', build_base='build', install_base='install', merge_install=False, symlink_install=False, test_result_base=None, continue_on_error=False, executor='parallel', parallel_workers=12, event_handlers=None, ignore_user_meta=False, metas=['./colcon.meta'], base_paths=['.'], packages_ignore=None, packages_ignore_regex=None, paths=None, packages_up_to=None, packages_up_to_regex=None, packages_above=None, packages_above_and_dependencies=None, packages_above_depth=None, packages_select_by_dep=None, packages_skip_by_dep=None, packages_skip_up_to=None, packages_select_build_failed=False, packages_skip_build_finished=False, packages_select_test_failures=False, packages_skip_test_passed=False, packages_select=None, packages_skip=None, packages_select_regex=None, packages_skip_regex=None, packages_start=None, packages_end=None, allow_overriding=[], cmake_args=None, cmake_target=None, cmake_target_skip_unavailable=False, cmake_clean_cache=False, cmake_clean_first=False, cmake_force_configure=False, ament_cmake_args=None, catkin_cmake_args=None, catkin_skip_building_tests=False, mixin_files=None, mixin=None, verb_parser=<colcon_mixin.mixin.mixin_argument.MixinArgumentDecorator object at 0x79786f269a50>, verb_extension=<colcon_core.verb.build.BuildVerb object at 0x79786f268bb0>, main=<bound method BuildVerb.main of <colcon_core.verb.build.BuildVerb object at 0x79786f268bb0>>, mixin_verb=('build',))
[0.200s] Level 1:colcon.colcon_core.package_discovery:discover_packages(colcon_meta) check parameters
[0.200s] Level 1:colcon.colcon_core.package_discovery:discover_packages(recursive) check parameters
[0.200s] Level 1:colcon.colcon_core.package_discovery:discover_packages(ignore) check parameters
[0.200s] Level 1:colcon.colcon_core.package_discovery:discover_packages(path) check parameters
[0.200s] Level 1:colcon.colcon_core.package_discovery:discover_packages(colcon_meta) discover
[0.200s] Level 1:colcon.colcon_core.package_discovery:discover_packages(recursive) discover
[0.200s] INFO:colcon.colcon_core.package_discovery:Crawling recursively for packages in '/home/tamir/manipulator_project/src/manipulator_interfaces'
[0.200s] Level 1:colcon.colcon_core.package_identification:_identify(.) by extensions ['ignore', 'ignore_ament_install']
[0.200s] Level 1:colcon.colcon_core.package_identification:_identify(.) by extension 'ignore'
[0.200s] Level 1:colcon.colcon_core.package_identification:_identify(.) by extension 'ignore_ament_install'
[0.200s] Level 1:colcon.colcon_core.package_identification:_identify(.) by extensions ['colcon_pkg']
[0.200s] Level 1:colcon.colcon_core.package_identification:_identify(.) by extension 'colcon_pkg'
[0.200s] Level 1:colcon.colcon_core.package_identification:_identify(.) by extensions ['colcon_meta']
[0.200s] Level 1:colcon.colcon_core.package_identification:_identify(.) by extension 'colcon_meta'
[0.200s] Level 1:colcon.colcon_core.package_identification:_identify(.) by extensions ['ros']
[0.200s] Level 1:colcon.colcon_core.package_identification:_identify(.) by extension 'ros'
[0.215s] DEBUG:colcon.colcon_core.package_identification:Package '.' with type 'ros.ament_cmake' and name 'manipulator_interfaces'
[0.215s] Level 1:colcon.colcon_core.package_discovery:discover_packages(recursive) using defaults
[0.215s] Level 1:colcon.colcon_core.package_discovery:discover_packages(ignore) discover
[0.215s] Level 1:colcon.colcon_core.package_discovery:discover_packages(ignore) using defaults
[0.215s] Level 1:colcon.colcon_core.package_discovery:discover_packages(path) discover
[0.215s] Level 1:colcon.colcon_core.package_discovery:discover_packages(path) using defaults
[0.229s] Level 1:colcon.colcon_core.package_discovery:discover_packages(prefix_path) check parameters
[0.229s] Level 1:colcon.colcon_core.package_discovery:discover_packages(prefix_path) discover
[0.229s] WARNING:colcon.colcon_core.prefix_path.colcon:The path '/home/tamir/manipulator_project/src/robot2_moveit_config/install' in the environment variable COLCON_PREFIX_PATH doesn't exist
[0.229s] WARNING:colcon.colcon_core.prefix_path.colcon:The path '/home/tamir/manipulator_project/src/manipulator_project/install' in the environment variable COLCON_PREFIX_PATH doesn't exist
[0.230s] WARNING:colcon.colcon_core.prefix_path.colcon:The path '/home/tamir/manipulator_project/src/install' in the environment variable COLCON_PREFIX_PATH doesn't exist
[0.230s] WARNING:colcon.colcon_core.prefix_path.colcon:The path '/home/tamir/manipulator_project/install' in the environment variable COLCON_PREFIX_PATH doesn't exist
[0.230s] WARNING:colcon.colcon_ros.prefix_path.ament:The path '/home/tamir/manipulator_project/src/install/robot2_moveit_config' in the environment variable AMENT_PREFIX_PATH doesn't exist
[0.230s] WARNING:colcon.colcon_ros.prefix_path.ament:The path '/home/tamir/manipulator_project/src/install/manipulator_interfaces' in the environment variable AMENT_PREFIX_PATH doesn't exist
[0.230s] WARNING:colcon.colcon_ros.prefix_path.ament:The path '/home/tamir/manipulator_project/src/robot2_moveit_config/install/robot2_moveit_config' in the environment variable AMENT_PREFIX_PATH doesn't exist
[0.230s] WARNING:colcon.colcon_ros.prefix_path.ament:The path '/home/tamir/manipulator_project/src/manipulator_interfaces/install/manipulator_interfaces' in the environment variable AMENT_PREFIX_PATH doesn't exist
[0.231s] WARNING:colcon.colcon_ros.prefix_path.catkin:The path '/home/tamir/manipulator_project/src/install/robot2_moveit_config' in the environment variable CMAKE_PREFIX_PATH doesn't exist
[0.231s] WARNING:colcon.colcon_ros.prefix_path.catkin:The path '/home/tamir/manipulator_project/src/install/manipulator_interfaces' in the environment variable CMAKE_PREFIX_PATH doesn't exist
[0.231s] WARNING:colcon.colcon_ros.prefix_path.catkin:The path '/home/tamir/manipulator_project/src/robot2_moveit_config/install/robot2_moveit_config' in the environment variable CMAKE_PREFIX_PATH doesn't exist
[0.231s] WARNING:colcon.colcon_ros.prefix_path.catkin:The path '/home/tamir/manipulator_project/src/manipulator_interfaces/install/manipulator_interfaces' in the environment variable CMAKE_PREFIX_PATH doesn't exist
[0.231s] DEBUG:colcon.colcon_installed_package_information.package_discovery:Found 0 installed packages in /home/tamir/manipulator_project/src/manipulator_interfaces/install
[0.232s] DEBUG:colcon.colcon_installed_package_information.package_discovery:Found 55 installed packages in /home/tamir/ws_moveit2/install
[0.233s] DEBUG:colcon.colcon_installed_package_information.package_discovery:Found 7 installed packages in /home/tamir/autonomous_robot/install
[0.233s] DEBUG:colcon.colcon_installed_package_information.package_discovery:Found 0 installed packages in /home/tamir/autonomous_robot/autonomous_robot_description/launch/install
[0.233s] DEBUG:colcon.colcon_installed_package_information.package_discovery:Found 1 installed packages in /home/tamir/autonomous_robot/autonomous_robot_description/install
[0.233s] DEBUG:colcon.colcon_installed_package_information.package_discovery:Found 3 installed packages in /home/tamir/turtlebot3_ws/install
[0.234s] DEBUG:colcon.colcon_installed_package_information.package_discovery:Found 8 installed packages in /home/tamir/ros2_ws/install
[0.234s] DEBUG:colcon.colcon_installed_package_information.package_discovery:Found 3 installed packages in /home/tamir/autonomous_robot/autonomous_robot_control/install
[0.234s] DEBUG:colcon.colcon_installed_package_information.package_discovery:Found 3 installed packages in /home/tamir/autonomous_robot/sensors_package/src/lidar_ws/install
[0.234s] DEBUG:colcon.colcon_installed_package_information.package_discovery:Found 1 installed packages in /home/tamir/autonomous_robot/autonomous_robot_control/src/control_hardware/install
[0.236s] DEBUG:colcon.colcon_installed_package_information.package_discovery:Found 436 installed packages in /opt/ros/humble
[0.237s] Level 1:colcon.colcon_core.package_discovery:discover_packages(prefix_path) using defaults
[0.271s] Level 5:colcon.colcon_core.verb:set package 'manipulator_interfaces' build argument 'cmake_args' from command line to 'None'
[0.271s] Level 5:colcon.colcon_core.verb:set package 'manipulator_interfaces' build argument 'cmake_target' from command line to 'None'
[0.271s] Level 5:colcon.colcon_core.verb:set package 'manipulator_interfaces' build argument 'cmake_target_skip_unavailable' from command line to 'False'
[0.271s] Level 5:colcon.colcon_core.verb:set package 'manipulator_interfaces' build argument 'cmake_clean_cache' from command line to 'False'
[0.271s] Level 5:colcon.colcon_core.verb:set package 'manipulator_interfaces' build argument 'cmake_clean_first' from command line to 'False'
[0.271s] Level 5:colcon.colcon_core.verb:set package 'manipulator_interfaces' build argument 'cmake_force_configure' from command line to 'False'
[0.271s] Level 5:colcon.colcon_core.verb:set package 'manipulator_interfaces' build argument 'ament_cmake_args' from command line to 'None'
[0.271s] Level 5:colcon.colcon_core.verb:set package 'manipulator_interfaces' build argument 'catkin_cmake_args' from command line to 'None'
[0.271s] Level 5:colcon.colcon_core.verb:set package 'manipulator_interfaces' build argument 'catkin_skip_building_tests' from command line to 'False'
[0.271s] DEBUG:colcon.colcon_core.verb:Building package 'manipulator_interfaces' with the following arguments: {'ament_cmake_args': None, 'build_base': '/home/tamir/manipulator_project/src/manipulator_interfaces/build/manipulator_interfaces', 'catkin_cmake_args': None, 'catkin_skip_building_tests': False, 'cmake_args': None, 'cmake_clean_cache': False, 'cmake_clean_first': False, 'cmake_force_configure': False, 'cmake_target': None, 'cmake_target_skip_unavailable': False, 'install_base': '/home/tamir/manipulator_project/src/manipulator_interfaces/install/manipulator_interfaces', 'merge_install': False, 'path': '/home/tamir/manipulator_project/src/manipulator_interfaces', 'symlink_install': False, 'test_result_base': None}
[0.271s] INFO:colcon.colcon_core.executor:Executing jobs using 'parallel' executor
[0.272s] DEBUG:colcon.colcon_parallel_executor.executor.parallel:run_until_complete
[0.272s] INFO:colcon.colcon_ros.task.ament_cmake.build:Building ROS package in '/home/tamir/manipulator_project/src/manipulator_interfaces' with build type 'ament_cmake'
[0.272s] INFO:colcon.colcon_cmake.task.cmake.build:Building CMake package in '/home/tamir/manipulator_project/src/manipulator_interfaces'
[0.274s] INFO:colcon.colcon_core.plugin_system:Skipping extension 'colcon_core.shell.bat': Not used on non-Windows systems
[0.274s] INFO:colcon.colcon_core.shell:Skip shell extension 'powershell' for command environment: Not usable outside of PowerShell
[0.274s] DEBUG:colcon.colcon_core.shell:Skip shell extension 'dsv' for command environment
[0.286s] DEBUG:colcon.colcon_core.event_handler.log_command:Invoking command in '/home/tamir/manipulator_project/src/manipulator_interfaces/build/manipulator_interfaces': CMAKE_PREFIX_PATH=${CMAKE_PREFIX_PATH}:/home/tamir/ws_moveit2/install/moveit_configs_utils:/home/tamir/ws_moveit2/install/launch_param_builder:/home/tamir/autonomous_robot/install/calc_odom:/home/tamir/autonomous_robot/install/control_hardware:/home/tamir/ros2_ws/install/turtle_spawner:/home/tamir/ros2_ws/install/turtle_controller:/home/tamir/ros2_ws/install/my_py_pkg:/home/tamir/autonomous_robot/autonomous_robot_control/install/control_hardware:/home/tamir/autonomous_robot/autonomous_robot_control/install/calc_odom:/home/tamir/autonomous_robot/autonomous_robot_control/src/control_hardware/install/control_hardware:/opt/ros/humble /usr/bin/cmake /home/tamir/manipulator_project/src/manipulator_interfaces -DCMAKE_INSTALL_PREFIX=/home/tamir/manipulator_project/src/manipulator_interfaces/install/manipulator_interfaces
[2.567s] DEBUG:colcon.colcon_core.event_handler.log_command:Invoked command in '/home/tamir/manipulator_project/src/manipulator_interfaces/build/manipulator_interfaces' returned '0': CMAKE_PREFIX_PATH=${CMAKE_PREFIX_PATH}:/home/tamir/ws_moveit2/install/moveit_configs_utils:/home/tamir/ws_moveit2/install/launch_param_builder:/home/tamir/autonomous_robot/install/calc_odom:/home/tamir/autonomous_robot/install/control_hardware:/home/tamir/ros2_ws/install/turtle_spawner:/home/tamir/ros2_ws/install/turtle_controller:/home/tamir/ros2_ws/install/my_py_pkg:/home/tamir/autonomous_robot/autonomous_robot_control/install/control_hardware:/home/tamir/autonomous_robot/autonomous_robot_control/install/calc_odom:/home/tamir/autonomous_robot/autonomous_robot_control/src/control_hardware/install/control_hardware:/opt/ros/humble /usr/bin/cmake /home/tamir/manipulator_project/src/manipulator_interfaces -DCMAKE_INSTALL_PREFIX=/home/tamir/manipulator_project/src/manipulator_interfaces/install/manipulator_interfaces
[2.569s] DEBUG:colcon.colcon_core.event_handler.log_command:Invoking command in '/home/tamir/manipulator_project/src/manipulator_interfaces/build/manipulator_interfaces': CMAKE_PREFIX_PATH=${CMAKE_PREFIX_PATH}:/home/tamir/ws_moveit2/install/moveit_configs_utils:/home/tamir/ws_moveit2/install/launch_param_builder:/home/tamir/autonomous_robot/install/calc_odom:/home/tamir/autonomous_robot/install/control_hardware:/home/tamir/ros2_ws/install/turtle_spawner:/home/tamir/ros2_ws/install/turtle_controller:/home/tamir/ros2_ws/install/my_py_pkg:/home/tamir/autonomous_robot/autonomous_robot_control/install/control_hardware:/home/tamir/autonomous_robot/autonomous_robot_control/install/calc_odom:/home/tamir/autonomous_robot/autonomous_robot_control/src/control_hardware/install/control_hardware:/opt/ros/humble /usr/bin/cmake --build /home/tamir/manipulator_project/src/manipulator_interfaces/build/manipulator_interfaces -- -j12 -l12
[4.047s] DEBUG:colcon.colcon_core.event_handler.log_command:Invoked command in '/home/tamir/manipulator_project/src/manipulator_interfaces/build/manipulator_interfaces' returned '0': CMAKE_PREFIX_PATH=${CMAKE_PREFIX_PATH}:/home/tamir/ws_moveit2/install/moveit_configs_utils:/home/tamir/ws_moveit2/install/launch_param_builder:/home/tamir/autonomous_robot/install/calc_odom:/home/tamir/autonomous_robot/install/control_hardware:/home/tamir/ros2_ws/install/turtle_spawner:/home/tamir/ros2_ws/install/turtle_controller:/home/tamir/ros2_ws/install/my_py_pkg:/home/tamir/autonomous_robot/autonomous_robot_control/install/control_hardware:/home/tamir/autonomous_robot/autonomous_robot_control/install/calc_odom:/home/tamir/autonomous_robot/autonomous_robot_control/src/control_hardware/install/control_hardware:/opt/ros/humble /usr/bin/cmake --build /home/tamir/manipulator_project/src/manipulator_interfaces/build/manipulator_interfaces -- -j12 -l12
[4.059s] DEBUG:colcon.colcon_core.event_handler.log_command:Invoking command in '/home/tamir/manipulator_project/src/manipulator_interfaces/build/manipulator_interfaces': CMAKE_PREFIX_PATH=${CMAKE_PREFIX_PATH}:/home/tamir/ws_moveit2/install/moveit_configs_utils:/home/tamir/ws_moveit2/install/launch_param_builder:/home/tamir/autonomous_robot/install/calc_odom:/home/tamir/autonomous_robot/install/control_hardware:/home/tamir/ros2_ws/install/turtle_spawner:/home/tamir/ros2_ws/install/turtle_controller:/home/tamir/ros2_ws/install/my_py_pkg:/home/tamir/autonomous_robot/autonomous_robot_control/install/control_hardware:/home/tamir/autonomous_robot/autonomous_robot_control/install/calc_odom:/home/tamir/autonomous_robot/autonomous_robot_control/src/control_hardware/install/control_hardware:/opt/ros/humble /usr/bin/cmake --install /home/tamir/manipulator_project/src/manipulator_interfaces/build/manipulator_interfaces
[4.110s] Level 1:colcon.colcon_core.environment:create_environment_scripts_only(manipulator_interfaces)
[4.110s] DEBUG:colcon.colcon_core.event_handler.log_command:Invoked command in '/home/tamir/manipulator_project/src/manipulator_interfaces/build/manipulator_interfaces' returned '0': CMAKE_PREFIX_PATH=${CMAKE_PREFIX_PATH}:/home/tamir/ws_moveit2/install/moveit_configs_utils:/home/tamir/ws_moveit2/install/launch_param_builder:/home/tamir/autonomous_robot/install/calc_odom:/home/tamir/autonomous_robot/install/control_hardware:/home/tamir/ros2_ws/install/turtle_spawner:/home/tamir/ros2_ws/install/turtle_controller:/home/tamir/ros2_ws/install/my_py_pkg:/home/tamir/autonomous_robot/autonomous_robot_control/install/control_hardware:/home/tamir/autonomous_robot/autonomous_robot_control/install/calc_odom:/home/tamir/autonomous_robot/autonomous_robot_control/src/control_hardware/install/control_hardware:/opt/ros/humble /usr/bin/cmake --install /home/tamir/manipulator_project/src/manipulator_interfaces/build/manipulator_interfaces
[4.112s] Level 1:colcon.colcon_core.environment:checking '/home/tamir/manipulator_project/src/manipulator_interfaces/install/manipulator_interfaces' for CMake module files
[4.113s] Level 1:colcon.colcon_core.environment:checking '/home/tamir/manipulator_project/src/manipulator_interfaces/install/manipulator_interfaces' for CMake config files
[4.113s] Level 1:colcon.colcon_core.shell:create_environment_hook('manipulator_interfaces', 'cmake_prefix_path')
[4.113s] INFO:colcon.colcon_core.shell:Creating environment hook '/home/tamir/manipulator_project/src/manipulator_interfaces/install/manipulator_interfaces/share/manipulator_interfaces/hook/cmake_prefix_path.ps1'
[4.114s] INFO:colcon.colcon_core.shell:Creating environment descriptor '/home/tamir/manipulator_project/src/manipulator_interfaces/install/manipulator_interfaces/share/manipulator_interfaces/hook/cmake_prefix_path.dsv'
[4.114s] INFO:colcon.colcon_core.shell:Creating environment hook '/home/tamir/manipulator_project/src/manipulator_interfaces/install/manipulator_interfaces/share/manipulator_interfaces/hook/cmake_prefix_path.sh'
[4.115s] Level 1:colcon.colcon_core.environment:checking '/home/tamir/manipulator_project/src/manipulator_interfaces/install/manipulator_interfaces/lib'
[4.115s] Level 1:colcon.colcon_core.shell:create_environment_hook('manipulator_interfaces', 'ld_library_path_lib')
[4.115s] INFO:colcon.colcon_core.shell:Creating environment hook '/home/tamir/manipulator_project/src/manipulator_interfaces/install/manipulator_interfaces/share/manipulator_interfaces/hook/ld_library_path_lib.ps1'
[4.115s] INFO:colcon.colcon_core.shell:Creating environment descriptor '/home/tamir/manipulator_project/src/manipulator_interfaces/install/manipulator_interfaces/share/manipulator_interfaces/hook/ld_library_path_lib.dsv'
[4.115s] INFO:colcon.colcon_core.shell:Creating environment hook '/home/tamir/manipulator_project/src/manipulator_interfaces/install/manipulator_interfaces/share/manipulator_interfaces/hook/ld_library_path_lib.sh'
[4.116s] Level 1:colcon.colcon_core.environment:checking '/home/tamir/manipulator_project/src/manipulator_interfaces/install/manipulator_interfaces/bin'
[4.116s] Level 1:colcon.colcon_core.environment:checking '/home/tamir/manipulator_project/src/manipulator_interfaces/install/manipulator_interfaces/lib/pkgconfig/manipulator_interfaces.pc'
[4.116s] Level 1:colcon.colcon_core.environment:checking '/home/tamir/manipulator_project/src/manipulator_interfaces/install/manipulator_interfaces/lib/python3.10/site-packages'
[4.116s] Level 1:colcon.colcon_core.environment:checking '/home/tamir/manipulator_project/src/manipulator_interfaces/install/manipulator_interfaces/bin'
[4.116s] INFO:colcon.colcon_core.shell:Creating package script '/home/tamir/manipulator_project/src/manipulator_interfaces/install/manipulator_interfaces/share/manipulator_interfaces/package.ps1'
[4.117s] INFO:colcon.colcon_core.shell:Creating package descriptor '/home/tamir/manipulator_project/src/manipulator_interfaces/install/manipulator_interfaces/share/manipulator_interfaces/package.dsv'
[4.117s] INFO:colcon.colcon_core.shell:Creating package script '/home/tamir/manipulator_project/src/manipulator_interfaces/install/manipulator_interfaces/share/manipulator_interfaces/package.sh'
[4.117s] INFO:colcon.colcon_core.shell:Creating package script '/home/tamir/manipulator_project/src/manipulator_interfaces/install/manipulator_interfaces/share/manipulator_interfaces/package.bash'
[4.118s] INFO:colcon.colcon_core.shell:Creating package script '/home/tamir/manipulator_project/src/manipulator_interfaces/install/manipulator_interfaces/share/manipulator_interfaces/package.zsh'
[4.118s] Level 1:colcon.colcon_core.environment:create_file_with_runtime_dependencies(/home/tamir/manipulator_project/src/manipulator_interfaces/install/manipulator_interfaces/share/colcon-core/packages/manipulator_interfaces)
[4.119s] Level 1:colcon.colcon_core.environment:create_environment_scripts_only(manipulator_interfaces)
[4.119s] Level 1:colcon.colcon_core.environment:checking '/home/tamir/manipulator_project/src/manipulator_interfaces/install/manipulator_interfaces' for CMake module files
[4.119s] Level 1:colcon.colcon_core.environment:checking '/home/tamir/manipulator_project/src/manipulator_interfaces/install/manipulator_interfaces' for CMake config files
[4.119s] Level 1:colcon.colcon_core.shell:create_environment_hook('manipulator_interfaces', 'cmake_prefix_path')
[4.120s] INFO:colcon.colcon_core.shell:Creating environment hook '/home/tamir/manipulator_project/src/manipulator_interfaces/install/manipulator_interfaces/share/manipulator_interfaces/hook/cmake_prefix_path.ps1'
[4.120s] INFO:colcon.colcon_core.shell:Creating environment descriptor '/home/tamir/manipulator_project/src/manipulator_interfaces/install/manipulator_interfaces/share/manipulator_interfaces/hook/cmake_prefix_path.dsv'
[4.120s] INFO:colcon.colcon_core.shell:Creating environment hook '/home/tamir/manipulator_project/src/manipulator_interfaces/install/manipulator_interfaces/share/manipulator_interfaces/hook/cmake_prefix_path.sh'
[4.121s] Level 1:colcon.colcon_core.environment:checking '/home/tamir/manipulator_project/src/manipulator_interfaces/install/manipulator_interfaces/lib'
[4.121s] Level 1:colcon.colcon_core.shell:create_environment_hook('manipulator_interfaces', 'ld_library_path_lib')
[4.121s] INFO:colcon.colcon_core.shell:Creating environment hook '/home/tamir/manipulator_project/src/manipulator_interfaces/install/manipulator_interfaces/share/manipulator_interfaces/hook/ld_library_path_lib.ps1'
[4.121s] INFO:colcon.colcon_core.shell:Creating environment descriptor '/home/tamir/manipulator_project/src/manipulator_interfaces/install/manipulator_interfaces/share/manipulator_interfaces/hook/ld_library_path_lib.dsv'
[4.121s] INFO:colcon.colcon_core.shell:Creating environment hook '/home/tamir/manipulator_project/src/manipulator_interfaces/install/manipulator_interfaces/share/manipulator_interfaces/hook/ld_library_path_lib.sh'
[4.122s] Level 1:colcon.colcon_core.environment:checking '/home/tamir/manipulator_project/src/manipulator_interfaces/install/manipulator_interfaces/bin'
[4.122s] Level 1:colcon.colcon_core.environment:checking '/home/tamir/manipulator_project/src/manipulator_interfaces/install/manipulator_interfaces/lib/pkgconfig/manipulator_interfaces.pc'
[4.122s] Level 1:colcon.colcon_core.environment:checking '/home/tamir/manipulator_project/src/manipulator_interfaces/install/manipulator_interfaces/lib/python3.10/site-packages'
[4.122s] Level 1:colcon.colcon_core.environment:checking '/home/tamir/manipulator_project/src/manipulator_interfaces/install/manipulator_interfaces/bin'
[4.122s] INFO:colcon.colcon_core.shell:Creating package script '/home/tamir/manipulator_project/src/manipulator_interfaces/install/manipulator_interfaces/share/manipulator_interfaces/package.ps1'
[4.123s] INFO:colcon.colcon_core.shell:Creating package descriptor '/home/tamir/manipulator_project/src/manipulator_interfaces/install/manipulator_interfaces/share/manipulator_interfaces/package.dsv'
[4.123s] INFO:colcon.colcon_core.shell:Creating package script '/home/tamir/manipulator_project/src/manipulator_interfaces/install/manipulator_interfaces/share/manipulator_interfaces/package.sh'
[4.123s] INFO:colcon.colcon_core.shell:Creating package script '/home/tamir/manipulator_project/src/manipulator_interfaces/install/manipulator_interfaces/share/manipulator_interfaces/package.bash'
[4.123s] INFO:colcon.colcon_core.shell:Creating package script '/home/tamir/manipulator_project/src/manipulator_interfaces/install/manipulator_interfaces/share/manipulator_interfaces/package.zsh'
[4.124s] Level 1:colcon.colcon_core.environment:create_file_with_runtime_dependencies(/home/tamir/manipulator_project/src/manipulator_interfaces/install/manipulator_interfaces/share/colcon-core/packages/manipulator_interfaces)
[4.124s] DEBUG:colcon.colcon_parallel_executor.executor.parallel:closing loop
[4.124s] DEBUG:colcon.colcon_parallel_executor.executor.parallel:loop closed
[4.124s] DEBUG:colcon.colcon_parallel_executor.executor.parallel:run_until_complete finished with '0'
[4.124s] DEBUG:colcon.colcon_core.event_reactor:joining thread
[4.128s] INFO:colcon.colcon_core.plugin_system:Skipping extension 'colcon_notification.desktop_notification.terminal_notifier': Not used on non-Darwin systems
[4.128s] INFO:colcon.colcon_core.plugin_system:Skipping extension 'colcon_notification.desktop_notification.win32': Not used on non-Windows systems
[4.128s] INFO:colcon.colcon_notification.desktop_notification:Sending desktop notification using 'notify2'
[4.136s] DEBUG:colcon.colcon_core.event_reactor:joined thread
[4.137s] INFO:colcon.colcon_core.shell:Creating prefix script '/home/tamir/manipulator_project/src/manipulator_interfaces/install/local_setup.ps1'
[4.138s] INFO:colcon.colcon_core.shell:Creating prefix util module '/home/tamir/manipulator_project/src/manipulator_interfaces/install/_local_setup_util_ps1.py'
[4.139s] INFO:colcon.colcon_core.shell:Creating prefix chain script '/home/tamir/manipulator_project/src/manipulator_interfaces/install/setup.ps1'
[4.141s] INFO:colcon.colcon_core.shell:Creating prefix script '/home/tamir/manipulator_project/src/manipulator_interfaces/install/local_setup.sh'
[4.141s] INFO:colcon.colcon_core.shell:Creating prefix util module '/home/tamir/manipulator_project/src/manipulator_interfaces/install/_local_setup_util_sh.py'
[4.142s] INFO:colcon.colcon_core.shell:Creating prefix chain script '/home/tamir/manipulator_project/src/manipulator_interfaces/install/setup.sh'
[4.144s] INFO:colcon.colcon_core.shell:Creating prefix script '/home/tamir/manipulator_project/src/manipulator_interfaces/install/local_setup.bash'
[4.145s] INFO:colcon.colcon_core.shell:Creating prefix chain script '/home/tamir/manipulator_project/src/manipulator_interfaces/install/setup.bash'
[4.147s] INFO:colcon.colcon_core.shell:Creating prefix script '/home/tamir/manipulator_project/src/manipulator_interfaces/install/local_setup.zsh'
[4.148s] INFO:colcon.colcon_core.shell:Creating prefix chain script '/home/tamir/manipulator_project/src/manipulator_interfaces/install/setup.zsh'
