[0.015s] Invoking command in '/home/tamir/manipulator_project/config/build/robot_moveit_config': CMAKE_PREFIX_PATH=${CMAKE_PREFIX_PATH}:/home/tamir/ros2_ws/install/turtle_spawner:/home/tamir/ros2_ws/install/turtle_controller:/home/tamir/ros2_ws/install/my_py_pkg:/home/tamir/autonomous_robot/autonomous_robot_control/install/control_hardware:/home/tamir/autonomous_robot/autonomous_robot_control/install/calc_odom:/home/tamir/ws_moveit2/install/moveit_configs_utils:/home/tamir/ws_moveit2/install/launch_param_builder:/home/tamir/autonomous_robot/install/calc_odom:/home/tamir/autonomous_robot/install/control_hardware:/home/tamir/autonomous_robot/autonomous_robot_control/src/control_hardware/install/control_hardware:/opt/ros/humble /usr/bin/cmake --build /home/tamir/manipulator_project/config/build/robot_moveit_config -- -j12 -l12
[0.063s] Invoked command in '/home/tamir/manipulator_project/config/build/robot_moveit_config' returned '0': CMAKE_PREFIX_PATH=${CMAKE_PREFIX_PATH}:/home/tamir/ros2_ws/install/turtle_spawner:/home/tamir/ros2_ws/install/turtle_controller:/home/tamir/ros2_ws/install/my_py_pkg:/home/tamir/autonomous_robot/autonomous_robot_control/install/control_hardware:/home/tamir/autonomous_robot/autonomous_robot_control/install/calc_odom:/home/tamir/ws_moveit2/install/moveit_configs_utils:/home/tamir/ws_moveit2/install/launch_param_builder:/home/tamir/autonomous_robot/install/calc_odom:/home/tamir/autonomous_robot/install/control_hardware:/home/tamir/autonomous_robot/autonomous_robot_control/src/control_hardware/install/control_hardware:/opt/ros/humble /usr/bin/cmake --build /home/tamir/manipulator_project/config/build/robot_moveit_config -- -j12 -l12
[0.075s] Invoking command in '/home/tamir/manipulator_project/config/build/robot_moveit_config': CMAKE_PREFIX_PATH=${CMAKE_PREFIX_PATH}:/home/tamir/ros2_ws/install/turtle_spawner:/home/tamir/ros2_ws/install/turtle_controller:/home/tamir/ros2_ws/install/my_py_pkg:/home/tamir/autonomous_robot/autonomous_robot_control/install/control_hardware:/home/tamir/autonomous_robot/autonomous_robot_control/install/calc_odom:/home/tamir/ws_moveit2/install/moveit_configs_utils:/home/tamir/ws_moveit2/install/launch_param_builder:/home/tamir/autonomous_robot/install/calc_odom:/home/tamir/autonomous_robot/install/control_hardware:/home/tamir/autonomous_robot/autonomous_robot_control/src/control_hardware/install/control_hardware:/opt/ros/humble /usr/bin/cmake --install /home/tamir/manipulator_project/config/build/robot_moveit_config
[0.082s] -- Install configuration: ""
[0.082s] -- Up-to-date: /home/tamir/manipulator_project/config/install/robot_moveit_config/share/ament_index/resource_index/package_run_dependencies/robot_moveit_config
[0.082s] -- Up-to-date: /home/tamir/manipulator_project/config/install/robot_moveit_config/share/ament_index/resource_index/parent_prefix_path/robot_moveit_config
[0.082s] -- Up-to-date: /home/tamir/manipulator_project/config/install/robot_moveit_config/share/robot_moveit_config/environment/ament_prefix_path.sh
[0.082s] -- Up-to-date: /home/tamir/manipulator_project/config/install/robot_moveit_config/share/robot_moveit_config/environment/ament_prefix_path.dsv
[0.082s] -- Up-to-date: /home/tamir/manipulator_project/config/install/robot_moveit_config/share/robot_moveit_config/environment/path.sh
[0.082s] -- Up-to-date: /home/tamir/manipulator_project/config/install/robot_moveit_config/share/robot_moveit_config/environment/path.dsv
[0.082s] -- Up-to-date: /home/tamir/manipulator_project/config/install/robot_moveit_config/share/robot_moveit_config/local_setup.bash
[0.082s] -- Up-to-date: /home/tamir/manipulator_project/config/install/robot_moveit_config/share/robot_moveit_config/local_setup.sh
[0.082s] -- Up-to-date: /home/tamir/manipulator_project/config/install/robot_moveit_config/share/robot_moveit_config/local_setup.zsh
[0.082s] -- Up-to-date: /home/tamir/manipulator_project/config/install/robot_moveit_config/share/robot_moveit_config/local_setup.dsv
[0.082s] -- Installing: /home/tamir/manipulator_project/config/install/robot_moveit_config/share/robot_moveit_config/package.dsv
[0.083s] -- Up-to-date: /home/tamir/manipulator_project/config/install/robot_moveit_config/share/ament_index/resource_index/packages/robot_moveit_config
[0.083s] -- Up-to-date: /home/tamir/manipulator_project/config/install/robot_moveit_config/share/robot_moveit_config/cmake/robot_moveit_configConfig.cmake
[0.083s] -- Up-to-date: /home/tamir/manipulator_project/config/install/robot_moveit_config/share/robot_moveit_config/cmake/robot_moveit_configConfig-version.cmake
[0.083s] -- Up-to-date: /home/tamir/manipulator_project/config/install/robot_moveit_config/share/robot_moveit_config/package.xml
[0.083s] -- Up-to-date: /home/tamir/manipulator_project/config/install/robot_moveit_config/share/robot_moveit_config/launch
[0.083s] -- Up-to-date: /home/tamir/manipulator_project/config/install/robot_moveit_config/share/robot_moveit_config/launch/__pycache__
[0.083s] -- Up-to-date: /home/tamir/manipulator_project/config/install/robot_moveit_config/share/robot_moveit_config/launch/__pycache__/demo.launch.cpython-310.pyc
[0.083s] -- Up-to-date: /home/tamir/manipulator_project/config/install/robot_moveit_config/share/robot_moveit_config/launch/setup_assistant.launch.py
[0.083s] -- Up-to-date: /home/tamir/manipulator_project/config/install/robot_moveit_config/share/robot_moveit_config/launch/move_group.launch.py
[0.083s] -- Up-to-date: /home/tamir/manipulator_project/config/install/robot_moveit_config/share/robot_moveit_config/launch/moveit_rviz.launch.py
[0.083s] -- Up-to-date: /home/tamir/manipulator_project/config/install/robot_moveit_config/share/robot_moveit_config/launch/demo.launch.py
[0.083s] -- Up-to-date: /home/tamir/manipulator_project/config/install/robot_moveit_config/share/robot_moveit_config/launch/static_virtual_joint_tfs.launch.py
[0.084s] -- Up-to-date: /home/tamir/manipulator_project/config/install/robot_moveit_config/share/robot_moveit_config/launch/warehouse_db.launch.py
[0.084s] -- Up-to-date: /home/tamir/manipulator_project/config/install/robot_moveit_config/share/robot_moveit_config/launch/build
[0.084s] -- Up-to-date: /home/tamir/manipulator_project/config/install/robot_moveit_config/share/robot_moveit_config/launch/build/COLCON_IGNORE
[0.084s] -- Up-to-date: /home/tamir/manipulator_project/config/install/robot_moveit_config/share/robot_moveit_config/launch/build/.built_by
[0.084s] -- Up-to-date: /home/tamir/manipulator_project/config/install/robot_moveit_config/share/robot_moveit_config/launch/log
[0.084s] -- Up-to-date: /home/tamir/manipulator_project/config/install/robot_moveit_config/share/robot_moveit_config/launch/log/build_2025-01-25_00-22-48
[0.084s] -- Up-to-date: /home/tamir/manipulator_project/config/install/robot_moveit_config/share/robot_moveit_config/launch/log/build_2025-01-25_00-22-48/events.log
[0.084s] -- Up-to-date: /home/tamir/manipulator_project/config/install/robot_moveit_config/share/robot_moveit_config/launch/log/build_2025-01-25_00-22-48/logger_all.log
[0.085s] -- Up-to-date: /home/tamir/manipulator_project/config/install/robot_moveit_config/share/robot_moveit_config/launch/log/COLCON_IGNORE
[0.085s] -- Up-to-date: /home/tamir/manipulator_project/config/install/robot_moveit_config/share/robot_moveit_config/launch/log/latest
[0.085s] -- Up-to-date: /home/tamir/manipulator_project/config/install/robot_moveit_config/share/robot_moveit_config/launch/log/latest_build
[0.085s] -- Up-to-date: /home/tamir/manipulator_project/config/install/robot_moveit_config/share/robot_moveit_config/launch/spawn_controllers.launch.py
[0.085s] -- Up-to-date: /home/tamir/manipulator_project/config/install/robot_moveit_config/share/robot_moveit_config/launch/rsp.launch.py
[0.086s] -- Up-to-date: /home/tamir/manipulator_project/config/install/robot_moveit_config/share/robot_moveit_config/launch/install
[0.086s] -- Up-to-date: /home/tamir/manipulator_project/config/install/robot_moveit_config/share/robot_moveit_config/launch/install/setup.ps1
[0.086s] -- Up-to-date: /home/tamir/manipulator_project/config/install/robot_moveit_config/share/robot_moveit_config/launch/install/setup.zsh
[0.086s] -- Up-to-date: /home/tamir/manipulator_project/config/install/robot_moveit_config/share/robot_moveit_config/launch/install/local_setup.sh
[0.086s] -- Up-to-date: /home/tamir/manipulator_project/config/install/robot_moveit_config/share/robot_moveit_config/launch/install/_local_setup_util_ps1.py
[0.087s] -- Up-to-date: /home/tamir/manipulator_project/config/install/robot_moveit_config/share/robot_moveit_config/launch/install/COLCON_IGNORE
[0.087s] -- Up-to-date: /home/tamir/manipulator_project/config/install/robot_moveit_config/share/robot_moveit_config/launch/install/.colcon_install_layout
[0.087s] -- Up-to-date: /home/tamir/manipulator_project/config/install/robot_moveit_config/share/robot_moveit_config/launch/install/setup.sh
[0.087s] -- Up-to-date: /home/tamir/manipulator_project/config/install/robot_moveit_config/share/robot_moveit_config/launch/install/setup.bash
[0.087s] -- Up-to-date: /home/tamir/manipulator_project/config/install/robot_moveit_config/share/robot_moveit_config/launch/install/local_setup.zsh
[0.088s] -- Up-to-date: /home/tamir/manipulator_project/config/install/robot_moveit_config/share/robot_moveit_config/launch/install/local_setup.ps1
[0.088s] -- Up-to-date: /home/tamir/manipulator_project/config/install/robot_moveit_config/share/robot_moveit_config/launch/install/local_setup.bash
[0.089s] -- Up-to-date: /home/tamir/manipulator_project/config/install/robot_moveit_config/share/robot_moveit_config/launch/install/_local_setup_util_sh.py
[0.089s] -- Up-to-date: /home/tamir/manipulator_project/config/install/robot_moveit_config/share/robot_moveit_config/config
[0.089s] -- Up-to-date: /home/tamir/manipulator_project/config/install/robot_moveit_config/share/robot_moveit_config/config/moveit_controllers.yaml
[0.089s] -- Up-to-date: /home/tamir/manipulator_project/config/install/robot_moveit_config/share/robot_moveit_config/config/build
[0.089s] -- Up-to-date: /home/tamir/manipulator_project/config/install/robot_moveit_config/share/robot_moveit_config/config/build/COLCON_IGNORE
[0.090s] -- Up-to-date: /home/tamir/manipulator_project/config/install/robot_moveit_config/share/robot_moveit_config/config/build/.built_by
[0.090s] -- Installing: /home/tamir/manipulator_project/config/install/robot_moveit_config/share/robot_moveit_config/config/kinematics.yaml
[0.090s] -- Up-to-date: /home/tamir/manipulator_project/config/install/robot_moveit_config/share/robot_moveit_config/config/manipulator_robot.ros2_control.xacro
[0.090s] -- Up-to-date: /home/tamir/manipulator_project/config/install/robot_moveit_config/share/robot_moveit_config/config/ros2_controllers.yaml
[0.090s] -- Up-to-date: /home/tamir/manipulator_project/config/install/robot_moveit_config/share/robot_moveit_config/config/joint_limits.yaml
[0.090s] -- Up-to-date: /home/tamir/manipulator_project/config/install/robot_moveit_config/share/robot_moveit_config/config/log
[0.090s] -- Up-to-date: /home/tamir/manipulator_project/config/install/robot_moveit_config/share/robot_moveit_config/config/log/build_2025-01-25_01-48-35
[0.090s] -- Up-to-date: /home/tamir/manipulator_project/config/install/robot_moveit_config/share/robot_moveit_config/config/log/build_2025-01-25_01-48-35/events.log
[0.090s] -- Up-to-date: /home/tamir/manipulator_project/config/install/robot_moveit_config/share/robot_moveit_config/config/log/build_2025-01-25_01-48-35/logger_all.log
[0.090s] -- Up-to-date: /home/tamir/manipulator_project/config/install/robot_moveit_config/share/robot_moveit_config/config/log/COLCON_IGNORE
[0.090s] -- Up-to-date: /home/tamir/manipulator_project/config/install/robot_moveit_config/share/robot_moveit_config/config/log/latest
[0.090s] -- Up-to-date: /home/tamir/manipulator_project/config/install/robot_moveit_config/share/robot_moveit_config/config/log/latest_build
[0.090s] -- Up-to-date: /home/tamir/manipulator_project/config/install/robot_moveit_config/share/robot_moveit_config/config/moveit.rviz
[0.090s] -- Up-to-date: /home/tamir/manipulator_project/config/install/robot_moveit_config/share/robot_moveit_config/config/manipulator_robot.srdf
[0.090s] -- Up-to-date: /home/tamir/manipulator_project/config/install/robot_moveit_config/share/robot_moveit_config/config/sensors_3d.yaml
[0.090s] -- Up-to-date: /home/tamir/manipulator_project/config/install/robot_moveit_config/share/robot_moveit_config/config/manipulator_robot.urdf.xacro
[0.090s] -- Up-to-date: /home/tamir/manipulator_project/config/install/robot_moveit_config/share/robot_moveit_config/config/install
[0.090s] -- Up-to-date: /home/tamir/manipulator_project/config/install/robot_moveit_config/share/robot_moveit_config/config/install/setup.ps1
[0.090s] -- Up-to-date: /home/tamir/manipulator_project/config/install/robot_moveit_config/share/robot_moveit_config/config/install/setup.zsh
[0.091s] -- Up-to-date: /home/tamir/manipulator_project/config/install/robot_moveit_config/share/robot_moveit_config/config/install/local_setup.sh
[0.091s] -- Up-to-date: /home/tamir/manipulator_project/config/install/robot_moveit_config/share/robot_moveit_config/config/install/_local_setup_util_ps1.py
[0.091s] -- Up-to-date: /home/tamir/manipulator_project/config/install/robot_moveit_config/share/robot_moveit_config/config/install/COLCON_IGNORE
[0.091s] -- Up-to-date: /home/tamir/manipulator_project/config/install/robot_moveit_config/share/robot_moveit_config/config/install/.colcon_install_layout
[0.091s] -- Up-to-date: /home/tamir/manipulator_project/config/install/robot_moveit_config/share/robot_moveit_config/config/install/setup.sh
[0.091s] -- Up-to-date: /home/tamir/manipulator_project/config/install/robot_moveit_config/share/robot_moveit_config/config/install/setup.bash
[0.091s] -- Up-to-date: /home/tamir/manipulator_project/config/install/robot_moveit_config/share/robot_moveit_config/config/install/local_setup.zsh
[0.091s] -- Up-to-date: /home/tamir/manipulator_project/config/install/robot_moveit_config/share/robot_moveit_config/config/install/local_setup.ps1
[0.091s] -- Up-to-date: /home/tamir/manipulator_project/config/install/robot_moveit_config/share/robot_moveit_config/config/install/local_setup.bash
[0.091s] -- Up-to-date: /home/tamir/manipulator_project/config/install/robot_moveit_config/share/robot_moveit_config/config/install/_local_setup_util_sh.py
[0.091s] -- Up-to-date: /home/tamir/manipulator_project/config/install/robot_moveit_config/share/robot_moveit_config/config/pilz_cartesian_limits.yaml
[0.091s] -- Up-to-date: /home/tamir/manipulator_project/config/install/robot_moveit_config/share/robot_moveit_config/config/initial_positions.yaml
[0.091s] -- Up-to-date: /home/tamir/manipulator_project/config/install/robot_moveit_config/share/robot_moveit_config/.setup_assistant
[0.091s] Invoked command in '/home/tamir/manipulator_project/config/build/robot_moveit_config' returned '0': CMAKE_PREFIX_PATH=${CMAKE_PREFIX_PATH}:/home/tamir/ros2_ws/install/turtle_spawner:/home/tamir/ros2_ws/install/turtle_controller:/home/tamir/ros2_ws/install/my_py_pkg:/home/tamir/autonomous_robot/autonomous_robot_control/install/control_hardware:/home/tamir/autonomous_robot/autonomous_robot_control/install/calc_odom:/home/tamir/ws_moveit2/install/moveit_configs_utils:/home/tamir/ws_moveit2/install/launch_param_builder:/home/tamir/autonomous_robot/install/calc_odom:/home/tamir/autonomous_robot/install/control_hardware:/home/tamir/autonomous_robot/autonomous_robot_control/src/control_hardware/install/control_hardware:/opt/ros/humble /usr/bin/cmake --install /home/tamir/manipulator_project/config/build/robot_moveit_config
