[0.015s] Invoking command in '/home/tamir/manipulator_project/config/build/robot_moveit_config': CMAKE_PREFIX_PATH=${CMAKE_PREFIX_PATH}:/home/tamir/ros2_ws/install/turtle_spawner:/home/tamir/ros2_ws/install/turtle_controller:/home/tamir/ros2_ws/install/my_py_pkg:/home/tamir/autonomous_robot/autonomous_robot_control/install/control_hardware:/home/tamir/autonomous_robot/autonomous_robot_control/install/calc_odom:/home/tamir/ws_moveit2/install/moveit_configs_utils:/home/tamir/ws_moveit2/install/launch_param_builder:/home/tamir/autonomous_robot/install/calc_odom:/home/tamir/autonomous_robot/install/control_hardware:/home/tamir/autonomous_robot/autonomous_robot_control/src/control_hardware/install/control_hardware:/opt/ros/humble /usr/bin/cmake --build /home/tamir/manipulator_project/config/build/robot_moveit_config -- -j12 -l12
[0.069s] Invoked command in '/home/tamir/manipulator_project/config/build/robot_moveit_config' returned '0': CMAKE_PREFIX_PATH=${CMAKE_PREFIX_PATH}:/home/tamir/ros2_ws/install/turtle_spawner:/home/tamir/ros2_ws/install/turtle_controller:/home/tamir/ros2_ws/install/my_py_pkg:/home/tamir/autonomous_robot/autonomous_robot_control/install/control_hardware:/home/tamir/autonomous_robot/autonomous_robot_control/install/calc_odom:/home/tamir/ws_moveit2/install/moveit_configs_utils:/home/tamir/ws_moveit2/install/launch_param_builder:/home/tamir/autonomous_robot/install/calc_odom:/home/tamir/autonomous_robot/install/control_hardware:/home/tamir/autonomous_robot/autonomous_robot_control/src/control_hardware/install/control_hardware:/opt/ros/humble /usr/bin/cmake --build /home/tamir/manipulator_project/config/build/robot_moveit_config -- -j12 -l12
[0.083s] Invoking command in '/home/tamir/manipulator_project/config/build/robot_moveit_config': CMAKE_PREFIX_PATH=${CMAKE_PREFIX_PATH}:/home/tamir/ros2_ws/install/turtle_spawner:/home/tamir/ros2_ws/install/turtle_controller:/home/tamir/ros2_ws/install/my_py_pkg:/home/tamir/autonomous_robot/autonomous_robot_control/install/control_hardware:/home/tamir/autonomous_robot/autonomous_robot_control/install/calc_odom:/home/tamir/ws_moveit2/install/moveit_configs_utils:/home/tamir/ws_moveit2/install/launch_param_builder:/home/tamir/autonomous_robot/install/calc_odom:/home/tamir/autonomous_robot/install/control_hardware:/home/tamir/autonomous_robot/autonomous_robot_control/src/control_hardware/install/control_hardware:/opt/ros/humble /usr/bin/cmake --install /home/tamir/manipulator_project/config/build/robot_moveit_config
[0.093s] -- Install configuration: ""
[0.093s] -- Up-to-date: /home/tamir/manipulator_project/config/install/robot_moveit_config/share/ament_index/resource_index/package_run_dependencies/robot_moveit_config
[0.093s] -- Up-to-date: /home/tamir/manipulator_project/config/install/robot_moveit_config/share/ament_index/resource_index/parent_prefix_path/robot_moveit_config
[0.093s] -- Up-to-date: /home/tamir/manipulator_project/config/install/robot_moveit_config/share/robot_moveit_config/environment/ament_prefix_path.sh
[0.094s] -- Up-to-date: /home/tamir/manipulator_project/config/install/robot_moveit_config/share/robot_moveit_config/environment/ament_prefix_path.dsv
[0.094s] -- Up-to-date: /home/tamir/manipulator_project/config/install/robot_moveit_config/share/robot_moveit_config/environment/path.sh
[0.094s] -- Up-to-date: /home/tamir/manipulator_project/config/install/robot_moveit_config/share/robot_moveit_config/environment/path.dsv
[0.094s] -- Up-to-date: /home/tamir/manipulator_project/config/install/robot_moveit_config/share/robot_moveit_config/local_setup.bash
[0.094s] -- Up-to-date: /home/tamir/manipulator_project/config/install/robot_moveit_config/share/robot_moveit_config/local_setup.sh
[0.094s] -- Up-to-date: /home/tamir/manipulator_project/config/install/robot_moveit_config/share/robot_moveit_config/local_setup.zsh
[0.094s] -- Up-to-date: /home/tamir/manipulator_project/config/install/robot_moveit_config/share/robot_moveit_config/local_setup.dsv
[0.094s] -- Installing: /home/tamir/manipulator_project/config/install/robot_moveit_config/share/robot_moveit_config/package.dsv
[0.094s] -- Up-to-date: /home/tamir/manipulator_project/config/install/robot_moveit_config/share/ament_index/resource_index/packages/robot_moveit_config
[0.095s] -- Up-to-date: /home/tamir/manipulator_project/config/install/robot_moveit_config/share/robot_moveit_config/cmake/robot_moveit_configConfig.cmake
[0.095s] -- Up-to-date: /home/tamir/manipulator_project/config/install/robot_moveit_config/share/robot_moveit_config/cmake/robot_moveit_configConfig-version.cmake
[0.095s] -- Up-to-date: /home/tamir/manipulator_project/config/install/robot_moveit_config/share/robot_moveit_config/package.xml
[0.095s] -- Up-to-date: /home/tamir/manipulator_project/config/install/robot_moveit_config/share/robot_moveit_config/launch
[0.095s] -- Up-to-date: /home/tamir/manipulator_project/config/install/robot_moveit_config/share/robot_moveit_config/launch/setup_assistant.launch.py
[0.095s] -- Up-to-date: /home/tamir/manipulator_project/config/install/robot_moveit_config/share/robot_moveit_config/launch/move_group.launch.py
[0.095s] -- Up-to-date: /home/tamir/manipulator_project/config/install/robot_moveit_config/share/robot_moveit_config/launch/moveit_rviz.launch.py
[0.095s] -- Up-to-date: /home/tamir/manipulator_project/config/install/robot_moveit_config/share/robot_moveit_config/launch/demo.launch.py
[0.095s] -- Up-to-date: /home/tamir/manipulator_project/config/install/robot_moveit_config/share/robot_moveit_config/launch/static_virtual_joint_tfs.launch.py
[0.095s] -- Up-to-date: /home/tamir/manipulator_project/config/install/robot_moveit_config/share/robot_moveit_config/launch/warehouse_db.launch.py
[0.095s] -- Up-to-date: /home/tamir/manipulator_project/config/install/robot_moveit_config/share/robot_moveit_config/launch/spawn_controllers.launch.py
[0.096s] -- Up-to-date: /home/tamir/manipulator_project/config/install/robot_moveit_config/share/robot_moveit_config/launch/rsp.launch.py
[0.096s] -- Up-to-date: /home/tamir/manipulator_project/config/install/robot_moveit_config/share/robot_moveit_config/config
[0.096s] -- Up-to-date: /home/tamir/manipulator_project/config/install/robot_moveit_config/share/robot_moveit_config/config/moveit_controllers.yaml
[0.096s] -- Up-to-date: /home/tamir/manipulator_project/config/install/robot_moveit_config/share/robot_moveit_config/config/kinematics.yaml
[0.096s] -- Up-to-date: /home/tamir/manipulator_project/config/install/robot_moveit_config/share/robot_moveit_config/config/manipulator_robot.ros2_control.xacro
[0.096s] -- Up-to-date: /home/tamir/manipulator_project/config/install/robot_moveit_config/share/robot_moveit_config/config/ros2_controllers.yaml
[0.096s] -- Up-to-date: /home/tamir/manipulator_project/config/install/robot_moveit_config/share/robot_moveit_config/config/joint_limits.yaml
[0.096s] -- Up-to-date: /home/tamir/manipulator_project/config/install/robot_moveit_config/share/robot_moveit_config/config/moveit.rviz
[0.096s] -- Installing: /home/tamir/manipulator_project/config/install/robot_moveit_config/share/robot_moveit_config/config/manipulator_robot.srdf
[0.096s] -- Up-to-date: /home/tamir/manipulator_project/config/install/robot_moveit_config/share/robot_moveit_config/config/manipulator_robot.urdf.xacro
[0.096s] -- Up-to-date: /home/tamir/manipulator_project/config/install/robot_moveit_config/share/robot_moveit_config/config/pilz_cartesian_limits.yaml
[0.096s] -- Up-to-date: /home/tamir/manipulator_project/config/install/robot_moveit_config/share/robot_moveit_config/config/initial_positions.yaml
[0.096s] -- Up-to-date: /home/tamir/manipulator_project/config/install/robot_moveit_config/share/robot_moveit_config/.setup_assistant
[0.096s] Invoked command in '/home/tamir/manipulator_project/config/build/robot_moveit_config' returned '0': CMAKE_PREFIX_PATH=${CMAKE_PREFIX_PATH}:/home/tamir/ros2_ws/install/turtle_spawner:/home/tamir/ros2_ws/install/turtle_controller:/home/tamir/ros2_ws/install/my_py_pkg:/home/tamir/autonomous_robot/autonomous_robot_control/install/control_hardware:/home/tamir/autonomous_robot/autonomous_robot_control/install/calc_odom:/home/tamir/ws_moveit2/install/moveit_configs_utils:/home/tamir/ws_moveit2/install/launch_param_builder:/home/tamir/autonomous_robot/install/calc_odom:/home/tamir/autonomous_robot/install/control_hardware:/home/tamir/autonomous_robot/autonomous_robot_control/src/control_hardware/install/control_hardware:/opt/ros/humble /usr/bin/cmake --install /home/tamir/manipulator_project/config/build/robot_moveit_config
