-- Install configuration: ""
-- Up-to-date: /home/tamir/manipulator_project/config/robot_moveit_config/install/robot_moveit_config/share/ament_index/resource_index/package_run_dependencies/robot_moveit_config
-- Up-to-date: /home/tamir/manipulator_project/config/robot_moveit_config/install/robot_moveit_config/share/ament_index/resource_index/parent_prefix_path/robot_moveit_config
-- Up-to-date: /home/tamir/manipulator_project/config/robot_moveit_config/install/robot_moveit_config/share/robot_moveit_config/environment/ament_prefix_path.sh
-- Up-to-date: /home/tamir/manipulator_project/config/robot_moveit_config/install/robot_moveit_config/share/robot_moveit_config/environment/ament_prefix_path.dsv
-- Up-to-date: /home/tamir/manipulator_project/config/robot_moveit_config/install/robot_moveit_config/share/robot_moveit_config/environment/path.sh
-- Up-to-date: /home/tamir/manipulator_project/config/robot_moveit_config/install/robot_moveit_config/share/robot_moveit_config/environment/path.dsv
-- Up-to-date: /home/tamir/manipulator_project/config/robot_moveit_config/install/robot_moveit_config/share/robot_moveit_config/local_setup.bash
-- Up-to-date: /home/tamir/manipulator_project/config/robot_moveit_config/install/robot_moveit_config/share/robot_moveit_config/local_setup.sh
-- Up-to-date: /home/tamir/manipulator_project/config/robot_moveit_config/install/robot_moveit_config/share/robot_moveit_config/local_setup.zsh
-- Up-to-date: /home/tamir/manipulator_project/config/robot_moveit_config/install/robot_moveit_config/share/robot_moveit_config/local_setup.dsv
-- Installing: /home/tamir/manipulator_project/config/robot_moveit_config/install/robot_moveit_config/share/robot_moveit_config/package.dsv
-- Up-to-date: /home/tamir/manipulator_project/config/robot_moveit_config/install/robot_moveit_config/share/ament_index/resource_index/packages/robot_moveit_config
-- Up-to-date: /home/tamir/manipulator_project/config/robot_moveit_config/install/robot_moveit_config/share/robot_moveit_config/cmake/robot_moveit_configConfig.cmake
-- Up-to-date: /home/tamir/manipulator_project/config/robot_moveit_config/install/robot_moveit_config/share/robot_moveit_config/cmake/robot_moveit_configConfig-version.cmake
-- Up-to-date: /home/tamir/manipulator_project/config/robot_moveit_config/install/robot_moveit_config/share/robot_moveit_config/package.xml
-- Up-to-date: /home/tamir/manipulator_project/config/robot_moveit_config/install/robot_moveit_config/share/robot_moveit_config/launch
-- Up-to-date: /home/tamir/manipulator_project/config/robot_moveit_config/install/robot_moveit_config/share/robot_moveit_config/launch/__pycache__
-- Up-to-date: /home/tamir/manipulator_project/config/robot_moveit_config/install/robot_moveit_config/share/robot_moveit_config/launch/__pycache__/demo.launch.cpython-310.pyc
-- Up-to-date: /home/tamir/manipulator_project/config/robot_moveit_config/install/robot_moveit_config/share/robot_moveit_config/launch/setup_assistant.launch.py
-- Up-to-date: /home/tamir/manipulator_project/config/robot_moveit_config/install/robot_moveit_config/share/robot_moveit_config/launch/move_group.launch.py
-- Up-to-date: /home/tamir/manipulator_project/config/robot_moveit_config/install/robot_moveit_config/share/robot_moveit_config/launch/moveit_rviz.launch.py
-- Up-to-date: /home/tamir/manipulator_project/config/robot_moveit_config/install/robot_moveit_config/share/robot_moveit_config/launch/demo.launch.py
-- Up-to-date: /home/tamir/manipulator_project/config/robot_moveit_config/install/robot_moveit_config/share/robot_moveit_config/launch/static_virtual_joint_tfs.launch.py
-- Up-to-date: /home/tamir/manipulator_project/config/robot_moveit_config/install/robot_moveit_config/share/robot_moveit_config/launch/warehouse_db.launch.py
-- Up-to-date: /home/tamir/manipulator_project/config/robot_moveit_config/install/robot_moveit_config/share/robot_moveit_config/launch/build
-- Up-to-date: /home/tamir/manipulator_project/config/robot_moveit_config/install/robot_moveit_config/share/robot_moveit_config/launch/build/COLCON_IGNORE
-- Up-to-date: /home/tamir/manipulator_project/config/robot_moveit_config/install/robot_moveit_config/share/robot_moveit_config/launch/build/.built_by
-- Up-to-date: /home/tamir/manipulator_project/config/robot_moveit_config/install/robot_moveit_config/share/robot_moveit_config/launch/log
-- Up-to-date: /home/tamir/manipulator_project/config/robot_moveit_config/install/robot_moveit_config/share/robot_moveit_config/launch/log/build_2025-01-25_00-22-48
-- Up-to-date: /home/tamir/manipulator_project/config/robot_moveit_config/install/robot_moveit_config/share/robot_moveit_config/launch/log/build_2025-01-25_00-22-48/events.log
-- Up-to-date: /home/tamir/manipulator_project/config/robot_moveit_config/install/robot_moveit_config/share/robot_moveit_config/launch/log/build_2025-01-25_00-22-48/logger_all.log
-- Up-to-date: /home/tamir/manipulator_project/config/robot_moveit_config/install/robot_moveit_config/share/robot_moveit_config/launch/log/COLCON_IGNORE
-- Up-to-date: /home/tamir/manipulator_project/config/robot_moveit_config/install/robot_moveit_config/share/robot_moveit_config/launch/log/latest
-- Up-to-date: /home/tamir/manipulator_project/config/robot_moveit_config/install/robot_moveit_config/share/robot_moveit_config/launch/log/latest_build
-- Up-to-date: /home/tamir/manipulator_project/config/robot_moveit_config/install/robot_moveit_config/share/robot_moveit_config/launch/spawn_controllers.launch.py
-- Up-to-date: /home/tamir/manipulator_project/config/robot_moveit_config/install/robot_moveit_config/share/robot_moveit_config/launch/rsp.launch.py
-- Up-to-date: /home/tamir/manipulator_project/config/robot_moveit_config/install/robot_moveit_config/share/robot_moveit_config/launch/install
-- Up-to-date: /home/tamir/manipulator_project/config/robot_moveit_config/install/robot_moveit_config/share/robot_moveit_config/launch/install/setup.ps1
-- Up-to-date: /home/tamir/manipulator_project/config/robot_moveit_config/install/robot_moveit_config/share/robot_moveit_config/launch/install/setup.zsh
-- Up-to-date: /home/tamir/manipulator_project/config/robot_moveit_config/install/robot_moveit_config/share/robot_moveit_config/launch/install/local_setup.sh
-- Up-to-date: /home/tamir/manipulator_project/config/robot_moveit_config/install/robot_moveit_config/share/robot_moveit_config/launch/install/_local_setup_util_ps1.py
-- Up-to-date: /home/tamir/manipulator_project/config/robot_moveit_config/install/robot_moveit_config/share/robot_moveit_config/launch/install/COLCON_IGNORE
-- Up-to-date: /home/tamir/manipulator_project/config/robot_moveit_config/install/robot_moveit_config/share/robot_moveit_config/launch/install/.colcon_install_layout
-- Up-to-date: /home/tamir/manipulator_project/config/robot_moveit_config/install/robot_moveit_config/share/robot_moveit_config/launch/install/setup.sh
-- Up-to-date: /home/tamir/manipulator_project/config/robot_moveit_config/install/robot_moveit_config/share/robot_moveit_config/launch/install/setup.bash
-- Up-to-date: /home/tamir/manipulator_project/config/robot_moveit_config/install/robot_moveit_config/share/robot_moveit_config/launch/install/local_setup.zsh
-- Up-to-date: /home/tamir/manipulator_project/config/robot_moveit_config/install/robot_moveit_config/share/robot_moveit_config/launch/install/local_setup.ps1
-- Up-to-date: /home/tamir/manipulator_project/config/robot_moveit_config/install/robot_moveit_config/share/robot_moveit_config/launch/install/local_setup.bash
-- Up-to-date: /home/tamir/manipulator_project/config/robot_moveit_config/install/robot_moveit_config/share/robot_moveit_config/launch/install/_local_setup_util_sh.py
-- Up-to-date: /home/tamir/manipulator_project/config/robot_moveit_config/install/robot_moveit_config/share/robot_moveit_config/config
-- Up-to-date: /home/tamir/manipulator_project/config/robot_moveit_config/install/robot_moveit_config/share/robot_moveit_config/config/moveit_controllers.yaml
-- Installing: /home/tamir/manipulator_project/config/robot_moveit_config/install/robot_moveit_config/share/robot_moveit_config/config/build
-- Installing: /home/tamir/manipulator_project/config/robot_moveit_config/install/robot_moveit_config/share/robot_moveit_config/config/build/COLCON_IGNORE
-- Installing: /home/tamir/manipulator_project/config/robot_moveit_config/install/robot_moveit_config/share/robot_moveit_config/config/build/.built_by
-- Installing: /home/tamir/manipulator_project/config/robot_moveit_config/install/robot_moveit_config/share/robot_moveit_config/config/kinematics.yaml
-- Up-to-date: /home/tamir/manipulator_project/config/robot_moveit_config/install/robot_moveit_config/share/robot_moveit_config/config/manipulator_robot.ros2_control.xacro
-- Up-to-date: /home/tamir/manipulator_project/config/robot_moveit_config/install/robot_moveit_config/share/robot_moveit_config/config/ros2_controllers.yaml
-- Up-to-date: /home/tamir/manipulator_project/config/robot_moveit_config/install/robot_moveit_config/share/robot_moveit_config/config/joint_limits.yaml
-- Installing: /home/tamir/manipulator_project/config/robot_moveit_config/install/robot_moveit_config/share/robot_moveit_config/config/log
-- Installing: /home/tamir/manipulator_project/config/robot_moveit_config/install/robot_moveit_config/share/robot_moveit_config/config/log/build_2025-01-25_01-48-35
-- Installing: /home/tamir/manipulator_project/config/robot_moveit_config/install/robot_moveit_config/share/robot_moveit_config/config/log/build_2025-01-25_01-48-35/events.log
-- Installing: /home/tamir/manipulator_project/config/robot_moveit_config/install/robot_moveit_config/share/robot_moveit_config/config/log/build_2025-01-25_01-48-35/logger_all.log
-- Installing: /home/tamir/manipulator_project/config/robot_moveit_config/install/robot_moveit_config/share/robot_moveit_config/config/log/COLCON_IGNORE
-- Installing: /home/tamir/manipulator_project/config/robot_moveit_config/install/robot_moveit_config/share/robot_moveit_config/config/log/latest
-- Installing: /home/tamir/manipulator_project/config/robot_moveit_config/install/robot_moveit_config/share/robot_moveit_config/config/log/latest_build
-- Up-to-date: /home/tamir/manipulator_project/config/robot_moveit_config/install/robot_moveit_config/share/robot_moveit_config/config/moveit.rviz
-- Up-to-date: /home/tamir/manipulator_project/config/robot_moveit_config/install/robot_moveit_config/share/robot_moveit_config/config/manipulator_robot.srdf
-- Up-to-date: /home/tamir/manipulator_project/config/robot_moveit_config/install/robot_moveit_config/share/robot_moveit_config/config/sensors_3d.yaml
-- Up-to-date: /home/tamir/manipulator_project/config/robot_moveit_config/install/robot_moveit_config/share/robot_moveit_config/config/manipulator_robot.urdf.xacro
-- Installing: /home/tamir/manipulator_project/config/robot_moveit_config/install/robot_moveit_config/share/robot_moveit_config/config/install
-- Installing: /home/tamir/manipulator_project/config/robot_moveit_config/install/robot_moveit_config/share/robot_moveit_config/config/install/setup.ps1
-- Installing: /home/tamir/manipulator_project/config/robot_moveit_config/install/robot_moveit_config/share/robot_moveit_config/config/install/setup.zsh
-- Installing: /home/tamir/manipulator_project/config/robot_moveit_config/install/robot_moveit_config/share/robot_moveit_config/config/install/local_setup.sh
-- Installing: /home/tamir/manipulator_project/config/robot_moveit_config/install/robot_moveit_config/share/robot_moveit_config/config/install/_local_setup_util_ps1.py
-- Installing: /home/tamir/manipulator_project/config/robot_moveit_config/install/robot_moveit_config/share/robot_moveit_config/config/install/COLCON_IGNORE
-- Installing: /home/tamir/manipulator_project/config/robot_moveit_config/install/robot_moveit_config/share/robot_moveit_config/config/install/.colcon_install_layout
-- Installing: /home/tamir/manipulator_project/config/robot_moveit_config/install/robot_moveit_config/share/robot_moveit_config/config/install/setup.sh
-- Installing: /home/tamir/manipulator_project/config/robot_moveit_config/install/robot_moveit_config/share/robot_moveit_config/config/install/setup.bash
-- Installing: /home/tamir/manipulator_project/config/robot_moveit_config/install/robot_moveit_config/share/robot_moveit_config/config/install/local_setup.zsh
-- Installing: /home/tamir/manipulator_project/config/robot_moveit_config/install/robot_moveit_config/share/robot_moveit_config/config/install/local_setup.ps1
-- Installing: /home/tamir/manipulator_project/config/robot_moveit_config/install/robot_moveit_config/share/robot_moveit_config/config/install/local_setup.bash
-- Installing: /home/tamir/manipulator_project/config/robot_moveit_config/install/robot_moveit_config/share/robot_moveit_config/config/install/_local_setup_util_sh.py
-- Up-to-date: /home/tamir/manipulator_project/config/robot_moveit_config/install/robot_moveit_config/share/robot_moveit_config/config/pilz_cartesian_limits.yaml
-- Up-to-date: /home/tamir/manipulator_project/config/robot_moveit_config/install/robot_moveit_config/share/robot_moveit_config/config/initial_positions.yaml
-- Up-to-date: /home/tamir/manipulator_project/config/robot_moveit_config/install/robot_moveit_config/share/robot_moveit_config/.setup_assistant
