-- Install configuration: ""
-- Up-to-date: /home/tamir/manipulator_project/config/install/moveit_robot_config/share/ament_index/resource_index/package_run_dependencies/moveit_robot_config
-- Up-to-date: /home/tamir/manipulator_project/config/install/moveit_robot_config/share/ament_index/resource_index/parent_prefix_path/moveit_robot_config
-- Up-to-date: /home/tamir/manipulator_project/config/install/moveit_robot_config/share/moveit_robot_config/environment/ament_prefix_path.sh
-- Up-to-date: /home/tamir/manipulator_project/config/install/moveit_robot_config/share/moveit_robot_config/environment/ament_prefix_path.dsv
-- Up-to-date: /home/tamir/manipulator_project/config/install/moveit_robot_config/share/moveit_robot_config/environment/path.sh
-- Up-to-date: /home/tamir/manipulator_project/config/install/moveit_robot_config/share/moveit_robot_config/environment/path.dsv
-- Up-to-date: /home/tamir/manipulator_project/config/install/moveit_robot_config/share/moveit_robot_config/local_setup.bash
-- Up-to-date: /home/tamir/manipulator_project/config/install/moveit_robot_config/share/moveit_robot_config/local_setup.sh
-- Up-to-date: /home/tamir/manipulator_project/config/install/moveit_robot_config/share/moveit_robot_config/local_setup.zsh
-- Up-to-date: /home/tamir/manipulator_project/config/install/moveit_robot_config/share/moveit_robot_config/local_setup.dsv
-- Installing: /home/tamir/manipulator_project/config/install/moveit_robot_config/share/moveit_robot_config/package.dsv
-- Up-to-date: /home/tamir/manipulator_project/config/install/moveit_robot_config/share/ament_index/resource_index/packages/moveit_robot_config
-- Up-to-date: /home/tamir/manipulator_project/config/install/moveit_robot_config/share/moveit_robot_config/cmake/moveit_robot_configConfig.cmake
-- Up-to-date: /home/tamir/manipulator_project/config/install/moveit_robot_config/share/moveit_robot_config/cmake/moveit_robot_configConfig-version.cmake
-- Up-to-date: /home/tamir/manipulator_project/config/install/moveit_robot_config/share/moveit_robot_config/package.xml
-- Up-to-date: /home/tamir/manipulator_project/config/install/moveit_robot_config/share/moveit_robot_config/launch
-- Up-to-date: /home/tamir/manipulator_project/config/install/moveit_robot_config/share/moveit_robot_config/launch/__pycache__
-- Up-to-date: /home/tamir/manipulator_project/config/install/moveit_robot_config/share/moveit_robot_config/launch/__pycache__/move_group.launch.cpython-310.pyc
-- Up-to-date: /home/tamir/manipulator_project/config/install/moveit_robot_config/share/moveit_robot_config/launch/__pycache__/moveit_rviz.launch.cpython-310.pyc
-- Up-to-date: /home/tamir/manipulator_project/config/install/moveit_robot_config/share/moveit_robot_config/launch/__pycache__/demo.launch.cpython-310.pyc
-- Up-to-date: /home/tamir/manipulator_project/config/install/moveit_robot_config/share/moveit_robot_config/launch/setup_assistant.launch.py
-- Up-to-date: /home/tamir/manipulator_project/config/install/moveit_robot_config/share/moveit_robot_config/launch/move_group.launch.py
-- Up-to-date: /home/tamir/manipulator_project/config/install/moveit_robot_config/share/moveit_robot_config/launch/moveit_rviz.launch.py
-- Up-to-date: /home/tamir/manipulator_project/config/install/moveit_robot_config/share/moveit_robot_config/launch/demo.launch.py
-- Up-to-date: /home/tamir/manipulator_project/config/install/moveit_robot_config/share/moveit_robot_config/launch/static_virtual_joint_tfs.launch.py
-- Up-to-date: /home/tamir/manipulator_project/config/install/moveit_robot_config/share/moveit_robot_config/launch/warehouse_db.launch.py
-- Up-to-date: /home/tamir/manipulator_project/config/install/moveit_robot_config/share/moveit_robot_config/launch/build
-- Up-to-date: /home/tamir/manipulator_project/config/install/moveit_robot_config/share/moveit_robot_config/launch/build/COLCON_IGNORE
-- Up-to-date: /home/tamir/manipulator_project/config/install/moveit_robot_config/share/moveit_robot_config/launch/build/.built_by
-- Up-to-date: /home/tamir/manipulator_project/config/install/moveit_robot_config/share/moveit_robot_config/launch/log
-- Installing: /home/tamir/manipulator_project/config/install/moveit_robot_config/share/moveit_robot_config/launch/log/COLCON_IGNORE
-- Up-to-date: /home/tamir/manipulator_project/config/install/moveit_robot_config/share/moveit_robot_config/launch/log/build_2025-01-22_15-48-35
-- Up-to-date: /home/tamir/manipulator_project/config/install/moveit_robot_config/share/moveit_robot_config/launch/log/build_2025-01-22_15-48-35/events.log
-- Up-to-date: /home/tamir/manipulator_project/config/install/moveit_robot_config/share/moveit_robot_config/launch/log/build_2025-01-22_15-48-35/logger_all.log
-- Up-to-date: /home/tamir/manipulator_project/config/install/moveit_robot_config/share/moveit_robot_config/launch/log/latest
-- Installing: /home/tamir/manipulator_project/config/install/moveit_robot_config/share/moveit_robot_config/launch/log/latest_build
-- Installing: /home/tamir/manipulator_project/config/install/moveit_robot_config/share/moveit_robot_config/launch/log/build_2025-01-23_20-15-38
-- Installing: /home/tamir/manipulator_project/config/install/moveit_robot_config/share/moveit_robot_config/launch/log/build_2025-01-23_20-15-38/events.log
-- Installing: /home/tamir/manipulator_project/config/install/moveit_robot_config/share/moveit_robot_config/launch/log/build_2025-01-23_20-15-38/logger_all.log
-- Up-to-date: /home/tamir/manipulator_project/config/install/moveit_robot_config/share/moveit_robot_config/launch/spawn_controllers.launch.py
-- Up-to-date: /home/tamir/manipulator_project/config/install/moveit_robot_config/share/moveit_robot_config/launch/rsp.launch.py
-- Up-to-date: /home/tamir/manipulator_project/config/install/moveit_robot_config/share/moveit_robot_config/launch/install
-- Installing: /home/tamir/manipulator_project/config/install/moveit_robot_config/share/moveit_robot_config/launch/install/setup.ps1
-- Installing: /home/tamir/manipulator_project/config/install/moveit_robot_config/share/moveit_robot_config/launch/install/setup.zsh
-- Installing: /home/tamir/manipulator_project/config/install/moveit_robot_config/share/moveit_robot_config/launch/install/local_setup.sh
-- Installing: /home/tamir/manipulator_project/config/install/moveit_robot_config/share/moveit_robot_config/launch/install/_local_setup_util_ps1.py
-- Up-to-date: /home/tamir/manipulator_project/config/install/moveit_robot_config/share/moveit_robot_config/launch/install/COLCON_IGNORE
-- Up-to-date: /home/tamir/manipulator_project/config/install/moveit_robot_config/share/moveit_robot_config/launch/install/.colcon_install_layout
-- Installing: /home/tamir/manipulator_project/config/install/moveit_robot_config/share/moveit_robot_config/launch/install/setup.sh
-- Installing: /home/tamir/manipulator_project/config/install/moveit_robot_config/share/moveit_robot_config/launch/install/setup.bash
-- Installing: /home/tamir/manipulator_project/config/install/moveit_robot_config/share/moveit_robot_config/launch/install/local_setup.zsh
-- Installing: /home/tamir/manipulator_project/config/install/moveit_robot_config/share/moveit_robot_config/launch/install/local_setup.ps1
-- Installing: /home/tamir/manipulator_project/config/install/moveit_robot_config/share/moveit_robot_config/launch/install/local_setup.bash
-- Installing: /home/tamir/manipulator_project/config/install/moveit_robot_config/share/moveit_robot_config/launch/install/_local_setup_util_sh.py
-- Up-to-date: /home/tamir/manipulator_project/config/install/moveit_robot_config/share/moveit_robot_config/config
-- Up-to-date: /home/tamir/manipulator_project/config/install/moveit_robot_config/share/moveit_robot_config/config/moveit_controllers.yaml
-- Up-to-date: /home/tamir/manipulator_project/config/install/moveit_robot_config/share/moveit_robot_config/config/kinematics.yaml
-- Up-to-date: /home/tamir/manipulator_project/config/install/moveit_robot_config/share/moveit_robot_config/config/manipulator_robot.ros2_control.xacro
-- Up-to-date: /home/tamir/manipulator_project/config/install/moveit_robot_config/share/moveit_robot_config/config/ros2_controllers.yaml
-- Installing: /home/tamir/manipulator_project/config/install/moveit_robot_config/share/moveit_robot_config/config/joint_limits.yaml
-- Up-to-date: /home/tamir/manipulator_project/config/install/moveit_robot_config/share/moveit_robot_config/config/moveit.rviz
-- Up-to-date: /home/tamir/manipulator_project/config/install/moveit_robot_config/share/moveit_robot_config/config/manipulator_robot.srdf
-- Up-to-date: /home/tamir/manipulator_project/config/install/moveit_robot_config/share/moveit_robot_config/config/manipulator_robot.urdf.xacro
-- Up-to-date: /home/tamir/manipulator_project/config/install/moveit_robot_config/share/moveit_robot_config/config/pilz_cartesian_limits.yaml
-- Up-to-date: /home/tamir/manipulator_project/config/install/moveit_robot_config/share/moveit_robot_config/config/initial_positions.yaml
-- Up-to-date: /home/tamir/manipulator_project/config/install/moveit_robot_config/share/moveit_robot_config/.setup_assistant
