[0.016s] Invoking command in '/home/tamir/manipulator_project/build/manipulator_project': CMAKE_PREFIX_PATH=${CMAKE_PREFIX_PATH}:/home/tamir/ws_moveit2/install/moveit_configs_utils:/home/tamir/ws_moveit2/install/launch_param_builder:/home/tamir/autonomous_robot/install/calc_odom:/home/tamir/autonomous_robot/install/control_hardware:/home/tamir/ros2_ws/install/turtle_spawner:/home/tamir/ros2_ws/install/turtle_controller:/home/tamir/ros2_ws/install/my_py_pkg:/home/tamir/autonomous_robot/autonomous_robot_control/install/control_hardware:/home/tamir/autonomous_robot/autonomous_robot_control/install/calc_odom:/home/tamir/autonomous_robot/autonomous_robot_control/src/control_hardware/install/control_hardware:/opt/ros/humble /usr/bin/cmake --build /home/tamir/manipulator_project/build/manipulator_project -- -j12 -l12
[0.045s] -- Found ament_cmake: 1.3.11 (/opt/ros/humble/share/ament_cmake/cmake)
[0.163s] -- Found rclcpp: 16.0.11 (/opt/ros/humble/share/rclcpp/cmake)
[0.183s] -- Found rosidl_generator_c: 3.1.6 (/opt/ros/humble/share/rosidl_generator_c/cmake)
[0.185s] -- Found rosidl_adapter: 3.1.6 (/opt/ros/humble/share/rosidl_adapter/cmake)
[0.188s] -- Found rosidl_generator_cpp: 3.1.6 (/opt/ros/humble/share/rosidl_generator_cpp/cmake)
[0.196s] -- Using all available rosidl_typesupport_c: rosidl_typesupport_fastrtps_c;rosidl_typesupport_introspection_c
[0.207s] -- Using all available rosidl_typesupport_cpp: rosidl_typesupport_fastrtps_cpp;rosidl_typesupport_introspection_cpp
[0.231s] -- Found rmw_implementation_cmake: 6.1.2 (/opt/ros/humble/share/rmw_implementation_cmake/cmake)
[0.234s] -- Found rmw_fastrtps_cpp: 6.2.7 (/opt/ros/humble/share/rmw_fastrtps_cpp/cmake)
[0.347s] -- Using RMW implementation 'rmw_fastrtps_cpp' as default
[0.379s] -- Found moveit_core: 2.5.7 (/home/tamir/ws_moveit2/install/moveit_core/share/moveit_core/cmake)
[0.389s] -- Found Boost: /usr/lib/x86_64-linux-gnu/cmake/Boost-1.74.0/BoostConfig.cmake (found version "1.74.0") found components: chrono date_time filesystem iostreams program_options regex serialization system thread 
[0.408s] -- Found parameter_traits: 0.4.0 (/opt/ros/humble/share/parameter_traits/cmake)
[0.414s] -- Found rclcpp_lifecycle: 16.0.11 (/opt/ros/humble/share/rclcpp_lifecycle/cmake)
[0.428s] -- Found Boost: /usr/lib/x86_64-linux-gnu/cmake/Boost-1.74.0/BoostConfig.cmake (found version "1.74.0") found components: filesystem 
[0.470s] -- library: /usr/lib/x86_64-linux-gnu/libcurl.so
[0.507s] -- Ensuring Eigen3 include directory is part of orocos-kdl CMake target
[0.645s] -- Found moveit_ros_planning_interface: 2.5.7 (/home/tamir/ws_moveit2/install/moveit_ros_planning_interface/share/moveit_ros_planning_interface/cmake)
[0.649s] -- Found Boost: /usr/lib/x86_64-linux-gnu/cmake/Boost-1.74.0/BoostConfig.cmake (found version "1.74.0") found components: date_time filesystem program_options system thread 
[0.658s] -- Found Boost: /usr/lib/x86_64-linux-gnu/cmake/Boost-1.74.0/BoostConfig.cmake (found version "1.74.0") found components: system filesystem date_time program_options thread chrono 
[0.678s] -- Found Boost: /usr/lib/x86_64-linux-gnu/cmake/Boost-1.74.0/BoostConfig.cmake (found version "1.74.0") found components: thread system filesystem regex date_time program_options 
[0.691s] -- Found Boost: /usr/lib/x86_64-linux-gnu/cmake/Boost-1.74.0/BoostConfig.cmake (found version "1.74.0") found components: system filesystem date_time program_options thread 
[0.710s] -- Found manipulator_interfaces: 0.0.0 (/home/tamir/manipulator_project/src/manipulator_interfaces/install/manipulator_interfaces/share/manipulator_interfaces/cmake)
[0.753s] -- Found ament_lint_auto: 0.12.11 (/opt/ros/humble/share/ament_lint_auto/cmake)
[0.830s] -- Added test 'cppcheck' to perform static code analysis on C / C++ code
[0.830s] -- Configured cppcheck include dirs: /home/tamir/manipulator_project/src/manipulator_interfaces/install/manipulator_interfaces/include/manipulator_interfaces
[0.830s] -- Configured cppcheck exclude dirs and/or files: 
[0.834s] -- Added test 'flake8' to check Python code syntax and style conventions
[0.840s] -- Added test 'lint_cmake' to check CMake code style
[0.843s] -- Added test 'pep257' to check Python code against some of the docstring style conventions in PEP 257
[0.867s] -- Added test 'uncrustify' to check C / C++ code style
[0.867s] -- Configured uncrustify additional arguments: 
[0.871s] -- Added test 'xmllint' to check XML markup files
[0.871s] -- Configuring done
[0.898s] -- Generating done
[0.906s] -- Build files have been written to: /home/tamir/manipulator_project/build/manipulator_project
[0.940s] [35m[1mConsolidate compiler generated dependencies of target move_robot[0m
[0.941s] [35m[1mConsolidate compiler generated dependencies of target move_to_pose_service_node[0m
[0.966s] [ 50%] Built target move_to_pose_service_node
[0.968s] [100%] Built target move_robot
[0.980s] Invoked command in '/home/tamir/manipulator_project/build/manipulator_project' returned '0': CMAKE_PREFIX_PATH=${CMAKE_PREFIX_PATH}:/home/tamir/ws_moveit2/install/moveit_configs_utils:/home/tamir/ws_moveit2/install/launch_param_builder:/home/tamir/autonomous_robot/install/calc_odom:/home/tamir/autonomous_robot/install/control_hardware:/home/tamir/ros2_ws/install/turtle_spawner:/home/tamir/ros2_ws/install/turtle_controller:/home/tamir/ros2_ws/install/my_py_pkg:/home/tamir/autonomous_robot/autonomous_robot_control/install/control_hardware:/home/tamir/autonomous_robot/autonomous_robot_control/install/calc_odom:/home/tamir/autonomous_robot/autonomous_robot_control/src/control_hardware/install/control_hardware:/opt/ros/humble /usr/bin/cmake --build /home/tamir/manipulator_project/build/manipulator_project -- -j12 -l12
[0.992s] Invoking command in '/home/tamir/manipulator_project/build/manipulator_project': CMAKE_PREFIX_PATH=${CMAKE_PREFIX_PATH}:/home/tamir/ws_moveit2/install/moveit_configs_utils:/home/tamir/ws_moveit2/install/launch_param_builder:/home/tamir/autonomous_robot/install/calc_odom:/home/tamir/autonomous_robot/install/control_hardware:/home/tamir/ros2_ws/install/turtle_spawner:/home/tamir/ros2_ws/install/turtle_controller:/home/tamir/ros2_ws/install/my_py_pkg:/home/tamir/autonomous_robot/autonomous_robot_control/install/control_hardware:/home/tamir/autonomous_robot/autonomous_robot_control/install/calc_odom:/home/tamir/autonomous_robot/autonomous_robot_control/src/control_hardware/install/control_hardware:/opt/ros/humble /usr/bin/cmake --install /home/tamir/manipulator_project/build/manipulator_project
[0.998s] -- Install configuration: ""
[0.998s] -- Up-to-date: /home/tamir/manipulator_project/install/manipulator_project/lib/manipulator_project/move_robot
[0.998s] -- Up-to-date: /home/tamir/manipulator_project/install/manipulator_project/lib/manipulator_project/move_to_pose_service_node
[0.998s] -- Up-to-date: /home/tamir/manipulator_project/install/manipulator_project/share/manipulator_project//launch
[0.998s] -- Up-to-date: /home/tamir/manipulator_project/install/manipulator_project/share/manipulator_project//launch/simulation.launch.py
[0.998s] -- Up-to-date: /home/tamir/manipulator_project/install/manipulator_project/share/manipulator_project//launch/start_service.launch.py
[0.998s] -- Up-to-date: /home/tamir/manipulator_project/install/manipulator_project/share/manipulator_project//launch/rviz_urdf_check.launch.py
[0.998s] -- Up-to-date: /home/tamir/manipulator_project/install/manipulator_project/share/manipulator_project//urdf
[0.998s] -- Up-to-date: /home/tamir/manipulator_project/install/manipulator_project/share/manipulator_project//urdf/manipulator_model2.urdf.xacro
[0.999s] -- Up-to-date: /home/tamir/manipulator_project/install/manipulator_project/share/manipulator_project//robot2_moveit_config
[0.999s] -- Up-to-date: /home/tamir/manipulator_project/install/manipulator_project/share/manipulator_project//robot2_moveit_config/package.xml
[0.999s] -- Up-to-date: /home/tamir/manipulator_project/install/manipulator_project/share/manipulator_project//robot2_moveit_config/launch
[0.999s] -- Up-to-date: /home/tamir/manipulator_project/install/manipulator_project/share/manipulator_project//robot2_moveit_config/launch/__pycache__
[0.999s] -- Up-to-date: /home/tamir/manipulator_project/install/manipulator_project/share/manipulator_project//robot2_moveit_config/launch/__pycache__/demo.launch.cpython-310.pyc
[0.999s] -- Up-to-date: /home/tamir/manipulator_project/install/manipulator_project/share/manipulator_project//robot2_moveit_config/launch/setup_assistant.launch.py
[0.999s] -- Up-to-date: /home/tamir/manipulator_project/install/manipulator_project/share/manipulator_project//robot2_moveit_config/launch/move_group.launch.py
[0.999s] -- Up-to-date: /home/tamir/manipulator_project/install/manipulator_project/share/manipulator_project//robot2_moveit_config/launch/moveit_rviz.launch.py
[0.999s] -- Up-to-date: /home/tamir/manipulator_project/install/manipulator_project/share/manipulator_project//robot2_moveit_config/launch/demo.launch.py
[0.999s] -- Up-to-date: /home/tamir/manipulator_project/install/manipulator_project/share/manipulator_project//robot2_moveit_config/launch/static_virtual_joint_tfs.launch.py
[0.999s] -- Up-to-date: /home/tamir/manipulator_project/install/manipulator_project/share/manipulator_project//robot2_moveit_config/launch/warehouse_db.launch.py
[0.999s] -- Up-to-date: /home/tamir/manipulator_project/install/manipulator_project/share/manipulator_project//robot2_moveit_config/launch/spawn_controllers.launch.py
[0.999s] -- Up-to-date: /home/tamir/manipulator_project/install/manipulator_project/share/manipulator_project//robot2_moveit_config/launch/rsp.launch.py
[0.999s] -- Installing: /home/tamir/manipulator_project/install/manipulator_project/share/manipulator_project//robot2_moveit_config/build
[0.999s] -- Installing: /home/tamir/manipulator_project/install/manipulator_project/share/manipulator_project//robot2_moveit_config/build/robot2_moveit_config
[0.999s] -- Installing: /home/tamir/manipulator_project/install/manipulator_project/share/manipulator_project//robot2_moveit_config/build/robot2_moveit_config/CTestConfiguration.ini
[0.999s] -- Installing: /home/tamir/manipulator_project/install/manipulator_project/share/manipulator_project//robot2_moveit_config/build/robot2_moveit_config/ament_cmake_index
[0.999s] -- Installing: /home/tamir/manipulator_project/install/manipulator_project/share/manipulator_project//robot2_moveit_config/build/robot2_moveit_config/ament_cmake_index/share
[0.999s] -- Installing: /home/tamir/manipulator_project/install/manipulator_project/share/manipulator_project//robot2_moveit_config/build/robot2_moveit_config/ament_cmake_index/share/ament_index
[0.999s] -- Installing: /home/tamir/manipulator_project/install/manipulator_project/share/manipulator_project//robot2_moveit_config/build/robot2_moveit_config/ament_cmake_index/share/ament_index/resource_index
[0.999s] -- Installing: /home/tamir/manipulator_project/install/manipulator_project/share/manipulator_project//robot2_moveit_config/build/robot2_moveit_config/ament_cmake_index/share/ament_index/resource_index/package_run_dependencies
[0.999s] -- Installing: /home/tamir/manipulator_project/install/manipulator_project/share/manipulator_project//robot2_moveit_config/build/robot2_moveit_config/ament_cmake_index/share/ament_index/resource_index/package_run_dependencies/robot2_moveit_config
[0.999s] -- Installing: /home/tamir/manipulator_project/install/manipulator_project/share/manipulator_project//robot2_moveit_config/build/robot2_moveit_config/ament_cmake_index/share/ament_index/resource_index/packages
[0.999s] -- Installing: /home/tamir/manipulator_project/install/manipulator_project/share/manipulator_project//robot2_moveit_config/build/robot2_moveit_config/ament_cmake_index/share/ament_index/resource_index/packages/robot2_moveit_config
[1.000s] -- Installing: /home/tamir/manipulator_project/install/manipulator_project/share/manipulator_project//robot2_moveit_config/build/robot2_moveit_config/ament_cmake_index/share/ament_index/resource_index/parent_prefix_path
[1.000s] -- Installing: /home/tamir/manipulator_project/install/manipulator_project/share/manipulator_project//robot2_moveit_config/build/robot2_moveit_config/ament_cmake_index/share/ament_index/resource_index/parent_prefix_path/robot2_moveit_config
[1.000s] -- Installing: /home/tamir/manipulator_project/install/manipulator_project/share/manipulator_project//robot2_moveit_config/build/robot2_moveit_config/colcon_command_prefix_build.sh
[1.000s] -- Installing: /home/tamir/manipulator_project/install/manipulator_project/share/manipulator_project//robot2_moveit_config/build/robot2_moveit_config/ament_cmake_uninstall_target
[1.000s] -- Installing: /home/tamir/manipulator_project/install/manipulator_project/share/manipulator_project//robot2_moveit_config/build/robot2_moveit_config/ament_cmake_uninstall_target/ament_cmake_uninstall_target.cmake
[1.000s] -- Installing: /home/tamir/manipulator_project/install/manipulator_project/share/manipulator_project//robot2_moveit_config/build/robot2_moveit_config/cmake_args.last
[1.000s] -- Installing: /home/tamir/manipulator_project/install/manipulator_project/share/manipulator_project//robot2_moveit_config/build/robot2_moveit_config/colcon_command_prefix_build.sh.env
[1.000s] -- Installing: /home/tamir/manipulator_project/install/manipulator_project/share/manipulator_project//robot2_moveit_config/build/robot2_moveit_config/CTestTestfile.cmake
[1.000s] -- Installing: /home/tamir/manipulator_project/install/manipulator_project/share/manipulator_project//robot2_moveit_config/build/robot2_moveit_config/ament_cmake_core
[1.000s] -- Installing: /home/tamir/manipulator_project/install/manipulator_project/share/manipulator_project//robot2_moveit_config/build/robot2_moveit_config/ament_cmake_core/robot2_moveit_configConfig.cmake
[1.000s] -- Installing: /home/tamir/manipulator_project/install/manipulator_project/share/manipulator_project//robot2_moveit_config/build/robot2_moveit_config/ament_cmake_core/package.cmake
[1.000s] -- Installing: /home/tamir/manipulator_project/install/manipulator_project/share/manipulator_project//robot2_moveit_config/build/robot2_moveit_config/ament_cmake_core/robot2_moveit_configConfig-version.cmake
[1.000s] -- Installing: /home/tamir/manipulator_project/install/manipulator_project/share/manipulator_project//robot2_moveit_config/build/robot2_moveit_config/ament_cmake_core/stamps
[1.000s] -- Installing: /home/tamir/manipulator_project/install/manipulator_project/share/manipulator_project//robot2_moveit_config/build/robot2_moveit_config/ament_cmake_core/stamps/package_xml_2_cmake.py.stamp
[1.000s] -- Installing: /home/tamir/manipulator_project/install/manipulator_project/share/manipulator_project//robot2_moveit_config/build/robot2_moveit_config/ament_cmake_core/stamps/nameConfig.cmake.in.stamp
[1.000s] -- Installing: /home/tamir/manipulator_project/install/manipulator_project/share/manipulator_project//robot2_moveit_config/build/robot2_moveit_config/ament_cmake_core/stamps/templates_2_cmake.py.stamp
[1.000s] -- Installing: /home/tamir/manipulator_project/install/manipulator_project/share/manipulator_project//robot2_moveit_config/build/robot2_moveit_config/ament_cmake_core/stamps/nameConfig-version.cmake.in.stamp
[1.000s] -- Installing: /home/tamir/manipulator_project/install/manipulator_project/share/manipulator_project//robot2_moveit_config/build/robot2_moveit_config/ament_cmake_core/stamps/package.xml.stamp
[1.000s] -- Installing: /home/tamir/manipulator_project/install/manipulator_project/share/manipulator_project//robot2_moveit_config/build/robot2_moveit_config/ament_cmake_core/stamps/path.sh.stamp
[1.000s] -- Installing: /home/tamir/manipulator_project/install/manipulator_project/share/manipulator_project//robot2_moveit_config/build/robot2_moveit_config/ament_cmake_core/stamps/ament_prefix_path.sh.stamp
[1.000s] -- Installing: /home/tamir/manipulator_project/install/manipulator_project/share/manipulator_project//robot2_moveit_config/build/robot2_moveit_config/CTestCustom.cmake
[1.000s] -- Installing: /home/tamir/manipulator_project/install/manipulator_project/share/manipulator_project//robot2_moveit_config/build/robot2_moveit_config/colcon_build.rc
[1.000s] -- Installing: /home/tamir/manipulator_project/install/manipulator_project/share/manipulator_project//robot2_moveit_config/build/robot2_moveit_config/ament_cmake_package_templates
[1.000s] -- Installing: /home/tamir/manipulator_project/install/manipulator_project/share/manipulator_project//robot2_moveit_config/build/robot2_moveit_config/ament_cmake_package_templates/templates.cmake
[1.000s] -- Installing: /home/tamir/manipulator_project/install/manipulator_project/share/manipulator_project//robot2_moveit_config/build/robot2_moveit_config/ament_cmake_environment_hooks
[1.000s] -- Installing: /home/tamir/manipulator_project/install/manipulator_project/share/manipulator_project//robot2_moveit_config/build/robot2_moveit_config/ament_cmake_environment_hooks/local_setup.sh
[1.000s] -- Installing: /home/tamir/manipulator_project/install/manipulator_project/share/manipulator_project//robot2_moveit_config/build/robot2_moveit_config/ament_cmake_environment_hooks/ament_prefix_path.dsv
[1.000s] -- Installing: /home/tamir/manipulator_project/install/manipulator_project/share/manipulator_project//robot2_moveit_config/build/robot2_moveit_config/ament_cmake_environment_hooks/local_setup.zsh
[1.001s] -- Installing: /home/tamir/manipulator_project/install/manipulator_project/share/manipulator_project//robot2_moveit_config/build/robot2_moveit_config/ament_cmake_environment_hooks/local_setup.dsv
[1.001s] -- Installing: /home/tamir/manipulator_project/install/manipulator_project/share/manipulator_project//robot2_moveit_config/build/robot2_moveit_config/ament_cmake_environment_hooks/path.dsv
[1.001s] -- Installing: /home/tamir/manipulator_project/install/manipulator_project/share/manipulator_project//robot2_moveit_config/build/robot2_moveit_config/ament_cmake_environment_hooks/local_setup.bash
[1.001s] -- Installing: /home/tamir/manipulator_project/install/manipulator_project/share/manipulator_project//robot2_moveit_config/build/robot2_moveit_config/ament_cmake_environment_hooks/package.dsv
[1.001s] -- Installing: /home/tamir/manipulator_project/install/manipulator_project/share/manipulator_project//robot2_moveit_config/build/robot2_moveit_config/CMakeFiles
[1.001s] -- Installing: /home/tamir/manipulator_project/install/manipulator_project/share/manipulator_project//robot2_moveit_config/build/robot2_moveit_config/CMakeFiles/Makefile.cmake
[1.001s] -- Installing: /home/tamir/manipulator_project/install/manipulator_project/share/manipulator_project//robot2_moveit_config/build/robot2_moveit_config/CMakeFiles/CMakeOutput.log
[1.002s] -- Installing: /home/tamir/manipulator_project/install/manipulator_project/share/manipulator_project//robot2_moveit_config/build/robot2_moveit_config/CMakeFiles/CMakeDirectoryInformation.cmake
[1.002s] -- Installing: /home/tamir/manipulator_project/install/manipulator_project/share/manipulator_project//robot2_moveit_config/build/robot2_moveit_config/CMakeFiles/TargetDirectories.txt
[1.002s] -- Installing: /home/tamir/manipulator_project/install/manipulator_project/share/manipulator_project//robot2_moveit_config/build/robot2_moveit_config/CMakeFiles/robot2_moveit_config_uninstall.dir
[1.002s] -- Installing: /home/tamir/manipulator_project/install/manipulator_project/share/manipulator_project//robot2_moveit_config/build/robot2_moveit_config/CMakeFiles/robot2_moveit_config_uninstall.dir/build.make
[1.002s] -- Installing: /home/tamir/manipulator_project/install/manipulator_project/share/manipulator_project//robot2_moveit_config/build/robot2_moveit_config/CMakeFiles/robot2_moveit_config_uninstall.dir/compiler_depend.make
[1.002s] -- Installing: /home/tamir/manipulator_project/install/manipulator_project/share/manipulator_project//robot2_moveit_config/build/robot2_moveit_config/CMakeFiles/robot2_moveit_config_uninstall.dir/progress.make
[1.002s] -- Installing: /home/tamir/manipulator_project/install/manipulator_project/share/manipulator_project//robot2_moveit_config/build/robot2_moveit_config/CMakeFiles/robot2_moveit_config_uninstall.dir/compiler_depend.ts
[1.002s] -- Installing: /home/tamir/manipulator_project/install/manipulator_project/share/manipulator_project//robot2_moveit_config/build/robot2_moveit_config/CMakeFiles/robot2_moveit_config_uninstall.dir/cmake_clean.cmake
[1.002s] -- Installing: /home/tamir/manipulator_project/install/manipulator_project/share/manipulator_project//robot2_moveit_config/build/robot2_moveit_config/CMakeFiles/robot2_moveit_config_uninstall.dir/DependInfo.cmake
[1.002s] -- Installing: /home/tamir/manipulator_project/install/manipulator_project/share/manipulator_project//robot2_moveit_config/build/robot2_moveit_config/CMakeFiles/progress.marks
[1.002s] -- Installing: /home/tamir/manipulator_project/install/manipulator_project/share/manipulator_project//robot2_moveit_config/build/robot2_moveit_config/CMakeFiles/CMakeTmp
[1.002s] -- Installing: /home/tamir/manipulator_project/install/manipulator_project/share/manipulator_project//robot2_moveit_config/build/robot2_moveit_config/CMakeFiles/Makefile2
[1.002s] -- Installing: /home/tamir/manipulator_project/install/manipulator_project/share/manipulator_project//robot2_moveit_config/build/robot2_moveit_config/CMakeFiles/uninstall.dir
[1.002s] -- Installing: /home/tamir/manipulator_project/install/manipulator_project/share/manipulator_project//robot2_moveit_config/build/robot2_moveit_config/CMakeFiles/uninstall.dir/build.make
[1.002s] -- Installing: /home/tamir/manipulator_project/install/manipulator_project/share/manipulator_project//robot2_moveit_config/build/robot2_moveit_config/CMakeFiles/uninstall.dir/compiler_depend.make
[1.002s] -- Installing: /home/tamir/manipulator_project/install/manipulator_project/share/manipulator_project//robot2_moveit_config/build/robot2_moveit_config/CMakeFiles/uninstall.dir/progress.make
[1.002s] -- Installing: /home/tamir/manipulator_project/install/manipulator_project/share/manipulator_project//robot2_moveit_config/build/robot2_moveit_config/CMakeFiles/uninstall.dir/compiler_depend.ts
[1.002s] -- Installing: /home/tamir/manipulator_project/install/manipulator_project/share/manipulator_project//robot2_moveit_config/build/robot2_moveit_config/CMakeFiles/uninstall.dir/cmake_clean.cmake
[1.002s] -- Installing: /home/tamir/manipulator_project/install/manipulator_project/share/manipulator_project//robot2_moveit_config/build/robot2_moveit_config/CMakeFiles/uninstall.dir/DependInfo.cmake
[1.002s] -- Installing: /home/tamir/manipulator_project/install/manipulator_project/share/manipulator_project//robot2_moveit_config/build/robot2_moveit_config/CMakeFiles/3.22.1
[1.002s] -- Installing: /home/tamir/manipulator_project/install/manipulator_project/share/manipulator_project//robot2_moveit_config/build/robot2_moveit_config/CMakeFiles/3.22.1/CMakeDetermineCompilerABI_CXX.bin
[1.002s] -- Installing: /home/tamir/manipulator_project/install/manipulator_project/share/manipulator_project//robot2_moveit_config/build/robot2_moveit_config/CMakeFiles/3.22.1/CMakeSystem.cmake
[1.002s] -- Installing: /home/tamir/manipulator_project/install/manipulator_project/share/manipulator_project//robot2_moveit_config/build/robot2_moveit_config/CMakeFiles/3.22.1/CMakeDetermineCompilerABI_C.bin
[1.003s] -- Installing: /home/tamir/manipulator_project/install/manipulator_project/share/manipulator_project//robot2_moveit_config/build/robot2_moveit_config/CMakeFiles/3.22.1/CMakeCXXCompiler.cmake
[1.003s] -- Installing: /home/tamir/manipulator_project/install/manipulator_project/share/manipulator_project//robot2_moveit_config/build/robot2_moveit_config/CMakeFiles/3.22.1/CMakeCCompiler.cmake
[1.003s] -- Installing: /home/tamir/manipulator_project/install/manipulator_project/share/manipulator_project//robot2_moveit_config/build/robot2_moveit_config/CMakeFiles/3.22.1/CompilerIdCXX
[1.003s] -- Installing: /home/tamir/manipulator_project/install/manipulator_project/share/manipulator_project//robot2_moveit_config/build/robot2_moveit_config/CMakeFiles/3.22.1/CompilerIdCXX/tmp
[1.003s] -- Installing: /home/tamir/manipulator_project/install/manipulator_project/share/manipulator_project//robot2_moveit_config/build/robot2_moveit_config/CMakeFiles/3.22.1/CompilerIdCXX/a.out
[1.003s] -- Installing: /home/tamir/manipulator_project/install/manipulator_project/share/manipulator_project//robot2_moveit_config/build/robot2_moveit_config/CMakeFiles/3.22.1/CompilerIdCXX/CMakeCXXCompilerId.cpp
[1.003s] -- Installing: /home/tamir/manipulator_project/install/manipulator_project/share/manipulator_project//robot2_moveit_config/build/robot2_moveit_config/CMakeFiles/3.22.1/CompilerIdC
[1.003s] -- Installing: /home/tamir/manipulator_project/install/manipulator_project/share/manipulator_project//robot2_moveit_config/build/robot2_moveit_config/CMakeFiles/3.22.1/CompilerIdC/tmp
[1.003s] -- Installing: /home/tamir/manipulator_project/install/manipulator_project/share/manipulator_project//robot2_moveit_config/build/robot2_moveit_config/CMakeFiles/3.22.1/CompilerIdC/a.out
[1.003s] -- Installing: /home/tamir/manipulator_project/install/manipulator_project/share/manipulator_project//robot2_moveit_config/build/robot2_moveit_config/CMakeFiles/3.22.1/CompilerIdC/CMakeCCompilerId.c
[1.003s] -- Installing: /home/tamir/manipulator_project/install/manipulator_project/share/manipulator_project//robot2_moveit_config/build/robot2_moveit_config/CMakeFiles/cmake.check_cache
[1.003s] -- Installing: /home/tamir/manipulator_project/install/manipulator_project/share/manipulator_project//robot2_moveit_config/build/robot2_moveit_config/CMakeFiles/CMakeRuleHashes.txt
[1.003s] -- Installing: /home/tamir/manipulator_project/install/manipulator_project/share/manipulator_project//robot2_moveit_config/build/robot2_moveit_config/cmake_install.cmake
[1.003s] -- Installing: /home/tamir/manipulator_project/install/manipulator_project/share/manipulator_project//robot2_moveit_config/build/robot2_moveit_config/CMakeCache.txt
[1.003s] -- Installing: /home/tamir/manipulator_project/install/manipulator_project/share/manipulator_project//robot2_moveit_config/build/robot2_moveit_config/install_manifest.txt
[1.003s] -- Installing: /home/tamir/manipulator_project/install/manipulator_project/share/manipulator_project//robot2_moveit_config/build/robot2_moveit_config/.cmake
[1.003s] -- Installing: /home/tamir/manipulator_project/install/manipulator_project/share/manipulator_project//robot2_moveit_config/build/robot2_moveit_config/.cmake/api
[1.003s] -- Installing: /home/tamir/manipulator_project/install/manipulator_project/share/manipulator_project//robot2_moveit_config/build/robot2_moveit_config/.cmake/api/v1
[1.003s] -- Installing: /home/tamir/manipulator_project/install/manipulator_project/share/manipulator_project//robot2_moveit_config/build/robot2_moveit_config/.cmake/api/v1/reply
[1.003s] -- Installing: /home/tamir/manipulator_project/install/manipulator_project/share/manipulator_project//robot2_moveit_config/build/robot2_moveit_config/.cmake/api/v1/reply/directory-.-b43482103471be2d05e2.json
[1.003s] -- Installing: /home/tamir/manipulator_project/install/manipulator_project/share/manipulator_project//robot2_moveit_config/build/robot2_moveit_config/.cmake/api/v1/reply/codemodel-v2-9e35a3d69996f3e0e897.json
[1.003s] -- Installing: /home/tamir/manipulator_project/install/manipulator_project/share/manipulator_project//robot2_moveit_config/build/robot2_moveit_config/.cmake/api/v1/reply/index-2025-03-21T15-13-30-0236.json
[1.003s] -- Installing: /home/tamir/manipulator_project/install/manipulator_project/share/manipulator_project//robot2_moveit_config/build/robot2_moveit_config/.cmake/api/v1/reply/target-uninstall-bbb56078d5cb9c0d2615.json
[1.003s] -- Installing: /home/tamir/manipulator_project/install/manipulator_project/share/manipulator_project//robot2_moveit_config/build/robot2_moveit_config/.cmake/api/v1/reply/target-robot2_moveit_config_uninstall-8e2d0ca8423c3a50fc83.json
[1.003s] -- Installing: /home/tamir/manipulator_project/install/manipulator_project/share/manipulator_project//robot2_moveit_config/build/robot2_moveit_config/.cmake/api/v1/query
[1.003s] -- Installing: /home/tamir/manipulator_project/install/manipulator_project/share/manipulator_project//robot2_moveit_config/build/robot2_moveit_config/.cmake/api/v1/query/client-colcon-cmake
[1.003s] -- Installing: /home/tamir/manipulator_project/install/manipulator_project/share/manipulator_project//robot2_moveit_config/build/robot2_moveit_config/.cmake/api/v1/query/client-colcon-cmake/codemodel-v2
[1.003s] -- Installing: /home/tamir/manipulator_project/install/manipulator_project/share/manipulator_project//robot2_moveit_config/build/robot2_moveit_config/Makefile
[1.004s] -- Installing: /home/tamir/manipulator_project/install/manipulator_project/share/manipulator_project//robot2_moveit_config/build/COLCON_IGNORE
[1.004s] -- Installing: /home/tamir/manipulator_project/install/manipulator_project/share/manipulator_project//robot2_moveit_config/build/.built_by
[1.004s] -- Installing: /home/tamir/manipulator_project/install/manipulator_project/share/manipulator_project//robot2_moveit_config/CMakeLists.txt
[1.004s] -- Installing: /home/tamir/manipulator_project/install/manipulator_project/share/manipulator_project//robot2_moveit_config/log
[1.004s] -- Installing: /home/tamir/manipulator_project/install/manipulator_project/share/manipulator_project//robot2_moveit_config/log/COLCON_IGNORE
[1.004s] -- Installing: /home/tamir/manipulator_project/install/manipulator_project/share/manipulator_project//robot2_moveit_config/log/latest
[1.004s] -- Installing: /home/tamir/manipulator_project/install/manipulator_project/share/manipulator_project//robot2_moveit_config/log/latest_build
[1.004s] -- Installing: /home/tamir/manipulator_project/install/manipulator_project/share/manipulator_project//robot2_moveit_config/log/build_2025-03-21_17-13-29
[1.004s] -- Installing: /home/tamir/manipulator_project/install/manipulator_project/share/manipulator_project//robot2_moveit_config/log/build_2025-03-21_17-13-29/events.log
[1.004s] -- Installing: /home/tamir/manipulator_project/install/manipulator_project/share/manipulator_project//robot2_moveit_config/log/build_2025-03-21_17-13-29/robot2_moveit_config
[1.004s] -- Installing: /home/tamir/manipulator_project/install/manipulator_project/share/manipulator_project//robot2_moveit_config/log/build_2025-03-21_17-13-29/robot2_moveit_config/command.log
[1.004s] -- Installing: /home/tamir/manipulator_project/install/manipulator_project/share/manipulator_project//robot2_moveit_config/log/build_2025-03-21_17-13-29/robot2_moveit_config/stderr.log
[1.004s] -- Installing: /home/tamir/manipulator_project/install/manipulator_project/share/manipulator_project//robot2_moveit_config/log/build_2025-03-21_17-13-29/robot2_moveit_config/stdout_stderr.log
[1.004s] -- Installing: /home/tamir/manipulator_project/install/manipulator_project/share/manipulator_project//robot2_moveit_config/log/build_2025-03-21_17-13-29/robot2_moveit_config/streams.log
[1.004s] -- Installing: /home/tamir/manipulator_project/install/manipulator_project/share/manipulator_project//robot2_moveit_config/log/build_2025-03-21_17-13-29/robot2_moveit_config/stdout.log
[1.004s] -- Installing: /home/tamir/manipulator_project/install/manipulator_project/share/manipulator_project//robot2_moveit_config/log/build_2025-03-21_17-13-29/logger_all.log
[1.004s] -- Up-to-date: /home/tamir/manipulator_project/install/manipulator_project/share/manipulator_project//robot2_moveit_config/config
[1.004s] -- Up-to-date: /home/tamir/manipulator_project/install/manipulator_project/share/manipulator_project//robot2_moveit_config/config/manipulator_robot2.srdf
[1.004s] -- Up-to-date: /home/tamir/manipulator_project/install/manipulator_project/share/manipulator_project//robot2_moveit_config/config/moveit_controllers.yaml
[1.004s] -- Up-to-date: /home/tamir/manipulator_project/install/manipulator_project/share/manipulator_project//robot2_moveit_config/config/kinematics.yaml
[1.004s] -- Up-to-date: /home/tamir/manipulator_project/install/manipulator_project/share/manipulator_project//robot2_moveit_config/config/ros2_controllers.yaml
[1.004s] -- Up-to-date: /home/tamir/manipulator_project/install/manipulator_project/share/manipulator_project//robot2_moveit_config/config/joint_limits.yaml
[1.004s] -- Up-to-date: /home/tamir/manipulator_project/install/manipulator_project/share/manipulator_project//robot2_moveit_config/config/moveit.rviz
[1.004s] -- Up-to-date: /home/tamir/manipulator_project/install/manipulator_project/share/manipulator_project//robot2_moveit_config/config/manipulator_robot2.ros2_control.xacro
[1.004s] -- Up-to-date: /home/tamir/manipulator_project/install/manipulator_project/share/manipulator_project//robot2_moveit_config/config/manipulator_robot2.urdf.xacro
[1.004s] -- Up-to-date: /home/tamir/manipulator_project/install/manipulator_project/share/manipulator_project//robot2_moveit_config/config/pilz_cartesian_limits.yaml
[1.004s] -- Up-to-date: /home/tamir/manipulator_project/install/manipulator_project/share/manipulator_project//robot2_moveit_config/config/initial_positions.yaml
[1.004s] -- Installing: /home/tamir/manipulator_project/install/manipulator_project/share/manipulator_project//robot2_moveit_config/install
[1.004s] -- Installing: /home/tamir/manipulator_project/install/manipulator_project/share/manipulator_project//robot2_moveit_config/install/setup.ps1
[1.005s] -- Installing: /home/tamir/manipulator_project/install/manipulator_project/share/manipulator_project//robot2_moveit_config/install/setup.zsh
[1.005s] -- Installing: /home/tamir/manipulator_project/install/manipulator_project/share/manipulator_project//robot2_moveit_config/install/robot2_moveit_config
[1.005s] -- Installing: /home/tamir/manipulator_project/install/manipulator_project/share/manipulator_project//robot2_moveit_config/install/robot2_moveit_config/share
[1.005s] -- Installing: /home/tamir/manipulator_project/install/manipulator_project/share/manipulator_project//robot2_moveit_config/install/robot2_moveit_config/share/robot2_moveit_config
[1.005s] -- Installing: /home/tamir/manipulator_project/install/manipulator_project/share/manipulator_project//robot2_moveit_config/install/robot2_moveit_config/share/robot2_moveit_config/package.zsh
[1.005s] -- Installing: /home/tamir/manipulator_project/install/manipulator_project/share/manipulator_project//robot2_moveit_config/install/robot2_moveit_config/share/robot2_moveit_config/package.xml
[1.005s] -- Installing: /home/tamir/manipulator_project/install/manipulator_project/share/manipulator_project//robot2_moveit_config/install/robot2_moveit_config/share/robot2_moveit_config/local_setup.sh
[1.005s] -- Installing: /home/tamir/manipulator_project/install/manipulator_project/share/manipulator_project//robot2_moveit_config/install/robot2_moveit_config/share/robot2_moveit_config/launch
[1.005s] -- Installing: /home/tamir/manipulator_project/install/manipulator_project/share/manipulator_project//robot2_moveit_config/install/robot2_moveit_config/share/robot2_moveit_config/launch/__pycache__
[1.005s] -- Installing: /home/tamir/manipulator_project/install/manipulator_project/share/manipulator_project//robot2_moveit_config/install/robot2_moveit_config/share/robot2_moveit_config/launch/__pycache__/demo.launch.cpython-310.pyc
[1.005s] -- Installing: /home/tamir/manipulator_project/install/manipulator_project/share/manipulator_project//robot2_moveit_config/install/robot2_moveit_config/share/robot2_moveit_config/launch/setup_assistant.launch.py
[1.005s] -- Installing: /home/tamir/manipulator_project/install/manipulator_project/share/manipulator_project//robot2_moveit_config/install/robot2_moveit_config/share/robot2_moveit_config/launch/move_group.launch.py
[1.005s] -- Installing: /home/tamir/manipulator_project/install/manipulator_project/share/manipulator_project//robot2_moveit_config/install/robot2_moveit_config/share/robot2_moveit_config/launch/moveit_rviz.launch.py
[1.005s] -- Installing: /home/tamir/manipulator_project/install/manipulator_project/share/manipulator_project//robot2_moveit_config/install/robot2_moveit_config/share/robot2_moveit_config/launch/demo.launch.py
[1.005s] -- Installing: /home/tamir/manipulator_project/install/manipulator_project/share/manipulator_project//robot2_moveit_config/install/robot2_moveit_config/share/robot2_moveit_config/launch/static_virtual_joint_tfs.launch.py
[1.005s] -- Installing: /home/tamir/manipulator_project/install/manipulator_project/share/manipulator_project//robot2_moveit_config/install/robot2_moveit_config/share/robot2_moveit_config/launch/warehouse_db.launch.py
[1.005s] -- Installing: /home/tamir/manipulator_project/install/manipulator_project/share/manipulator_project//robot2_moveit_config/install/robot2_moveit_config/share/robot2_moveit_config/launch/spawn_controllers.launch.py
[1.005s] -- Installing: /home/tamir/manipulator_project/install/manipulator_project/share/manipulator_project//robot2_moveit_config/install/robot2_moveit_config/share/robot2_moveit_config/launch/rsp.launch.py
[1.005s] -- Installing: /home/tamir/manipulator_project/install/manipulator_project/share/manipulator_project//robot2_moveit_config/install/robot2_moveit_config/share/robot2_moveit_config/environment
[1.005s] -- Installing: /home/tamir/manipulator_project/install/manipulator_project/share/manipulator_project//robot2_moveit_config/install/robot2_moveit_config/share/robot2_moveit_config/environment/ament_prefix_path.sh
[1.005s] -- Installing: /home/tamir/manipulator_project/install/manipulator_project/share/manipulator_project//robot2_moveit_config/install/robot2_moveit_config/share/robot2_moveit_config/environment/path.sh
[1.005s] -- Installing: /home/tamir/manipulator_project/install/manipulator_project/share/manipulator_project//robot2_moveit_config/install/robot2_moveit_config/share/robot2_moveit_config/environment/ament_prefix_path.dsv
[1.005s] -- Installing: /home/tamir/manipulator_project/install/manipulator_project/share/manipulator_project//robot2_moveit_config/install/robot2_moveit_config/share/robot2_moveit_config/environment/path.dsv
[1.005s] -- Installing: /home/tamir/manipulator_project/install/manipulator_project/share/manipulator_project//robot2_moveit_config/install/robot2_moveit_config/share/robot2_moveit_config/cmake
[1.005s] -- Installing: /home/tamir/manipulator_project/install/manipulator_project/share/manipulator_project//robot2_moveit_config/install/robot2_moveit_config/share/robot2_moveit_config/cmake/robot2_moveit_configConfig.cmake
[1.005s] -- Installing: /home/tamir/manipulator_project/install/manipulator_project/share/manipulator_project//robot2_moveit_config/install/robot2_moveit_config/share/robot2_moveit_config/cmake/robot2_moveit_configConfig-version.cmake
[1.005s] -- Installing: /home/tamir/manipulator_project/install/manipulator_project/share/manipulator_project//robot2_moveit_config/install/robot2_moveit_config/share/robot2_moveit_config/package.ps1
[1.005s] -- Installing: /home/tamir/manipulator_project/install/manipulator_project/share/manipulator_project//robot2_moveit_config/install/robot2_moveit_config/share/robot2_moveit_config/config
[1.005s] -- Installing: /home/tamir/manipulator_project/install/manipulator_project/share/manipulator_project//robot2_moveit_config/install/robot2_moveit_config/share/robot2_moveit_config/config/manipulator_robot2.srdf
[1.005s] -- Installing: /home/tamir/manipulator_project/install/manipulator_project/share/manipulator_project//robot2_moveit_config/install/robot2_moveit_config/share/robot2_moveit_config/config/moveit_controllers.yaml
[1.005s] -- Installing: /home/tamir/manipulator_project/install/manipulator_project/share/manipulator_project//robot2_moveit_config/install/robot2_moveit_config/share/robot2_moveit_config/config/kinematics.yaml
[1.006s] -- Installing: /home/tamir/manipulator_project/install/manipulator_project/share/manipulator_project//robot2_moveit_config/install/robot2_moveit_config/share/robot2_moveit_config/config/ros2_controllers.yaml
[1.006s] -- Installing: /home/tamir/manipulator_project/install/manipulator_project/share/manipulator_project//robot2_moveit_config/install/robot2_moveit_config/share/robot2_moveit_config/config/joint_limits.yaml
[1.006s] -- Installing: /home/tamir/manipulator_project/install/manipulator_project/share/manipulator_project//robot2_moveit_config/install/robot2_moveit_config/share/robot2_moveit_config/config/moveit.rviz
[1.006s] -- Installing: /home/tamir/manipulator_project/install/manipulator_project/share/manipulator_project//robot2_moveit_config/install/robot2_moveit_config/share/robot2_moveit_config/config/manipulator_robot2.ros2_control.xacro
[1.006s] -- Installing: /home/tamir/manipulator_project/install/manipulator_project/share/manipulator_project//robot2_moveit_config/install/robot2_moveit_config/share/robot2_moveit_config/config/manipulator_robot2.urdf.xacro
[1.006s] -- Installing: /home/tamir/manipulator_project/install/manipulator_project/share/manipulator_project//robot2_moveit_config/install/robot2_moveit_config/share/robot2_moveit_config/config/pilz_cartesian_limits.yaml
[1.006s] -- Installing: /home/tamir/manipulator_project/install/manipulator_project/share/manipulator_project//robot2_moveit_config/install/robot2_moveit_config/share/robot2_moveit_config/config/initial_positions.yaml
[1.006s] -- Installing: /home/tamir/manipulator_project/install/manipulator_project/share/manipulator_project//robot2_moveit_config/install/robot2_moveit_config/share/robot2_moveit_config/local_setup.zsh
[1.006s] -- Installing: /home/tamir/manipulator_project/install/manipulator_project/share/manipulator_project//robot2_moveit_config/install/robot2_moveit_config/share/robot2_moveit_config/local_setup.dsv
[1.006s] -- Installing: /home/tamir/manipulator_project/install/manipulator_project/share/manipulator_project//robot2_moveit_config/install/robot2_moveit_config/share/robot2_moveit_config/package.sh
[1.006s] -- Installing: /home/tamir/manipulator_project/install/manipulator_project/share/manipulator_project//robot2_moveit_config/install/robot2_moveit_config/share/robot2_moveit_config/hook
[1.006s] -- Installing: /home/tamir/manipulator_project/install/manipulator_project/share/manipulator_project//robot2_moveit_config/install/robot2_moveit_config/share/robot2_moveit_config/hook/cmake_prefix_path.dsv
[1.006s] -- Installing: /home/tamir/manipulator_project/install/manipulator_project/share/manipulator_project//robot2_moveit_config/install/robot2_moveit_config/share/robot2_moveit_config/hook/cmake_prefix_path.sh
[1.006s] -- Installing: /home/tamir/manipulator_project/install/manipulator_project/share/manipulator_project//robot2_moveit_config/install/robot2_moveit_config/share/robot2_moveit_config/hook/cmake_prefix_path.ps1
[1.006s] -- Installing: /home/tamir/manipulator_project/install/manipulator_project/share/manipulator_project//robot2_moveit_config/install/robot2_moveit_config/share/robot2_moveit_config/local_setup.bash
[1.006s] -- Installing: /home/tamir/manipulator_project/install/manipulator_project/share/manipulator_project//robot2_moveit_config/install/robot2_moveit_config/share/robot2_moveit_config/package.dsv
[1.006s] -- Installing: /home/tamir/manipulator_project/install/manipulator_project/share/manipulator_project//robot2_moveit_config/install/robot2_moveit_config/share/robot2_moveit_config/.setup_assistant
[1.006s] -- Installing: /home/tamir/manipulator_project/install/manipulator_project/share/manipulator_project//robot2_moveit_config/install/robot2_moveit_config/share/robot2_moveit_config/package.bash
[1.006s] -- Installing: /home/tamir/manipulator_project/install/manipulator_project/share/manipulator_project//robot2_moveit_config/install/robot2_moveit_config/share/colcon-core
[1.006s] -- Installing: /home/tamir/manipulator_project/install/manipulator_project/share/manipulator_project//robot2_moveit_config/install/robot2_moveit_config/share/colcon-core/packages
[1.006s] -- Installing: /home/tamir/manipulator_project/install/manipulator_project/share/manipulator_project//robot2_moveit_config/install/robot2_moveit_config/share/colcon-core/packages/robot2_moveit_config
[1.006s] -- Installing: /home/tamir/manipulator_project/install/manipulator_project/share/manipulator_project//robot2_moveit_config/install/robot2_moveit_config/share/ament_index
[1.006s] -- Installing: /home/tamir/manipulator_project/install/manipulator_project/share/manipulator_project//robot2_moveit_config/install/robot2_moveit_config/share/ament_index/resource_index
[1.006s] -- Installing: /home/tamir/manipulator_project/install/manipulator_project/share/manipulator_project//robot2_moveit_config/install/robot2_moveit_config/share/ament_index/resource_index/package_run_dependencies
[1.006s] -- Installing: /home/tamir/manipulator_project/install/manipulator_project/share/manipulator_project//robot2_moveit_config/install/robot2_moveit_config/share/ament_index/resource_index/package_run_dependencies/robot2_moveit_config
[1.006s] -- Installing: /home/tamir/manipulator_project/install/manipulator_project/share/manipulator_project//robot2_moveit_config/install/robot2_moveit_config/share/ament_index/resource_index/packages
[1.006s] -- Installing: /home/tamir/manipulator_project/install/manipulator_project/share/manipulator_project//robot2_moveit_config/install/robot2_moveit_config/share/ament_index/resource_index/packages/robot2_moveit_config
[1.006s] -- Installing: /home/tamir/manipulator_project/install/manipulator_project/share/manipulator_project//robot2_moveit_config/install/robot2_moveit_config/share/ament_index/resource_index/parent_prefix_path
[1.007s] -- Installing: /home/tamir/manipulator_project/install/manipulator_project/share/manipulator_project//robot2_moveit_config/install/robot2_moveit_config/share/ament_index/resource_index/parent_prefix_path/robot2_moveit_config
[1.007s] -- Installing: /home/tamir/manipulator_project/install/manipulator_project/share/manipulator_project//robot2_moveit_config/install/local_setup.sh
[1.007s] -- Installing: /home/tamir/manipulator_project/install/manipulator_project/share/manipulator_project//robot2_moveit_config/install/_local_setup_util_ps1.py
[1.007s] -- Installing: /home/tamir/manipulator_project/install/manipulator_project/share/manipulator_project//robot2_moveit_config/install/COLCON_IGNORE
[1.007s] -- Installing: /home/tamir/manipulator_project/install/manipulator_project/share/manipulator_project//robot2_moveit_config/install/.colcon_install_layout
[1.007s] -- Installing: /home/tamir/manipulator_project/install/manipulator_project/share/manipulator_project//robot2_moveit_config/install/setup.sh
[1.007s] -- Installing: /home/tamir/manipulator_project/install/manipulator_project/share/manipulator_project//robot2_moveit_config/install/setup.bash
[1.007s] -- Installing: /home/tamir/manipulator_project/install/manipulator_project/share/manipulator_project//robot2_moveit_config/install/local_setup.zsh
[1.007s] -- Installing: /home/tamir/manipulator_project/install/manipulator_project/share/manipulator_project//robot2_moveit_config/install/local_setup.ps1
[1.007s] -- Installing: /home/tamir/manipulator_project/install/manipulator_project/share/manipulator_project//robot2_moveit_config/install/local_setup.bash
[1.007s] -- Installing: /home/tamir/manipulator_project/install/manipulator_project/share/manipulator_project//robot2_moveit_config/install/_local_setup_util_sh.py
[1.007s] -- Up-to-date: /home/tamir/manipulator_project/install/manipulator_project/share/manipulator_project//robot2_moveit_config/.setup_assistant
[1.007s] -- Up-to-date: /home/tamir/manipulator_project/install/manipulator_project/share/ament_index/resource_index/package_run_dependencies/manipulator_project
[1.007s] -- Installing: /home/tamir/manipulator_project/install/manipulator_project/share/ament_index/resource_index/parent_prefix_path/manipulator_project
[1.007s] -- Up-to-date: /home/tamir/manipulator_project/install/manipulator_project/share/manipulator_project/environment/ament_prefix_path.sh
[1.007s] -- Installing: /home/tamir/manipulator_project/install/manipulator_project/share/manipulator_project/environment/ament_prefix_path.dsv
[1.007s] -- Up-to-date: /home/tamir/manipulator_project/install/manipulator_project/share/manipulator_project/environment/path.sh
[1.007s] -- Installing: /home/tamir/manipulator_project/install/manipulator_project/share/manipulator_project/environment/path.dsv
[1.007s] -- Up-to-date: /home/tamir/manipulator_project/install/manipulator_project/share/manipulator_project/local_setup.bash
[1.007s] -- Up-to-date: /home/tamir/manipulator_project/install/manipulator_project/share/manipulator_project/local_setup.sh
[1.007s] -- Up-to-date: /home/tamir/manipulator_project/install/manipulator_project/share/manipulator_project/local_setup.zsh
[1.007s] -- Installing: /home/tamir/manipulator_project/install/manipulator_project/share/manipulator_project/local_setup.dsv
[1.007s] -- Installing: /home/tamir/manipulator_project/install/manipulator_project/share/manipulator_project/package.dsv
[1.007s] -- Up-to-date: /home/tamir/manipulator_project/install/manipulator_project/share/ament_index/resource_index/packages/manipulator_project
[1.007s] -- Up-to-date: /home/tamir/manipulator_project/install/manipulator_project/share/manipulator_project/cmake/manipulator_projectConfig.cmake
[1.007s] -- Up-to-date: /home/tamir/manipulator_project/install/manipulator_project/share/manipulator_project/cmake/manipulator_projectConfig-version.cmake
[1.007s] -- Up-to-date: /home/tamir/manipulator_project/install/manipulator_project/share/manipulator_project/package.xml
[1.008s] Invoked command in '/home/tamir/manipulator_project/build/manipulator_project' returned '0': CMAKE_PREFIX_PATH=${CMAKE_PREFIX_PATH}:/home/tamir/ws_moveit2/install/moveit_configs_utils:/home/tamir/ws_moveit2/install/launch_param_builder:/home/tamir/autonomous_robot/install/calc_odom:/home/tamir/autonomous_robot/install/control_hardware:/home/tamir/ros2_ws/install/turtle_spawner:/home/tamir/ros2_ws/install/turtle_controller:/home/tamir/ros2_ws/install/my_py_pkg:/home/tamir/autonomous_robot/autonomous_robot_control/install/control_hardware:/home/tamir/autonomous_robot/autonomous_robot_control/install/calc_odom:/home/tamir/autonomous_robot/autonomous_robot_control/src/control_hardware/install/control_hardware:/opt/ros/humble /usr/bin/cmake --install /home/tamir/manipulator_project/build/manipulator_project
