[0.014s] Invoking command in '/home/tamir/manipulator_project/build/manipulator_project': CMAKE_PREFIX_PATH=${CMAKE_PREFIX_PATH}:/home/tamir/ros2_ws/install/turtle_spawner:/home/tamir/ros2_ws/install/turtle_controller:/home/tamir/ros2_ws/install/my_py_pkg:/home/tamir/autonomous_robot/autonomous_robot_control/install/control_hardware:/home/tamir/autonomous_robot/autonomous_robot_control/install/calc_odom:/home/tamir/ws_moveit2/install/moveit_configs_utils:/home/tamir/ws_moveit2/install/launch_param_builder:/home/tamir/autonomous_robot/install/calc_odom:/home/tamir/autonomous_robot/install/control_hardware:/home/tamir/autonomous_robot/autonomous_robot_control/src/control_hardware/install/control_hardware:/opt/ros/humble /usr/bin/cmake --build /home/tamir/manipulator_project/build/manipulator_project -- -j12 -l12
[0.100s] [ 50%] [32mBuilding CXX object CMakeFiles/move_group.dir/src/move_group.cpp.o[0m
[5.712s] [100%] [32m[1mLinking CXX executable move_group[0m
[6.019s] [100%] Built target move_group
[6.031s] Invoked command in '/home/tamir/manipulator_project/build/manipulator_project' returned '0': CMAKE_PREFIX_PATH=${CMAKE_PREFIX_PATH}:/home/tamir/ros2_ws/install/turtle_spawner:/home/tamir/ros2_ws/install/turtle_controller:/home/tamir/ros2_ws/install/my_py_pkg:/home/tamir/autonomous_robot/autonomous_robot_control/install/control_hardware:/home/tamir/autonomous_robot/autonomous_robot_control/install/calc_odom:/home/tamir/ws_moveit2/install/moveit_configs_utils:/home/tamir/ws_moveit2/install/launch_param_builder:/home/tamir/autonomous_robot/install/calc_odom:/home/tamir/autonomous_robot/install/control_hardware:/home/tamir/autonomous_robot/autonomous_robot_control/src/control_hardware/install/control_hardware:/opt/ros/humble /usr/bin/cmake --build /home/tamir/manipulator_project/build/manipulator_project -- -j12 -l12
[6.041s] Invoking command in '/home/tamir/manipulator_project/build/manipulator_project': CMAKE_PREFIX_PATH=${CMAKE_PREFIX_PATH}:/home/tamir/ros2_ws/install/turtle_spawner:/home/tamir/ros2_ws/install/turtle_controller:/home/tamir/ros2_ws/install/my_py_pkg:/home/tamir/autonomous_robot/autonomous_robot_control/install/control_hardware:/home/tamir/autonomous_robot/autonomous_robot_control/install/calc_odom:/home/tamir/ws_moveit2/install/moveit_configs_utils:/home/tamir/ws_moveit2/install/launch_param_builder:/home/tamir/autonomous_robot/install/calc_odom:/home/tamir/autonomous_robot/install/control_hardware:/home/tamir/autonomous_robot/autonomous_robot_control/src/control_hardware/install/control_hardware:/opt/ros/humble /usr/bin/cmake --install /home/tamir/manipulator_project/build/manipulator_project
[6.049s] -- Install configuration: ""
[6.050s] -- Execute custom install script
[6.050s] -- Up-to-date symlink: /home/tamir/manipulator_project/install/manipulator_project/lib/manipulator_project/move_group
[6.053s] [33mCMake Warning (dev) at ament_cmake_symlink_install/ament_cmake_symlink_install.cmake:62 (file):
[6.053s]   Policy CMP0009 is not set: FILE GLOB_RECURSE calls should not follow
[6.053s]   symlinks by default.  Run "cmake --help-policy CMP0009" for policy details.
[6.053s]   Use the cmake_policy command to set the policy and suppress this warning.
[6.053s] Call Stack (most recent call first):
[6.053s]   ament_cmake_symlink_install/ament_cmake_symlink_install.cmake:317 (ament_cmake_symlink_install_directory)
[6.053s]   cmake_install.cmake:46 (include)
[6.053s] This warning is for project developers.  Use -Wno-dev to suppress it.
[6.053s] [0m
[6.053s] -- Up-to-date symlink: /home/tamir/manipulator_project/install/manipulator_project/share/manipulator_project//config/build/.built_by
[6.053s] -- Up-to-date symlink: /home/tamir/manipulator_project/install/manipulator_project/share/manipulator_project//config/build/COLCON_IGNORE
[6.053s] -- Up-to-date symlink: /home/tamir/manipulator_project/install/manipulator_project/share/manipulator_project//config/build/moveit_robot_config/.cmake/api/v1/query/client-colcon-cmake/codemodel-v2
[6.053s] -- Up-to-date symlink: /home/tamir/manipulator_project/install/manipulator_project/share/manipulator_project//config/build/moveit_robot_config/.cmake/api/v1/reply/codemodel-v2-870ec90986b518efe5cb.json
[6.053s] -- Up-to-date symlink: /home/tamir/manipulator_project/install/manipulator_project/share/manipulator_project//config/build/moveit_robot_config/.cmake/api/v1/reply/directory-.-e2ea9b12327a68eeb404.json
[6.054s] -- Up-to-date symlink: /home/tamir/manipulator_project/install/manipulator_project/share/manipulator_project//config/build/moveit_robot_config/.cmake/api/v1/reply/index-2025-01-24T07-50-35-0055.json
[6.054s] -- Up-to-date symlink: /home/tamir/manipulator_project/install/manipulator_project/share/manipulator_project//config/build/moveit_robot_config/.cmake/api/v1/reply/target-moveit_robot_config_uninstall-b721e67dd9db5ecf9481.json
[6.054s] -- Up-to-date symlink: /home/tamir/manipulator_project/install/manipulator_project/share/manipulator_project//config/build/moveit_robot_config/.cmake/api/v1/reply/target-uninstall-c83a569c2a1bb3657037.json
[6.054s] -- Up-to-date symlink: /home/tamir/manipulator_project/install/manipulator_project/share/manipulator_project//config/build/moveit_robot_config/CMakeCache.txt
[6.054s] -- Up-to-date symlink: /home/tamir/manipulator_project/install/manipulator_project/share/manipulator_project//config/build/moveit_robot_config/CMakeFiles/3.22.1/CMakeCCompiler.cmake
[6.054s] -- Up-to-date symlink: /home/tamir/manipulator_project/install/manipulator_project/share/manipulator_project//config/build/moveit_robot_config/CMakeFiles/3.22.1/CMakeCXXCompiler.cmake
[6.054s] -- Up-to-date symlink: /home/tamir/manipulator_project/install/manipulator_project/share/manipulator_project//config/build/moveit_robot_config/CMakeFiles/3.22.1/CMakeDetermineCompilerABI_C.bin
[6.054s] -- Up-to-date symlink: /home/tamir/manipulator_project/install/manipulator_project/share/manipulator_project//config/build/moveit_robot_config/CMakeFiles/3.22.1/CMakeDetermineCompilerABI_CXX.bin
[6.054s] -- Up-to-date symlink: /home/tamir/manipulator_project/install/manipulator_project/share/manipulator_project//config/build/moveit_robot_config/CMakeFiles/3.22.1/CMakeSystem.cmake
[6.054s] -- Up-to-date symlink: /home/tamir/manipulator_project/install/manipulator_project/share/manipulator_project//config/build/moveit_robot_config/CMakeFiles/3.22.1/CompilerIdC/CMakeCCompilerId.c
[6.054s] -- Up-to-date symlink: /home/tamir/manipulator_project/install/manipulator_project/share/manipulator_project//config/build/moveit_robot_config/CMakeFiles/3.22.1/CompilerIdC/a.out
[6.054s] -- Up-to-date symlink: /home/tamir/manipulator_project/install/manipulator_project/share/manipulator_project//config/build/moveit_robot_config/CMakeFiles/3.22.1/CompilerIdCXX/CMakeCXXCompilerId.cpp
[6.054s] -- Up-to-date symlink: /home/tamir/manipulator_project/install/manipulator_project/share/manipulator_project//config/build/moveit_robot_config/CMakeFiles/3.22.1/CompilerIdCXX/a.out
[6.054s] -- Up-to-date symlink: /home/tamir/manipulator_project/install/manipulator_project/share/manipulator_project//config/build/moveit_robot_config/CMakeFiles/CMakeDirectoryInformation.cmake
[6.054s] -- Up-to-date symlink: /home/tamir/manipulator_project/install/manipulator_project/share/manipulator_project//config/build/moveit_robot_config/CMakeFiles/CMakeOutput.log
[6.054s] -- Up-to-date symlink: /home/tamir/manipulator_project/install/manipulator_project/share/manipulator_project//config/build/moveit_robot_config/CMakeFiles/CMakeRuleHashes.txt
[6.054s] -- Up-to-date symlink: /home/tamir/manipulator_project/install/manipulator_project/share/manipulator_project//config/build/moveit_robot_config/CMakeFiles/Makefile.cmake
[6.054s] -- Up-to-date symlink: /home/tamir/manipulator_project/install/manipulator_project/share/manipulator_project//config/build/moveit_robot_config/CMakeFiles/Makefile2
[6.054s] -- Up-to-date symlink: /home/tamir/manipulator_project/install/manipulator_project/share/manipulator_project//config/build/moveit_robot_config/CMakeFiles/TargetDirectories.txt
[6.054s] -- Up-to-date symlink: /home/tamir/manipulator_project/install/manipulator_project/share/manipulator_project//config/build/moveit_robot_config/CMakeFiles/cmake.check_cache
[6.055s] -- Up-to-date symlink: /home/tamir/manipulator_project/install/manipulator_project/share/manipulator_project//config/build/moveit_robot_config/CMakeFiles/moveit_robot_config_uninstall.dir/DependInfo.cmake
[6.055s] -- Up-to-date symlink: /home/tamir/manipulator_project/install/manipulator_project/share/manipulator_project//config/build/moveit_robot_config/CMakeFiles/moveit_robot_config_uninstall.dir/build.make
[6.055s] -- Up-to-date symlink: /home/tamir/manipulator_project/install/manipulator_project/share/manipulator_project//config/build/moveit_robot_config/CMakeFiles/moveit_robot_config_uninstall.dir/cmake_clean.cmake
[6.055s] -- Up-to-date symlink: /home/tamir/manipulator_project/install/manipulator_project/share/manipulator_project//config/build/moveit_robot_config/CMakeFiles/moveit_robot_config_uninstall.dir/compiler_depend.make
[6.055s] -- Up-to-date symlink: /home/tamir/manipulator_project/install/manipulator_project/share/manipulator_project//config/build/moveit_robot_config/CMakeFiles/moveit_robot_config_uninstall.dir/compiler_depend.ts
[6.055s] -- Up-to-date symlink: /home/tamir/manipulator_project/install/manipulator_project/share/manipulator_project//config/build/moveit_robot_config/CMakeFiles/moveit_robot_config_uninstall.dir/progress.make
[6.055s] -- Up-to-date symlink: /home/tamir/manipulator_project/install/manipulator_project/share/manipulator_project//config/build/moveit_robot_config/CMakeFiles/progress.marks
[6.055s] -- Up-to-date symlink: /home/tamir/manipulator_project/install/manipulator_project/share/manipulator_project//config/build/moveit_robot_config/CMakeFiles/uninstall.dir/DependInfo.cmake
[6.055s] -- Up-to-date symlink: /home/tamir/manipulator_project/install/manipulator_project/share/manipulator_project//config/build/moveit_robot_config/CMakeFiles/uninstall.dir/build.make
[6.055s] -- Up-to-date symlink: /home/tamir/manipulator_project/install/manipulator_project/share/manipulator_project//config/build/moveit_robot_config/CMakeFiles/uninstall.dir/cmake_clean.cmake
[6.055s] -- Up-to-date symlink: /home/tamir/manipulator_project/install/manipulator_project/share/manipulator_project//config/build/moveit_robot_config/CMakeFiles/uninstall.dir/compiler_depend.make
[6.055s] -- Up-to-date symlink: /home/tamir/manipulator_project/install/manipulator_project/share/manipulator_project//config/build/moveit_robot_config/CMakeFiles/uninstall.dir/compiler_depend.ts
[6.055s] -- Up-to-date symlink: /home/tamir/manipulator_project/install/manipulator_project/share/manipulator_project//config/build/moveit_robot_config/CMakeFiles/uninstall.dir/progress.make
[6.055s] -- Up-to-date symlink: /home/tamir/manipulator_project/install/manipulator_project/share/manipulator_project//config/build/moveit_robot_config/CTestConfiguration.ini
[6.055s] -- Up-to-date symlink: /home/tamir/manipulator_project/install/manipulator_project/share/manipulator_project//config/build/moveit_robot_config/CTestCustom.cmake
[6.055s] -- Up-to-date symlink: /home/tamir/manipulator_project/install/manipulator_project/share/manipulator_project//config/build/moveit_robot_config/CTestTestfile.cmake
[6.055s] -- Up-to-date symlink: /home/tamir/manipulator_project/install/manipulator_project/share/manipulator_project//config/build/moveit_robot_config/Makefile
[6.055s] -- Up-to-date symlink: /home/tamir/manipulator_project/install/manipulator_project/share/manipulator_project//config/build/moveit_robot_config/ament_cmake_core/moveit_robot_configConfig-version.cmake
[6.055s] -- Up-to-date symlink: /home/tamir/manipulator_project/install/manipulator_project/share/manipulator_project//config/build/moveit_robot_config/ament_cmake_core/moveit_robot_configConfig.cmake
[6.055s] -- Up-to-date symlink: /home/tamir/manipulator_project/install/manipulator_project/share/manipulator_project//config/build/moveit_robot_config/ament_cmake_core/package.cmake
[6.055s] -- Up-to-date symlink: /home/tamir/manipulator_project/install/manipulator_project/share/manipulator_project//config/build/moveit_robot_config/ament_cmake_core/stamps/ament_prefix_path.sh.stamp
[6.055s] -- Up-to-date symlink: /home/tamir/manipulator_project/install/manipulator_project/share/manipulator_project//config/build/moveit_robot_config/ament_cmake_core/stamps/nameConfig-version.cmake.in.stamp
[6.056s] -- Up-to-date symlink: /home/tamir/manipulator_project/install/manipulator_project/share/manipulator_project//config/build/moveit_robot_config/ament_cmake_core/stamps/nameConfig.cmake.in.stamp
[6.056s] -- Up-to-date symlink: /home/tamir/manipulator_project/install/manipulator_project/share/manipulator_project//config/build/moveit_robot_config/ament_cmake_core/stamps/package.xml.stamp
[6.056s] -- Up-to-date symlink: /home/tamir/manipulator_project/install/manipulator_project/share/manipulator_project//config/build/moveit_robot_config/ament_cmake_core/stamps/package_xml_2_cmake.py.stamp
[6.056s] -- Up-to-date symlink: /home/tamir/manipulator_project/install/manipulator_project/share/manipulator_project//config/build/moveit_robot_config/ament_cmake_core/stamps/path.sh.stamp
[6.056s] -- Up-to-date symlink: /home/tamir/manipulator_project/install/manipulator_project/share/manipulator_project//config/build/moveit_robot_config/ament_cmake_core/stamps/templates_2_cmake.py.stamp
[6.056s] -- Up-to-date symlink: /home/tamir/manipulator_project/install/manipulator_project/share/manipulator_project//config/build/moveit_robot_config/ament_cmake_environment_hooks/ament_prefix_path.dsv
[6.056s] -- Up-to-date symlink: /home/tamir/manipulator_project/install/manipulator_project/share/manipulator_project//config/build/moveit_robot_config/ament_cmake_environment_hooks/local_setup.bash
[6.056s] -- Up-to-date symlink: /home/tamir/manipulator_project/install/manipulator_project/share/manipulator_project//config/build/moveit_robot_config/ament_cmake_environment_hooks/local_setup.dsv
[6.056s] -- Up-to-date symlink: /home/tamir/manipulator_project/install/manipulator_project/share/manipulator_project//config/build/moveit_robot_config/ament_cmake_environment_hooks/local_setup.sh
[6.056s] -- Up-to-date symlink: /home/tamir/manipulator_project/install/manipulator_project/share/manipulator_project//config/build/moveit_robot_config/ament_cmake_environment_hooks/local_setup.zsh
[6.056s] -- Up-to-date symlink: /home/tamir/manipulator_project/install/manipulator_project/share/manipulator_project//config/build/moveit_robot_config/ament_cmake_environment_hooks/package.dsv
[6.056s] -- Up-to-date symlink: /home/tamir/manipulator_project/install/manipulator_project/share/manipulator_project//config/build/moveit_robot_config/ament_cmake_environment_hooks/path.dsv
[6.056s] -- Up-to-date symlink: /home/tamir/manipulator_project/install/manipulator_project/share/manipulator_project//config/build/moveit_robot_config/ament_cmake_index/share/ament_index/resource_index/package_run_dependencies/moveit_robot_config
[6.056s] -- Up-to-date symlink: /home/tamir/manipulator_project/install/manipulator_project/share/manipulator_project//config/build/moveit_robot_config/ament_cmake_index/share/ament_index/resource_index/packages/moveit_robot_config
[6.056s] -- Up-to-date symlink: /home/tamir/manipulator_project/install/manipulator_project/share/manipulator_project//config/build/moveit_robot_config/ament_cmake_index/share/ament_index/resource_index/parent_prefix_path/moveit_robot_config
[6.056s] -- Up-to-date symlink: /home/tamir/manipulator_project/install/manipulator_project/share/manipulator_project//config/build/moveit_robot_config/ament_cmake_package_templates/templates.cmake
[6.056s] -- Up-to-date symlink: /home/tamir/manipulator_project/install/manipulator_project/share/manipulator_project//config/build/moveit_robot_config/ament_cmake_uninstall_target/ament_cmake_uninstall_target.cmake
[6.056s] -- Up-to-date symlink: /home/tamir/manipulator_project/install/manipulator_project/share/manipulator_project//config/build/moveit_robot_config/cmake_args.last
[6.056s] -- Up-to-date symlink: /home/tamir/manipulator_project/install/manipulator_project/share/manipulator_project//config/build/moveit_robot_config/cmake_install.cmake
[6.056s] -- Up-to-date symlink: /home/tamir/manipulator_project/install/manipulator_project/share/manipulator_project//config/build/moveit_robot_config/colcon_build.rc
[6.057s] -- Up-to-date symlink: /home/tamir/manipulator_project/install/manipulator_project/share/manipulator_project//config/build/moveit_robot_config/colcon_command_prefix_build.sh
[6.057s] -- Up-to-date symlink: /home/tamir/manipulator_project/install/manipulator_project/share/manipulator_project//config/build/moveit_robot_config/colcon_command_prefix_build.sh.env
[6.057s] -- Up-to-date symlink: /home/tamir/manipulator_project/install/manipulator_project/share/manipulator_project//config/build/moveit_robot_config/install_manifest.txt
[6.057s] -- Up-to-date symlink: /home/tamir/manipulator_project/install/manipulator_project/share/manipulator_project//config/install/.colcon_install_layout
[6.057s] -- Up-to-date symlink: /home/tamir/manipulator_project/install/manipulator_project/share/manipulator_project//config/install/COLCON_IGNORE
[6.057s] -- Up-to-date symlink: /home/tamir/manipulator_project/install/manipulator_project/share/manipulator_project//config/install/_local_setup_util_ps1.py
[6.057s] -- Up-to-date symlink: /home/tamir/manipulator_project/install/manipulator_project/share/manipulator_project//config/install/_local_setup_util_sh.py
[6.057s] -- Up-to-date symlink: /home/tamir/manipulator_project/install/manipulator_project/share/manipulator_project//config/install/local_setup.bash
[6.057s] -- Up-to-date symlink: /home/tamir/manipulator_project/install/manipulator_project/share/manipulator_project//config/install/local_setup.ps1
[6.057s] -- Up-to-date symlink: /home/tamir/manipulator_project/install/manipulator_project/share/manipulator_project//config/install/local_setup.sh
[6.057s] -- Up-to-date symlink: /home/tamir/manipulator_project/install/manipulator_project/share/manipulator_project//config/install/local_setup.zsh
[6.057s] -- Up-to-date symlink: /home/tamir/manipulator_project/install/manipulator_project/share/manipulator_project//config/install/moveit_robot_config/share/ament_index/resource_index/package_run_dependencies/moveit_robot_config
[6.057s] -- Up-to-date symlink: /home/tamir/manipulator_project/install/manipulator_project/share/manipulator_project//config/install/moveit_robot_config/share/ament_index/resource_index/packages/moveit_robot_config
[6.057s] -- Up-to-date symlink: /home/tamir/manipulator_project/install/manipulator_project/share/manipulator_project//config/install/moveit_robot_config/share/ament_index/resource_index/parent_prefix_path/moveit_robot_config
[6.057s] -- Up-to-date symlink: /home/tamir/manipulator_project/install/manipulator_project/share/manipulator_project//config/install/moveit_robot_config/share/colcon-core/packages/moveit_robot_config
[6.057s] -- Up-to-date symlink: /home/tamir/manipulator_project/install/manipulator_project/share/manipulator_project//config/install/moveit_robot_config/share/moveit_robot_config/.setup_assistant
[6.057s] -- Up-to-date symlink: /home/tamir/manipulator_project/install/manipulator_project/share/manipulator_project//config/install/moveit_robot_config/share/moveit_robot_config/cmake/moveit_robot_configConfig-version.cmake
[6.057s] -- Up-to-date symlink: /home/tamir/manipulator_project/install/manipulator_project/share/manipulator_project//config/install/moveit_robot_config/share/moveit_robot_config/cmake/moveit_robot_configConfig.cmake
[6.057s] -- Up-to-date symlink: /home/tamir/manipulator_project/install/manipulator_project/share/manipulator_project//config/install/moveit_robot_config/share/moveit_robot_config/config/initial_positions.yaml
[6.057s] -- Up-to-date symlink: /home/tamir/manipulator_project/install/manipulator_project/share/manipulator_project//config/install/moveit_robot_config/share/moveit_robot_config/config/joint_limits.yaml
[6.057s] -- Up-to-date symlink: /home/tamir/manipulator_project/install/manipulator_project/share/manipulator_project//config/install/moveit_robot_config/share/moveit_robot_config/config/kinematics.yaml
[6.058s] -- Up-to-date symlink: /home/tamir/manipulator_project/install/manipulator_project/share/manipulator_project//config/install/moveit_robot_config/share/moveit_robot_config/config/manipulator_robot.ros2_control.xacro
[6.058s] -- Up-to-date symlink: /home/tamir/manipulator_project/install/manipulator_project/share/manipulator_project//config/install/moveit_robot_config/share/moveit_robot_config/config/manipulator_robot.srdf
[6.058s] -- Up-to-date symlink: /home/tamir/manipulator_project/install/manipulator_project/share/manipulator_project//config/install/moveit_robot_config/share/moveit_robot_config/config/manipulator_robot.urdf.xacro
[6.058s] -- Up-to-date symlink: /home/tamir/manipulator_project/install/manipulator_project/share/manipulator_project//config/install/moveit_robot_config/share/moveit_robot_config/config/moveit.rviz
[6.058s] -- Up-to-date symlink: /home/tamir/manipulator_project/install/manipulator_project/share/manipulator_project//config/install/moveit_robot_config/share/moveit_robot_config/config/moveit_controllers.yaml
[6.058s] -- Up-to-date symlink: /home/tamir/manipulator_project/install/manipulator_project/share/manipulator_project//config/install/moveit_robot_config/share/moveit_robot_config/config/pilz_cartesian_limits.yaml
[6.058s] -- Up-to-date symlink: /home/tamir/manipulator_project/install/manipulator_project/share/manipulator_project//config/install/moveit_robot_config/share/moveit_robot_config/config/ros2_controllers.yaml
[6.058s] -- Up-to-date symlink: /home/tamir/manipulator_project/install/manipulator_project/share/manipulator_project//config/install/moveit_robot_config/share/moveit_robot_config/environment/ament_prefix_path.dsv
[6.058s] -- Up-to-date symlink: /home/tamir/manipulator_project/install/manipulator_project/share/manipulator_project//config/install/moveit_robot_config/share/moveit_robot_config/environment/ament_prefix_path.sh
[6.058s] -- Up-to-date symlink: /home/tamir/manipulator_project/install/manipulator_project/share/manipulator_project//config/install/moveit_robot_config/share/moveit_robot_config/environment/path.dsv
[6.058s] -- Up-to-date symlink: /home/tamir/manipulator_project/install/manipulator_project/share/manipulator_project//config/install/moveit_robot_config/share/moveit_robot_config/environment/path.sh
[6.058s] -- Up-to-date symlink: /home/tamir/manipulator_project/install/manipulator_project/share/manipulator_project//config/install/moveit_robot_config/share/moveit_robot_config/hook/cmake_prefix_path.dsv
[6.058s] -- Up-to-date symlink: /home/tamir/manipulator_project/install/manipulator_project/share/manipulator_project//config/install/moveit_robot_config/share/moveit_robot_config/hook/cmake_prefix_path.ps1
[6.058s] -- Up-to-date symlink: /home/tamir/manipulator_project/install/manipulator_project/share/manipulator_project//config/install/moveit_robot_config/share/moveit_robot_config/hook/cmake_prefix_path.sh
[6.058s] -- Up-to-date symlink: /home/tamir/manipulator_project/install/manipulator_project/share/manipulator_project//config/install/moveit_robot_config/share/moveit_robot_config/launch/__pycache__/demo.launch.cpython-310.pyc
[6.058s] -- Up-to-date symlink: /home/tamir/manipulator_project/install/manipulator_project/share/manipulator_project//config/install/moveit_robot_config/share/moveit_robot_config/launch/__pycache__/move_group.launch.cpython-310.pyc
[6.058s] -- Up-to-date symlink: /home/tamir/manipulator_project/install/manipulator_project/share/manipulator_project//config/install/moveit_robot_config/share/moveit_robot_config/launch/__pycache__/moveit_rviz.launch.cpython-310.pyc
[6.058s] -- Up-to-date symlink: /home/tamir/manipulator_project/install/manipulator_project/share/manipulator_project//config/install/moveit_robot_config/share/moveit_robot_config/launch/__pycache__/rsp.launch.cpython-310.pyc
[6.058s] -- Up-to-date symlink: /home/tamir/manipulator_project/install/manipulator_project/share/manipulator_project//config/install/moveit_robot_config/share/moveit_robot_config/launch/__pycache__/spawn_controllers.launch.cpython-310.pyc
[6.058s] -- Up-to-date symlink: /home/tamir/manipulator_project/install/manipulator_project/share/manipulator_project//config/install/moveit_robot_config/share/moveit_robot_config/launch/__pycache__/static_virtual_joint_tfs.launch.cpython-310.pyc
[6.059s] -- Up-to-date symlink: /home/tamir/manipulator_project/install/manipulator_project/share/manipulator_project//config/install/moveit_robot_config/share/moveit_robot_config/launch/__pycache__/warehouse_db.launch.cpython-310.pyc
[6.059s] -- Up-to-date symlink: /home/tamir/manipulator_project/install/manipulator_project/share/manipulator_project//config/install/moveit_robot_config/share/moveit_robot_config/launch/build/.built_by
[6.059s] -- Up-to-date symlink: /home/tamir/manipulator_project/install/manipulator_project/share/manipulator_project//config/install/moveit_robot_config/share/moveit_robot_config/launch/build/COLCON_IGNORE
[6.059s] -- Up-to-date symlink: /home/tamir/manipulator_project/install/manipulator_project/share/manipulator_project//config/install/moveit_robot_config/share/moveit_robot_config/launch/demo.launch.py
[6.059s] -- Up-to-date symlink: /home/tamir/manipulator_project/install/manipulator_project/share/manipulator_project//config/install/moveit_robot_config/share/moveit_robot_config/launch/install/.colcon_install_layout
[6.059s] -- Up-to-date symlink: /home/tamir/manipulator_project/install/manipulator_project/share/manipulator_project//config/install/moveit_robot_config/share/moveit_robot_config/launch/install/COLCON_IGNORE
[6.059s] -- Up-to-date symlink: /home/tamir/manipulator_project/install/manipulator_project/share/manipulator_project//config/install/moveit_robot_config/share/moveit_robot_config/launch/install/_local_setup_util_ps1.py
[6.059s] -- Up-to-date symlink: /home/tamir/manipulator_project/install/manipulator_project/share/manipulator_project//config/install/moveit_robot_config/share/moveit_robot_config/launch/install/_local_setup_util_sh.py
[6.059s] -- Up-to-date symlink: /home/tamir/manipulator_project/install/manipulator_project/share/manipulator_project//config/install/moveit_robot_config/share/moveit_robot_config/launch/install/local_setup.bash
[6.059s] -- Up-to-date symlink: /home/tamir/manipulator_project/install/manipulator_project/share/manipulator_project//config/install/moveit_robot_config/share/moveit_robot_config/launch/install/local_setup.ps1
[6.059s] -- Up-to-date symlink: /home/tamir/manipulator_project/install/manipulator_project/share/manipulator_project//config/install/moveit_robot_config/share/moveit_robot_config/launch/install/local_setup.sh
[6.059s] -- Up-to-date symlink: /home/tamir/manipulator_project/install/manipulator_project/share/manipulator_project//config/install/moveit_robot_config/share/moveit_robot_config/launch/install/local_setup.zsh
[6.059s] -- Up-to-date symlink: /home/tamir/manipulator_project/install/manipulator_project/share/manipulator_project//config/install/moveit_robot_config/share/moveit_robot_config/launch/install/setup.bash
[6.059s] -- Up-to-date symlink: /home/tamir/manipulator_project/install/manipulator_project/share/manipulator_project//config/install/moveit_robot_config/share/moveit_robot_config/launch/install/setup.ps1
[6.059s] -- Up-to-date symlink: /home/tamir/manipulator_project/install/manipulator_project/share/manipulator_project//config/install/moveit_robot_config/share/moveit_robot_config/launch/install/setup.sh
[6.059s] -- Up-to-date symlink: /home/tamir/manipulator_project/install/manipulator_project/share/manipulator_project//config/install/moveit_robot_config/share/moveit_robot_config/launch/install/setup.zsh
[6.059s] -- Up-to-date symlink: /home/tamir/manipulator_project/install/manipulator_project/share/manipulator_project//config/install/moveit_robot_config/share/moveit_robot_config/launch/log/COLCON_IGNORE
[6.059s] -- Up-to-date symlink: /home/tamir/manipulator_project/install/manipulator_project/share/manipulator_project//config/install/moveit_robot_config/share/moveit_robot_config/launch/log/build_2025-01-22_15-48-35/events.log
[6.059s] -- Up-to-date symlink: /home/tamir/manipulator_project/install/manipulator_project/share/manipulator_project//config/install/moveit_robot_config/share/moveit_robot_config/launch/log/build_2025-01-22_15-48-35/logger_all.log
[6.060s] -- Up-to-date symlink: /home/tamir/manipulator_project/install/manipulator_project/share/manipulator_project//config/install/moveit_robot_config/share/moveit_robot_config/launch/log/build_2025-01-23_20-15-38/events.log
[6.060s] -- Up-to-date symlink: /home/tamir/manipulator_project/install/manipulator_project/share/manipulator_project//config/install/moveit_robot_config/share/moveit_robot_config/launch/log/build_2025-01-23_20-15-38/logger_all.log
[6.060s] -- Up-to-date symlink: /home/tamir/manipulator_project/install/manipulator_project/share/manipulator_project//config/install/moveit_robot_config/share/moveit_robot_config/launch/log/latest/events.log
[6.060s] -- Up-to-date symlink: /home/tamir/manipulator_project/install/manipulator_project/share/manipulator_project//config/install/moveit_robot_config/share/moveit_robot_config/launch/log/latest/logger_all.log
[6.060s] -- Up-to-date symlink: /home/tamir/manipulator_project/install/manipulator_project/share/manipulator_project//config/install/moveit_robot_config/share/moveit_robot_config/launch/log/latest_build/events.log
[6.060s] -- Up-to-date symlink: /home/tamir/manipulator_project/install/manipulator_project/share/manipulator_project//config/install/moveit_robot_config/share/moveit_robot_config/launch/log/latest_build/logger_all.log
[6.060s] -- Up-to-date symlink: /home/tamir/manipulator_project/install/manipulator_project/share/manipulator_project//config/install/moveit_robot_config/share/moveit_robot_config/launch/move_group.launch.py
[6.060s] -- Up-to-date symlink: /home/tamir/manipulator_project/install/manipulator_project/share/manipulator_project//config/install/moveit_robot_config/share/moveit_robot_config/launch/moveit_rviz.launch.py
[6.060s] -- Up-to-date symlink: /home/tamir/manipulator_project/install/manipulator_project/share/manipulator_project//config/install/moveit_robot_config/share/moveit_robot_config/launch/rsp.launch.py
[6.060s] -- Up-to-date symlink: /home/tamir/manipulator_project/install/manipulator_project/share/manipulator_project//config/install/moveit_robot_config/share/moveit_robot_config/launch/setup_assistant.launch.py
[6.060s] -- Up-to-date symlink: /home/tamir/manipulator_project/install/manipulator_project/share/manipulator_project//config/install/moveit_robot_config/share/moveit_robot_config/launch/spawn_controllers.launch.py
[6.060s] -- Up-to-date symlink: /home/tamir/manipulator_project/install/manipulator_project/share/manipulator_project//config/install/moveit_robot_config/share/moveit_robot_config/launch/static_virtual_joint_tfs.launch.py
[6.060s] -- Up-to-date symlink: /home/tamir/manipulator_project/install/manipulator_project/share/manipulator_project//config/install/moveit_robot_config/share/moveit_robot_config/launch/warehouse_db.launch.py
[6.060s] -- Up-to-date symlink: /home/tamir/manipulator_project/install/manipulator_project/share/manipulator_project//config/install/moveit_robot_config/share/moveit_robot_config/local_setup.bash
[6.060s] -- Up-to-date symlink: /home/tamir/manipulator_project/install/manipulator_project/share/manipulator_project//config/install/moveit_robot_config/share/moveit_robot_config/local_setup.dsv
[6.060s] -- Up-to-date symlink: /home/tamir/manipulator_project/install/manipulator_project/share/manipulator_project//config/install/moveit_robot_config/share/moveit_robot_config/local_setup.sh
[6.060s] -- Up-to-date symlink: /home/tamir/manipulator_project/install/manipulator_project/share/manipulator_project//config/install/moveit_robot_config/share/moveit_robot_config/local_setup.zsh
[6.060s] -- Up-to-date symlink: /home/tamir/manipulator_project/install/manipulator_project/share/manipulator_project//config/install/moveit_robot_config/share/moveit_robot_config/package.bash
[6.060s] -- Up-to-date symlink: /home/tamir/manipulator_project/install/manipulator_project/share/manipulator_project//config/install/moveit_robot_config/share/moveit_robot_config/package.dsv
[6.060s] -- Up-to-date symlink: /home/tamir/manipulator_project/install/manipulator_project/share/manipulator_project//config/install/moveit_robot_config/share/moveit_robot_config/package.ps1
[6.060s] -- Up-to-date symlink: /home/tamir/manipulator_project/install/manipulator_project/share/manipulator_project//config/install/moveit_robot_config/share/moveit_robot_config/package.sh
[6.061s] -- Up-to-date symlink: /home/tamir/manipulator_project/install/manipulator_project/share/manipulator_project//config/install/moveit_robot_config/share/moveit_robot_config/package.xml
[6.061s] -- Up-to-date symlink: /home/tamir/manipulator_project/install/manipulator_project/share/manipulator_project//config/install/moveit_robot_config/share/moveit_robot_config/package.zsh
[6.061s] -- Up-to-date symlink: /home/tamir/manipulator_project/install/manipulator_project/share/manipulator_project//config/install/setup.bash
[6.061s] -- Up-to-date symlink: /home/tamir/manipulator_project/install/manipulator_project/share/manipulator_project//config/install/setup.ps1
[6.061s] -- Up-to-date symlink: /home/tamir/manipulator_project/install/manipulator_project/share/manipulator_project//config/install/setup.sh
[6.061s] -- Up-to-date symlink: /home/tamir/manipulator_project/install/manipulator_project/share/manipulator_project//config/install/setup.zsh
[6.061s] -- Up-to-date symlink: /home/tamir/manipulator_project/install/manipulator_project/share/manipulator_project//config/log/COLCON_IGNORE
[6.061s] -- Up-to-date symlink: /home/tamir/manipulator_project/install/manipulator_project/share/manipulator_project//config/log/build_2025-01-22_13-07-04/events.log
[6.061s] -- Up-to-date symlink: /home/tamir/manipulator_project/install/manipulator_project/share/manipulator_project//config/log/build_2025-01-22_13-07-04/logger_all.log
[6.061s] -- Up-to-date symlink: /home/tamir/manipulator_project/install/manipulator_project/share/manipulator_project//config/log/build_2025-01-22_13-07-04/moveit_robot_config/command.log
[6.061s] -- Up-to-date symlink: /home/tamir/manipulator_project/install/manipulator_project/share/manipulator_project//config/log/build_2025-01-22_13-07-04/moveit_robot_config/stderr.log
[6.061s] -- Up-to-date symlink: /home/tamir/manipulator_project/install/manipulator_project/share/manipulator_project//config/log/build_2025-01-22_13-07-04/moveit_robot_config/stdout.log
[6.061s] -- Up-to-date symlink: /home/tamir/manipulator_project/install/manipulator_project/share/manipulator_project//config/log/build_2025-01-22_13-07-04/moveit_robot_config/stdout_stderr.log
[6.061s] -- Up-to-date symlink: /home/tamir/manipulator_project/install/manipulator_project/share/manipulator_project//config/log/build_2025-01-22_13-07-04/moveit_robot_config/streams.log
[6.061s] -- Up-to-date symlink: /home/tamir/manipulator_project/install/manipulator_project/share/manipulator_project//config/log/build_2025-01-23_18-14-55/events.log
[6.061s] -- Up-to-date symlink: /home/tamir/manipulator_project/install/manipulator_project/share/manipulator_project//config/log/build_2025-01-23_18-14-55/logger_all.log
[6.061s] -- Up-to-date symlink: /home/tamir/manipulator_project/install/manipulator_project/share/manipulator_project//config/log/build_2025-01-23_18-14-55/moveit_robot_config/command.log
[6.061s] -- Up-to-date symlink: /home/tamir/manipulator_project/install/manipulator_project/share/manipulator_project//config/log/build_2025-01-23_18-14-55/moveit_robot_config/stderr.log
[6.061s] -- Up-to-date symlink: /home/tamir/manipulator_project/install/manipulator_project/share/manipulator_project//config/log/build_2025-01-23_18-14-55/moveit_robot_config/stdout.log
[6.062s] -- Up-to-date symlink: /home/tamir/manipulator_project/install/manipulator_project/share/manipulator_project//config/log/build_2025-01-23_18-14-55/moveit_robot_config/stdout_stderr.log
[6.062s] -- Up-to-date symlink: /home/tamir/manipulator_project/install/manipulator_project/share/manipulator_project//config/log/build_2025-01-23_18-14-55/moveit_robot_config/streams.log
[6.062s] -- Up-to-date symlink: /home/tamir/manipulator_project/install/manipulator_project/share/manipulator_project//config/log/build_2025-01-23_20-15-51/events.log
[6.062s] -- Up-to-date symlink: /home/tamir/manipulator_project/install/manipulator_project/share/manipulator_project//config/log/build_2025-01-23_20-15-51/logger_all.log
[6.062s] -- Up-to-date symlink: /home/tamir/manipulator_project/install/manipulator_project/share/manipulator_project//config/log/build_2025-01-23_20-15-51/moveit_robot_config/command.log
[6.062s] -- Up-to-date symlink: /home/tamir/manipulator_project/install/manipulator_project/share/manipulator_project//config/log/build_2025-01-23_20-15-51/moveit_robot_config/stderr.log
[6.062s] -- Up-to-date symlink: /home/tamir/manipulator_project/install/manipulator_project/share/manipulator_project//config/log/build_2025-01-23_20-15-51/moveit_robot_config/stdout.log
[6.062s] -- Up-to-date symlink: /home/tamir/manipulator_project/install/manipulator_project/share/manipulator_project//config/log/build_2025-01-23_20-15-51/moveit_robot_config/stdout_stderr.log
[6.062s] -- Up-to-date symlink: /home/tamir/manipulator_project/install/manipulator_project/share/manipulator_project//config/log/build_2025-01-23_20-15-51/moveit_robot_config/streams.log
[6.062s] -- Symlinking: /home/tamir/manipulator_project/install/manipulator_project/share/manipulator_project//config/log/build_2025-01-23_20-21-44/events.log
[6.070s] -- Symlinking: /home/tamir/manipulator_project/install/manipulator_project/share/manipulator_project//config/log/build_2025-01-23_20-21-44/logger_all.log
[6.078s] -- Symlinking: /home/tamir/manipulator_project/install/manipulator_project/share/manipulator_project//config/log/build_2025-01-23_20-21-44/moveit_robot_config/command.log
[6.085s] -- Symlinking: /home/tamir/manipulator_project/install/manipulator_project/share/manipulator_project//config/log/build_2025-01-23_20-21-44/moveit_robot_config/stderr.log
[6.094s] -- Symlinking: /home/tamir/manipulator_project/install/manipulator_project/share/manipulator_project//config/log/build_2025-01-23_20-21-44/moveit_robot_config/stdout.log
[6.102s] -- Symlinking: /home/tamir/manipulator_project/install/manipulator_project/share/manipulator_project//config/log/build_2025-01-23_20-21-44/moveit_robot_config/stdout_stderr.log
[6.114s] -- Symlinking: /home/tamir/manipulator_project/install/manipulator_project/share/manipulator_project//config/log/build_2025-01-23_20-21-44/moveit_robot_config/streams.log
[6.122s] -- Up-to-date symlink: /home/tamir/manipulator_project/install/manipulator_project/share/manipulator_project//config/log/build_2025-01-24_09-50-34/events.log
[6.122s] -- Up-to-date symlink: /home/tamir/manipulator_project/install/manipulator_project/share/manipulator_project//config/log/build_2025-01-24_09-50-34/logger_all.log
[6.122s] -- Up-to-date symlink: /home/tamir/manipulator_project/install/manipulator_project/share/manipulator_project//config/log/build_2025-01-24_09-50-34/moveit_robot_config/command.log
[6.122s] -- Up-to-date symlink: /home/tamir/manipulator_project/install/manipulator_project/share/manipulator_project//config/log/build_2025-01-24_09-50-34/moveit_robot_config/stderr.log
[6.122s] -- Up-to-date symlink: /home/tamir/manipulator_project/install/manipulator_project/share/manipulator_project//config/log/build_2025-01-24_09-50-34/moveit_robot_config/stdout.log
[6.122s] -- Up-to-date symlink: /home/tamir/manipulator_project/install/manipulator_project/share/manipulator_project//config/log/build_2025-01-24_09-50-34/moveit_robot_config/stdout_stderr.log
[6.122s] -- Up-to-date symlink: /home/tamir/manipulator_project/install/manipulator_project/share/manipulator_project//config/log/build_2025-01-24_09-50-34/moveit_robot_config/streams.log
[6.122s] -- Up-to-date symlink: /home/tamir/manipulator_project/install/manipulator_project/share/manipulator_project//config/log/build_2025-01-24_09-51-54/events.log
[6.122s] -- Up-to-date symlink: /home/tamir/manipulator_project/install/manipulator_project/share/manipulator_project//config/log/build_2025-01-24_09-51-54/logger_all.log
[6.123s] -- Up-to-date symlink: /home/tamir/manipulator_project/install/manipulator_project/share/manipulator_project//config/log/build_2025-01-24_09-51-54/moveit_robot_config/command.log
[6.123s] -- Up-to-date symlink: /home/tamir/manipulator_project/install/manipulator_project/share/manipulator_project//config/log/build_2025-01-24_09-51-54/moveit_robot_config/stderr.log
[6.123s] -- Up-to-date symlink: /home/tamir/manipulator_project/install/manipulator_project/share/manipulator_project//config/log/build_2025-01-24_09-51-54/moveit_robot_config/stdout.log
[6.123s] -- Up-to-date symlink: /home/tamir/manipulator_project/install/manipulator_project/share/manipulator_project//config/log/build_2025-01-24_09-51-54/moveit_robot_config/stdout_stderr.log
[6.123s] -- Up-to-date symlink: /home/tamir/manipulator_project/install/manipulator_project/share/manipulator_project//config/log/build_2025-01-24_09-51-54/moveit_robot_config/streams.log
[6.123s] -- Up-to-date symlink: /home/tamir/manipulator_project/install/manipulator_project/share/manipulator_project//config/log/build_2025-01-24_09-56-24/events.log
[6.123s] -- Up-to-date symlink: /home/tamir/manipulator_project/install/manipulator_project/share/manipulator_project//config/log/build_2025-01-24_09-56-24/logger_all.log
[6.123s] -- Up-to-date symlink: /home/tamir/manipulator_project/install/manipulator_project/share/manipulator_project//config/log/build_2025-01-24_09-56-24/moveit_robot_config/command.log
[6.123s] -- Up-to-date symlink: /home/tamir/manipulator_project/install/manipulator_project/share/manipulator_project//config/log/build_2025-01-24_09-56-24/moveit_robot_config/stderr.log
[6.123s] -- Up-to-date symlink: /home/tamir/manipulator_project/install/manipulator_project/share/manipulator_project//config/log/build_2025-01-24_09-56-24/moveit_robot_config/stdout.log
[6.123s] -- Up-to-date symlink: /home/tamir/manipulator_project/install/manipulator_project/share/manipulator_project//config/log/build_2025-01-24_09-56-24/moveit_robot_config/stdout_stderr.log
[6.123s] -- Up-to-date symlink: /home/tamir/manipulator_project/install/manipulator_project/share/manipulator_project//config/log/build_2025-01-24_09-56-24/moveit_robot_config/streams.log
[6.123s] -- Up-to-date symlink: /home/tamir/manipulator_project/install/manipulator_project/share/manipulator_project//config/log/build_2025-01-24_10-03-30/events.log
[6.123s] -- Up-to-date symlink: /home/tamir/manipulator_project/install/manipulator_project/share/manipulator_project//config/log/build_2025-01-24_10-03-30/logger_all.log
[6.123s] -- Up-to-date symlink: /home/tamir/manipulator_project/install/manipulator_project/share/manipulator_project//config/log/build_2025-01-24_10-03-30/moveit_robot_config/command.log
[6.123s] -- Up-to-date symlink: /home/tamir/manipulator_project/install/manipulator_project/share/manipulator_project//config/log/build_2025-01-24_10-03-30/moveit_robot_config/stderr.log
[6.123s] -- Up-to-date symlink: /home/tamir/manipulator_project/install/manipulator_project/share/manipulator_project//config/log/build_2025-01-24_10-03-30/moveit_robot_config/stdout.log
[6.123s] -- Up-to-date symlink: /home/tamir/manipulator_project/install/manipulator_project/share/manipulator_project//config/log/build_2025-01-24_10-03-30/moveit_robot_config/stdout_stderr.log
[6.123s] -- Up-to-date symlink: /home/tamir/manipulator_project/install/manipulator_project/share/manipulator_project//config/log/build_2025-01-24_10-03-30/moveit_robot_config/streams.log
[6.123s] -- Symlinking: /home/tamir/manipulator_project/install/manipulator_project/share/manipulator_project//config/log/latest/events.log
[6.132s] -- Symlinking: /home/tamir/manipulator_project/install/manipulator_project/share/manipulator_project//config/log/latest/logger_all.log
[6.143s] -- Symlinking: /home/tamir/manipulator_project/install/manipulator_project/share/manipulator_project//config/log/latest/moveit_robot_config/command.log
[6.156s] -- Symlinking: /home/tamir/manipulator_project/install/manipulator_project/share/manipulator_project//config/log/latest/moveit_robot_config/stderr.log
[6.171s] -- Symlinking: /home/tamir/manipulator_project/install/manipulator_project/share/manipulator_project//config/log/latest/moveit_robot_config/stdout.log
[6.187s] -- Symlinking: /home/tamir/manipulator_project/install/manipulator_project/share/manipulator_project//config/log/latest/moveit_robot_config/stdout_stderr.log
[6.202s] -- Symlinking: /home/tamir/manipulator_project/install/manipulator_project/share/manipulator_project//config/log/latest/moveit_robot_config/streams.log
[6.217s] -- Up-to-date symlink: /home/tamir/manipulator_project/install/manipulator_project/share/manipulator_project//config/log/latest_build/events.log
[6.218s] -- Up-to-date symlink: /home/tamir/manipulator_project/install/manipulator_project/share/manipulator_project//config/log/latest_build/logger_all.log
[6.218s] -- Up-to-date symlink: /home/tamir/manipulator_project/install/manipulator_project/share/manipulator_project//config/log/latest_build/moveit_robot_config/command.log
[6.218s] -- Up-to-date symlink: /home/tamir/manipulator_project/install/manipulator_project/share/manipulator_project//config/log/latest_build/moveit_robot_config/stderr.log
[6.218s] -- Up-to-date symlink: /home/tamir/manipulator_project/install/manipulator_project/share/manipulator_project//config/log/latest_build/moveit_robot_config/stdout.log
[6.218s] -- Up-to-date symlink: /home/tamir/manipulator_project/install/manipulator_project/share/manipulator_project//config/log/latest_build/moveit_robot_config/stdout_stderr.log
[6.218s] -- Up-to-date symlink: /home/tamir/manipulator_project/install/manipulator_project/share/manipulator_project//config/log/latest_build/moveit_robot_config/streams.log
[6.218s] -- Up-to-date symlink: /home/tamir/manipulator_project/install/manipulator_project/share/manipulator_project//config/moveit_robot_config/.setup_assistant
[6.218s] -- Up-to-date symlink: /home/tamir/manipulator_project/install/manipulator_project/share/manipulator_project//config/moveit_robot_config/CMakeLists.txt
[6.219s] -- Up-to-date symlink: /home/tamir/manipulator_project/install/manipulator_project/share/manipulator_project//config/moveit_robot_config/build/.built_by
[6.219s] -- Up-to-date symlink: /home/tamir/manipulator_project/install/manipulator_project/share/manipulator_project//config/moveit_robot_config/build/COLCON_IGNORE
[6.219s] -- Up-to-date symlink: /home/tamir/manipulator_project/install/manipulator_project/share/manipulator_project//config/moveit_robot_config/build/moveit_robot_config/.cmake/api/v1/query/client-colcon-cmake/codemodel-v2
[6.220s] -- Up-to-date symlink: /home/tamir/manipulator_project/install/manipulator_project/share/manipulator_project//config/moveit_robot_config/build/moveit_robot_config/.cmake/api/v1/reply/codemodel-v2-bd4ebd743d0298c513d5.json
[6.220s] -- Up-to-date symlink: /home/tamir/manipulator_project/install/manipulator_project/share/manipulator_project//config/moveit_robot_config/build/moveit_robot_config/.cmake/api/v1/reply/directory-.-f8d22c1f97afd56bc7fa.json
[6.220s] -- Up-to-date symlink: /home/tamir/manipulator_project/install/manipulator_project/share/manipulator_project//config/moveit_robot_config/build/moveit_robot_config/.cmake/api/v1/reply/index-2025-01-24T08-03-46-0837.json
[6.220s] -- Up-to-date symlink: /home/tamir/manipulator_project/install/manipulator_project/share/manipulator_project//config/moveit_robot_config/build/moveit_robot_config/.cmake/api/v1/reply/target-moveit_robot_config_uninstall-734a376b3e9dacabe2d7.json
[6.220s] -- Up-to-date symlink: /home/tamir/manipulator_project/install/manipulator_project/share/manipulator_project//config/moveit_robot_config/build/moveit_robot_config/.cmake/api/v1/reply/target-uninstall-c83a569c2a1bb3657037.json
[6.220s] -- Up-to-date symlink: /home/tamir/manipulator_project/install/manipulator_project/share/manipulator_project//config/moveit_robot_config/build/moveit_robot_config/CMakeCache.txt
[6.220s] -- Up-to-date symlink: /home/tamir/manipulator_project/install/manipulator_project/share/manipulator_project//config/moveit_robot_config/build/moveit_robot_config/CMakeFiles/3.22.1/CMakeCCompiler.cmake
[6.220s] -- Up-to-date symlink: /home/tamir/manipulator_project/install/manipulator_project/share/manipulator_project//config/moveit_robot_config/build/moveit_robot_config/CMakeFiles/3.22.1/CMakeCXXCompiler.cmake
[6.220s] -- Up-to-date symlink: /home/tamir/manipulator_project/install/manipulator_project/share/manipulator_project//config/moveit_robot_config/build/moveit_robot_config/CMakeFiles/3.22.1/CMakeDetermineCompilerABI_C.bin
[6.220s] -- Up-to-date symlink: /home/tamir/manipulator_project/install/manipulator_project/share/manipulator_project//config/moveit_robot_config/build/moveit_robot_config/CMakeFiles/3.22.1/CMakeDetermineCompilerABI_CXX.bin
[6.221s] -- Up-to-date symlink: /home/tamir/manipulator_project/install/manipulator_project/share/manipulator_project//config/moveit_robot_config/build/moveit_robot_config/CMakeFiles/3.22.1/CMakeSystem.cmake
[6.221s] -- Up-to-date symlink: /home/tamir/manipulator_project/install/manipulator_project/share/manipulator_project//config/moveit_robot_config/build/moveit_robot_config/CMakeFiles/3.22.1/CompilerIdC/CMakeCCompilerId.c
[6.221s] -- Up-to-date symlink: /home/tamir/manipulator_project/install/manipulator_project/share/manipulator_project//config/moveit_robot_config/build/moveit_robot_config/CMakeFiles/3.22.1/CompilerIdC/a.out
[6.221s] -- Up-to-date symlink: /home/tamir/manipulator_project/install/manipulator_project/share/manipulator_project//config/moveit_robot_config/build/moveit_robot_config/CMakeFiles/3.22.1/CompilerIdCXX/CMakeCXXCompilerId.cpp
[6.221s] -- Up-to-date symlink: /home/tamir/manipulator_project/install/manipulator_project/share/manipulator_project//config/moveit_robot_config/build/moveit_robot_config/CMakeFiles/3.22.1/CompilerIdCXX/a.out
[6.221s] -- Up-to-date symlink: /home/tamir/manipulator_project/install/manipulator_project/share/manipulator_project//config/moveit_robot_config/build/moveit_robot_config/CMakeFiles/CMakeDirectoryInformation.cmake
[6.221s] -- Up-to-date symlink: /home/tamir/manipulator_project/install/manipulator_project/share/manipulator_project//config/moveit_robot_config/build/moveit_robot_config/CMakeFiles/CMakeOutput.log
[6.221s] -- Up-to-date symlink: /home/tamir/manipulator_project/install/manipulator_project/share/manipulator_project//config/moveit_robot_config/build/moveit_robot_config/CMakeFiles/CMakeRuleHashes.txt
[6.222s] -- Up-to-date symlink: /home/tamir/manipulator_project/install/manipulator_project/share/manipulator_project//config/moveit_robot_config/build/moveit_robot_config/CMakeFiles/Makefile.cmake
[6.222s] -- Up-to-date symlink: /home/tamir/manipulator_project/install/manipulator_project/share/manipulator_project//config/moveit_robot_config/build/moveit_robot_config/CMakeFiles/Makefile2
[6.222s] -- Up-to-date symlink: /home/tamir/manipulator_project/install/manipulator_project/share/manipulator_project//config/moveit_robot_config/build/moveit_robot_config/CMakeFiles/TargetDirectories.txt
[6.222s] -- Up-to-date symlink: /home/tamir/manipulator_project/install/manipulator_project/share/manipulator_project//config/moveit_robot_config/build/moveit_robot_config/CMakeFiles/cmake.check_cache
[6.222s] -- Up-to-date symlink: /home/tamir/manipulator_project/install/manipulator_project/share/manipulator_project//config/moveit_robot_config/build/moveit_robot_config/CMakeFiles/moveit_robot_config_uninstall.dir/DependInfo.cmake
[6.222s] -- Up-to-date symlink: /home/tamir/manipulator_project/install/manipulator_project/share/manipulator_project//config/moveit_robot_config/build/moveit_robot_config/CMakeFiles/moveit_robot_config_uninstall.dir/build.make
[6.222s] -- Up-to-date symlink: /home/tamir/manipulator_project/install/manipulator_project/share/manipulator_project//config/moveit_robot_config/build/moveit_robot_config/CMakeFiles/moveit_robot_config_uninstall.dir/cmake_clean.cmake
[6.222s] -- Up-to-date symlink: /home/tamir/manipulator_project/install/manipulator_project/share/manipulator_project//config/moveit_robot_config/build/moveit_robot_config/CMakeFiles/moveit_robot_config_uninstall.dir/compiler_depend.make
[6.222s] -- Up-to-date symlink: /home/tamir/manipulator_project/install/manipulator_project/share/manipulator_project//config/moveit_robot_config/build/moveit_robot_config/CMakeFiles/moveit_robot_config_uninstall.dir/compiler_depend.ts
[6.222s] -- Up-to-date symlink: /home/tamir/manipulator_project/install/manipulator_project/share/manipulator_project//config/moveit_robot_config/build/moveit_robot_config/CMakeFiles/moveit_robot_config_uninstall.dir/progress.make
[6.223s] -- Up-to-date symlink: /home/tamir/manipulator_project/install/manipulator_project/share/manipulator_project//config/moveit_robot_config/build/moveit_robot_config/CMakeFiles/progress.marks
[6.223s] -- Up-to-date symlink: /home/tamir/manipulator_project/install/manipulator_project/share/manipulator_project//config/moveit_robot_config/build/moveit_robot_config/CMakeFiles/uninstall.dir/DependInfo.cmake
[6.223s] -- Up-to-date symlink: /home/tamir/manipulator_project/install/manipulator_project/share/manipulator_project//config/moveit_robot_config/build/moveit_robot_config/CMakeFiles/uninstall.dir/build.make
[6.223s] -- Up-to-date symlink: /home/tamir/manipulator_project/install/manipulator_project/share/manipulator_project//config/moveit_robot_config/build/moveit_robot_config/CMakeFiles/uninstall.dir/cmake_clean.cmake
[6.223s] -- Up-to-date symlink: /home/tamir/manipulator_project/install/manipulator_project/share/manipulator_project//config/moveit_robot_config/build/moveit_robot_config/CMakeFiles/uninstall.dir/compiler_depend.make
[6.223s] -- Up-to-date symlink: /home/tamir/manipulator_project/install/manipulator_project/share/manipulator_project//config/moveit_robot_config/build/moveit_robot_config/CMakeFiles/uninstall.dir/compiler_depend.ts
[6.223s] -- Up-to-date symlink: /home/tamir/manipulator_project/install/manipulator_project/share/manipulator_project//config/moveit_robot_config/build/moveit_robot_config/CMakeFiles/uninstall.dir/progress.make
[6.223s] -- Up-to-date symlink: /home/tamir/manipulator_project/install/manipulator_project/share/manipulator_project//config/moveit_robot_config/build/moveit_robot_config/CTestConfiguration.ini
[6.223s] -- Up-to-date symlink: /home/tamir/manipulator_project/install/manipulator_project/share/manipulator_project//config/moveit_robot_config/build/moveit_robot_config/CTestCustom.cmake
[6.224s] -- Up-to-date symlink: /home/tamir/manipulator_project/install/manipulator_project/share/manipulator_project//config/moveit_robot_config/build/moveit_robot_config/CTestTestfile.cmake
[6.224s] -- Up-to-date symlink: /home/tamir/manipulator_project/install/manipulator_project/share/manipulator_project//config/moveit_robot_config/build/moveit_robot_config/Makefile
[6.224s] -- Up-to-date symlink: /home/tamir/manipulator_project/install/manipulator_project/share/manipulator_project//config/moveit_robot_config/build/moveit_robot_config/ament_cmake_core/moveit_robot_configConfig-version.cmake
[6.224s] -- Up-to-date symlink: /home/tamir/manipulator_project/install/manipulator_project/share/manipulator_project//config/moveit_robot_config/build/moveit_robot_config/ament_cmake_core/moveit_robot_configConfig.cmake
[6.224s] -- Up-to-date symlink: /home/tamir/manipulator_project/install/manipulator_project/share/manipulator_project//config/moveit_robot_config/build/moveit_robot_config/ament_cmake_core/package.cmake
[6.224s] -- Up-to-date symlink: /home/tamir/manipulator_project/install/manipulator_project/share/manipulator_project//config/moveit_robot_config/build/moveit_robot_config/ament_cmake_core/stamps/ament_prefix_path.sh.stamp
[6.224s] -- Up-to-date symlink: /home/tamir/manipulator_project/install/manipulator_project/share/manipulator_project//config/moveit_robot_config/build/moveit_robot_config/ament_cmake_core/stamps/nameConfig-version.cmake.in.stamp
[6.225s] -- Up-to-date symlink: /home/tamir/manipulator_project/install/manipulator_project/share/manipulator_project//config/moveit_robot_config/build/moveit_robot_config/ament_cmake_core/stamps/nameConfig.cmake.in.stamp
[6.225s] -- Up-to-date symlink: /home/tamir/manipulator_project/install/manipulator_project/share/manipulator_project//config/moveit_robot_config/build/moveit_robot_config/ament_cmake_core/stamps/package.xml.stamp
[6.225s] -- Up-to-date symlink: /home/tamir/manipulator_project/install/manipulator_project/share/manipulator_project//config/moveit_robot_config/build/moveit_robot_config/ament_cmake_core/stamps/package_xml_2_cmake.py.stamp
[6.225s] -- Up-to-date symlink: /home/tamir/manipulator_project/install/manipulator_project/share/manipulator_project//config/moveit_robot_config/build/moveit_robot_config/ament_cmake_core/stamps/path.sh.stamp
[6.225s] -- Up-to-date symlink: /home/tamir/manipulator_project/install/manipulator_project/share/manipulator_project//config/moveit_robot_config/build/moveit_robot_config/ament_cmake_core/stamps/templates_2_cmake.py.stamp
[6.225s] -- Up-to-date symlink: /home/tamir/manipulator_project/install/manipulator_project/share/manipulator_project//config/moveit_robot_config/build/moveit_robot_config/ament_cmake_environment_hooks/ament_prefix_path.dsv
[6.225s] -- Up-to-date symlink: /home/tamir/manipulator_project/install/manipulator_project/share/manipulator_project//config/moveit_robot_config/build/moveit_robot_config/ament_cmake_environment_hooks/local_setup.bash
[6.225s] -- Up-to-date symlink: /home/tamir/manipulator_project/install/manipulator_project/share/manipulator_project//config/moveit_robot_config/build/moveit_robot_config/ament_cmake_environment_hooks/local_setup.dsv
[6.226s] -- Up-to-date symlink: /home/tamir/manipulator_project/install/manipulator_project/share/manipulator_project//config/moveit_robot_config/build/moveit_robot_config/ament_cmake_environment_hooks/local_setup.sh
[6.226s] -- Up-to-date symlink: /home/tamir/manipulator_project/install/manipulator_project/share/manipulator_project//config/moveit_robot_config/build/moveit_robot_config/ament_cmake_environment_hooks/local_setup.zsh
[6.226s] -- Up-to-date symlink: /home/tamir/manipulator_project/install/manipulator_project/share/manipulator_project//config/moveit_robot_config/build/moveit_robot_config/ament_cmake_environment_hooks/package.dsv
[6.226s] -- Up-to-date symlink: /home/tamir/manipulator_project/install/manipulator_project/share/manipulator_project//config/moveit_robot_config/build/moveit_robot_config/ament_cmake_environment_hooks/path.dsv
[6.226s] -- Up-to-date symlink: /home/tamir/manipulator_project/install/manipulator_project/share/manipulator_project//config/moveit_robot_config/build/moveit_robot_config/ament_cmake_index/share/ament_index/resource_index/package_run_dependencies/moveit_robot_config
[6.226s] -- Up-to-date symlink: /home/tamir/manipulator_project/install/manipulator_project/share/manipulator_project//config/moveit_robot_config/build/moveit_robot_config/ament_cmake_index/share/ament_index/resource_index/packages/moveit_robot_config
[6.227s] -- Up-to-date symlink: /home/tamir/manipulator_project/install/manipulator_project/share/manipulator_project//config/moveit_robot_config/build/moveit_robot_config/ament_cmake_index/share/ament_index/resource_index/parent_prefix_path/moveit_robot_config
[6.227s] -- Up-to-date symlink: /home/tamir/manipulator_project/install/manipulator_project/share/manipulator_project//config/moveit_robot_config/build/moveit_robot_config/ament_cmake_package_templates/templates.cmake
[6.227s] -- Up-to-date symlink: /home/tamir/manipulator_project/install/manipulator_project/share/manipulator_project//config/moveit_robot_config/build/moveit_robot_config/ament_cmake_uninstall_target/ament_cmake_uninstall_target.cmake
[6.227s] -- Up-to-date symlink: /home/tamir/manipulator_project/install/manipulator_project/share/manipulator_project//config/moveit_robot_config/build/moveit_robot_config/cmake_args.last
[6.227s] -- Up-to-date symlink: /home/tamir/manipulator_project/install/manipulator_project/share/manipulator_project//config/moveit_robot_config/build/moveit_robot_config/cmake_install.cmake
[6.227s] -- Up-to-date symlink: /home/tamir/manipulator_project/install/manipulator_project/share/manipulator_project//config/moveit_robot_config/build/moveit_robot_config/colcon_build.rc
[6.227s] -- Up-to-date symlink: /home/tamir/manipulator_project/install/manipulator_project/share/manipulator_project//config/moveit_robot_config/build/moveit_robot_config/colcon_command_prefix_build.sh
[6.228s] -- Up-to-date symlink: /home/tamir/manipulator_project/install/manipulator_project/share/manipulator_project//config/moveit_robot_config/build/moveit_robot_config/colcon_command_prefix_build.sh.env
[6.228s] -- Up-to-date symlink: /home/tamir/manipulator_project/install/manipulator_project/share/manipulator_project//config/moveit_robot_config/build/moveit_robot_config/install_manifest.txt
[6.228s] -- Up-to-date symlink: /home/tamir/manipulator_project/install/manipulator_project/share/manipulator_project//config/moveit_robot_config/config/initial_positions.yaml
[6.228s] -- Up-to-date symlink: /home/tamir/manipulator_project/install/manipulator_project/share/manipulator_project//config/moveit_robot_config/config/joint_limits.yaml
[6.228s] -- Up-to-date symlink: /home/tamir/manipulator_project/install/manipulator_project/share/manipulator_project//config/moveit_robot_config/config/kinematics.yaml
[6.228s] -- Up-to-date symlink: /home/tamir/manipulator_project/install/manipulator_project/share/manipulator_project//config/moveit_robot_config/config/manipulator_robot.ros2_control.xacro
[6.228s] -- Up-to-date symlink: /home/tamir/manipulator_project/install/manipulator_project/share/manipulator_project//config/moveit_robot_config/config/manipulator_robot.srdf
[6.228s] -- Up-to-date symlink: /home/tamir/manipulator_project/install/manipulator_project/share/manipulator_project//config/moveit_robot_config/config/manipulator_robot.urdf.xacro
[6.229s] -- Up-to-date symlink: /home/tamir/manipulator_project/install/manipulator_project/share/manipulator_project//config/moveit_robot_config/config/moveit.rviz
[6.229s] -- Up-to-date symlink: /home/tamir/manipulator_project/install/manipulator_project/share/manipulator_project//config/moveit_robot_config/config/moveit_controllers.yaml
[6.229s] -- Up-to-date symlink: /home/tamir/manipulator_project/install/manipulator_project/share/manipulator_project//config/moveit_robot_config/config/pilz_cartesian_limits.yaml
[6.229s] -- Up-to-date symlink: /home/tamir/manipulator_project/install/manipulator_project/share/manipulator_project//config/moveit_robot_config/config/ros2_controllers.yaml
[6.229s] -- Up-to-date symlink: /home/tamir/manipulator_project/install/manipulator_project/share/manipulator_project//config/moveit_robot_config/install/.colcon_install_layout
[6.229s] -- Up-to-date symlink: /home/tamir/manipulator_project/install/manipulator_project/share/manipulator_project//config/moveit_robot_config/install/COLCON_IGNORE
[6.229s] -- Up-to-date symlink: /home/tamir/manipulator_project/install/manipulator_project/share/manipulator_project//config/moveit_robot_config/install/_local_setup_util_ps1.py
[6.229s] -- Up-to-date symlink: /home/tamir/manipulator_project/install/manipulator_project/share/manipulator_project//config/moveit_robot_config/install/_local_setup_util_sh.py
[6.229s] -- Up-to-date symlink: /home/tamir/manipulator_project/install/manipulator_project/share/manipulator_project//config/moveit_robot_config/install/local_setup.bash
[6.229s] -- Up-to-date symlink: /home/tamir/manipulator_project/install/manipulator_project/share/manipulator_project//config/moveit_robot_config/install/local_setup.ps1
[6.230s] -- Up-to-date symlink: /home/tamir/manipulator_project/install/manipulator_project/share/manipulator_project//config/moveit_robot_config/install/local_setup.sh
[6.230s] -- Up-to-date symlink: /home/tamir/manipulator_project/install/manipulator_project/share/manipulator_project//config/moveit_robot_config/install/local_setup.zsh
[6.230s] -- Up-to-date symlink: /home/tamir/manipulator_project/install/manipulator_project/share/manipulator_project//config/moveit_robot_config/install/moveit_robot_config/share/ament_index/resource_index/package_run_dependencies/moveit_robot_config
[6.230s] -- Up-to-date symlink: /home/tamir/manipulator_project/install/manipulator_project/share/manipulator_project//config/moveit_robot_config/install/moveit_robot_config/share/ament_index/resource_index/packages/moveit_robot_config
[6.230s] -- Up-to-date symlink: /home/tamir/manipulator_project/install/manipulator_project/share/manipulator_project//config/moveit_robot_config/install/moveit_robot_config/share/ament_index/resource_index/parent_prefix_path/moveit_robot_config
[6.230s] -- Up-to-date symlink: /home/tamir/manipulator_project/install/manipulator_project/share/manipulator_project//config/moveit_robot_config/install/moveit_robot_config/share/colcon-core/packages/moveit_robot_config
[6.230s] -- Up-to-date symlink: /home/tamir/manipulator_project/install/manipulator_project/share/manipulator_project//config/moveit_robot_config/install/moveit_robot_config/share/moveit_robot_config/.setup_assistant
[6.230s] -- Up-to-date symlink: /home/tamir/manipulator_project/install/manipulator_project/share/manipulator_project//config/moveit_robot_config/install/moveit_robot_config/share/moveit_robot_config/cmake/moveit_robot_configConfig-version.cmake
[6.230s] -- Up-to-date symlink: /home/tamir/manipulator_project/install/manipulator_project/share/manipulator_project//config/moveit_robot_config/install/moveit_robot_config/share/moveit_robot_config/cmake/moveit_robot_configConfig.cmake
[6.231s] -- Up-to-date symlink: /home/tamir/manipulator_project/install/manipulator_project/share/manipulator_project//config/moveit_robot_config/install/moveit_robot_config/share/moveit_robot_config/config/initial_positions.yaml
[6.231s] -- Up-to-date symlink: /home/tamir/manipulator_project/install/manipulator_project/share/manipulator_project//config/moveit_robot_config/install/moveit_robot_config/share/moveit_robot_config/config/joint_limits.yaml
[6.231s] -- Up-to-date symlink: /home/tamir/manipulator_project/install/manipulator_project/share/manipulator_project//config/moveit_robot_config/install/moveit_robot_config/share/moveit_robot_config/config/kinematics.yaml
[6.231s] -- Up-to-date symlink: /home/tamir/manipulator_project/install/manipulator_project/share/manipulator_project//config/moveit_robot_config/install/moveit_robot_config/share/moveit_robot_config/config/manipulator_robot.ros2_control.xacro
[6.231s] -- Up-to-date symlink: /home/tamir/manipulator_project/install/manipulator_project/share/manipulator_project//config/moveit_robot_config/install/moveit_robot_config/share/moveit_robot_config/config/manipulator_robot.srdf
[6.231s] -- Up-to-date symlink: /home/tamir/manipulator_project/install/manipulator_project/share/manipulator_project//config/moveit_robot_config/install/moveit_robot_config/share/moveit_robot_config/config/manipulator_robot.urdf.xacro
[6.231s] -- Up-to-date symlink: /home/tamir/manipulator_project/install/manipulator_project/share/manipulator_project//config/moveit_robot_config/install/moveit_robot_config/share/moveit_robot_config/config/moveit.rviz
[6.231s] -- Up-to-date symlink: /home/tamir/manipulator_project/install/manipulator_project/share/manipulator_project//config/moveit_robot_config/install/moveit_robot_config/share/moveit_robot_config/config/moveit_controllers.yaml
[6.231s] -- Up-to-date symlink: /home/tamir/manipulator_project/install/manipulator_project/share/manipulator_project//config/moveit_robot_config/install/moveit_robot_config/share/moveit_robot_config/config/pilz_cartesian_limits.yaml
[6.231s] -- Up-to-date symlink: /home/tamir/manipulator_project/install/manipulator_project/share/manipulator_project//config/moveit_robot_config/install/moveit_robot_config/share/moveit_robot_config/config/ros2_controllers.yaml
[6.231s] -- Up-to-date symlink: /home/tamir/manipulator_project/install/manipulator_project/share/manipulator_project//config/moveit_robot_config/install/moveit_robot_config/share/moveit_robot_config/environment/ament_prefix_path.dsv
[6.231s] -- Up-to-date symlink: /home/tamir/manipulator_project/install/manipulator_project/share/manipulator_project//config/moveit_robot_config/install/moveit_robot_config/share/moveit_robot_config/environment/ament_prefix_path.sh
[6.231s] -- Up-to-date symlink: /home/tamir/manipulator_project/install/manipulator_project/share/manipulator_project//config/moveit_robot_config/install/moveit_robot_config/share/moveit_robot_config/environment/path.dsv
[6.232s] -- Up-to-date symlink: /home/tamir/manipulator_project/install/manipulator_project/share/manipulator_project//config/moveit_robot_config/install/moveit_robot_config/share/moveit_robot_config/environment/path.sh
[6.232s] -- Up-to-date symlink: /home/tamir/manipulator_project/install/manipulator_project/share/manipulator_project//config/moveit_robot_config/install/moveit_robot_config/share/moveit_robot_config/hook/cmake_prefix_path.dsv
[6.232s] -- Up-to-date symlink: /home/tamir/manipulator_project/install/manipulator_project/share/manipulator_project//config/moveit_robot_config/install/moveit_robot_config/share/moveit_robot_config/hook/cmake_prefix_path.ps1
[6.232s] -- Up-to-date symlink: /home/tamir/manipulator_project/install/manipulator_project/share/manipulator_project//config/moveit_robot_config/install/moveit_robot_config/share/moveit_robot_config/hook/cmake_prefix_path.sh
[6.232s] -- Up-to-date symlink: /home/tamir/manipulator_project/install/manipulator_project/share/manipulator_project//config/moveit_robot_config/install/moveit_robot_config/share/moveit_robot_config/launch/__pycache__/demo.launch.cpython-310.pyc
[6.232s] -- Up-to-date symlink: /home/tamir/manipulator_project/install/manipulator_project/share/manipulator_project//config/moveit_robot_config/install/moveit_robot_config/share/moveit_robot_config/launch/__pycache__/move_group.launch.cpython-310.pyc
[6.232s] -- Up-to-date symlink: /home/tamir/manipulator_project/install/manipulator_project/share/manipulator_project//config/moveit_robot_config/install/moveit_robot_config/share/moveit_robot_config/launch/__pycache__/moveit_rviz.launch.cpython-310.pyc
[6.232s] -- Up-to-date symlink: /home/tamir/manipulator_project/install/manipulator_project/share/manipulator_project//config/moveit_robot_config/install/moveit_robot_config/share/moveit_robot_config/launch/__pycache__/rsp.launch.cpython-310.pyc
[6.232s] -- Up-to-date symlink: /home/tamir/manipulator_project/install/manipulator_project/share/manipulator_project//config/moveit_robot_config/install/moveit_robot_config/share/moveit_robot_config/launch/__pycache__/spawn_controllers.launch.cpython-310.pyc
[6.232s] -- Up-to-date symlink: /home/tamir/manipulator_project/install/manipulator_project/share/manipulator_project//config/moveit_robot_config/install/moveit_robot_config/share/moveit_robot_config/launch/__pycache__/static_virtual_joint_tfs.launch.cpython-310.pyc
[6.232s] -- Up-to-date symlink: /home/tamir/manipulator_project/install/manipulator_project/share/manipulator_project//config/moveit_robot_config/install/moveit_robot_config/share/moveit_robot_config/launch/__pycache__/warehouse_db.launch.cpython-310.pyc
[6.233s] -- Up-to-date symlink: /home/tamir/manipulator_project/install/manipulator_project/share/manipulator_project//config/moveit_robot_config/install/moveit_robot_config/share/moveit_robot_config/launch/build/.built_by
[6.233s] -- Up-to-date symlink: /home/tamir/manipulator_project/install/manipulator_project/share/manipulator_project//config/moveit_robot_config/install/moveit_robot_config/share/moveit_robot_config/launch/build/COLCON_IGNORE
[6.233s] -- Up-to-date symlink: /home/tamir/manipulator_project/install/manipulator_project/share/manipulator_project//config/moveit_robot_config/install/moveit_robot_config/share/moveit_robot_config/launch/demo.launch.py
[6.233s] -- Up-to-date symlink: /home/tamir/manipulator_project/install/manipulator_project/share/manipulator_project//config/moveit_robot_config/install/moveit_robot_config/share/moveit_robot_config/launch/install/.colcon_install_layout
[6.233s] -- Up-to-date symlink: /home/tamir/manipulator_project/install/manipulator_project/share/manipulator_project//config/moveit_robot_config/install/moveit_robot_config/share/moveit_robot_config/launch/install/COLCON_IGNORE
[6.233s] -- Up-to-date symlink: /home/tamir/manipulator_project/install/manipulator_project/share/manipulator_project//config/moveit_robot_config/install/moveit_robot_config/share/moveit_robot_config/launch/install/_local_setup_util_ps1.py
[6.233s] -- Up-to-date symlink: /home/tamir/manipulator_project/install/manipulator_project/share/manipulator_project//config/moveit_robot_config/install/moveit_robot_config/share/moveit_robot_config/launch/install/_local_setup_util_sh.py
[6.233s] -- Up-to-date symlink: /home/tamir/manipulator_project/install/manipulator_project/share/manipulator_project//config/moveit_robot_config/install/moveit_robot_config/share/moveit_robot_config/launch/install/local_setup.bash
[6.233s] -- Up-to-date symlink: /home/tamir/manipulator_project/install/manipulator_project/share/manipulator_project//config/moveit_robot_config/install/moveit_robot_config/share/moveit_robot_config/launch/install/local_setup.ps1
[6.233s] -- Up-to-date symlink: /home/tamir/manipulator_project/install/manipulator_project/share/manipulator_project//config/moveit_robot_config/install/moveit_robot_config/share/moveit_robot_config/launch/install/local_setup.sh
[6.233s] -- Up-to-date symlink: /home/tamir/manipulator_project/install/manipulator_project/share/manipulator_project//config/moveit_robot_config/install/moveit_robot_config/share/moveit_robot_config/launch/install/local_setup.zsh
[6.233s] -- Up-to-date symlink: /home/tamir/manipulator_project/install/manipulator_project/share/manipulator_project//config/moveit_robot_config/install/moveit_robot_config/share/moveit_robot_config/launch/install/setup.bash
[6.233s] -- Up-to-date symlink: /home/tamir/manipulator_project/install/manipulator_project/share/manipulator_project//config/moveit_robot_config/install/moveit_robot_config/share/moveit_robot_config/launch/install/setup.ps1
[6.233s] -- Up-to-date symlink: /home/tamir/manipulator_project/install/manipulator_project/share/manipulator_project//config/moveit_robot_config/install/moveit_robot_config/share/moveit_robot_config/launch/install/setup.sh
[6.233s] -- Up-to-date symlink: /home/tamir/manipulator_project/install/manipulator_project/share/manipulator_project//config/moveit_robot_config/install/moveit_robot_config/share/moveit_robot_config/launch/install/setup.zsh
[6.234s] -- Up-to-date symlink: /home/tamir/manipulator_project/install/manipulator_project/share/manipulator_project//config/moveit_robot_config/install/moveit_robot_config/share/moveit_robot_config/launch/log/COLCON_IGNORE
[6.234s] -- Symlinking: /home/tamir/manipulator_project/install/manipulator_project/share/manipulator_project//config/moveit_robot_config/install/moveit_robot_config/share/moveit_robot_config/launch/log/build_2025-01-22_15-48-35/events.log
[6.241s] -- Symlinking: /home/tamir/manipulator_project/install/manipulator_project/share/manipulator_project//config/moveit_robot_config/install/moveit_robot_config/share/moveit_robot_config/launch/log/build_2025-01-22_15-48-35/logger_all.log
[6.252s] -- Up-to-date symlink: /home/tamir/manipulator_project/install/manipulator_project/share/manipulator_project//config/moveit_robot_config/install/moveit_robot_config/share/moveit_robot_config/launch/log/build_2025-01-23_20-15-38/events.log
[6.252s] -- Up-to-date symlink: /home/tamir/manipulator_project/install/manipulator_project/share/manipulator_project//config/moveit_robot_config/install/moveit_robot_config/share/moveit_robot_config/launch/log/build_2025-01-23_20-15-38/logger_all.log
[6.252s] -- Symlinking: /home/tamir/manipulator_project/install/manipulator_project/share/manipulator_project//config/moveit_robot_config/install/moveit_robot_config/share/moveit_robot_config/launch/log/latest/events.log
[6.262s] -- Symlinking: /home/tamir/manipulator_project/install/manipulator_project/share/manipulator_project//config/moveit_robot_config/install/moveit_robot_config/share/moveit_robot_config/launch/log/latest/logger_all.log
[6.269s] -- Up-to-date symlink: /home/tamir/manipulator_project/install/manipulator_project/share/manipulator_project//config/moveit_robot_config/install/moveit_robot_config/share/moveit_robot_config/launch/log/latest_build/events.log
[6.270s] -- Up-to-date symlink: /home/tamir/manipulator_project/install/manipulator_project/share/manipulator_project//config/moveit_robot_config/install/moveit_robot_config/share/moveit_robot_config/launch/log/latest_build/logger_all.log
[6.270s] -- Up-to-date symlink: /home/tamir/manipulator_project/install/manipulator_project/share/manipulator_project//config/moveit_robot_config/install/moveit_robot_config/share/moveit_robot_config/launch/move_group.launch.py
[6.270s] -- Up-to-date symlink: /home/tamir/manipulator_project/install/manipulator_project/share/manipulator_project//config/moveit_robot_config/install/moveit_robot_config/share/moveit_robot_config/launch/moveit_rviz.launch.py
[6.270s] -- Up-to-date symlink: /home/tamir/manipulator_project/install/manipulator_project/share/manipulator_project//config/moveit_robot_config/install/moveit_robot_config/share/moveit_robot_config/launch/rsp.launch.py
[6.270s] -- Up-to-date symlink: /home/tamir/manipulator_project/install/manipulator_project/share/manipulator_project//config/moveit_robot_config/install/moveit_robot_config/share/moveit_robot_config/launch/setup_assistant.launch.py
[6.270s] -- Up-to-date symlink: /home/tamir/manipulator_project/install/manipulator_project/share/manipulator_project//config/moveit_robot_config/install/moveit_robot_config/share/moveit_robot_config/launch/spawn_controllers.launch.py
[6.270s] -- Up-to-date symlink: /home/tamir/manipulator_project/install/manipulator_project/share/manipulator_project//config/moveit_robot_config/install/moveit_robot_config/share/moveit_robot_config/launch/static_virtual_joint_tfs.launch.py
[6.270s] -- Up-to-date symlink: /home/tamir/manipulator_project/install/manipulator_project/share/manipulator_project//config/moveit_robot_config/install/moveit_robot_config/share/moveit_robot_config/launch/warehouse_db.launch.py
[6.270s] -- Up-to-date symlink: /home/tamir/manipulator_project/install/manipulator_project/share/manipulator_project//config/moveit_robot_config/install/moveit_robot_config/share/moveit_robot_config/local_setup.bash
[6.270s] -- Up-to-date symlink: /home/tamir/manipulator_project/install/manipulator_project/share/manipulator_project//config/moveit_robot_config/install/moveit_robot_config/share/moveit_robot_config/local_setup.dsv
[6.270s] -- Up-to-date symlink: /home/tamir/manipulator_project/install/manipulator_project/share/manipulator_project//config/moveit_robot_config/install/moveit_robot_config/share/moveit_robot_config/local_setup.sh
[6.270s] -- Up-to-date symlink: /home/tamir/manipulator_project/install/manipulator_project/share/manipulator_project//config/moveit_robot_config/install/moveit_robot_config/share/moveit_robot_config/local_setup.zsh
[6.270s] -- Up-to-date symlink: /home/tamir/manipulator_project/install/manipulator_project/share/manipulator_project//config/moveit_robot_config/install/moveit_robot_config/share/moveit_robot_config/package.bash
[6.270s] -- Up-to-date symlink: /home/tamir/manipulator_project/install/manipulator_project/share/manipulator_project//config/moveit_robot_config/install/moveit_robot_config/share/moveit_robot_config/package.dsv
[6.270s] -- Up-to-date symlink: /home/tamir/manipulator_project/install/manipulator_project/share/manipulator_project//config/moveit_robot_config/install/moveit_robot_config/share/moveit_robot_config/package.ps1
[6.270s] -- Up-to-date symlink: /home/tamir/manipulator_project/install/manipulator_project/share/manipulator_project//config/moveit_robot_config/install/moveit_robot_config/share/moveit_robot_config/package.sh
[6.270s] -- Up-to-date symlink: /home/tamir/manipulator_project/install/manipulator_project/share/manipulator_project//config/moveit_robot_config/install/moveit_robot_config/share/moveit_robot_config/package.xml
[6.270s] -- Up-to-date symlink: /home/tamir/manipulator_project/install/manipulator_project/share/manipulator_project//config/moveit_robot_config/install/moveit_robot_config/share/moveit_robot_config/package.zsh
[6.271s] -- Up-to-date symlink: /home/tamir/manipulator_project/install/manipulator_project/share/manipulator_project//config/moveit_robot_config/install/setup.bash
[6.271s] -- Up-to-date symlink: /home/tamir/manipulator_project/install/manipulator_project/share/manipulator_project//config/moveit_robot_config/install/setup.ps1
[6.271s] -- Up-to-date symlink: /home/tamir/manipulator_project/install/manipulator_project/share/manipulator_project//config/moveit_robot_config/install/setup.sh
[6.271s] -- Up-to-date symlink: /home/tamir/manipulator_project/install/manipulator_project/share/manipulator_project//config/moveit_robot_config/install/setup.zsh
[6.271s] -- Up-to-date symlink: /home/tamir/manipulator_project/install/manipulator_project/share/manipulator_project//config/moveit_robot_config/launch/__pycache__/demo.launch.cpython-310.pyc
[6.271s] -- Up-to-date symlink: /home/tamir/manipulator_project/install/manipulator_project/share/manipulator_project//config/moveit_robot_config/launch/__pycache__/move_group.launch.cpython-310.pyc
[6.271s] -- Up-to-date symlink: /home/tamir/manipulator_project/install/manipulator_project/share/manipulator_project//config/moveit_robot_config/launch/__pycache__/moveit_rviz.launch.cpython-310.pyc
[6.271s] -- Up-to-date symlink: /home/tamir/manipulator_project/install/manipulator_project/share/manipulator_project//config/moveit_robot_config/launch/build/.built_by
[6.271s] -- Up-to-date symlink: /home/tamir/manipulator_project/install/manipulator_project/share/manipulator_project//config/moveit_robot_config/launch/build/COLCON_IGNORE
[6.271s] -- Up-to-date symlink: /home/tamir/manipulator_project/install/manipulator_project/share/manipulator_project//config/moveit_robot_config/launch/demo.launch.py
[6.271s] -- Up-to-date symlink: /home/tamir/manipulator_project/install/manipulator_project/share/manipulator_project//config/moveit_robot_config/launch/install/.colcon_install_layout
[6.271s] -- Up-to-date symlink: /home/tamir/manipulator_project/install/manipulator_project/share/manipulator_project//config/moveit_robot_config/launch/install/COLCON_IGNORE
[6.271s] -- Up-to-date symlink: /home/tamir/manipulator_project/install/manipulator_project/share/manipulator_project//config/moveit_robot_config/launch/install/_local_setup_util_ps1.py
[6.271s] -- Up-to-date symlink: /home/tamir/manipulator_project/install/manipulator_project/share/manipulator_project//config/moveit_robot_config/launch/install/_local_setup_util_sh.py
[6.271s] -- Up-to-date symlink: /home/tamir/manipulator_project/install/manipulator_project/share/manipulator_project//config/moveit_robot_config/launch/install/local_setup.bash
[6.271s] -- Up-to-date symlink: /home/tamir/manipulator_project/install/manipulator_project/share/manipulator_project//config/moveit_robot_config/launch/install/local_setup.ps1
[6.271s] -- Up-to-date symlink: /home/tamir/manipulator_project/install/manipulator_project/share/manipulator_project//config/moveit_robot_config/launch/install/local_setup.sh
[6.271s] -- Up-to-date symlink: /home/tamir/manipulator_project/install/manipulator_project/share/manipulator_project//config/moveit_robot_config/launch/install/local_setup.zsh
[6.271s] -- Up-to-date symlink: /home/tamir/manipulator_project/install/manipulator_project/share/manipulator_project//config/moveit_robot_config/launch/install/setup.bash
[6.271s] -- Up-to-date symlink: /home/tamir/manipulator_project/install/manipulator_project/share/manipulator_project//config/moveit_robot_config/launch/install/setup.ps1
[6.271s] -- Up-to-date symlink: /home/tamir/manipulator_project/install/manipulator_project/share/manipulator_project//config/moveit_robot_config/launch/install/setup.sh
[6.272s] -- Up-to-date symlink: /home/tamir/manipulator_project/install/manipulator_project/share/manipulator_project//config/moveit_robot_config/launch/install/setup.zsh
[6.272s] -- Up-to-date symlink: /home/tamir/manipulator_project/install/manipulator_project/share/manipulator_project//config/moveit_robot_config/launch/log/COLCON_IGNORE
[6.272s] -- Up-to-date symlink: /home/tamir/manipulator_project/install/manipulator_project/share/manipulator_project//config/moveit_robot_config/launch/log/build_2025-01-22_15-48-35/events.log
[6.272s] -- Up-to-date symlink: /home/tamir/manipulator_project/install/manipulator_project/share/manipulator_project//config/moveit_robot_config/launch/log/build_2025-01-22_15-48-35/logger_all.log
[6.272s] -- Up-to-date symlink: /home/tamir/manipulator_project/install/manipulator_project/share/manipulator_project//config/moveit_robot_config/launch/log/build_2025-01-23_20-15-38/events.log
[6.272s] -- Up-to-date symlink: /home/tamir/manipulator_project/install/manipulator_project/share/manipulator_project//config/moveit_robot_config/launch/log/build_2025-01-23_20-15-38/logger_all.log
[6.272s] -- Up-to-date symlink: /home/tamir/manipulator_project/install/manipulator_project/share/manipulator_project//config/moveit_robot_config/launch/log/latest/events.log
[6.272s] -- Up-to-date symlink: /home/tamir/manipulator_project/install/manipulator_project/share/manipulator_project//config/moveit_robot_config/launch/log/latest/logger_all.log
[6.272s] -- Up-to-date symlink: /home/tamir/manipulator_project/install/manipulator_project/share/manipulator_project//config/moveit_robot_config/launch/log/latest_build/events.log
[6.272s] -- Up-to-date symlink: /home/tamir/manipulator_project/install/manipulator_project/share/manipulator_project//config/moveit_robot_config/launch/log/latest_build/logger_all.log
[6.272s] -- Up-to-date symlink: /home/tamir/manipulator_project/install/manipulator_project/share/manipulator_project//config/moveit_robot_config/launch/move_group.launch.py
[6.272s] -- Up-to-date symlink: /home/tamir/manipulator_project/install/manipulator_project/share/manipulator_project//config/moveit_robot_config/launch/moveit_rviz.launch.py
[6.272s] -- Up-to-date symlink: /home/tamir/manipulator_project/install/manipulator_project/share/manipulator_project//config/moveit_robot_config/launch/rsp.launch.py
[6.272s] -- Up-to-date symlink: /home/tamir/manipulator_project/install/manipulator_project/share/manipulator_project//config/moveit_robot_config/launch/setup_assistant.launch.py
[6.272s] -- Up-to-date symlink: /home/tamir/manipulator_project/install/manipulator_project/share/manipulator_project//config/moveit_robot_config/launch/spawn_controllers.launch.py
[6.272s] -- Up-to-date symlink: /home/tamir/manipulator_project/install/manipulator_project/share/manipulator_project//config/moveit_robot_config/launch/static_virtual_joint_tfs.launch.py
[6.272s] -- Up-to-date symlink: /home/tamir/manipulator_project/install/manipulator_project/share/manipulator_project//config/moveit_robot_config/launch/warehouse_db.launch.py
[6.272s] -- Up-to-date symlink: /home/tamir/manipulator_project/install/manipulator_project/share/manipulator_project//config/moveit_robot_config/log/COLCON_IGNORE
[6.272s] -- Up-to-date symlink: /home/tamir/manipulator_project/install/manipulator_project/share/manipulator_project//config/moveit_robot_config/log/build_2025-01-24_10-03-45/events.log
[6.272s] -- Up-to-date symlink: /home/tamir/manipulator_project/install/manipulator_project/share/manipulator_project//config/moveit_robot_config/log/build_2025-01-24_10-03-45/logger_all.log
[6.272s] -- Up-to-date symlink: /home/tamir/manipulator_project/install/manipulator_project/share/manipulator_project//config/moveit_robot_config/log/build_2025-01-24_10-03-45/moveit_robot_config/command.log
[6.272s] -- Up-to-date symlink: /home/tamir/manipulator_project/install/manipulator_project/share/manipulator_project//config/moveit_robot_config/log/build_2025-01-24_10-03-45/moveit_robot_config/stderr.log
[6.273s] -- Up-to-date symlink: /home/tamir/manipulator_project/install/manipulator_project/share/manipulator_project//config/moveit_robot_config/log/build_2025-01-24_10-03-45/moveit_robot_config/stdout.log
[6.273s] -- Up-to-date symlink: /home/tamir/manipulator_project/install/manipulator_project/share/manipulator_project//config/moveit_robot_config/log/build_2025-01-24_10-03-45/moveit_robot_config/stdout_stderr.log
[6.273s] -- Up-to-date symlink: /home/tamir/manipulator_project/install/manipulator_project/share/manipulator_project//config/moveit_robot_config/log/build_2025-01-24_10-03-45/moveit_robot_config/streams.log
[6.273s] -- Up-to-date symlink: /home/tamir/manipulator_project/install/manipulator_project/share/manipulator_project//config/moveit_robot_config/log/latest/events.log
[6.273s] -- Up-to-date symlink: /home/tamir/manipulator_project/install/manipulator_project/share/manipulator_project//config/moveit_robot_config/log/latest/logger_all.log
[6.273s] -- Up-to-date symlink: /home/tamir/manipulator_project/install/manipulator_project/share/manipulator_project//config/moveit_robot_config/log/latest/moveit_robot_config/command.log
[6.273s] -- Up-to-date symlink: /home/tamir/manipulator_project/install/manipulator_project/share/manipulator_project//config/moveit_robot_config/log/latest/moveit_robot_config/stderr.log
[6.273s] -- Up-to-date symlink: /home/tamir/manipulator_project/install/manipulator_project/share/manipulator_project//config/moveit_robot_config/log/latest/moveit_robot_config/stdout.log
[6.273s] -- Up-to-date symlink: /home/tamir/manipulator_project/install/manipulator_project/share/manipulator_project//config/moveit_robot_config/log/latest/moveit_robot_config/stdout_stderr.log
[6.273s] -- Up-to-date symlink: /home/tamir/manipulator_project/install/manipulator_project/share/manipulator_project//config/moveit_robot_config/log/latest/moveit_robot_config/streams.log
[6.273s] -- Up-to-date symlink: /home/tamir/manipulator_project/install/manipulator_project/share/manipulator_project//config/moveit_robot_config/log/latest_build/events.log
[6.273s] -- Up-to-date symlink: /home/tamir/manipulator_project/install/manipulator_project/share/manipulator_project//config/moveit_robot_config/log/latest_build/logger_all.log
[6.273s] -- Up-to-date symlink: /home/tamir/manipulator_project/install/manipulator_project/share/manipulator_project//config/moveit_robot_config/log/latest_build/moveit_robot_config/command.log
[6.273s] -- Up-to-date symlink: /home/tamir/manipulator_project/install/manipulator_project/share/manipulator_project//config/moveit_robot_config/log/latest_build/moveit_robot_config/stderr.log
[6.273s] -- Up-to-date symlink: /home/tamir/manipulator_project/install/manipulator_project/share/manipulator_project//config/moveit_robot_config/log/latest_build/moveit_robot_config/stdout.log
[6.273s] -- Up-to-date symlink: /home/tamir/manipulator_project/install/manipulator_project/share/manipulator_project//config/moveit_robot_config/log/latest_build/moveit_robot_config/stdout_stderr.log
[6.274s] -- Up-to-date symlink: /home/tamir/manipulator_project/install/manipulator_project/share/manipulator_project//config/moveit_robot_config/log/latest_build/moveit_robot_config/streams.log
[6.274s] -- Up-to-date symlink: /home/tamir/manipulator_project/install/manipulator_project/share/manipulator_project//config/moveit_robot_config/package.xml
[6.274s] -- Up-to-date symlink: /home/tamir/manipulator_project/install/manipulator_project/share/manipulator_project//config/urdf_config.rviz
[6.274s] -- Symlinking: /home/tamir/manipulator_project/install/manipulator_project/share/manipulator_project//launch/__pycache__/simulation.launch.cpython-310.pyc
[6.285s] -- Up-to-date symlink: /home/tamir/manipulator_project/install/manipulator_project/share/manipulator_project//launch/simulation.launch.py
[6.285s] -- Up-to-date symlink: /home/tamir/manipulator_project/install/manipulator_project/share/manipulator_project//urdf/manipulator_model.urdf.xacro
[6.285s] -- Up-to-date symlink: /home/tamir/manipulator_project/install/manipulator_project/share/ament_index/resource_index/package_run_dependencies/manipulator_project
[6.285s] -- Up-to-date symlink: /home/tamir/manipulator_project/install/manipulator_project/share/ament_index/resource_index/parent_prefix_path/manipulator_project
[6.285s] -- Up-to-date symlink: /home/tamir/manipulator_project/install/manipulator_project/share/manipulator_project/environment/ament_prefix_path.sh
[6.285s] -- Up-to-date symlink: /home/tamir/manipulator_project/install/manipulator_project/share/manipulator_project/environment/ament_prefix_path.dsv
[6.285s] -- Up-to-date symlink: /home/tamir/manipulator_project/install/manipulator_project/share/manipulator_project/environment/path.sh
[6.285s] -- Up-to-date symlink: /home/tamir/manipulator_project/install/manipulator_project/share/manipulator_project/environment/path.dsv
[6.285s] -- Up-to-date symlink: /home/tamir/manipulator_project/install/manipulator_project/share/manipulator_project/local_setup.bash
[6.285s] -- Up-to-date symlink: /home/tamir/manipulator_project/install/manipulator_project/share/manipulator_project/local_setup.sh
[6.285s] -- Up-to-date symlink: /home/tamir/manipulator_project/install/manipulator_project/share/manipulator_project/local_setup.zsh
[6.285s] -- Up-to-date symlink: /home/tamir/manipulator_project/install/manipulator_project/share/manipulator_project/local_setup.dsv
[6.285s] -- Symlinking: /home/tamir/manipulator_project/install/manipulator_project/share/manipulator_project/package.dsv
[6.293s] -- Up-to-date symlink: /home/tamir/manipulator_project/install/manipulator_project/share/ament_index/resource_index/packages/manipulator_project
[6.293s] -- Up-to-date symlink: /home/tamir/manipulator_project/install/manipulator_project/share/manipulator_project/cmake/manipulator_projectConfig.cmake
[6.293s] -- Up-to-date symlink: /home/tamir/manipulator_project/install/manipulator_project/share/manipulator_project/cmake/manipulator_projectConfig-version.cmake
[6.293s] -- Up-to-date symlink: /home/tamir/manipulator_project/install/manipulator_project/share/manipulator_project/package.xml
[6.295s] Invoked command in '/home/tamir/manipulator_project/build/manipulator_project' returned '0': CMAKE_PREFIX_PATH=${CMAKE_PREFIX_PATH}:/home/tamir/ros2_ws/install/turtle_spawner:/home/tamir/ros2_ws/install/turtle_controller:/home/tamir/ros2_ws/install/my_py_pkg:/home/tamir/autonomous_robot/autonomous_robot_control/install/control_hardware:/home/tamir/autonomous_robot/autonomous_robot_control/install/calc_odom:/home/tamir/ws_moveit2/install/moveit_configs_utils:/home/tamir/ws_moveit2/install/launch_param_builder:/home/tamir/autonomous_robot/install/calc_odom:/home/tamir/autonomous_robot/install/control_hardware:/home/tamir/autonomous_robot/autonomous_robot_control/src/control_hardware/install/control_hardware:/opt/ros/humble /usr/bin/cmake --install /home/tamir/manipulator_project/build/manipulator_project
