-- The C compiler identification is GNU 11.4.0
-- The CXX compiler identification is GNU 11.4.0
-- Detecting C compiler ABI info
-- Detecting C compiler ABI info - done
-- Check for working C compiler: /usr/bin/cc - skipped
-- Detecting C compile features
-- Detecting C compile features - done
-- Detecting CXX compiler ABI info
-- Detecting CXX compiler ABI info - done
-- Check for working CXX compiler: /usr/bin/c++ - skipped
-- Detecting CXX compile features
-- Detecting CXX compile features - done
-- Found ament_cmake: 1.3.11 (/opt/ros/humble/share/ament_cmake/cmake)
-- Found Python3: /usr/bin/python3 (found version "3.10.12") found components: Interpreter 
-- Found rclcpp: 16.0.11 (/opt/ros/humble/share/rclcpp/cmake)
-- Found rosidl_generator_c: 3.1.6 (/opt/ros/humble/share/rosidl_generator_c/cmake)
-- Found rosidl_adapter: 3.1.6 (/opt/ros/humble/share/rosidl_adapter/cmake)
-- Found rosidl_generator_cpp: 3.1.6 (/opt/ros/humble/share/rosidl_generator_cpp/cmake)
-- Using all available rosidl_typesupport_c: rosidl_typesupport_fastrtps_c;rosidl_typesupport_introspection_c
-- Using all available rosidl_typesupport_cpp: rosidl_typesupport_fastrtps_cpp;rosidl_typesupport_introspection_cpp
-- Found rmw_implementation_cmake: 6.1.2 (/opt/ros/humble/share/rmw_implementation_cmake/cmake)
-- Found rmw_fastrtps_cpp: 6.2.7 (/opt/ros/humble/share/rmw_fastrtps_cpp/cmake)
-- Found OpenSSL: /usr/lib/x86_64-linux-gnu/libcrypto.so (found version "3.0.2")  
-- Found FastRTPS: /opt/ros/humble/include  
-- Using RMW implementation 'rmw_fastrtps_cpp' as default
-- Looking for pthread.h
-- Looking for pthread.h - found
-- Performing Test CMAKE_HAVE_LIBC_PTHREAD
-- Performing Test CMAKE_HAVE_LIBC_PTHREAD - Success
-- Found Threads: TRUE  
-- Found moveit_core: 2.5.7 (/home/tamir/ws_moveit2/install/moveit_core/share/moveit_core/cmake)
-- Found Boost: /usr/lib/x86_64-linux-gnu/cmake/Boost-1.74.0/BoostConfig.cmake (found version "1.74.0") found components: chrono date_time filesystem iostreams program_options regex serialization system thread 
-- Found parameter_traits: 0.4.0 (/opt/ros/humble/share/parameter_traits/cmake)
-- Found Eigen3: TRUE (found version "3.4.0") 
-- Found rclcpp_lifecycle: 16.0.11 (/opt/ros/humble/share/rclcpp_lifecycle/cmake)
-- Found Boost: /usr/lib/x86_64-linux-gnu/cmake/Boost-1.74.0/BoostConfig.cmake (found version "1.74.0") found components: filesystem 
-- library: /usr/lib/x86_64-linux-gnu/libcurl.so
-- Ensuring Eigen3 include directory is part of orocos-kdl CMake target
-- Found moveit_ros_planning_interface: 2.5.7 (/home/tamir/ws_moveit2/install/moveit_ros_planning_interface/share/moveit_ros_planning_interface/cmake)
-- Found Boost: /usr/lib/x86_64-linux-gnu/cmake/Boost-1.74.0/BoostConfig.cmake (found version "1.74.0") found components: date_time filesystem program_options system thread 
-- Found Boost: /usr/lib/x86_64-linux-gnu/cmake/Boost-1.74.0/BoostConfig.cmake (found version "1.74.0") found components: system filesystem date_time program_options thread chrono 
-- Found Boost: /usr/lib/x86_64-linux-gnu/cmake/Boost-1.74.0/BoostConfig.cmake (found version "1.74.0") found components: thread system filesystem regex date_time program_options 
-- Found Boost: /usr/lib/x86_64-linux-gnu/cmake/Boost-1.74.0/BoostConfig.cmake (found version "1.74.0") found components: system filesystem date_time program_options thread 
-- Found manipulator_interfaces: 0.0.0 (/home/tamir/manipulator_project/src/manipulator_interfaces/install/manipulator_interfaces/share/manipulator_interfaces/cmake)
-- Found ament_lint_auto: 0.12.11 (/opt/ros/humble/share/ament_lint_auto/cmake)
-- Added test 'cppcheck' to perform static code analysis on C / C++ code
-- Configured cppcheck include dirs: /home/tamir/manipulator_project/src/manipulator_interfaces/install/manipulator_interfaces/include/manipulator_interfaces
-- Configured cppcheck exclude dirs and/or files: 
-- Added test 'flake8' to check Python code syntax and style conventions
-- Added test 'lint_cmake' to check CMake code style
-- Added test 'pep257' to check Python code against some of the docstring style conventions in PEP 257
-- Added test 'uncrustify' to check C / C++ code style
-- Configured uncrustify additional arguments: 
-- Added test 'xmllint' to check XML markup files
-- Configuring done
-- Generating done
-- Build files have been written to: /home/tamir/manipulator_project/build/manipulator_project
[ 25%] [32mBuilding CXX object CMakeFiles/move_robot.dir/src/move_robot.cpp.o[0m
[ 50%] [32mBuilding CXX object CMakeFiles/move_to_pose_service_node.dir/src/move_to_pose_service_node.cpp.o[0m
[ 75%] [32m[1mLinking CXX executable move_robot[0m
[ 75%] Built target move_robot
[100%] [32m[1mLinking CXX executable move_to_pose_service_node[0m
[100%] Built target move_to_pose_service_node
-- Install configuration: ""
-- Installing: /home/tamir/manipulator_project/install/manipulator_project/lib/manipulator_project/move_robot
-- Set runtime path of "/home/tamir/manipulator_project/install/manipulator_project/lib/manipulator_project/move_robot" to ""
-- Installing: /home/tamir/manipulator_project/install/manipulator_project/lib/manipulator_project/move_to_pose_service_node
-- Set runtime path of "/home/tamir/manipulator_project/install/manipulator_project/lib/manipulator_project/move_to_pose_service_node" to ""
-- Installing: /home/tamir/manipulator_project/install/manipulator_project/share/manipulator_project//robot2_moveit_config
-- Installing: /home/tamir/manipulator_project/install/manipulator_project/share/manipulator_project//robot2_moveit_config/package.xml
-- Installing: /home/tamir/manipulator_project/install/manipulator_project/share/manipulator_project//robot2_moveit_config/launch
-- Installing: /home/tamir/manipulator_project/install/manipulator_project/share/manipulator_project//robot2_moveit_config/launch/__pycache__
-- Installing: /home/tamir/manipulator_project/install/manipulator_project/share/manipulator_project//robot2_moveit_config/launch/__pycache__/demo.launch.cpython-310.pyc
-- Installing: /home/tamir/manipulator_project/install/manipulator_project/share/manipulator_project//robot2_moveit_config/launch/setup_assistant.launch.py
-- Installing: /home/tamir/manipulator_project/install/manipulator_project/share/manipulator_project//robot2_moveit_config/launch/move_group.launch.py
-- Installing: /home/tamir/manipulator_project/install/manipulator_project/share/manipulator_project//robot2_moveit_config/launch/moveit_rviz.launch.py
-- Installing: /home/tamir/manipulator_project/install/manipulator_project/share/manipulator_project//robot2_moveit_config/launch/demo.launch.py
-- Installing: /home/tamir/manipulator_project/install/manipulator_project/share/manipulator_project//robot2_moveit_config/launch/static_virtual_joint_tfs.launch.py
-- Installing: /home/tamir/manipulator_project/install/manipulator_project/share/manipulator_project//robot2_moveit_config/launch/warehouse_db.launch.py
-- Installing: /home/tamir/manipulator_project/install/manipulator_project/share/manipulator_project//robot2_moveit_config/launch/spawn_controllers.launch.py
-- Installing: /home/tamir/manipulator_project/install/manipulator_project/share/manipulator_project//robot2_moveit_config/launch/rsp.launch.py
-- Installing: /home/tamir/manipulator_project/install/manipulator_project/share/manipulator_project//robot2_moveit_config/CMakeLists.txt
-- Installing: /home/tamir/manipulator_project/install/manipulator_project/share/manipulator_project//robot2_moveit_config/config
-- Installing: /home/tamir/manipulator_project/install/manipulator_project/share/manipulator_project//robot2_moveit_config/config/manipulator_robot2.srdf
-- Installing: /home/tamir/manipulator_project/install/manipulator_project/share/manipulator_project//robot2_moveit_config/config/moveit_controllers.yaml
-- Installing: /home/tamir/manipulator_project/install/manipulator_project/share/manipulator_project//robot2_moveit_config/config/kinematics.yaml
-- Installing: /home/tamir/manipulator_project/install/manipulator_project/share/manipulator_project//robot2_moveit_config/config/ros2_controllers.yaml
-- Installing: /home/tamir/manipulator_project/install/manipulator_project/share/manipulator_project//robot2_moveit_config/config/joint_limits.yaml
-- Installing: /home/tamir/manipulator_project/install/manipulator_project/share/manipulator_project//robot2_moveit_config/config/moveit.rviz
-- Installing: /home/tamir/manipulator_project/install/manipulator_project/share/manipulator_project//robot2_moveit_config/config/manipulator_robot2.ros2_control.xacro
-- Installing: /home/tamir/manipulator_project/install/manipulator_project/share/manipulator_project//robot2_moveit_config/config/manipulator_robot2.urdf.xacro
-- Installing: /home/tamir/manipulator_project/install/manipulator_project/share/manipulator_project//robot2_moveit_config/config/pilz_cartesian_limits.yaml
-- Installing: /home/tamir/manipulator_project/install/manipulator_project/share/manipulator_project//robot2_moveit_config/config/initial_positions.yaml
-- Installing: /home/tamir/manipulator_project/install/manipulator_project/share/manipulator_project//robot2_moveit_config/.setup_assistant
-- Installing: /home/tamir/manipulator_project/install/manipulator_project/share/manipulator_project//launch
-- Installing: /home/tamir/manipulator_project/install/manipulator_project/share/manipulator_project//launch/simulation.launch.py
-- Installing: /home/tamir/manipulator_project/install/manipulator_project/share/manipulator_project//launch/start_service.launch.py
-- Installing: /home/tamir/manipulator_project/install/manipulator_project/share/manipulator_project//launch/rviz_urdf_check.launch.py
-- Installing: /home/tamir/manipulator_project/install/manipulator_project/share/manipulator_project//urdf
-- Installing: /home/tamir/manipulator_project/install/manipulator_project/share/manipulator_project//urdf/manipulator_model2.urdf.xacro
-- Installing: /home/tamir/manipulator_project/install/manipulator_project/share/ament_index/resource_index/package_run_dependencies/manipulator_project
-- Installing: /home/tamir/manipulator_project/install/manipulator_project/share/ament_index/resource_index/parent_prefix_path/manipulator_project
-- Installing: /home/tamir/manipulator_project/install/manipulator_project/share/manipulator_project/environment/ament_prefix_path.sh
-- Installing: /home/tamir/manipulator_project/install/manipulator_project/share/manipulator_project/environment/ament_prefix_path.dsv
-- Installing: /home/tamir/manipulator_project/install/manipulator_project/share/manipulator_project/environment/path.sh
-- Installing: /home/tamir/manipulator_project/install/manipulator_project/share/manipulator_project/environment/path.dsv
-- Installing: /home/tamir/manipulator_project/install/manipulator_project/share/manipulator_project/local_setup.bash
-- Installing: /home/tamir/manipulator_project/install/manipulator_project/share/manipulator_project/local_setup.sh
-- Installing: /home/tamir/manipulator_project/install/manipulator_project/share/manipulator_project/local_setup.zsh
-- Installing: /home/tamir/manipulator_project/install/manipulator_project/share/manipulator_project/local_setup.dsv
-- Installing: /home/tamir/manipulator_project/install/manipulator_project/share/manipulator_project/package.dsv
-- Installing: /home/tamir/manipulator_project/install/manipulator_project/share/ament_index/resource_index/packages/manipulator_project
-- Installing: /home/tamir/manipulator_project/install/manipulator_project/share/manipulator_project/cmake/manipulator_projectConfig.cmake
-- Installing: /home/tamir/manipulator_project/install/manipulator_project/share/manipulator_project/cmake/manipulator_projectConfig-version.cmake
-- Installing: /home/tamir/manipulator_project/install/manipulator_project/share/manipulator_project/package.xml
