[0.014s] Invoking command in '/home/tamir/manipulator_project/robot2_moveit_config/build/robot2_moveit_config': CMAKE_PREFIX_PATH=${CMAKE_PREFIX_PATH}:/home/tamir/ws_moveit2/install/moveit_configs_utils:/home/tamir/ws_moveit2/install/launch_param_builder:/home/tamir/autonomous_robot/install/calc_odom:/home/tamir/autonomous_robot/install/control_hardware:/home/tamir/ros2_ws/install/turtle_spawner:/home/tamir/ros2_ws/install/turtle_controller:/home/tamir/ros2_ws/install/my_py_pkg:/home/tamir/autonomous_robot/autonomous_robot_control/install/control_hardware:/home/tamir/autonomous_robot/autonomous_robot_control/install/calc_odom:/home/tamir/autonomous_robot/autonomous_robot_control/src/control_hardware/install/control_hardware:/opt/ros/humble /usr/bin/cmake /home/tamir/manipulator_project/robot2_moveit_config -DCMAKE_INSTALL_PREFIX=/home/tamir/manipulator_project/robot2_moveit_config/install/robot2_moveit_config
[0.087s] -- The C compiler identification is GNU 11.4.0
[0.154s] -- The CXX compiler identification is GNU 11.4.0
[0.160s] -- Detecting C compiler ABI info
[0.244s] -- Detecting C compiler ABI info - done
[0.249s] -- Check for working C compiler: /usr/bin/cc - skipped
[0.249s] -- Detecting C compile features
[0.250s] -- Detecting C compile features - done
[0.252s] -- Detecting CXX compiler ABI info
[0.350s] -- Detecting CXX compiler ABI info - done
[0.355s] -- Check for working CXX compiler: /usr/bin/c++ - skipped
[0.355s] -- Detecting CXX compile features
[0.355s] -- Detecting CXX compile features - done
[0.360s] -- Found ament_cmake: 1.3.11 (/opt/ros/humble/share/ament_cmake/cmake)
[0.543s] -- Found Python3: /usr/bin/python3 (found version "3.10.12") found components: Interpreter 
[0.730s] -- Configuring done
[0.731s] -- Generating done
[0.732s] -- Build files have been written to: /home/tamir/manipulator_project/robot2_moveit_config/build/robot2_moveit_config
[0.737s] Invoked command in '/home/tamir/manipulator_project/robot2_moveit_config/build/robot2_moveit_config' returned '0': CMAKE_PREFIX_PATH=${CMAKE_PREFIX_PATH}:/home/tamir/ws_moveit2/install/moveit_configs_utils:/home/tamir/ws_moveit2/install/launch_param_builder:/home/tamir/autonomous_robot/install/calc_odom:/home/tamir/autonomous_robot/install/control_hardware:/home/tamir/ros2_ws/install/turtle_spawner:/home/tamir/ros2_ws/install/turtle_controller:/home/tamir/ros2_ws/install/my_py_pkg:/home/tamir/autonomous_robot/autonomous_robot_control/install/control_hardware:/home/tamir/autonomous_robot/autonomous_robot_control/install/calc_odom:/home/tamir/autonomous_robot/autonomous_robot_control/src/control_hardware/install/control_hardware:/opt/ros/humble /usr/bin/cmake /home/tamir/manipulator_project/robot2_moveit_config -DCMAKE_INSTALL_PREFIX=/home/tamir/manipulator_project/robot2_moveit_config/install/robot2_moveit_config
[0.738s] Invoking command in '/home/tamir/manipulator_project/robot2_moveit_config/build/robot2_moveit_config': CMAKE_PREFIX_PATH=${CMAKE_PREFIX_PATH}:/home/tamir/ws_moveit2/install/moveit_configs_utils:/home/tamir/ws_moveit2/install/launch_param_builder:/home/tamir/autonomous_robot/install/calc_odom:/home/tamir/autonomous_robot/install/control_hardware:/home/tamir/ros2_ws/install/turtle_spawner:/home/tamir/ros2_ws/install/turtle_controller:/home/tamir/ros2_ws/install/my_py_pkg:/home/tamir/autonomous_robot/autonomous_robot_control/install/control_hardware:/home/tamir/autonomous_robot/autonomous_robot_control/install/calc_odom:/home/tamir/autonomous_robot/autonomous_robot_control/src/control_hardware/install/control_hardware:/opt/ros/humble /usr/bin/cmake --build /home/tamir/manipulator_project/robot2_moveit_config/build/robot2_moveit_config -- -j12 -l12
[0.791s] Invoked command in '/home/tamir/manipulator_project/robot2_moveit_config/build/robot2_moveit_config' returned '0': CMAKE_PREFIX_PATH=${CMAKE_PREFIX_PATH}:/home/tamir/ws_moveit2/install/moveit_configs_utils:/home/tamir/ws_moveit2/install/launch_param_builder:/home/tamir/autonomous_robot/install/calc_odom:/home/tamir/autonomous_robot/install/control_hardware:/home/tamir/ros2_ws/install/turtle_spawner:/home/tamir/ros2_ws/install/turtle_controller:/home/tamir/ros2_ws/install/my_py_pkg:/home/tamir/autonomous_robot/autonomous_robot_control/install/control_hardware:/home/tamir/autonomous_robot/autonomous_robot_control/install/calc_odom:/home/tamir/autonomous_robot/autonomous_robot_control/src/control_hardware/install/control_hardware:/opt/ros/humble /usr/bin/cmake --build /home/tamir/manipulator_project/robot2_moveit_config/build/robot2_moveit_config -- -j12 -l12
[0.801s] Invoking command in '/home/tamir/manipulator_project/robot2_moveit_config/build/robot2_moveit_config': CMAKE_PREFIX_PATH=${CMAKE_PREFIX_PATH}:/home/tamir/ws_moveit2/install/moveit_configs_utils:/home/tamir/ws_moveit2/install/launch_param_builder:/home/tamir/autonomous_robot/install/calc_odom:/home/tamir/autonomous_robot/install/control_hardware:/home/tamir/ros2_ws/install/turtle_spawner:/home/tamir/ros2_ws/install/turtle_controller:/home/tamir/ros2_ws/install/my_py_pkg:/home/tamir/autonomous_robot/autonomous_robot_control/install/control_hardware:/home/tamir/autonomous_robot/autonomous_robot_control/install/calc_odom:/home/tamir/autonomous_robot/autonomous_robot_control/src/control_hardware/install/control_hardware:/opt/ros/humble /usr/bin/cmake --install /home/tamir/manipulator_project/robot2_moveit_config/build/robot2_moveit_config
[0.808s] -- Install configuration: ""
[0.808s] -- Installing: /home/tamir/manipulator_project/robot2_moveit_config/install/robot2_moveit_config/share/ament_index/resource_index/package_run_dependencies/robot2_moveit_config
[0.809s] -- Installing: /home/tamir/manipulator_project/robot2_moveit_config/install/robot2_moveit_config/share/ament_index/resource_index/parent_prefix_path/robot2_moveit_config
[0.809s] -- Installing: /home/tamir/manipulator_project/robot2_moveit_config/install/robot2_moveit_config/share/robot2_moveit_config/environment/ament_prefix_path.sh
[0.809s] -- Installing: /home/tamir/manipulator_project/robot2_moveit_config/install/robot2_moveit_config/share/robot2_moveit_config/environment/ament_prefix_path.dsv
[0.809s] -- Installing: /home/tamir/manipulator_project/robot2_moveit_config/install/robot2_moveit_config/share/robot2_moveit_config/environment/path.sh
[0.809s] -- Installing: /home/tamir/manipulator_project/robot2_moveit_config/install/robot2_moveit_config/share/robot2_moveit_config/environment/path.dsv
[0.809s] -- Installing: /home/tamir/manipulator_project/robot2_moveit_config/install/robot2_moveit_config/share/robot2_moveit_config/local_setup.bash
[0.809s] -- Installing: /home/tamir/manipulator_project/robot2_moveit_config/install/robot2_moveit_config/share/robot2_moveit_config/local_setup.sh
[0.809s] -- Installing: /home/tamir/manipulator_project/robot2_moveit_config/install/robot2_moveit_config/share/robot2_moveit_config/local_setup.zsh
[0.809s] -- Installing: /home/tamir/manipulator_project/robot2_moveit_config/install/robot2_moveit_config/share/robot2_moveit_config/local_setup.dsv
[0.809s] -- Installing: /home/tamir/manipulator_project/robot2_moveit_config/install/robot2_moveit_config/share/robot2_moveit_config/package.dsv
[0.810s] -- Installing: /home/tamir/manipulator_project/robot2_moveit_config/install/robot2_moveit_config/share/ament_index/resource_index/packages/robot2_moveit_config
[0.810s] -- Installing: /home/tamir/manipulator_project/robot2_moveit_config/install/robot2_moveit_config/share/robot2_moveit_config/cmake/robot2_moveit_configConfig.cmake
[0.810s] -- Installing: /home/tamir/manipulator_project/robot2_moveit_config/install/robot2_moveit_config/share/robot2_moveit_config/cmake/robot2_moveit_configConfig-version.cmake
[0.810s] -- Installing: /home/tamir/manipulator_project/robot2_moveit_config/install/robot2_moveit_config/share/robot2_moveit_config/package.xml
[0.810s] -- Installing: /home/tamir/manipulator_project/robot2_moveit_config/install/robot2_moveit_config/share/robot2_moveit_config/launch
[0.810s] -- Installing: /home/tamir/manipulator_project/robot2_moveit_config/install/robot2_moveit_config/share/robot2_moveit_config/launch/__pycache__
[0.810s] -- Installing: /home/tamir/manipulator_project/robot2_moveit_config/install/robot2_moveit_config/share/robot2_moveit_config/launch/__pycache__/demo.launch.cpython-310.pyc
[0.810s] -- Installing: /home/tamir/manipulator_project/robot2_moveit_config/install/robot2_moveit_config/share/robot2_moveit_config/launch/setup_assistant.launch.py
[0.810s] -- Installing: /home/tamir/manipulator_project/robot2_moveit_config/install/robot2_moveit_config/share/robot2_moveit_config/launch/move_group.launch.py
[0.810s] -- Installing: /home/tamir/manipulator_project/robot2_moveit_config/install/robot2_moveit_config/share/robot2_moveit_config/launch/moveit_rviz.launch.py
[0.810s] -- Installing: /home/tamir/manipulator_project/robot2_moveit_config/install/robot2_moveit_config/share/robot2_moveit_config/launch/demo.launch.py
[0.810s] -- Installing: /home/tamir/manipulator_project/robot2_moveit_config/install/robot2_moveit_config/share/robot2_moveit_config/launch/static_virtual_joint_tfs.launch.py
[0.811s] -- Installing: /home/tamir/manipulator_project/robot2_moveit_config/install/robot2_moveit_config/share/robot2_moveit_config/launch/warehouse_db.launch.py
[0.811s] -- Installing: /home/tamir/manipulator_project/robot2_moveit_config/install/robot2_moveit_config/share/robot2_moveit_config/launch/spawn_controllers.launch.py
[0.811s] -- Installing: /home/tamir/manipulator_project/robot2_moveit_config/install/robot2_moveit_config/share/robot2_moveit_config/launch/rsp.launch.py
[0.811s] -- Installing: /home/tamir/manipulator_project/robot2_moveit_config/install/robot2_moveit_config/share/robot2_moveit_config/config
[0.811s] -- Installing: /home/tamir/manipulator_project/robot2_moveit_config/install/robot2_moveit_config/share/robot2_moveit_config/config/manipulator_robot2.srdf
[0.811s] -- Installing: /home/tamir/manipulator_project/robot2_moveit_config/install/robot2_moveit_config/share/robot2_moveit_config/config/moveit_controllers.yaml
[0.811s] -- Installing: /home/tamir/manipulator_project/robot2_moveit_config/install/robot2_moveit_config/share/robot2_moveit_config/config/kinematics.yaml
[0.811s] -- Installing: /home/tamir/manipulator_project/robot2_moveit_config/install/robot2_moveit_config/share/robot2_moveit_config/config/ros2_controllers.yaml
[0.811s] -- Installing: /home/tamir/manipulator_project/robot2_moveit_config/install/robot2_moveit_config/share/robot2_moveit_config/config/joint_limits.yaml
[0.811s] -- Installing: /home/tamir/manipulator_project/robot2_moveit_config/install/robot2_moveit_config/share/robot2_moveit_config/config/moveit.rviz
[0.811s] -- Installing: /home/tamir/manipulator_project/robot2_moveit_config/install/robot2_moveit_config/share/robot2_moveit_config/config/manipulator_robot2.ros2_control.xacro
[0.811s] -- Installing: /home/tamir/manipulator_project/robot2_moveit_config/install/robot2_moveit_config/share/robot2_moveit_config/config/manipulator_robot2.urdf.xacro
[0.811s] -- Installing: /home/tamir/manipulator_project/robot2_moveit_config/install/robot2_moveit_config/share/robot2_moveit_config/config/pilz_cartesian_limits.yaml
[0.811s] -- Installing: /home/tamir/manipulator_project/robot2_moveit_config/install/robot2_moveit_config/share/robot2_moveit_config/config/initial_positions.yaml
[0.811s] -- Installing: /home/tamir/manipulator_project/robot2_moveit_config/install/robot2_moveit_config/share/robot2_moveit_config/.setup_assistant
[0.812s] Invoked command in '/home/tamir/manipulator_project/robot2_moveit_config/build/robot2_moveit_config' returned '0': CMAKE_PREFIX_PATH=${CMAKE_PREFIX_PATH}:/home/tamir/ws_moveit2/install/moveit_configs_utils:/home/tamir/ws_moveit2/install/launch_param_builder:/home/tamir/autonomous_robot/install/calc_odom:/home/tamir/autonomous_robot/install/control_hardware:/home/tamir/ros2_ws/install/turtle_spawner:/home/tamir/ros2_ws/install/turtle_controller:/home/tamir/ros2_ws/install/my_py_pkg:/home/tamir/autonomous_robot/autonomous_robot_control/install/control_hardware:/home/tamir/autonomous_robot/autonomous_robot_control/install/calc_odom:/home/tamir/autonomous_robot/autonomous_robot_control/src/control_hardware/install/control_hardware:/opt/ros/humble /usr/bin/cmake --install /home/tamir/manipulator_project/robot2_moveit_config/build/robot2_moveit_config
