[0.014s] Invoking command in '/home/tamir/manipulator_project/build/manipulator_project': CMAKE_PREFIX_PATH=${CMAKE_PREFIX_PATH}:/home/tamir/ros2_ws/install/turtle_spawner:/home/tamir/ros2_ws/install/turtle_controller:/home/tamir/ros2_ws/install/my_py_pkg:/home/tamir/autonomous_robot/autonomous_robot_control/install/control_hardware:/home/tamir/autonomous_robot/autonomous_robot_control/install/calc_odom:/home/tamir/ws_moveit2/install/moveit_configs_utils:/home/tamir/ws_moveit2/install/launch_param_builder:/home/tamir/autonomous_robot/install/calc_odom:/home/tamir/autonomous_robot/install/control_hardware:/home/tamir/autonomous_robot/autonomous_robot_control/src/control_hardware/install/control_hardware:/opt/ros/humble /usr/bin/cmake --build /home/tamir/manipulator_project/build/manipulator_project -- -j12 -l12
[0.138s] [ 50%] [32mBuilding CXX object CMakeFiles/move_robot.dir/src/move_robot.cpp.o[0m
[5.220s] [100%] [32m[1mLinking CXX executable move_robot[0m
[5.470s] [100%] Built target move_robot
[5.482s] Invoked command in '/home/tamir/manipulator_project/build/manipulator_project' returned '0': CMAKE_PREFIX_PATH=${CMAKE_PREFIX_PATH}:/home/tamir/ros2_ws/install/turtle_spawner:/home/tamir/ros2_ws/install/turtle_controller:/home/tamir/ros2_ws/install/my_py_pkg:/home/tamir/autonomous_robot/autonomous_robot_control/install/control_hardware:/home/tamir/autonomous_robot/autonomous_robot_control/install/calc_odom:/home/tamir/ws_moveit2/install/moveit_configs_utils:/home/tamir/ws_moveit2/install/launch_param_builder:/home/tamir/autonomous_robot/install/calc_odom:/home/tamir/autonomous_robot/install/control_hardware:/home/tamir/autonomous_robot/autonomous_robot_control/src/control_hardware/install/control_hardware:/opt/ros/humble /usr/bin/cmake --build /home/tamir/manipulator_project/build/manipulator_project -- -j12 -l12
[5.493s] Invoking command in '/home/tamir/manipulator_project/build/manipulator_project': CMAKE_PREFIX_PATH=${CMAKE_PREFIX_PATH}:/home/tamir/ros2_ws/install/turtle_spawner:/home/tamir/ros2_ws/install/turtle_controller:/home/tamir/ros2_ws/install/my_py_pkg:/home/tamir/autonomous_robot/autonomous_robot_control/install/control_hardware:/home/tamir/autonomous_robot/autonomous_robot_control/install/calc_odom:/home/tamir/ws_moveit2/install/moveit_configs_utils:/home/tamir/ws_moveit2/install/launch_param_builder:/home/tamir/autonomous_robot/install/calc_odom:/home/tamir/autonomous_robot/install/control_hardware:/home/tamir/autonomous_robot/autonomous_robot_control/src/control_hardware/install/control_hardware:/opt/ros/humble /usr/bin/cmake --install /home/tamir/manipulator_project/build/manipulator_project
[5.502s] -- Install configuration: ""
[5.502s] -- Installing: /home/tamir/manipulator_project/install/manipulator_project/lib/manipulator_project/move_robot
[5.502s] -- Set runtime path of "/home/tamir/manipulator_project/install/manipulator_project/lib/manipulator_project/move_robot" to ""
[5.503s] -- Up-to-date: /home/tamir/manipulator_project/install/manipulator_project/share/manipulator_project//config
[5.503s] -- Up-to-date: /home/tamir/manipulator_project/install/manipulator_project/share/manipulator_project//config/urdf_config.rviz
[5.503s] -- Up-to-date: /home/tamir/manipulator_project/install/manipulator_project/share/manipulator_project//config/robot_moveit_config
[5.503s] -- Up-to-date: /home/tamir/manipulator_project/install/manipulator_project/share/manipulator_project//config/robot_moveit_config/package.xml
[5.503s] -- Up-to-date: /home/tamir/manipulator_project/install/manipulator_project/share/manipulator_project//config/robot_moveit_config/launch
[5.504s] -- Up-to-date: /home/tamir/manipulator_project/install/manipulator_project/share/manipulator_project//config/robot_moveit_config/launch/__pycache__
[5.504s] -- Up-to-date: /home/tamir/manipulator_project/install/manipulator_project/share/manipulator_project//config/robot_moveit_config/launch/__pycache__/demo.launch.cpython-310.pyc
[5.504s] -- Up-to-date: /home/tamir/manipulator_project/install/manipulator_project/share/manipulator_project//config/robot_moveit_config/launch/setup_assistant.launch.py
[5.504s] -- Up-to-date: /home/tamir/manipulator_project/install/manipulator_project/share/manipulator_project//config/robot_moveit_config/launch/move_group.launch.py
[5.505s] -- Up-to-date: /home/tamir/manipulator_project/install/manipulator_project/share/manipulator_project//config/robot_moveit_config/launch/moveit_rviz.launch.py
[5.505s] -- Up-to-date: /home/tamir/manipulator_project/install/manipulator_project/share/manipulator_project//config/robot_moveit_config/launch/demo.launch.py
[5.505s] -- Up-to-date: /home/tamir/manipulator_project/install/manipulator_project/share/manipulator_project//config/robot_moveit_config/launch/static_virtual_joint_tfs.launch.py
[5.505s] -- Up-to-date: /home/tamir/manipulator_project/install/manipulator_project/share/manipulator_project//config/robot_moveit_config/launch/warehouse_db.launch.py
[5.506s] -- Up-to-date: /home/tamir/manipulator_project/install/manipulator_project/share/manipulator_project//config/robot_moveit_config/launch/spawn_controllers.launch.py
[5.506s] -- Up-to-date: /home/tamir/manipulator_project/install/manipulator_project/share/manipulator_project//config/robot_moveit_config/launch/rsp.launch.py
[5.506s] -- Up-to-date: /home/tamir/manipulator_project/install/manipulator_project/share/manipulator_project//config/robot_moveit_config/CMakeLists.txt
[5.506s] -- Up-to-date: /home/tamir/manipulator_project/install/manipulator_project/share/manipulator_project//config/robot_moveit_config/config
[5.506s] -- Up-to-date: /home/tamir/manipulator_project/install/manipulator_project/share/manipulator_project//config/robot_moveit_config/config/moveit_controllers.yaml
[5.506s] -- Up-to-date: /home/tamir/manipulator_project/install/manipulator_project/share/manipulator_project//config/robot_moveit_config/config/kinematics.yaml
[5.507s] -- Up-to-date: /home/tamir/manipulator_project/install/manipulator_project/share/manipulator_project//config/robot_moveit_config/config/manipulator_robot.ros2_control.xacro
[5.507s] -- Up-to-date: /home/tamir/manipulator_project/install/manipulator_project/share/manipulator_project//config/robot_moveit_config/config/ros2_controllers.yaml
[5.507s] -- Up-to-date: /home/tamir/manipulator_project/install/manipulator_project/share/manipulator_project//config/robot_moveit_config/config/joint_limits.yaml
[5.507s] -- Up-to-date: /home/tamir/manipulator_project/install/manipulator_project/share/manipulator_project//config/robot_moveit_config/config/moveit.rviz
[5.507s] -- Up-to-date: /home/tamir/manipulator_project/install/manipulator_project/share/manipulator_project//config/robot_moveit_config/config/manipulator_robot.srdf
[5.507s] -- Up-to-date: /home/tamir/manipulator_project/install/manipulator_project/share/manipulator_project//config/robot_moveit_config/config/sensors_3d.yaml
[5.508s] -- Up-to-date: /home/tamir/manipulator_project/install/manipulator_project/share/manipulator_project//config/robot_moveit_config/config/manipulator_robot.urdf.xacro
[5.508s] -- Up-to-date: /home/tamir/manipulator_project/install/manipulator_project/share/manipulator_project//config/robot_moveit_config/config/pilz_cartesian_limits.yaml
[5.508s] -- Up-to-date: /home/tamir/manipulator_project/install/manipulator_project/share/manipulator_project//config/robot_moveit_config/config/initial_positions.yaml
[5.508s] -- Up-to-date: /home/tamir/manipulator_project/install/manipulator_project/share/manipulator_project//config/robot_moveit_config/.setup_assistant
[5.508s] -- Up-to-date: /home/tamir/manipulator_project/install/manipulator_project/share/manipulator_project//config/build
[5.508s] -- Up-to-date: /home/tamir/manipulator_project/install/manipulator_project/share/manipulator_project//config/build/COLCON_IGNORE
[5.508s] -- Up-to-date: /home/tamir/manipulator_project/install/manipulator_project/share/manipulator_project//config/build/robot_moveit_config
[5.509s] -- Up-to-date: /home/tamir/manipulator_project/install/manipulator_project/share/manipulator_project//config/build/robot_moveit_config/CTestConfiguration.ini
[5.509s] -- Up-to-date: /home/tamir/manipulator_project/install/manipulator_project/share/manipulator_project//config/build/robot_moveit_config/ament_cmake_index
[5.509s] -- Up-to-date: /home/tamir/manipulator_project/install/manipulator_project/share/manipulator_project//config/build/robot_moveit_config/ament_cmake_index/share
[5.509s] -- Up-to-date: /home/tamir/manipulator_project/install/manipulator_project/share/manipulator_project//config/build/robot_moveit_config/ament_cmake_index/share/ament_index
[5.509s] -- Up-to-date: /home/tamir/manipulator_project/install/manipulator_project/share/manipulator_project//config/build/robot_moveit_config/ament_cmake_index/share/ament_index/resource_index
[5.509s] -- Up-to-date: /home/tamir/manipulator_project/install/manipulator_project/share/manipulator_project//config/build/robot_moveit_config/ament_cmake_index/share/ament_index/resource_index/package_run_dependencies
[5.509s] -- Up-to-date: /home/tamir/manipulator_project/install/manipulator_project/share/manipulator_project//config/build/robot_moveit_config/ament_cmake_index/share/ament_index/resource_index/package_run_dependencies/robot_moveit_config
[5.509s] -- Up-to-date: /home/tamir/manipulator_project/install/manipulator_project/share/manipulator_project//config/build/robot_moveit_config/ament_cmake_index/share/ament_index/resource_index/packages
[5.510s] -- Up-to-date: /home/tamir/manipulator_project/install/manipulator_project/share/manipulator_project//config/build/robot_moveit_config/ament_cmake_index/share/ament_index/resource_index/packages/robot_moveit_config
[5.510s] -- Up-to-date: /home/tamir/manipulator_project/install/manipulator_project/share/manipulator_project//config/build/robot_moveit_config/ament_cmake_index/share/ament_index/resource_index/parent_prefix_path
[5.510s] -- Up-to-date: /home/tamir/manipulator_project/install/manipulator_project/share/manipulator_project//config/build/robot_moveit_config/ament_cmake_index/share/ament_index/resource_index/parent_prefix_path/robot_moveit_config
[5.510s] -- Installing: /home/tamir/manipulator_project/install/manipulator_project/share/manipulator_project//config/build/robot_moveit_config/colcon_command_prefix_build.sh
[5.510s] -- Up-to-date: /home/tamir/manipulator_project/install/manipulator_project/share/manipulator_project//config/build/robot_moveit_config/ament_cmake_uninstall_target
[5.510s] -- Up-to-date: /home/tamir/manipulator_project/install/manipulator_project/share/manipulator_project//config/build/robot_moveit_config/ament_cmake_uninstall_target/ament_cmake_uninstall_target.cmake
[5.510s] -- Installing: /home/tamir/manipulator_project/install/manipulator_project/share/manipulator_project//config/build/robot_moveit_config/cmake_args.last
[5.511s] -- Installing: /home/tamir/manipulator_project/install/manipulator_project/share/manipulator_project//config/build/robot_moveit_config/colcon_command_prefix_build.sh.env
[5.511s] -- Up-to-date: /home/tamir/manipulator_project/install/manipulator_project/share/manipulator_project//config/build/robot_moveit_config/CTestTestfile.cmake
[5.511s] -- Up-to-date: /home/tamir/manipulator_project/install/manipulator_project/share/manipulator_project//config/build/robot_moveit_config/ament_cmake_core
[5.511s] -- Up-to-date: /home/tamir/manipulator_project/install/manipulator_project/share/manipulator_project//config/build/robot_moveit_config/ament_cmake_core/package.cmake
[5.511s] -- Up-to-date: /home/tamir/manipulator_project/install/manipulator_project/share/manipulator_project//config/build/robot_moveit_config/ament_cmake_core/robot_moveit_configConfig-version.cmake
[5.511s] -- Up-to-date: /home/tamir/manipulator_project/install/manipulator_project/share/manipulator_project//config/build/robot_moveit_config/ament_cmake_core/robot_moveit_configConfig.cmake
[5.511s] -- Up-to-date: /home/tamir/manipulator_project/install/manipulator_project/share/manipulator_project//config/build/robot_moveit_config/ament_cmake_core/stamps
[5.511s] -- Up-to-date: /home/tamir/manipulator_project/install/manipulator_project/share/manipulator_project//config/build/robot_moveit_config/ament_cmake_core/stamps/package_xml_2_cmake.py.stamp
[5.511s] -- Up-to-date: /home/tamir/manipulator_project/install/manipulator_project/share/manipulator_project//config/build/robot_moveit_config/ament_cmake_core/stamps/nameConfig.cmake.in.stamp
[5.511s] -- Up-to-date: /home/tamir/manipulator_project/install/manipulator_project/share/manipulator_project//config/build/robot_moveit_config/ament_cmake_core/stamps/templates_2_cmake.py.stamp
[5.511s] -- Up-to-date: /home/tamir/manipulator_project/install/manipulator_project/share/manipulator_project//config/build/robot_moveit_config/ament_cmake_core/stamps/nameConfig-version.cmake.in.stamp
[5.511s] -- Up-to-date: /home/tamir/manipulator_project/install/manipulator_project/share/manipulator_project//config/build/robot_moveit_config/ament_cmake_core/stamps/package.xml.stamp
[5.511s] -- Up-to-date: /home/tamir/manipulator_project/install/manipulator_project/share/manipulator_project//config/build/robot_moveit_config/ament_cmake_core/stamps/path.sh.stamp
[5.511s] -- Up-to-date: /home/tamir/manipulator_project/install/manipulator_project/share/manipulator_project//config/build/robot_moveit_config/ament_cmake_core/stamps/ament_prefix_path.sh.stamp
[5.511s] -- Up-to-date: /home/tamir/manipulator_project/install/manipulator_project/share/manipulator_project//config/build/robot_moveit_config/CTestCustom.cmake
[5.512s] -- Installing: /home/tamir/manipulator_project/install/manipulator_project/share/manipulator_project//config/build/robot_moveit_config/colcon_build.rc
[5.512s] -- Up-to-date: /home/tamir/manipulator_project/install/manipulator_project/share/manipulator_project//config/build/robot_moveit_config/ament_cmake_package_templates
[5.512s] -- Up-to-date: /home/tamir/manipulator_project/install/manipulator_project/share/manipulator_project//config/build/robot_moveit_config/ament_cmake_package_templates/templates.cmake
[5.512s] -- Up-to-date: /home/tamir/manipulator_project/install/manipulator_project/share/manipulator_project//config/build/robot_moveit_config/ament_cmake_environment_hooks
[5.512s] -- Up-to-date: /home/tamir/manipulator_project/install/manipulator_project/share/manipulator_project//config/build/robot_moveit_config/ament_cmake_environment_hooks/local_setup.sh
[5.512s] -- Up-to-date: /home/tamir/manipulator_project/install/manipulator_project/share/manipulator_project//config/build/robot_moveit_config/ament_cmake_environment_hooks/ament_prefix_path.dsv
[5.512s] -- Up-to-date: /home/tamir/manipulator_project/install/manipulator_project/share/manipulator_project//config/build/robot_moveit_config/ament_cmake_environment_hooks/local_setup.zsh
[5.512s] -- Up-to-date: /home/tamir/manipulator_project/install/manipulator_project/share/manipulator_project//config/build/robot_moveit_config/ament_cmake_environment_hooks/local_setup.dsv
[5.512s] -- Up-to-date: /home/tamir/manipulator_project/install/manipulator_project/share/manipulator_project//config/build/robot_moveit_config/ament_cmake_environment_hooks/path.dsv
[5.512s] -- Up-to-date: /home/tamir/manipulator_project/install/manipulator_project/share/manipulator_project//config/build/robot_moveit_config/ament_cmake_environment_hooks/local_setup.bash
[5.512s] -- Up-to-date: /home/tamir/manipulator_project/install/manipulator_project/share/manipulator_project//config/build/robot_moveit_config/ament_cmake_environment_hooks/package.dsv
[5.512s] -- Up-to-date: /home/tamir/manipulator_project/install/manipulator_project/share/manipulator_project//config/build/robot_moveit_config/CMakeFiles
[5.512s] -- Up-to-date: /home/tamir/manipulator_project/install/manipulator_project/share/manipulator_project//config/build/robot_moveit_config/CMakeFiles/Makefile.cmake
[5.512s] -- Up-to-date: /home/tamir/manipulator_project/install/manipulator_project/share/manipulator_project//config/build/robot_moveit_config/CMakeFiles/CMakeOutput.log
[5.512s] -- Up-to-date: /home/tamir/manipulator_project/install/manipulator_project/share/manipulator_project//config/build/robot_moveit_config/CMakeFiles/robot_moveit_config_uninstall.dir
[5.512s] -- Up-to-date: /home/tamir/manipulator_project/install/manipulator_project/share/manipulator_project//config/build/robot_moveit_config/CMakeFiles/robot_moveit_config_uninstall.dir/build.make
[5.512s] -- Up-to-date: /home/tamir/manipulator_project/install/manipulator_project/share/manipulator_project//config/build/robot_moveit_config/CMakeFiles/robot_moveit_config_uninstall.dir/compiler_depend.make
[5.512s] -- Up-to-date: /home/tamir/manipulator_project/install/manipulator_project/share/manipulator_project//config/build/robot_moveit_config/CMakeFiles/robot_moveit_config_uninstall.dir/progress.make
[5.512s] -- Up-to-date: /home/tamir/manipulator_project/install/manipulator_project/share/manipulator_project//config/build/robot_moveit_config/CMakeFiles/robot_moveit_config_uninstall.dir/compiler_depend.ts
[5.512s] -- Up-to-date: /home/tamir/manipulator_project/install/manipulator_project/share/manipulator_project//config/build/robot_moveit_config/CMakeFiles/robot_moveit_config_uninstall.dir/cmake_clean.cmake
[5.512s] -- Up-to-date: /home/tamir/manipulator_project/install/manipulator_project/share/manipulator_project//config/build/robot_moveit_config/CMakeFiles/robot_moveit_config_uninstall.dir/DependInfo.cmake
[5.512s] -- Up-to-date: /home/tamir/manipulator_project/install/manipulator_project/share/manipulator_project//config/build/robot_moveit_config/CMakeFiles/CMakeDirectoryInformation.cmake
[5.512s] -- Up-to-date: /home/tamir/manipulator_project/install/manipulator_project/share/manipulator_project//config/build/robot_moveit_config/CMakeFiles/TargetDirectories.txt
[5.512s] -- Up-to-date: /home/tamir/manipulator_project/install/manipulator_project/share/manipulator_project//config/build/robot_moveit_config/CMakeFiles/progress.marks
[5.512s] -- Up-to-date: /home/tamir/manipulator_project/install/manipulator_project/share/manipulator_project//config/build/robot_moveit_config/CMakeFiles/CMakeTmp
[5.513s] -- Up-to-date: /home/tamir/manipulator_project/install/manipulator_project/share/manipulator_project//config/build/robot_moveit_config/CMakeFiles/Makefile2
[5.513s] -- Up-to-date: /home/tamir/manipulator_project/install/manipulator_project/share/manipulator_project//config/build/robot_moveit_config/CMakeFiles/uninstall.dir
[5.513s] -- Up-to-date: /home/tamir/manipulator_project/install/manipulator_project/share/manipulator_project//config/build/robot_moveit_config/CMakeFiles/uninstall.dir/build.make
[5.513s] -- Up-to-date: /home/tamir/manipulator_project/install/manipulator_project/share/manipulator_project//config/build/robot_moveit_config/CMakeFiles/uninstall.dir/compiler_depend.make
[5.513s] -- Up-to-date: /home/tamir/manipulator_project/install/manipulator_project/share/manipulator_project//config/build/robot_moveit_config/CMakeFiles/uninstall.dir/progress.make
[5.513s] -- Up-to-date: /home/tamir/manipulator_project/install/manipulator_project/share/manipulator_project//config/build/robot_moveit_config/CMakeFiles/uninstall.dir/compiler_depend.ts
[5.513s] -- Up-to-date: /home/tamir/manipulator_project/install/manipulator_project/share/manipulator_project//config/build/robot_moveit_config/CMakeFiles/uninstall.dir/cmake_clean.cmake
[5.513s] -- Up-to-date: /home/tamir/manipulator_project/install/manipulator_project/share/manipulator_project//config/build/robot_moveit_config/CMakeFiles/uninstall.dir/DependInfo.cmake
[5.513s] -- Up-to-date: /home/tamir/manipulator_project/install/manipulator_project/share/manipulator_project//config/build/robot_moveit_config/CMakeFiles/3.22.1
[5.513s] -- Up-to-date: /home/tamir/manipulator_project/install/manipulator_project/share/manipulator_project//config/build/robot_moveit_config/CMakeFiles/3.22.1/CMakeDetermineCompilerABI_CXX.bin
[5.513s] -- Up-to-date: /home/tamir/manipulator_project/install/manipulator_project/share/manipulator_project//config/build/robot_moveit_config/CMakeFiles/3.22.1/CMakeSystem.cmake
[5.513s] -- Up-to-date: /home/tamir/manipulator_project/install/manipulator_project/share/manipulator_project//config/build/robot_moveit_config/CMakeFiles/3.22.1/CMakeDetermineCompilerABI_C.bin
[5.513s] -- Up-to-date: /home/tamir/manipulator_project/install/manipulator_project/share/manipulator_project//config/build/robot_moveit_config/CMakeFiles/3.22.1/CMakeCXXCompiler.cmake
[5.513s] -- Up-to-date: /home/tamir/manipulator_project/install/manipulator_project/share/manipulator_project//config/build/robot_moveit_config/CMakeFiles/3.22.1/CMakeCCompiler.cmake
[5.513s] -- Up-to-date: /home/tamir/manipulator_project/install/manipulator_project/share/manipulator_project//config/build/robot_moveit_config/CMakeFiles/3.22.1/CompilerIdCXX
[5.513s] -- Up-to-date: /home/tamir/manipulator_project/install/manipulator_project/share/manipulator_project//config/build/robot_moveit_config/CMakeFiles/3.22.1/CompilerIdCXX/tmp
[5.513s] -- Up-to-date: /home/tamir/manipulator_project/install/manipulator_project/share/manipulator_project//config/build/robot_moveit_config/CMakeFiles/3.22.1/CompilerIdCXX/a.out
[5.513s] -- Up-to-date: /home/tamir/manipulator_project/install/manipulator_project/share/manipulator_project//config/build/robot_moveit_config/CMakeFiles/3.22.1/CompilerIdCXX/CMakeCXXCompilerId.cpp
[5.513s] -- Up-to-date: /home/tamir/manipulator_project/install/manipulator_project/share/manipulator_project//config/build/robot_moveit_config/CMakeFiles/3.22.1/CompilerIdC
[5.513s] -- Up-to-date: /home/tamir/manipulator_project/install/manipulator_project/share/manipulator_project//config/build/robot_moveit_config/CMakeFiles/3.22.1/CompilerIdC/tmp
[5.513s] -- Up-to-date: /home/tamir/manipulator_project/install/manipulator_project/share/manipulator_project//config/build/robot_moveit_config/CMakeFiles/3.22.1/CompilerIdC/a.out
[5.513s] -- Up-to-date: /home/tamir/manipulator_project/install/manipulator_project/share/manipulator_project//config/build/robot_moveit_config/CMakeFiles/3.22.1/CompilerIdC/CMakeCCompilerId.c
[5.513s] -- Up-to-date: /home/tamir/manipulator_project/install/manipulator_project/share/manipulator_project//config/build/robot_moveit_config/CMakeFiles/cmake.check_cache
[5.513s] -- Up-to-date: /home/tamir/manipulator_project/install/manipulator_project/share/manipulator_project//config/build/robot_moveit_config/CMakeFiles/CMakeRuleHashes.txt
[5.513s] -- Up-to-date: /home/tamir/manipulator_project/install/manipulator_project/share/manipulator_project//config/build/robot_moveit_config/cmake_install.cmake
[5.513s] -- Up-to-date: /home/tamir/manipulator_project/install/manipulator_project/share/manipulator_project//config/build/robot_moveit_config/CMakeCache.txt
[5.513s] -- Installing: /home/tamir/manipulator_project/install/manipulator_project/share/manipulator_project//config/build/robot_moveit_config/install_manifest.txt
[5.513s] -- Up-to-date: /home/tamir/manipulator_project/install/manipulator_project/share/manipulator_project//config/build/robot_moveit_config/.cmake
[5.513s] -- Up-to-date: /home/tamir/manipulator_project/install/manipulator_project/share/manipulator_project//config/build/robot_moveit_config/.cmake/api
[5.513s] -- Up-to-date: /home/tamir/manipulator_project/install/manipulator_project/share/manipulator_project//config/build/robot_moveit_config/.cmake/api/v1
[5.513s] -- Up-to-date: /home/tamir/manipulator_project/install/manipulator_project/share/manipulator_project//config/build/robot_moveit_config/.cmake/api/v1/reply
[5.513s] -- Up-to-date: /home/tamir/manipulator_project/install/manipulator_project/share/manipulator_project//config/build/robot_moveit_config/.cmake/api/v1/reply/target-robot_moveit_config_uninstall-7eb40b38dc575ad11a88.json
[5.514s] -- Up-to-date: /home/tamir/manipulator_project/install/manipulator_project/share/manipulator_project//config/build/robot_moveit_config/.cmake/api/v1/reply/target-uninstall-897f2a0d27ff0c94a00e.json
[5.514s] -- Up-to-date: /home/tamir/manipulator_project/install/manipulator_project/share/manipulator_project//config/build/robot_moveit_config/.cmake/api/v1/reply/codemodel-v2-847cd24e50195569df5b.json
[5.514s] -- Up-to-date: /home/tamir/manipulator_project/install/manipulator_project/share/manipulator_project//config/build/robot_moveit_config/.cmake/api/v1/reply/directory-.-c286217f675b59b72911.json
[5.514s] -- Up-to-date: /home/tamir/manipulator_project/install/manipulator_project/share/manipulator_project//config/build/robot_moveit_config/.cmake/api/v1/reply/index-2025-01-24T22-04-20-0336.json
[5.514s] -- Up-to-date: /home/tamir/manipulator_project/install/manipulator_project/share/manipulator_project//config/build/robot_moveit_config/.cmake/api/v1/query
[5.514s] -- Up-to-date: /home/tamir/manipulator_project/install/manipulator_project/share/manipulator_project//config/build/robot_moveit_config/.cmake/api/v1/query/client-colcon-cmake
[5.514s] -- Up-to-date: /home/tamir/manipulator_project/install/manipulator_project/share/manipulator_project//config/build/robot_moveit_config/.cmake/api/v1/query/client-colcon-cmake/codemodel-v2
[5.514s] -- Up-to-date: /home/tamir/manipulator_project/install/manipulator_project/share/manipulator_project//config/build/robot_moveit_config/Makefile
[5.514s] -- Up-to-date: /home/tamir/manipulator_project/install/manipulator_project/share/manipulator_project//config/build/.built_by
[5.514s] -- Up-to-date: /home/tamir/manipulator_project/install/manipulator_project/share/manipulator_project//config/log
[5.514s] -- Up-to-date: /home/tamir/manipulator_project/install/manipulator_project/share/manipulator_project//config/log/build_2025-01-24_23-55-14
[5.514s] -- Up-to-date: /home/tamir/manipulator_project/install/manipulator_project/share/manipulator_project//config/log/build_2025-01-24_23-55-14/events.log
[5.514s] -- Up-to-date: /home/tamir/manipulator_project/install/manipulator_project/share/manipulator_project//config/log/build_2025-01-24_23-55-14/robot_moveit_config
[5.514s] -- Up-to-date: /home/tamir/manipulator_project/install/manipulator_project/share/manipulator_project//config/log/build_2025-01-24_23-55-14/robot_moveit_config/command.log
[5.515s] -- Up-to-date: /home/tamir/manipulator_project/install/manipulator_project/share/manipulator_project//config/log/build_2025-01-24_23-55-14/robot_moveit_config/stderr.log
[5.515s] -- Up-to-date: /home/tamir/manipulator_project/install/manipulator_project/share/manipulator_project//config/log/build_2025-01-24_23-55-14/robot_moveit_config/stdout_stderr.log
[5.515s] -- Up-to-date: /home/tamir/manipulator_project/install/manipulator_project/share/manipulator_project//config/log/build_2025-01-24_23-55-14/robot_moveit_config/streams.log
[5.515s] -- Up-to-date: /home/tamir/manipulator_project/install/manipulator_project/share/manipulator_project//config/log/build_2025-01-24_23-55-14/robot_moveit_config/stdout.log
[5.515s] -- Up-to-date: /home/tamir/manipulator_project/install/manipulator_project/share/manipulator_project//config/log/build_2025-01-24_23-55-14/logger_all.log
[5.515s] -- Installing: /home/tamir/manipulator_project/install/manipulator_project/share/manipulator_project//config/log/build_2025-01-25_00-09-51
[5.515s] -- Installing: /home/tamir/manipulator_project/install/manipulator_project/share/manipulator_project//config/log/build_2025-01-25_00-09-51/events.log
[5.515s] -- Installing: /home/tamir/manipulator_project/install/manipulator_project/share/manipulator_project//config/log/build_2025-01-25_00-09-51/robot_moveit_config
[5.515s] -- Installing: /home/tamir/manipulator_project/install/manipulator_project/share/manipulator_project//config/log/build_2025-01-25_00-09-51/robot_moveit_config/command.log
[5.515s] -- Installing: /home/tamir/manipulator_project/install/manipulator_project/share/manipulator_project//config/log/build_2025-01-25_00-09-51/robot_moveit_config/stderr.log
[5.515s] -- Installing: /home/tamir/manipulator_project/install/manipulator_project/share/manipulator_project//config/log/build_2025-01-25_00-09-51/robot_moveit_config/stdout_stderr.log
[5.515s] -- Installing: /home/tamir/manipulator_project/install/manipulator_project/share/manipulator_project//config/log/build_2025-01-25_00-09-51/robot_moveit_config/streams.log
[5.515s] -- Installing: /home/tamir/manipulator_project/install/manipulator_project/share/manipulator_project//config/log/build_2025-01-25_00-09-51/robot_moveit_config/stdout.log
[5.515s] -- Installing: /home/tamir/manipulator_project/install/manipulator_project/share/manipulator_project//config/log/build_2025-01-25_00-09-51/logger_all.log
[5.515s] -- Up-to-date: /home/tamir/manipulator_project/install/manipulator_project/share/manipulator_project//config/log/build_2025-01-24_23-47-51
[5.515s] -- Up-to-date: /home/tamir/manipulator_project/install/manipulator_project/share/manipulator_project//config/log/build_2025-01-24_23-47-51/events.log
[5.515s] -- Up-to-date: /home/tamir/manipulator_project/install/manipulator_project/share/manipulator_project//config/log/build_2025-01-24_23-47-51/robot_moveit_config
[5.515s] -- Up-to-date: /home/tamir/manipulator_project/install/manipulator_project/share/manipulator_project//config/log/build_2025-01-24_23-47-51/robot_moveit_config/command.log
[5.515s] -- Up-to-date: /home/tamir/manipulator_project/install/manipulator_project/share/manipulator_project//config/log/build_2025-01-24_23-47-51/robot_moveit_config/stderr.log
[5.515s] -- Up-to-date: /home/tamir/manipulator_project/install/manipulator_project/share/manipulator_project//config/log/build_2025-01-24_23-47-51/robot_moveit_config/stdout_stderr.log
[5.515s] -- Up-to-date: /home/tamir/manipulator_project/install/manipulator_project/share/manipulator_project//config/log/build_2025-01-24_23-47-51/robot_moveit_config/streams.log
[5.515s] -- Up-to-date: /home/tamir/manipulator_project/install/manipulator_project/share/manipulator_project//config/log/build_2025-01-24_23-47-51/robot_moveit_config/stdout.log
[5.515s] -- Up-to-date: /home/tamir/manipulator_project/install/manipulator_project/share/manipulator_project//config/log/build_2025-01-24_23-47-51/logger_all.log
[5.516s] -- Up-to-date: /home/tamir/manipulator_project/install/manipulator_project/share/manipulator_project//config/log/build_2025-01-25_00-04-19
[5.516s] -- Up-to-date: /home/tamir/manipulator_project/install/manipulator_project/share/manipulator_project//config/log/build_2025-01-25_00-04-19/events.log
[5.516s] -- Up-to-date: /home/tamir/manipulator_project/install/manipulator_project/share/manipulator_project//config/log/build_2025-01-25_00-04-19/robot_moveit_config
[5.516s] -- Up-to-date: /home/tamir/manipulator_project/install/manipulator_project/share/manipulator_project//config/log/build_2025-01-25_00-04-19/robot_moveit_config/command.log
[5.516s] -- Up-to-date: /home/tamir/manipulator_project/install/manipulator_project/share/manipulator_project//config/log/build_2025-01-25_00-04-19/robot_moveit_config/stderr.log
[5.516s] -- Up-to-date: /home/tamir/manipulator_project/install/manipulator_project/share/manipulator_project//config/log/build_2025-01-25_00-04-19/robot_moveit_config/stdout_stderr.log
[5.516s] -- Up-to-date: /home/tamir/manipulator_project/install/manipulator_project/share/manipulator_project//config/log/build_2025-01-25_00-04-19/robot_moveit_config/streams.log
[5.516s] -- Up-to-date: /home/tamir/manipulator_project/install/manipulator_project/share/manipulator_project//config/log/build_2025-01-25_00-04-19/robot_moveit_config/stdout.log
[5.516s] -- Up-to-date: /home/tamir/manipulator_project/install/manipulator_project/share/manipulator_project//config/log/build_2025-01-25_00-04-19/logger_all.log
[5.516s] -- Installing: /home/tamir/manipulator_project/install/manipulator_project/share/manipulator_project//config/log/COLCON_IGNORE
[5.516s] -- Up-to-date: /home/tamir/manipulator_project/install/manipulator_project/share/manipulator_project//config/log/build_2025-01-25_00-05-01
[5.516s] -- Up-to-date: /home/tamir/manipulator_project/install/manipulator_project/share/manipulator_project//config/log/build_2025-01-25_00-05-01/events.log
[5.516s] -- Up-to-date: /home/tamir/manipulator_project/install/manipulator_project/share/manipulator_project//config/log/build_2025-01-25_00-05-01/robot_moveit_config
[5.516s] -- Up-to-date: /home/tamir/manipulator_project/install/manipulator_project/share/manipulator_project//config/log/build_2025-01-25_00-05-01/robot_moveit_config/command.log
[5.516s] -- Up-to-date: /home/tamir/manipulator_project/install/manipulator_project/share/manipulator_project//config/log/build_2025-01-25_00-05-01/robot_moveit_config/stderr.log
[5.516s] -- Up-to-date: /home/tamir/manipulator_project/install/manipulator_project/share/manipulator_project//config/log/build_2025-01-25_00-05-01/robot_moveit_config/stdout_stderr.log
[5.516s] -- Up-to-date: /home/tamir/manipulator_project/install/manipulator_project/share/manipulator_project//config/log/build_2025-01-25_00-05-01/robot_moveit_config/streams.log
[5.516s] -- Up-to-date: /home/tamir/manipulator_project/install/manipulator_project/share/manipulator_project//config/log/build_2025-01-25_00-05-01/robot_moveit_config/stdout.log
[5.516s] -- Up-to-date: /home/tamir/manipulator_project/install/manipulator_project/share/manipulator_project//config/log/build_2025-01-25_00-05-01/logger_all.log
[5.516s] -- Up-to-date: /home/tamir/manipulator_project/install/manipulator_project/share/manipulator_project//config/log/build_2025-01-24_23-57-32
[5.516s] -- Up-to-date: /home/tamir/manipulator_project/install/manipulator_project/share/manipulator_project//config/log/build_2025-01-24_23-57-32/events.log
[5.516s] -- Up-to-date: /home/tamir/manipulator_project/install/manipulator_project/share/manipulator_project//config/log/build_2025-01-24_23-57-32/robot_moveit_config
[5.516s] -- Up-to-date: /home/tamir/manipulator_project/install/manipulator_project/share/manipulator_project//config/log/build_2025-01-24_23-57-32/robot_moveit_config/command.log
[5.516s] -- Up-to-date: /home/tamir/manipulator_project/install/manipulator_project/share/manipulator_project//config/log/build_2025-01-24_23-57-32/robot_moveit_config/stderr.log
[5.516s] -- Up-to-date: /home/tamir/manipulator_project/install/manipulator_project/share/manipulator_project//config/log/build_2025-01-24_23-57-32/robot_moveit_config/stdout_stderr.log
[5.516s] -- Up-to-date: /home/tamir/manipulator_project/install/manipulator_project/share/manipulator_project//config/log/build_2025-01-24_23-57-32/robot_moveit_config/streams.log
[5.516s] -- Up-to-date: /home/tamir/manipulator_project/install/manipulator_project/share/manipulator_project//config/log/build_2025-01-24_23-57-32/robot_moveit_config/stdout.log
[5.517s] -- Up-to-date: /home/tamir/manipulator_project/install/manipulator_project/share/manipulator_project//config/log/build_2025-01-24_23-57-32/logger_all.log
[5.517s] -- Installing: /home/tamir/manipulator_project/install/manipulator_project/share/manipulator_project//config/log/build_2025-01-25_00-15-36
[5.517s] -- Installing: /home/tamir/manipulator_project/install/manipulator_project/share/manipulator_project//config/log/build_2025-01-25_00-15-36/events.log
[5.517s] -- Installing: /home/tamir/manipulator_project/install/manipulator_project/share/manipulator_project//config/log/build_2025-01-25_00-15-36/robot_moveit_config
[5.517s] -- Installing: /home/tamir/manipulator_project/install/manipulator_project/share/manipulator_project//config/log/build_2025-01-25_00-15-36/robot_moveit_config/command.log
[5.517s] -- Installing: /home/tamir/manipulator_project/install/manipulator_project/share/manipulator_project//config/log/build_2025-01-25_00-15-36/robot_moveit_config/stderr.log
[5.517s] -- Installing: /home/tamir/manipulator_project/install/manipulator_project/share/manipulator_project//config/log/build_2025-01-25_00-15-36/robot_moveit_config/stdout_stderr.log
[5.517s] -- Installing: /home/tamir/manipulator_project/install/manipulator_project/share/manipulator_project//config/log/build_2025-01-25_00-15-36/robot_moveit_config/streams.log
[5.517s] -- Installing: /home/tamir/manipulator_project/install/manipulator_project/share/manipulator_project//config/log/build_2025-01-25_00-15-36/robot_moveit_config/stdout.log
[5.517s] -- Installing: /home/tamir/manipulator_project/install/manipulator_project/share/manipulator_project//config/log/build_2025-01-25_00-15-36/logger_all.log
[5.517s] -- Up-to-date: /home/tamir/manipulator_project/install/manipulator_project/share/manipulator_project//config/log/latest
[5.517s] -- Installing: /home/tamir/manipulator_project/install/manipulator_project/share/manipulator_project//config/log/latest_build
[5.517s] -- Up-to-date: /home/tamir/manipulator_project/install/manipulator_project/share/manipulator_project//config/install
[5.517s] -- Installing: /home/tamir/manipulator_project/install/manipulator_project/share/manipulator_project//config/install/setup.ps1
[5.517s] -- Installing: /home/tamir/manipulator_project/install/manipulator_project/share/manipulator_project//config/install/setup.zsh
[5.517s] -- Installing: /home/tamir/manipulator_project/install/manipulator_project/share/manipulator_project//config/install/local_setup.sh
[5.517s] -- Installing: /home/tamir/manipulator_project/install/manipulator_project/share/manipulator_project//config/install/_local_setup_util_ps1.py
[5.517s] -- Up-to-date: /home/tamir/manipulator_project/install/manipulator_project/share/manipulator_project//config/install/COLCON_IGNORE
[5.517s] -- Up-to-date: /home/tamir/manipulator_project/install/manipulator_project/share/manipulator_project//config/install/robot_moveit_config
[5.517s] -- Up-to-date: /home/tamir/manipulator_project/install/manipulator_project/share/manipulator_project//config/install/robot_moveit_config/share
[5.517s] -- Up-to-date: /home/tamir/manipulator_project/install/manipulator_project/share/manipulator_project//config/install/robot_moveit_config/share/robot_moveit_config
[5.517s] -- Installing: /home/tamir/manipulator_project/install/manipulator_project/share/manipulator_project//config/install/robot_moveit_config/share/robot_moveit_config/package.zsh
[5.517s] -- Up-to-date: /home/tamir/manipulator_project/install/manipulator_project/share/manipulator_project//config/install/robot_moveit_config/share/robot_moveit_config/package.xml
[5.518s] -- Up-to-date: /home/tamir/manipulator_project/install/manipulator_project/share/manipulator_project//config/install/robot_moveit_config/share/robot_moveit_config/local_setup.sh
[5.518s] -- Up-to-date: /home/tamir/manipulator_project/install/manipulator_project/share/manipulator_project//config/install/robot_moveit_config/share/robot_moveit_config/launch
[5.518s] -- Up-to-date: /home/tamir/manipulator_project/install/manipulator_project/share/manipulator_project//config/install/robot_moveit_config/share/robot_moveit_config/launch/__pycache__
[5.518s] -- Up-to-date: /home/tamir/manipulator_project/install/manipulator_project/share/manipulator_project//config/install/robot_moveit_config/share/robot_moveit_config/launch/__pycache__/move_group.launch.cpython-310.pyc
[5.518s] -- Up-to-date: /home/tamir/manipulator_project/install/manipulator_project/share/manipulator_project//config/install/robot_moveit_config/share/robot_moveit_config/launch/__pycache__/moveit_rviz.launch.cpython-310.pyc
[5.518s] -- Up-to-date: /home/tamir/manipulator_project/install/manipulator_project/share/manipulator_project//config/install/robot_moveit_config/share/robot_moveit_config/launch/__pycache__/spawn_controllers.launch.cpython-310.pyc
[5.518s] -- Up-to-date: /home/tamir/manipulator_project/install/manipulator_project/share/manipulator_project//config/install/robot_moveit_config/share/robot_moveit_config/launch/__pycache__/rsp.launch.cpython-310.pyc
[5.518s] -- Up-to-date: /home/tamir/manipulator_project/install/manipulator_project/share/manipulator_project//config/install/robot_moveit_config/share/robot_moveit_config/launch/__pycache__/static_virtual_joint_tfs.launch.cpython-310.pyc
[5.518s] -- Installing: /home/tamir/manipulator_project/install/manipulator_project/share/manipulator_project//config/install/robot_moveit_config/share/robot_moveit_config/launch/__pycache__/demo.launch.cpython-310.pyc
[5.518s] -- Up-to-date: /home/tamir/manipulator_project/install/manipulator_project/share/manipulator_project//config/install/robot_moveit_config/share/robot_moveit_config/launch/__pycache__/warehouse_db.launch.cpython-310.pyc
[5.518s] -- Up-to-date: /home/tamir/manipulator_project/install/manipulator_project/share/manipulator_project//config/install/robot_moveit_config/share/robot_moveit_config/launch/setup_assistant.launch.py
[5.518s] -- Up-to-date: /home/tamir/manipulator_project/install/manipulator_project/share/manipulator_project//config/install/robot_moveit_config/share/robot_moveit_config/launch/move_group.launch.py
[5.518s] -- Up-to-date: /home/tamir/manipulator_project/install/manipulator_project/share/manipulator_project//config/install/robot_moveit_config/share/robot_moveit_config/launch/moveit_rviz.launch.py
[5.518s] -- Up-to-date: /home/tamir/manipulator_project/install/manipulator_project/share/manipulator_project//config/install/robot_moveit_config/share/robot_moveit_config/launch/demo.launch.py
[5.518s] -- Up-to-date: /home/tamir/manipulator_project/install/manipulator_project/share/manipulator_project//config/install/robot_moveit_config/share/robot_moveit_config/launch/static_virtual_joint_tfs.launch.py
[5.518s] -- Up-to-date: /home/tamir/manipulator_project/install/manipulator_project/share/manipulator_project//config/install/robot_moveit_config/share/robot_moveit_config/launch/warehouse_db.launch.py
[5.518s] -- Up-to-date: /home/tamir/manipulator_project/install/manipulator_project/share/manipulator_project//config/install/robot_moveit_config/share/robot_moveit_config/launch/spawn_controllers.launch.py
[5.518s] -- Up-to-date: /home/tamir/manipulator_project/install/manipulator_project/share/manipulator_project//config/install/robot_moveit_config/share/robot_moveit_config/launch/rsp.launch.py
[5.519s] -- Up-to-date: /home/tamir/manipulator_project/install/manipulator_project/share/manipulator_project//config/install/robot_moveit_config/share/robot_moveit_config/environment
[5.519s] -- Up-to-date: /home/tamir/manipulator_project/install/manipulator_project/share/manipulator_project//config/install/robot_moveit_config/share/robot_moveit_config/environment/ament_prefix_path.sh
[5.519s] -- Up-to-date: /home/tamir/manipulator_project/install/manipulator_project/share/manipulator_project//config/install/robot_moveit_config/share/robot_moveit_config/environment/path.sh
[5.519s] -- Up-to-date: /home/tamir/manipulator_project/install/manipulator_project/share/manipulator_project//config/install/robot_moveit_config/share/robot_moveit_config/environment/ament_prefix_path.dsv
[5.519s] -- Up-to-date: /home/tamir/manipulator_project/install/manipulator_project/share/manipulator_project//config/install/robot_moveit_config/share/robot_moveit_config/environment/path.dsv
[5.519s] -- Up-to-date: /home/tamir/manipulator_project/install/manipulator_project/share/manipulator_project//config/install/robot_moveit_config/share/robot_moveit_config/cmake
[5.519s] -- Up-to-date: /home/tamir/manipulator_project/install/manipulator_project/share/manipulator_project//config/install/robot_moveit_config/share/robot_moveit_config/cmake/robot_moveit_configConfig-version.cmake
[5.519s] -- Up-to-date: /home/tamir/manipulator_project/install/manipulator_project/share/manipulator_project//config/install/robot_moveit_config/share/robot_moveit_config/cmake/robot_moveit_configConfig.cmake
[5.519s] -- Installing: /home/tamir/manipulator_project/install/manipulator_project/share/manipulator_project//config/install/robot_moveit_config/share/robot_moveit_config/package.ps1
[5.519s] -- Up-to-date: /home/tamir/manipulator_project/install/manipulator_project/share/manipulator_project//config/install/robot_moveit_config/share/robot_moveit_config/config
[5.519s] -- Up-to-date: /home/tamir/manipulator_project/install/manipulator_project/share/manipulator_project//config/install/robot_moveit_config/share/robot_moveit_config/config/moveit_controllers.yaml
[5.519s] -- Up-to-date: /home/tamir/manipulator_project/install/manipulator_project/share/manipulator_project//config/install/robot_moveit_config/share/robot_moveit_config/config/kinematics.yaml
[5.519s] -- Up-to-date: /home/tamir/manipulator_project/install/manipulator_project/share/manipulator_project//config/install/robot_moveit_config/share/robot_moveit_config/config/manipulator_robot.ros2_control.xacro
[5.519s] -- Up-to-date: /home/tamir/manipulator_project/install/manipulator_project/share/manipulator_project//config/install/robot_moveit_config/share/robot_moveit_config/config/ros2_controllers.yaml
[5.519s] -- Up-to-date: /home/tamir/manipulator_project/install/manipulator_project/share/manipulator_project//config/install/robot_moveit_config/share/robot_moveit_config/config/joint_limits.yaml
[5.519s] -- Up-to-date: /home/tamir/manipulator_project/install/manipulator_project/share/manipulator_project//config/install/robot_moveit_config/share/robot_moveit_config/config/moveit.rviz
[5.519s] -- Up-to-date: /home/tamir/manipulator_project/install/manipulator_project/share/manipulator_project//config/install/robot_moveit_config/share/robot_moveit_config/config/manipulator_robot.srdf
[5.519s] -- Up-to-date: /home/tamir/manipulator_project/install/manipulator_project/share/manipulator_project//config/install/robot_moveit_config/share/robot_moveit_config/config/sensors_3d.yaml
[5.520s] -- Up-to-date: /home/tamir/manipulator_project/install/manipulator_project/share/manipulator_project//config/install/robot_moveit_config/share/robot_moveit_config/config/manipulator_robot.urdf.xacro
[5.520s] -- Up-to-date: /home/tamir/manipulator_project/install/manipulator_project/share/manipulator_project//config/install/robot_moveit_config/share/robot_moveit_config/config/pilz_cartesian_limits.yaml
[5.520s] -- Up-to-date: /home/tamir/manipulator_project/install/manipulator_project/share/manipulator_project//config/install/robot_moveit_config/share/robot_moveit_config/config/initial_positions.yaml
[5.520s] -- Up-to-date: /home/tamir/manipulator_project/install/manipulator_project/share/manipulator_project//config/install/robot_moveit_config/share/robot_moveit_config/local_setup.zsh
[5.520s] -- Up-to-date: /home/tamir/manipulator_project/install/manipulator_project/share/manipulator_project//config/install/robot_moveit_config/share/robot_moveit_config/local_setup.dsv
[5.520s] -- Installing: /home/tamir/manipulator_project/install/manipulator_project/share/manipulator_project//config/install/robot_moveit_config/share/robot_moveit_config/package.sh
[5.520s] -- Up-to-date: /home/tamir/manipulator_project/install/manipulator_project/share/manipulator_project//config/install/robot_moveit_config/share/robot_moveit_config/hook
[5.520s] -- Installing: /home/tamir/manipulator_project/install/manipulator_project/share/manipulator_project//config/install/robot_moveit_config/share/robot_moveit_config/hook/cmake_prefix_path.dsv
[5.520s] -- Installing: /home/tamir/manipulator_project/install/manipulator_project/share/manipulator_project//config/install/robot_moveit_config/share/robot_moveit_config/hook/cmake_prefix_path.sh
[5.520s] -- Installing: /home/tamir/manipulator_project/install/manipulator_project/share/manipulator_project//config/install/robot_moveit_config/share/robot_moveit_config/hook/cmake_prefix_path.ps1
[5.520s] -- Up-to-date: /home/tamir/manipulator_project/install/manipulator_project/share/manipulator_project//config/install/robot_moveit_config/share/robot_moveit_config/local_setup.bash
[5.520s] -- Installing: /home/tamir/manipulator_project/install/manipulator_project/share/manipulator_project//config/install/robot_moveit_config/share/robot_moveit_config/package.dsv
[5.520s] -- Up-to-date: /home/tamir/manipulator_project/install/manipulator_project/share/manipulator_project//config/install/robot_moveit_config/share/robot_moveit_config/.setup_assistant
[5.520s] -- Installing: /home/tamir/manipulator_project/install/manipulator_project/share/manipulator_project//config/install/robot_moveit_config/share/robot_moveit_config/package.bash
[5.520s] -- Up-to-date: /home/tamir/manipulator_project/install/manipulator_project/share/manipulator_project//config/install/robot_moveit_config/share/colcon-core
[5.520s] -- Up-to-date: /home/tamir/manipulator_project/install/manipulator_project/share/manipulator_project//config/install/robot_moveit_config/share/colcon-core/packages
[5.520s] -- Installing: /home/tamir/manipulator_project/install/manipulator_project/share/manipulator_project//config/install/robot_moveit_config/share/colcon-core/packages/robot_moveit_config
[5.521s] -- Up-to-date: /home/tamir/manipulator_project/install/manipulator_project/share/manipulator_project//config/install/robot_moveit_config/share/ament_index
[5.521s] -- Up-to-date: /home/tamir/manipulator_project/install/manipulator_project/share/manipulator_project//config/install/robot_moveit_config/share/ament_index/resource_index
[5.521s] -- Up-to-date: /home/tamir/manipulator_project/install/manipulator_project/share/manipulator_project//config/install/robot_moveit_config/share/ament_index/resource_index/package_run_dependencies
[5.521s] -- Up-to-date: /home/tamir/manipulator_project/install/manipulator_project/share/manipulator_project//config/install/robot_moveit_config/share/ament_index/resource_index/package_run_dependencies/robot_moveit_config
[5.521s] -- Up-to-date: /home/tamir/manipulator_project/install/manipulator_project/share/manipulator_project//config/install/robot_moveit_config/share/ament_index/resource_index/packages
[5.521s] -- Up-to-date: /home/tamir/manipulator_project/install/manipulator_project/share/manipulator_project//config/install/robot_moveit_config/share/ament_index/resource_index/packages/robot_moveit_config
[5.521s] -- Up-to-date: /home/tamir/manipulator_project/install/manipulator_project/share/manipulator_project//config/install/robot_moveit_config/share/ament_index/resource_index/parent_prefix_path
[5.521s] -- Up-to-date: /home/tamir/manipulator_project/install/manipulator_project/share/manipulator_project//config/install/robot_moveit_config/share/ament_index/resource_index/parent_prefix_path/robot_moveit_config
[5.521s] -- Up-to-date: /home/tamir/manipulator_project/install/manipulator_project/share/manipulator_project//config/install/.colcon_install_layout
[5.521s] -- Installing: /home/tamir/manipulator_project/install/manipulator_project/share/manipulator_project//config/install/setup.sh
[5.521s] -- Installing: /home/tamir/manipulator_project/install/manipulator_project/share/manipulator_project//config/install/setup.bash
[5.521s] -- Installing: /home/tamir/manipulator_project/install/manipulator_project/share/manipulator_project//config/install/local_setup.zsh
[5.521s] -- Installing: /home/tamir/manipulator_project/install/manipulator_project/share/manipulator_project//config/install/local_setup.ps1
[5.521s] -- Installing: /home/tamir/manipulator_project/install/manipulator_project/share/manipulator_project//config/install/local_setup.bash
[5.521s] -- Installing: /home/tamir/manipulator_project/install/manipulator_project/share/manipulator_project//config/install/_local_setup_util_sh.py
[5.521s] -- Up-to-date: /home/tamir/manipulator_project/install/manipulator_project/share/manipulator_project//launch
[5.521s] -- Up-to-date: /home/tamir/manipulator_project/install/manipulator_project/share/manipulator_project//launch/simulation.launch.py
[5.521s] -- Up-to-date: /home/tamir/manipulator_project/install/manipulator_project/share/manipulator_project//launch/rviz_urdf_check.launch.py
[5.521s] -- Up-to-date: /home/tamir/manipulator_project/install/manipulator_project/share/manipulator_project//urdf
[5.522s] -- Up-to-date: /home/tamir/manipulator_project/install/manipulator_project/share/manipulator_project//urdf/manipulator_model.urdf.xacro
[5.523s] -- Up-to-date: /home/tamir/manipulator_project/install/manipulator_project/share/manipulator_project//urdf/build
[5.523s] -- Up-to-date: /home/tamir/manipulator_project/install/manipulator_project/share/manipulator_project//urdf/build/COLCON_IGNORE
[5.523s] -- Up-to-date: /home/tamir/manipulator_project/install/manipulator_project/share/manipulator_project//urdf/build/.built_by
[5.523s] -- Up-to-date: /home/tamir/manipulator_project/install/manipulator_project/share/manipulator_project//urdf/log
[5.523s] -- Up-to-date: /home/tamir/manipulator_project/install/manipulator_project/share/manipulator_project//urdf/log/COLCON_IGNORE
[5.523s] -- Up-to-date: /home/tamir/manipulator_project/install/manipulator_project/share/manipulator_project//urdf/log/latest
[5.524s] -- Up-to-date: /home/tamir/manipulator_project/install/manipulator_project/share/manipulator_project//urdf/log/latest_build
[5.524s] -- Up-to-date: /home/tamir/manipulator_project/install/manipulator_project/share/manipulator_project//urdf/log/build_2025-01-24_23-38-41
[5.524s] -- Up-to-date: /home/tamir/manipulator_project/install/manipulator_project/share/manipulator_project//urdf/log/build_2025-01-24_23-38-41/events.log
[5.524s] -- Up-to-date: /home/tamir/manipulator_project/install/manipulator_project/share/manipulator_project//urdf/log/build_2025-01-24_23-38-41/logger_all.log
[5.525s] -- Up-to-date: /home/tamir/manipulator_project/install/manipulator_project/share/manipulator_project//urdf/install
[5.525s] -- Up-to-date: /home/tamir/manipulator_project/install/manipulator_project/share/manipulator_project//urdf/install/setup.ps1
[5.525s] -- Up-to-date: /home/tamir/manipulator_project/install/manipulator_project/share/manipulator_project//urdf/install/setup.zsh
[5.525s] -- Up-to-date: /home/tamir/manipulator_project/install/manipulator_project/share/manipulator_project//urdf/install/local_setup.sh
[5.525s] -- Up-to-date: /home/tamir/manipulator_project/install/manipulator_project/share/manipulator_project//urdf/install/_local_setup_util_ps1.py
[5.525s] -- Up-to-date: /home/tamir/manipulator_project/install/manipulator_project/share/manipulator_project//urdf/install/COLCON_IGNORE
[5.525s] -- Up-to-date: /home/tamir/manipulator_project/install/manipulator_project/share/manipulator_project//urdf/install/.colcon_install_layout
[5.525s] -- Up-to-date: /home/tamir/manipulator_project/install/manipulator_project/share/manipulator_project//urdf/install/setup.sh
[5.525s] -- Up-to-date: /home/tamir/manipulator_project/install/manipulator_project/share/manipulator_project//urdf/install/setup.bash
[5.525s] -- Up-to-date: /home/tamir/manipulator_project/install/manipulator_project/share/manipulator_project//urdf/install/local_setup.zsh
[5.525s] -- Up-to-date: /home/tamir/manipulator_project/install/manipulator_project/share/manipulator_project//urdf/install/local_setup.ps1
[5.525s] -- Up-to-date: /home/tamir/manipulator_project/install/manipulator_project/share/manipulator_project//urdf/install/local_setup.bash
[5.525s] -- Up-to-date: /home/tamir/manipulator_project/install/manipulator_project/share/manipulator_project//urdf/install/_local_setup_util_sh.py
[5.525s] -- Up-to-date: /home/tamir/manipulator_project/install/manipulator_project/share/ament_index/resource_index/package_run_dependencies/manipulator_project
[5.525s] -- Up-to-date: /home/tamir/manipulator_project/install/manipulator_project/share/ament_index/resource_index/parent_prefix_path/manipulator_project
[5.525s] -- Up-to-date: /home/tamir/manipulator_project/install/manipulator_project/share/manipulator_project/environment/ament_prefix_path.sh
[5.525s] -- Up-to-date: /home/tamir/manipulator_project/install/manipulator_project/share/manipulator_project/environment/ament_prefix_path.dsv
[5.526s] -- Up-to-date: /home/tamir/manipulator_project/install/manipulator_project/share/manipulator_project/environment/path.sh
[5.526s] -- Up-to-date: /home/tamir/manipulator_project/install/manipulator_project/share/manipulator_project/environment/path.dsv
[5.526s] -- Up-to-date: /home/tamir/manipulator_project/install/manipulator_project/share/manipulator_project/local_setup.bash
[5.526s] -- Up-to-date: /home/tamir/manipulator_project/install/manipulator_project/share/manipulator_project/local_setup.sh
[5.526s] -- Up-to-date: /home/tamir/manipulator_project/install/manipulator_project/share/manipulator_project/local_setup.zsh
[5.526s] -- Up-to-date: /home/tamir/manipulator_project/install/manipulator_project/share/manipulator_project/local_setup.dsv
[5.526s] -- Installing: /home/tamir/manipulator_project/install/manipulator_project/share/manipulator_project/package.dsv
[5.526s] -- Up-to-date: /home/tamir/manipulator_project/install/manipulator_project/share/ament_index/resource_index/packages/manipulator_project
[5.526s] -- Up-to-date: /home/tamir/manipulator_project/install/manipulator_project/share/manipulator_project/cmake/manipulator_projectConfig.cmake
[5.527s] -- Up-to-date: /home/tamir/manipulator_project/install/manipulator_project/share/manipulator_project/cmake/manipulator_projectConfig-version.cmake
[5.527s] -- Up-to-date: /home/tamir/manipulator_project/install/manipulator_project/share/manipulator_project/package.xml
[5.527s] Invoked command in '/home/tamir/manipulator_project/build/manipulator_project' returned '0': CMAKE_PREFIX_PATH=${CMAKE_PREFIX_PATH}:/home/tamir/ros2_ws/install/turtle_spawner:/home/tamir/ros2_ws/install/turtle_controller:/home/tamir/ros2_ws/install/my_py_pkg:/home/tamir/autonomous_robot/autonomous_robot_control/install/control_hardware:/home/tamir/autonomous_robot/autonomous_robot_control/install/calc_odom:/home/tamir/ws_moveit2/install/moveit_configs_utils:/home/tamir/ws_moveit2/install/launch_param_builder:/home/tamir/autonomous_robot/install/calc_odom:/home/tamir/autonomous_robot/install/control_hardware:/home/tamir/autonomous_robot/autonomous_robot_control/src/control_hardware/install/control_hardware:/opt/ros/humble /usr/bin/cmake --install /home/tamir/manipulator_project/build/manipulator_project
