[0.015s] Invoking command in '/home/tamir/manipulator_project/build/manipulator_project': CMAKE_PREFIX_PATH=${CMAKE_PREFIX_PATH}:/home/tamir/ros2_ws/install/turtle_spawner:/home/tamir/ros2_ws/install/turtle_controller:/home/tamir/ros2_ws/install/my_py_pkg:/home/tamir/autonomous_robot/autonomous_robot_control/install/control_hardware:/home/tamir/autonomous_robot/autonomous_robot_control/install/calc_odom:/home/tamir/ws_moveit2/install/moveit_configs_utils:/home/tamir/ws_moveit2/install/launch_param_builder:/home/tamir/autonomous_robot/install/calc_odom:/home/tamir/autonomous_robot/install/control_hardware:/home/tamir/autonomous_robot/autonomous_robot_control/src/control_hardware/install/control_hardware:/opt/ros/humble /usr/bin/cmake --build /home/tamir/manipulator_project/build/manipulator_project -- -j12 -l12
[0.068s] [35m[1mConsolidate compiler generated dependencies of target move_group[0m
[0.090s] [ 50%] [32mBuilding CXX object CMakeFiles/move_group.dir/src/move_group.cpp.o[0m
[5.953s] [100%] [32m[1mLinking CXX executable move_group[0m
[6.297s] [100%] Built target move_group
[6.308s] Invoked command in '/home/tamir/manipulator_project/build/manipulator_project' returned '0': CMAKE_PREFIX_PATH=${CMAKE_PREFIX_PATH}:/home/tamir/ros2_ws/install/turtle_spawner:/home/tamir/ros2_ws/install/turtle_controller:/home/tamir/ros2_ws/install/my_py_pkg:/home/tamir/autonomous_robot/autonomous_robot_control/install/control_hardware:/home/tamir/autonomous_robot/autonomous_robot_control/install/calc_odom:/home/tamir/ws_moveit2/install/moveit_configs_utils:/home/tamir/ws_moveit2/install/launch_param_builder:/home/tamir/autonomous_robot/install/calc_odom:/home/tamir/autonomous_robot/install/control_hardware:/home/tamir/autonomous_robot/autonomous_robot_control/src/control_hardware/install/control_hardware:/opt/ros/humble /usr/bin/cmake --build /home/tamir/manipulator_project/build/manipulator_project -- -j12 -l12
[6.321s] Invoking command in '/home/tamir/manipulator_project/build/manipulator_project': CMAKE_PREFIX_PATH=${CMAKE_PREFIX_PATH}:/home/tamir/ros2_ws/install/turtle_spawner:/home/tamir/ros2_ws/install/turtle_controller:/home/tamir/ros2_ws/install/my_py_pkg:/home/tamir/autonomous_robot/autonomous_robot_control/install/control_hardware:/home/tamir/autonomous_robot/autonomous_robot_control/install/calc_odom:/home/tamir/ws_moveit2/install/moveit_configs_utils:/home/tamir/ws_moveit2/install/launch_param_builder:/home/tamir/autonomous_robot/install/calc_odom:/home/tamir/autonomous_robot/install/control_hardware:/home/tamir/autonomous_robot/autonomous_robot_control/src/control_hardware/install/control_hardware:/opt/ros/humble /usr/bin/cmake --install /home/tamir/manipulator_project/build/manipulator_project
[6.329s] -- Install configuration: ""
[6.329s] -- Execute custom install script
[6.330s] -- Up-to-date symlink: /home/tamir/manipulator_project/install/manipulator_project/lib/manipulator_project/move_group
[6.333s] [33mCMake Warning (dev) at ament_cmake_symlink_install/ament_cmake_symlink_install.cmake:62 (file):
[6.333s]   Policy CMP0009 is not set: FILE GLOB_RECURSE calls should not follow
[6.333s]   symlinks by default.  Run "cmake --help-policy CMP0009" for policy details.
[6.333s]   Use the cmake_policy command to set the policy and suppress this warning.
[6.333s] Call Stack (most recent call first):
[6.333s]   ament_cmake_symlink_install/ament_cmake_symlink_install.cmake:317 (ament_cmake_symlink_install_directory)
[6.333s]   cmake_install.cmake:46 (include)
[6.333s] This warning is for project developers.  Use -Wno-dev to suppress it.
[6.333s] [0m
[6.333s] -- Up-to-date symlink: /home/tamir/manipulator_project/install/manipulator_project/share/manipulator_project//config/build/.built_by
[6.333s] -- Up-to-date symlink: /home/tamir/manipulator_project/install/manipulator_project/share/manipulator_project//config/build/COLCON_IGNORE
[6.333s] -- Up-to-date symlink: /home/tamir/manipulator_project/install/manipulator_project/share/manipulator_project//config/build/moveit_robot_config/.cmake/api/v1/query/client-colcon-cmake/codemodel-v2
[6.334s] -- Up-to-date symlink: /home/tamir/manipulator_project/install/manipulator_project/share/manipulator_project//config/build/moveit_robot_config/.cmake/api/v1/reply/codemodel-v2-870ec90986b518efe5cb.json
[6.334s] -- Up-to-date symlink: /home/tamir/manipulator_project/install/manipulator_project/share/manipulator_project//config/build/moveit_robot_config/.cmake/api/v1/reply/directory-.-e2ea9b12327a68eeb404.json
[6.334s] -- Up-to-date symlink: /home/tamir/manipulator_project/install/manipulator_project/share/manipulator_project//config/build/moveit_robot_config/.cmake/api/v1/reply/index-2025-01-24T07-50-35-0055.json
[6.334s] -- Up-to-date symlink: /home/tamir/manipulator_project/install/manipulator_project/share/manipulator_project//config/build/moveit_robot_config/.cmake/api/v1/reply/target-moveit_robot_config_uninstall-b721e67dd9db5ecf9481.json
[6.334s] -- Up-to-date symlink: /home/tamir/manipulator_project/install/manipulator_project/share/manipulator_project//config/build/moveit_robot_config/.cmake/api/v1/reply/target-uninstall-c83a569c2a1bb3657037.json
[6.334s] -- Up-to-date symlink: /home/tamir/manipulator_project/install/manipulator_project/share/manipulator_project//config/build/moveit_robot_config/CMakeCache.txt
[6.334s] -- Up-to-date symlink: /home/tamir/manipulator_project/install/manipulator_project/share/manipulator_project//config/build/moveit_robot_config/CMakeFiles/3.22.1/CMakeCCompiler.cmake
[6.334s] -- Up-to-date symlink: /home/tamir/manipulator_project/install/manipulator_project/share/manipulator_project//config/build/moveit_robot_config/CMakeFiles/3.22.1/CMakeCXXCompiler.cmake
[6.334s] -- Up-to-date symlink: /home/tamir/manipulator_project/install/manipulator_project/share/manipulator_project//config/build/moveit_robot_config/CMakeFiles/3.22.1/CMakeDetermineCompilerABI_C.bin
[6.334s] -- Up-to-date symlink: /home/tamir/manipulator_project/install/manipulator_project/share/manipulator_project//config/build/moveit_robot_config/CMakeFiles/3.22.1/CMakeDetermineCompilerABI_CXX.bin
[6.334s] -- Up-to-date symlink: /home/tamir/manipulator_project/install/manipulator_project/share/manipulator_project//config/build/moveit_robot_config/CMakeFiles/3.22.1/CMakeSystem.cmake
[6.334s] -- Up-to-date symlink: /home/tamir/manipulator_project/install/manipulator_project/share/manipulator_project//config/build/moveit_robot_config/CMakeFiles/3.22.1/CompilerIdC/CMakeCCompilerId.c
[6.335s] -- Up-to-date symlink: /home/tamir/manipulator_project/install/manipulator_project/share/manipulator_project//config/build/moveit_robot_config/CMakeFiles/3.22.1/CompilerIdC/a.out
[6.335s] -- Up-to-date symlink: /home/tamir/manipulator_project/install/manipulator_project/share/manipulator_project//config/build/moveit_robot_config/CMakeFiles/3.22.1/CompilerIdCXX/CMakeCXXCompilerId.cpp
[6.335s] -- Up-to-date symlink: /home/tamir/manipulator_project/install/manipulator_project/share/manipulator_project//config/build/moveit_robot_config/CMakeFiles/3.22.1/CompilerIdCXX/a.out
[6.335s] -- Up-to-date symlink: /home/tamir/manipulator_project/install/manipulator_project/share/manipulator_project//config/build/moveit_robot_config/CMakeFiles/CMakeDirectoryInformation.cmake
[6.335s] -- Up-to-date symlink: /home/tamir/manipulator_project/install/manipulator_project/share/manipulator_project//config/build/moveit_robot_config/CMakeFiles/CMakeOutput.log
[6.335s] -- Up-to-date symlink: /home/tamir/manipulator_project/install/manipulator_project/share/manipulator_project//config/build/moveit_robot_config/CMakeFiles/CMakeRuleHashes.txt
[6.335s] -- Up-to-date symlink: /home/tamir/manipulator_project/install/manipulator_project/share/manipulator_project//config/build/moveit_robot_config/CMakeFiles/Makefile.cmake
[6.335s] -- Up-to-date symlink: /home/tamir/manipulator_project/install/manipulator_project/share/manipulator_project//config/build/moveit_robot_config/CMakeFiles/Makefile2
[6.335s] -- Up-to-date symlink: /home/tamir/manipulator_project/install/manipulator_project/share/manipulator_project//config/build/moveit_robot_config/CMakeFiles/TargetDirectories.txt
[6.335s] -- Up-to-date symlink: /home/tamir/manipulator_project/install/manipulator_project/share/manipulator_project//config/build/moveit_robot_config/CMakeFiles/cmake.check_cache
[6.336s] -- Up-to-date symlink: /home/tamir/manipulator_project/install/manipulator_project/share/manipulator_project//config/build/moveit_robot_config/CMakeFiles/moveit_robot_config_uninstall.dir/DependInfo.cmake
[6.336s] -- Up-to-date symlink: /home/tamir/manipulator_project/install/manipulator_project/share/manipulator_project//config/build/moveit_robot_config/CMakeFiles/moveit_robot_config_uninstall.dir/build.make
[6.336s] -- Up-to-date symlink: /home/tamir/manipulator_project/install/manipulator_project/share/manipulator_project//config/build/moveit_robot_config/CMakeFiles/moveit_robot_config_uninstall.dir/cmake_clean.cmake
[6.336s] -- Up-to-date symlink: /home/tamir/manipulator_project/install/manipulator_project/share/manipulator_project//config/build/moveit_robot_config/CMakeFiles/moveit_robot_config_uninstall.dir/compiler_depend.make
[6.336s] -- Up-to-date symlink: /home/tamir/manipulator_project/install/manipulator_project/share/manipulator_project//config/build/moveit_robot_config/CMakeFiles/moveit_robot_config_uninstall.dir/compiler_depend.ts
[6.336s] -- Up-to-date symlink: /home/tamir/manipulator_project/install/manipulator_project/share/manipulator_project//config/build/moveit_robot_config/CMakeFiles/moveit_robot_config_uninstall.dir/progress.make
[6.336s] -- Up-to-date symlink: /home/tamir/manipulator_project/install/manipulator_project/share/manipulator_project//config/build/moveit_robot_config/CMakeFiles/progress.marks
[6.336s] -- Up-to-date symlink: /home/tamir/manipulator_project/install/manipulator_project/share/manipulator_project//config/build/moveit_robot_config/CMakeFiles/uninstall.dir/DependInfo.cmake
[6.336s] -- Up-to-date symlink: /home/tamir/manipulator_project/install/manipulator_project/share/manipulator_project//config/build/moveit_robot_config/CMakeFiles/uninstall.dir/build.make
[6.337s] -- Up-to-date symlink: /home/tamir/manipulator_project/install/manipulator_project/share/manipulator_project//config/build/moveit_robot_config/CMakeFiles/uninstall.dir/cmake_clean.cmake
[6.337s] -- Up-to-date symlink: /home/tamir/manipulator_project/install/manipulator_project/share/manipulator_project//config/build/moveit_robot_config/CMakeFiles/uninstall.dir/compiler_depend.make
[6.337s] -- Up-to-date symlink: /home/tamir/manipulator_project/install/manipulator_project/share/manipulator_project//config/build/moveit_robot_config/CMakeFiles/uninstall.dir/compiler_depend.ts
[6.337s] -- Up-to-date symlink: /home/tamir/manipulator_project/install/manipulator_project/share/manipulator_project//config/build/moveit_robot_config/CMakeFiles/uninstall.dir/progress.make
[6.337s] -- Up-to-date symlink: /home/tamir/manipulator_project/install/manipulator_project/share/manipulator_project//config/build/moveit_robot_config/CTestConfiguration.ini
[6.337s] -- Up-to-date symlink: /home/tamir/manipulator_project/install/manipulator_project/share/manipulator_project//config/build/moveit_robot_config/CTestCustom.cmake
[6.337s] -- Up-to-date symlink: /home/tamir/manipulator_project/install/manipulator_project/share/manipulator_project//config/build/moveit_robot_config/CTestTestfile.cmake
[6.337s] -- Up-to-date symlink: /home/tamir/manipulator_project/install/manipulator_project/share/manipulator_project//config/build/moveit_robot_config/Makefile
[6.337s] -- Up-to-date symlink: /home/tamir/manipulator_project/install/manipulator_project/share/manipulator_project//config/build/moveit_robot_config/ament_cmake_core/moveit_robot_configConfig-version.cmake
[6.337s] -- Up-to-date symlink: /home/tamir/manipulator_project/install/manipulator_project/share/manipulator_project//config/build/moveit_robot_config/ament_cmake_core/moveit_robot_configConfig.cmake
[6.337s] -- Up-to-date symlink: /home/tamir/manipulator_project/install/manipulator_project/share/manipulator_project//config/build/moveit_robot_config/ament_cmake_core/package.cmake
[6.338s] -- Up-to-date symlink: /home/tamir/manipulator_project/install/manipulator_project/share/manipulator_project//config/build/moveit_robot_config/ament_cmake_core/stamps/ament_prefix_path.sh.stamp
[6.338s] -- Up-to-date symlink: /home/tamir/manipulator_project/install/manipulator_project/share/manipulator_project//config/build/moveit_robot_config/ament_cmake_core/stamps/nameConfig-version.cmake.in.stamp
[6.338s] -- Up-to-date symlink: /home/tamir/manipulator_project/install/manipulator_project/share/manipulator_project//config/build/moveit_robot_config/ament_cmake_core/stamps/nameConfig.cmake.in.stamp
[6.338s] -- Up-to-date symlink: /home/tamir/manipulator_project/install/manipulator_project/share/manipulator_project//config/build/moveit_robot_config/ament_cmake_core/stamps/package.xml.stamp
[6.338s] -- Up-to-date symlink: /home/tamir/manipulator_project/install/manipulator_project/share/manipulator_project//config/build/moveit_robot_config/ament_cmake_core/stamps/package_xml_2_cmake.py.stamp
[6.338s] -- Up-to-date symlink: /home/tamir/manipulator_project/install/manipulator_project/share/manipulator_project//config/build/moveit_robot_config/ament_cmake_core/stamps/path.sh.stamp
[6.338s] -- Up-to-date symlink: /home/tamir/manipulator_project/install/manipulator_project/share/manipulator_project//config/build/moveit_robot_config/ament_cmake_core/stamps/templates_2_cmake.py.stamp
[6.338s] -- Up-to-date symlink: /home/tamir/manipulator_project/install/manipulator_project/share/manipulator_project//config/build/moveit_robot_config/ament_cmake_environment_hooks/ament_prefix_path.dsv
[6.338s] -- Up-to-date symlink: /home/tamir/manipulator_project/install/manipulator_project/share/manipulator_project//config/build/moveit_robot_config/ament_cmake_environment_hooks/local_setup.bash
[6.338s] -- Up-to-date symlink: /home/tamir/manipulator_project/install/manipulator_project/share/manipulator_project//config/build/moveit_robot_config/ament_cmake_environment_hooks/local_setup.dsv
[6.338s] -- Up-to-date symlink: /home/tamir/manipulator_project/install/manipulator_project/share/manipulator_project//config/build/moveit_robot_config/ament_cmake_environment_hooks/local_setup.sh
[6.338s] -- Up-to-date symlink: /home/tamir/manipulator_project/install/manipulator_project/share/manipulator_project//config/build/moveit_robot_config/ament_cmake_environment_hooks/local_setup.zsh
[6.339s] -- Up-to-date symlink: /home/tamir/manipulator_project/install/manipulator_project/share/manipulator_project//config/build/moveit_robot_config/ament_cmake_environment_hooks/package.dsv
[6.339s] -- Up-to-date symlink: /home/tamir/manipulator_project/install/manipulator_project/share/manipulator_project//config/build/moveit_robot_config/ament_cmake_environment_hooks/path.dsv
[6.339s] -- Up-to-date symlink: /home/tamir/manipulator_project/install/manipulator_project/share/manipulator_project//config/build/moveit_robot_config/ament_cmake_index/share/ament_index/resource_index/package_run_dependencies/moveit_robot_config
[6.339s] -- Up-to-date symlink: /home/tamir/manipulator_project/install/manipulator_project/share/manipulator_project//config/build/moveit_robot_config/ament_cmake_index/share/ament_index/resource_index/packages/moveit_robot_config
[6.339s] -- Up-to-date symlink: /home/tamir/manipulator_project/install/manipulator_project/share/manipulator_project//config/build/moveit_robot_config/ament_cmake_index/share/ament_index/resource_index/parent_prefix_path/moveit_robot_config
[6.339s] -- Up-to-date symlink: /home/tamir/manipulator_project/install/manipulator_project/share/manipulator_project//config/build/moveit_robot_config/ament_cmake_package_templates/templates.cmake
[6.339s] -- Up-to-date symlink: /home/tamir/manipulator_project/install/manipulator_project/share/manipulator_project//config/build/moveit_robot_config/ament_cmake_uninstall_target/ament_cmake_uninstall_target.cmake
[6.339s] -- Up-to-date symlink: /home/tamir/manipulator_project/install/manipulator_project/share/manipulator_project//config/build/moveit_robot_config/cmake_args.last
[6.339s] -- Up-to-date symlink: /home/tamir/manipulator_project/install/manipulator_project/share/manipulator_project//config/build/moveit_robot_config/cmake_install.cmake
[6.339s] -- Up-to-date symlink: /home/tamir/manipulator_project/install/manipulator_project/share/manipulator_project//config/build/moveit_robot_config/colcon_build.rc
[6.340s] -- Up-to-date symlink: /home/tamir/manipulator_project/install/manipulator_project/share/manipulator_project//config/build/moveit_robot_config/colcon_command_prefix_build.sh
[6.340s] -- Up-to-date symlink: /home/tamir/manipulator_project/install/manipulator_project/share/manipulator_project//config/build/moveit_robot_config/colcon_command_prefix_build.sh.env
[6.340s] -- Up-to-date symlink: /home/tamir/manipulator_project/install/manipulator_project/share/manipulator_project//config/build/moveit_robot_config/install_manifest.txt
[6.340s] -- Up-to-date symlink: /home/tamir/manipulator_project/install/manipulator_project/share/manipulator_project//config/install/.colcon_install_layout
[6.340s] -- Up-to-date symlink: /home/tamir/manipulator_project/install/manipulator_project/share/manipulator_project//config/install/COLCON_IGNORE
[6.340s] -- Up-to-date symlink: /home/tamir/manipulator_project/install/manipulator_project/share/manipulator_project//config/install/_local_setup_util_ps1.py
[6.340s] -- Up-to-date symlink: /home/tamir/manipulator_project/install/manipulator_project/share/manipulator_project//config/install/_local_setup_util_sh.py
[6.340s] -- Up-to-date symlink: /home/tamir/manipulator_project/install/manipulator_project/share/manipulator_project//config/install/local_setup.bash
[6.340s] -- Up-to-date symlink: /home/tamir/manipulator_project/install/manipulator_project/share/manipulator_project//config/install/local_setup.ps1
[6.340s] -- Up-to-date symlink: /home/tamir/manipulator_project/install/manipulator_project/share/manipulator_project//config/install/local_setup.sh
[6.341s] -- Up-to-date symlink: /home/tamir/manipulator_project/install/manipulator_project/share/manipulator_project//config/install/local_setup.zsh
[6.341s] -- Up-to-date symlink: /home/tamir/manipulator_project/install/manipulator_project/share/manipulator_project//config/install/moveit_robot_config/share/ament_index/resource_index/package_run_dependencies/moveit_robot_config
[6.341s] -- Up-to-date symlink: /home/tamir/manipulator_project/install/manipulator_project/share/manipulator_project//config/install/moveit_robot_config/share/ament_index/resource_index/packages/moveit_robot_config
[6.341s] -- Up-to-date symlink: /home/tamir/manipulator_project/install/manipulator_project/share/manipulator_project//config/install/moveit_robot_config/share/ament_index/resource_index/parent_prefix_path/moveit_robot_config
[6.341s] -- Up-to-date symlink: /home/tamir/manipulator_project/install/manipulator_project/share/manipulator_project//config/install/moveit_robot_config/share/colcon-core/packages/moveit_robot_config
[6.341s] -- Up-to-date symlink: /home/tamir/manipulator_project/install/manipulator_project/share/manipulator_project//config/install/moveit_robot_config/share/moveit_robot_config/.setup_assistant
[6.341s] -- Up-to-date symlink: /home/tamir/manipulator_project/install/manipulator_project/share/manipulator_project//config/install/moveit_robot_config/share/moveit_robot_config/cmake/moveit_robot_configConfig-version.cmake
[6.341s] -- Up-to-date symlink: /home/tamir/manipulator_project/install/manipulator_project/share/manipulator_project//config/install/moveit_robot_config/share/moveit_robot_config/cmake/moveit_robot_configConfig.cmake
[6.341s] -- Up-to-date symlink: /home/tamir/manipulator_project/install/manipulator_project/share/manipulator_project//config/install/moveit_robot_config/share/moveit_robot_config/config/initial_positions.yaml
[6.341s] -- Up-to-date symlink: /home/tamir/manipulator_project/install/manipulator_project/share/manipulator_project//config/install/moveit_robot_config/share/moveit_robot_config/config/joint_limits.yaml
[6.341s] -- Up-to-date symlink: /home/tamir/manipulator_project/install/manipulator_project/share/manipulator_project//config/install/moveit_robot_config/share/moveit_robot_config/config/kinematics.yaml
[6.342s] -- Up-to-date symlink: /home/tamir/manipulator_project/install/manipulator_project/share/manipulator_project//config/install/moveit_robot_config/share/moveit_robot_config/config/manipulator_robot.ros2_control.xacro
[6.342s] -- Up-to-date symlink: /home/tamir/manipulator_project/install/manipulator_project/share/manipulator_project//config/install/moveit_robot_config/share/moveit_robot_config/config/manipulator_robot.srdf
[6.342s] -- Up-to-date symlink: /home/tamir/manipulator_project/install/manipulator_project/share/manipulator_project//config/install/moveit_robot_config/share/moveit_robot_config/config/manipulator_robot.urdf.xacro
[6.342s] -- Up-to-date symlink: /home/tamir/manipulator_project/install/manipulator_project/share/manipulator_project//config/install/moveit_robot_config/share/moveit_robot_config/config/moveit.rviz
[6.342s] -- Up-to-date symlink: /home/tamir/manipulator_project/install/manipulator_project/share/manipulator_project//config/install/moveit_robot_config/share/moveit_robot_config/config/moveit_controllers.yaml
[6.342s] -- Up-to-date symlink: /home/tamir/manipulator_project/install/manipulator_project/share/manipulator_project//config/install/moveit_robot_config/share/moveit_robot_config/config/pilz_cartesian_limits.yaml
[6.342s] -- Up-to-date symlink: /home/tamir/manipulator_project/install/manipulator_project/share/manipulator_project//config/install/moveit_robot_config/share/moveit_robot_config/config/ros2_controllers.yaml
[6.342s] -- Up-to-date symlink: /home/tamir/manipulator_project/install/manipulator_project/share/manipulator_project//config/install/moveit_robot_config/share/moveit_robot_config/environment/ament_prefix_path.dsv
[6.342s] -- Up-to-date symlink: /home/tamir/manipulator_project/install/manipulator_project/share/manipulator_project//config/install/moveit_robot_config/share/moveit_robot_config/environment/ament_prefix_path.sh
[6.342s] -- Up-to-date symlink: /home/tamir/manipulator_project/install/manipulator_project/share/manipulator_project//config/install/moveit_robot_config/share/moveit_robot_config/environment/path.dsv
[6.343s] -- Up-to-date symlink: /home/tamir/manipulator_project/install/manipulator_project/share/manipulator_project//config/install/moveit_robot_config/share/moveit_robot_config/environment/path.sh
[6.343s] -- Up-to-date symlink: /home/tamir/manipulator_project/install/manipulator_project/share/manipulator_project//config/install/moveit_robot_config/share/moveit_robot_config/hook/cmake_prefix_path.dsv
[6.343s] -- Up-to-date symlink: /home/tamir/manipulator_project/install/manipulator_project/share/manipulator_project//config/install/moveit_robot_config/share/moveit_robot_config/hook/cmake_prefix_path.ps1
[6.343s] -- Up-to-date symlink: /home/tamir/manipulator_project/install/manipulator_project/share/manipulator_project//config/install/moveit_robot_config/share/moveit_robot_config/hook/cmake_prefix_path.sh
[6.343s] -- Up-to-date symlink: /home/tamir/manipulator_project/install/manipulator_project/share/manipulator_project//config/install/moveit_robot_config/share/moveit_robot_config/launch/__pycache__/demo.launch.cpython-310.pyc
[6.343s] -- Up-to-date symlink: /home/tamir/manipulator_project/install/manipulator_project/share/manipulator_project//config/install/moveit_robot_config/share/moveit_robot_config/launch/__pycache__/move_group.launch.cpython-310.pyc
[6.343s] -- Up-to-date symlink: /home/tamir/manipulator_project/install/manipulator_project/share/manipulator_project//config/install/moveit_robot_config/share/moveit_robot_config/launch/__pycache__/moveit_rviz.launch.cpython-310.pyc
[6.343s] -- Up-to-date symlink: /home/tamir/manipulator_project/install/manipulator_project/share/manipulator_project//config/install/moveit_robot_config/share/moveit_robot_config/launch/__pycache__/rsp.launch.cpython-310.pyc
[6.343s] -- Up-to-date symlink: /home/tamir/manipulator_project/install/manipulator_project/share/manipulator_project//config/install/moveit_robot_config/share/moveit_robot_config/launch/__pycache__/spawn_controllers.launch.cpython-310.pyc
[6.344s] -- Up-to-date symlink: /home/tamir/manipulator_project/install/manipulator_project/share/manipulator_project//config/install/moveit_robot_config/share/moveit_robot_config/launch/__pycache__/static_virtual_joint_tfs.launch.cpython-310.pyc
[6.344s] -- Up-to-date symlink: /home/tamir/manipulator_project/install/manipulator_project/share/manipulator_project//config/install/moveit_robot_config/share/moveit_robot_config/launch/__pycache__/warehouse_db.launch.cpython-310.pyc
[6.344s] -- Up-to-date symlink: /home/tamir/manipulator_project/install/manipulator_project/share/manipulator_project//config/install/moveit_robot_config/share/moveit_robot_config/launch/build/.built_by
[6.344s] -- Up-to-date symlink: /home/tamir/manipulator_project/install/manipulator_project/share/manipulator_project//config/install/moveit_robot_config/share/moveit_robot_config/launch/build/COLCON_IGNORE
[6.344s] -- Up-to-date symlink: /home/tamir/manipulator_project/install/manipulator_project/share/manipulator_project//config/install/moveit_robot_config/share/moveit_robot_config/launch/demo.launch.py
[6.344s] -- Up-to-date symlink: /home/tamir/manipulator_project/install/manipulator_project/share/manipulator_project//config/install/moveit_robot_config/share/moveit_robot_config/launch/install/.colcon_install_layout
[6.344s] -- Up-to-date symlink: /home/tamir/manipulator_project/install/manipulator_project/share/manipulator_project//config/install/moveit_robot_config/share/moveit_robot_config/launch/install/COLCON_IGNORE
[6.344s] -- Up-to-date symlink: /home/tamir/manipulator_project/install/manipulator_project/share/manipulator_project//config/install/moveit_robot_config/share/moveit_robot_config/launch/install/_local_setup_util_ps1.py
[6.344s] -- Up-to-date symlink: /home/tamir/manipulator_project/install/manipulator_project/share/manipulator_project//config/install/moveit_robot_config/share/moveit_robot_config/launch/install/_local_setup_util_sh.py
[6.344s] -- Up-to-date symlink: /home/tamir/manipulator_project/install/manipulator_project/share/manipulator_project//config/install/moveit_robot_config/share/moveit_robot_config/launch/install/local_setup.bash
[6.344s] -- Up-to-date symlink: /home/tamir/manipulator_project/install/manipulator_project/share/manipulator_project//config/install/moveit_robot_config/share/moveit_robot_config/launch/install/local_setup.ps1
[6.344s] -- Up-to-date symlink: /home/tamir/manipulator_project/install/manipulator_project/share/manipulator_project//config/install/moveit_robot_config/share/moveit_robot_config/launch/install/local_setup.sh
[6.345s] -- Up-to-date symlink: /home/tamir/manipulator_project/install/manipulator_project/share/manipulator_project//config/install/moveit_robot_config/share/moveit_robot_config/launch/install/local_setup.zsh
[6.345s] -- Up-to-date symlink: /home/tamir/manipulator_project/install/manipulator_project/share/manipulator_project//config/install/moveit_robot_config/share/moveit_robot_config/launch/install/setup.bash
[6.345s] -- Up-to-date symlink: /home/tamir/manipulator_project/install/manipulator_project/share/manipulator_project//config/install/moveit_robot_config/share/moveit_robot_config/launch/install/setup.ps1
[6.345s] -- Up-to-date symlink: /home/tamir/manipulator_project/install/manipulator_project/share/manipulator_project//config/install/moveit_robot_config/share/moveit_robot_config/launch/install/setup.sh
[6.345s] -- Up-to-date symlink: /home/tamir/manipulator_project/install/manipulator_project/share/manipulator_project//config/install/moveit_robot_config/share/moveit_robot_config/launch/install/setup.zsh
[6.345s] -- Up-to-date symlink: /home/tamir/manipulator_project/install/manipulator_project/share/manipulator_project//config/install/moveit_robot_config/share/moveit_robot_config/launch/log/COLCON_IGNORE
[6.345s] -- Up-to-date symlink: /home/tamir/manipulator_project/install/manipulator_project/share/manipulator_project//config/install/moveit_robot_config/share/moveit_robot_config/launch/log/build_2025-01-22_15-48-35/events.log
[6.345s] -- Up-to-date symlink: /home/tamir/manipulator_project/install/manipulator_project/share/manipulator_project//config/install/moveit_robot_config/share/moveit_robot_config/launch/log/build_2025-01-22_15-48-35/logger_all.log
[6.345s] -- Up-to-date symlink: /home/tamir/manipulator_project/install/manipulator_project/share/manipulator_project//config/install/moveit_robot_config/share/moveit_robot_config/launch/log/build_2025-01-23_20-15-38/events.log
[6.345s] -- Up-to-date symlink: /home/tamir/manipulator_project/install/manipulator_project/share/manipulator_project//config/install/moveit_robot_config/share/moveit_robot_config/launch/log/build_2025-01-23_20-15-38/logger_all.log
[6.345s] -- Up-to-date symlink: /home/tamir/manipulator_project/install/manipulator_project/share/manipulator_project//config/install/moveit_robot_config/share/moveit_robot_config/launch/log/latest/events.log
[6.345s] -- Up-to-date symlink: /home/tamir/manipulator_project/install/manipulator_project/share/manipulator_project//config/install/moveit_robot_config/share/moveit_robot_config/launch/log/latest/logger_all.log
[6.346s] -- Up-to-date symlink: /home/tamir/manipulator_project/install/manipulator_project/share/manipulator_project//config/install/moveit_robot_config/share/moveit_robot_config/launch/log/latest_build/events.log
[6.346s] -- Up-to-date symlink: /home/tamir/manipulator_project/install/manipulator_project/share/manipulator_project//config/install/moveit_robot_config/share/moveit_robot_config/launch/log/latest_build/logger_all.log
[6.346s] -- Up-to-date symlink: /home/tamir/manipulator_project/install/manipulator_project/share/manipulator_project//config/install/moveit_robot_config/share/moveit_robot_config/launch/move_group.launch.py
[6.346s] -- Up-to-date symlink: /home/tamir/manipulator_project/install/manipulator_project/share/manipulator_project//config/install/moveit_robot_config/share/moveit_robot_config/launch/moveit_rviz.launch.py
[6.346s] -- Up-to-date symlink: /home/tamir/manipulator_project/install/manipulator_project/share/manipulator_project//config/install/moveit_robot_config/share/moveit_robot_config/launch/rsp.launch.py
[6.346s] -- Up-to-date symlink: /home/tamir/manipulator_project/install/manipulator_project/share/manipulator_project//config/install/moveit_robot_config/share/moveit_robot_config/launch/setup_assistant.launch.py
[6.346s] -- Up-to-date symlink: /home/tamir/manipulator_project/install/manipulator_project/share/manipulator_project//config/install/moveit_robot_config/share/moveit_robot_config/launch/spawn_controllers.launch.py
[6.346s] -- Up-to-date symlink: /home/tamir/manipulator_project/install/manipulator_project/share/manipulator_project//config/install/moveit_robot_config/share/moveit_robot_config/launch/static_virtual_joint_tfs.launch.py
[6.346s] -- Up-to-date symlink: /home/tamir/manipulator_project/install/manipulator_project/share/manipulator_project//config/install/moveit_robot_config/share/moveit_robot_config/launch/warehouse_db.launch.py
[6.346s] -- Up-to-date symlink: /home/tamir/manipulator_project/install/manipulator_project/share/manipulator_project//config/install/moveit_robot_config/share/moveit_robot_config/local_setup.bash
[6.346s] -- Up-to-date symlink: /home/tamir/manipulator_project/install/manipulator_project/share/manipulator_project//config/install/moveit_robot_config/share/moveit_robot_config/local_setup.dsv
[6.346s] -- Up-to-date symlink: /home/tamir/manipulator_project/install/manipulator_project/share/manipulator_project//config/install/moveit_robot_config/share/moveit_robot_config/local_setup.sh
[6.346s] -- Up-to-date symlink: /home/tamir/manipulator_project/install/manipulator_project/share/manipulator_project//config/install/moveit_robot_config/share/moveit_robot_config/local_setup.zsh
[6.346s] -- Up-to-date symlink: /home/tamir/manipulator_project/install/manipulator_project/share/manipulator_project//config/install/moveit_robot_config/share/moveit_robot_config/package.bash
[6.347s] -- Up-to-date symlink: /home/tamir/manipulator_project/install/manipulator_project/share/manipulator_project//config/install/moveit_robot_config/share/moveit_robot_config/package.dsv
[6.347s] -- Up-to-date symlink: /home/tamir/manipulator_project/install/manipulator_project/share/manipulator_project//config/install/moveit_robot_config/share/moveit_robot_config/package.ps1
[6.347s] -- Up-to-date symlink: /home/tamir/manipulator_project/install/manipulator_project/share/manipulator_project//config/install/moveit_robot_config/share/moveit_robot_config/package.sh
[6.347s] -- Up-to-date symlink: /home/tamir/manipulator_project/install/manipulator_project/share/manipulator_project//config/install/moveit_robot_config/share/moveit_robot_config/package.xml
[6.347s] -- Up-to-date symlink: /home/tamir/manipulator_project/install/manipulator_project/share/manipulator_project//config/install/moveit_robot_config/share/moveit_robot_config/package.zsh
[6.347s] -- Up-to-date symlink: /home/tamir/manipulator_project/install/manipulator_project/share/manipulator_project//config/install/setup.bash
[6.347s] -- Up-to-date symlink: /home/tamir/manipulator_project/install/manipulator_project/share/manipulator_project//config/install/setup.ps1
[6.347s] -- Up-to-date symlink: /home/tamir/manipulator_project/install/manipulator_project/share/manipulator_project//config/install/setup.sh
[6.347s] -- Up-to-date symlink: /home/tamir/manipulator_project/install/manipulator_project/share/manipulator_project//config/install/setup.zsh
[6.347s] -- Up-to-date symlink: /home/tamir/manipulator_project/install/manipulator_project/share/manipulator_project//config/log/COLCON_IGNORE
[6.347s] -- Up-to-date symlink: /home/tamir/manipulator_project/install/manipulator_project/share/manipulator_project//config/log/build_2025-01-22_13-07-04/events.log
[6.347s] -- Up-to-date symlink: /home/tamir/manipulator_project/install/manipulator_project/share/manipulator_project//config/log/build_2025-01-22_13-07-04/logger_all.log
[6.347s] -- Up-to-date symlink: /home/tamir/manipulator_project/install/manipulator_project/share/manipulator_project//config/log/build_2025-01-22_13-07-04/moveit_robot_config/command.log
[6.347s] -- Up-to-date symlink: /home/tamir/manipulator_project/install/manipulator_project/share/manipulator_project//config/log/build_2025-01-22_13-07-04/moveit_robot_config/stderr.log
[6.348s] -- Up-to-date symlink: /home/tamir/manipulator_project/install/manipulator_project/share/manipulator_project//config/log/build_2025-01-22_13-07-04/moveit_robot_config/stdout.log
[6.348s] -- Up-to-date symlink: /home/tamir/manipulator_project/install/manipulator_project/share/manipulator_project//config/log/build_2025-01-22_13-07-04/moveit_robot_config/stdout_stderr.log
[6.348s] -- Up-to-date symlink: /home/tamir/manipulator_project/install/manipulator_project/share/manipulator_project//config/log/build_2025-01-22_13-07-04/moveit_robot_config/streams.log
[6.348s] -- Up-to-date symlink: /home/tamir/manipulator_project/install/manipulator_project/share/manipulator_project//config/log/build_2025-01-23_18-14-55/events.log
[6.348s] -- Up-to-date symlink: /home/tamir/manipulator_project/install/manipulator_project/share/manipulator_project//config/log/build_2025-01-23_18-14-55/logger_all.log
[6.348s] -- Up-to-date symlink: /home/tamir/manipulator_project/install/manipulator_project/share/manipulator_project//config/log/build_2025-01-23_18-14-55/moveit_robot_config/command.log
[6.348s] -- Up-to-date symlink: /home/tamir/manipulator_project/install/manipulator_project/share/manipulator_project//config/log/build_2025-01-23_18-14-55/moveit_robot_config/stderr.log
[6.348s] -- Up-to-date symlink: /home/tamir/manipulator_project/install/manipulator_project/share/manipulator_project//config/log/build_2025-01-23_18-14-55/moveit_robot_config/stdout.log
[6.348s] -- Up-to-date symlink: /home/tamir/manipulator_project/install/manipulator_project/share/manipulator_project//config/log/build_2025-01-23_18-14-55/moveit_robot_config/stdout_stderr.log
[6.348s] -- Up-to-date symlink: /home/tamir/manipulator_project/install/manipulator_project/share/manipulator_project//config/log/build_2025-01-23_18-14-55/moveit_robot_config/streams.log
[6.348s] -- Up-to-date symlink: /home/tamir/manipulator_project/install/manipulator_project/share/manipulator_project//config/log/build_2025-01-23_20-15-51/events.log
[6.348s] -- Up-to-date symlink: /home/tamir/manipulator_project/install/manipulator_project/share/manipulator_project//config/log/build_2025-01-23_20-15-51/logger_all.log
[6.348s] -- Up-to-date symlink: /home/tamir/manipulator_project/install/manipulator_project/share/manipulator_project//config/log/build_2025-01-23_20-15-51/moveit_robot_config/command.log
[6.348s] -- Up-to-date symlink: /home/tamir/manipulator_project/install/manipulator_project/share/manipulator_project//config/log/build_2025-01-23_20-15-51/moveit_robot_config/stderr.log
[6.349s] -- Up-to-date symlink: /home/tamir/manipulator_project/install/manipulator_project/share/manipulator_project//config/log/build_2025-01-23_20-15-51/moveit_robot_config/stdout.log
[6.349s] -- Up-to-date symlink: /home/tamir/manipulator_project/install/manipulator_project/share/manipulator_project//config/log/build_2025-01-23_20-15-51/moveit_robot_config/stdout_stderr.log
[6.349s] -- Up-to-date symlink: /home/tamir/manipulator_project/install/manipulator_project/share/manipulator_project//config/log/build_2025-01-23_20-15-51/moveit_robot_config/streams.log
[6.349s] -- Symlinking: /home/tamir/manipulator_project/install/manipulator_project/share/manipulator_project//config/log/build_2025-01-23_20-21-44/events.log
[6.355s] -- Symlinking: /home/tamir/manipulator_project/install/manipulator_project/share/manipulator_project//config/log/build_2025-01-23_20-21-44/logger_all.log
[6.365s] -- Symlinking: /home/tamir/manipulator_project/install/manipulator_project/share/manipulator_project//config/log/build_2025-01-23_20-21-44/moveit_robot_config/command.log
[6.373s] -- Symlinking: /home/tamir/manipulator_project/install/manipulator_project/share/manipulator_project//config/log/build_2025-01-23_20-21-44/moveit_robot_config/stderr.log
[6.382s] -- Symlinking: /home/tamir/manipulator_project/install/manipulator_project/share/manipulator_project//config/log/build_2025-01-23_20-21-44/moveit_robot_config/stdout.log
[6.391s] -- Symlinking: /home/tamir/manipulator_project/install/manipulator_project/share/manipulator_project//config/log/build_2025-01-23_20-21-44/moveit_robot_config/stdout_stderr.log
[6.400s] -- Symlinking: /home/tamir/manipulator_project/install/manipulator_project/share/manipulator_project//config/log/build_2025-01-23_20-21-44/moveit_robot_config/streams.log
[6.412s] -- Up-to-date symlink: /home/tamir/manipulator_project/install/manipulator_project/share/manipulator_project//config/log/build_2025-01-24_09-50-34/events.log
[6.412s] -- Up-to-date symlink: /home/tamir/manipulator_project/install/manipulator_project/share/manipulator_project//config/log/build_2025-01-24_09-50-34/logger_all.log
[6.412s] -- Up-to-date symlink: /home/tamir/manipulator_project/install/manipulator_project/share/manipulator_project//config/log/build_2025-01-24_09-50-34/moveit_robot_config/command.log
[6.412s] -- Up-to-date symlink: /home/tamir/manipulator_project/install/manipulator_project/share/manipulator_project//config/log/build_2025-01-24_09-50-34/moveit_robot_config/stderr.log
[6.413s] -- Up-to-date symlink: /home/tamir/manipulator_project/install/manipulator_project/share/manipulator_project//config/log/build_2025-01-24_09-50-34/moveit_robot_config/stdout.log
[6.413s] -- Up-to-date symlink: /home/tamir/manipulator_project/install/manipulator_project/share/manipulator_project//config/log/build_2025-01-24_09-50-34/moveit_robot_config/stdout_stderr.log
[6.413s] -- Up-to-date symlink: /home/tamir/manipulator_project/install/manipulator_project/share/manipulator_project//config/log/build_2025-01-24_09-50-34/moveit_robot_config/streams.log
[6.413s] -- Up-to-date symlink: /home/tamir/manipulator_project/install/manipulator_project/share/manipulator_project//config/log/build_2025-01-24_09-51-54/events.log
[6.413s] -- Up-to-date symlink: /home/tamir/manipulator_project/install/manipulator_project/share/manipulator_project//config/log/build_2025-01-24_09-51-54/logger_all.log
[6.413s] -- Up-to-date symlink: /home/tamir/manipulator_project/install/manipulator_project/share/manipulator_project//config/log/build_2025-01-24_09-51-54/moveit_robot_config/command.log
[6.413s] -- Up-to-date symlink: /home/tamir/manipulator_project/install/manipulator_project/share/manipulator_project//config/log/build_2025-01-24_09-51-54/moveit_robot_config/stderr.log
[6.413s] -- Up-to-date symlink: /home/tamir/manipulator_project/install/manipulator_project/share/manipulator_project//config/log/build_2025-01-24_09-51-54/moveit_robot_config/stdout.log
[6.413s] -- Up-to-date symlink: /home/tamir/manipulator_project/install/manipulator_project/share/manipulator_project//config/log/build_2025-01-24_09-51-54/moveit_robot_config/stdout_stderr.log
[6.413s] -- Up-to-date symlink: /home/tamir/manipulator_project/install/manipulator_project/share/manipulator_project//config/log/build_2025-01-24_09-51-54/moveit_robot_config/streams.log
[6.413s] -- Up-to-date symlink: /home/tamir/manipulator_project/install/manipulator_project/share/manipulator_project//config/log/build_2025-01-24_09-56-24/events.log
[6.414s] -- Up-to-date symlink: /home/tamir/manipulator_project/install/manipulator_project/share/manipulator_project//config/log/build_2025-01-24_09-56-24/logger_all.log
[6.414s] -- Up-to-date symlink: /home/tamir/manipulator_project/install/manipulator_project/share/manipulator_project//config/log/build_2025-01-24_09-56-24/moveit_robot_config/command.log
[6.414s] -- Up-to-date symlink: /home/tamir/manipulator_project/install/manipulator_project/share/manipulator_project//config/log/build_2025-01-24_09-56-24/moveit_robot_config/stderr.log
[6.414s] -- Up-to-date symlink: /home/tamir/manipulator_project/install/manipulator_project/share/manipulator_project//config/log/build_2025-01-24_09-56-24/moveit_robot_config/stdout.log
[6.414s] -- Up-to-date symlink: /home/tamir/manipulator_project/install/manipulator_project/share/manipulator_project//config/log/build_2025-01-24_09-56-24/moveit_robot_config/stdout_stderr.log
[6.414s] -- Up-to-date symlink: /home/tamir/manipulator_project/install/manipulator_project/share/manipulator_project//config/log/build_2025-01-24_09-56-24/moveit_robot_config/streams.log
[6.414s] -- Up-to-date symlink: /home/tamir/manipulator_project/install/manipulator_project/share/manipulator_project//config/log/build_2025-01-24_10-03-30/events.log
[6.414s] -- Up-to-date symlink: /home/tamir/manipulator_project/install/manipulator_project/share/manipulator_project//config/log/build_2025-01-24_10-03-30/logger_all.log
[6.414s] -- Up-to-date symlink: /home/tamir/manipulator_project/install/manipulator_project/share/manipulator_project//config/log/build_2025-01-24_10-03-30/moveit_robot_config/command.log
[6.414s] -- Up-to-date symlink: /home/tamir/manipulator_project/install/manipulator_project/share/manipulator_project//config/log/build_2025-01-24_10-03-30/moveit_robot_config/stderr.log
[6.414s] -- Up-to-date symlink: /home/tamir/manipulator_project/install/manipulator_project/share/manipulator_project//config/log/build_2025-01-24_10-03-30/moveit_robot_config/stdout.log
[6.415s] -- Up-to-date symlink: /home/tamir/manipulator_project/install/manipulator_project/share/manipulator_project//config/log/build_2025-01-24_10-03-30/moveit_robot_config/stdout_stderr.log
[6.415s] -- Up-to-date symlink: /home/tamir/manipulator_project/install/manipulator_project/share/manipulator_project//config/log/build_2025-01-24_10-03-30/moveit_robot_config/streams.log
[6.415s] -- Symlinking: /home/tamir/manipulator_project/install/manipulator_project/share/manipulator_project//config/log/latest/events.log
[6.425s] -- Symlinking: /home/tamir/manipulator_project/install/manipulator_project/share/manipulator_project//config/log/latest/logger_all.log
[6.433s] -- Symlinking: /home/tamir/manipulator_project/install/manipulator_project/share/manipulator_project//config/log/latest/moveit_robot_config/command.log
[6.448s] -- Symlinking: /home/tamir/manipulator_project/install/manipulator_project/share/manipulator_project//config/log/latest/moveit_robot_config/stderr.log
[6.461s] -- Symlinking: /home/tamir/manipulator_project/install/manipulator_project/share/manipulator_project//config/log/latest/moveit_robot_config/stdout.log
[6.479s] -- Symlinking: /home/tamir/manipulator_project/install/manipulator_project/share/manipulator_project//config/log/latest/moveit_robot_config/stdout_stderr.log
[6.494s] -- Symlinking: /home/tamir/manipulator_project/install/manipulator_project/share/manipulator_project//config/log/latest/moveit_robot_config/streams.log
[6.511s] -- Up-to-date symlink: /home/tamir/manipulator_project/install/manipulator_project/share/manipulator_project//config/log/latest_build/events.log
[6.511s] -- Up-to-date symlink: /home/tamir/manipulator_project/install/manipulator_project/share/manipulator_project//config/log/latest_build/logger_all.log
[6.511s] -- Up-to-date symlink: /home/tamir/manipulator_project/install/manipulator_project/share/manipulator_project//config/log/latest_build/moveit_robot_config/command.log
[6.511s] -- Up-to-date symlink: /home/tamir/manipulator_project/install/manipulator_project/share/manipulator_project//config/log/latest_build/moveit_robot_config/stderr.log
[6.511s] -- Up-to-date symlink: /home/tamir/manipulator_project/install/manipulator_project/share/manipulator_project//config/log/latest_build/moveit_robot_config/stdout.log
[6.512s] -- Up-to-date symlink: /home/tamir/manipulator_project/install/manipulator_project/share/manipulator_project//config/log/latest_build/moveit_robot_config/stdout_stderr.log
[6.512s] -- Up-to-date symlink: /home/tamir/manipulator_project/install/manipulator_project/share/manipulator_project//config/log/latest_build/moveit_robot_config/streams.log
[6.512s] -- Up-to-date symlink: /home/tamir/manipulator_project/install/manipulator_project/share/manipulator_project//config/moveit_robot_config/.setup_assistant
[6.512s] -- Up-to-date symlink: /home/tamir/manipulator_project/install/manipulator_project/share/manipulator_project//config/moveit_robot_config/CMakeLists.txt
[6.512s] -- Up-to-date symlink: /home/tamir/manipulator_project/install/manipulator_project/share/manipulator_project//config/moveit_robot_config/build/.built_by
[6.513s] -- Up-to-date symlink: /home/tamir/manipulator_project/install/manipulator_project/share/manipulator_project//config/moveit_robot_config/build/COLCON_IGNORE
[6.513s] -- Up-to-date symlink: /home/tamir/manipulator_project/install/manipulator_project/share/manipulator_project//config/moveit_robot_config/build/moveit_robot_config/.cmake/api/v1/query/client-colcon-cmake/codemodel-v2
[6.513s] -- Up-to-date symlink: /home/tamir/manipulator_project/install/manipulator_project/share/manipulator_project//config/moveit_robot_config/build/moveit_robot_config/.cmake/api/v1/reply/codemodel-v2-bd4ebd743d0298c513d5.json
[6.513s] -- Up-to-date symlink: /home/tamir/manipulator_project/install/manipulator_project/share/manipulator_project//config/moveit_robot_config/build/moveit_robot_config/.cmake/api/v1/reply/directory-.-f8d22c1f97afd56bc7fa.json
[6.513s] -- Up-to-date symlink: /home/tamir/manipulator_project/install/manipulator_project/share/manipulator_project//config/moveit_robot_config/build/moveit_robot_config/.cmake/api/v1/reply/index-2025-01-24T08-03-46-0837.json
[6.514s] -- Up-to-date symlink: /home/tamir/manipulator_project/install/manipulator_project/share/manipulator_project//config/moveit_robot_config/build/moveit_robot_config/.cmake/api/v1/reply/target-moveit_robot_config_uninstall-734a376b3e9dacabe2d7.json
[6.514s] -- Up-to-date symlink: /home/tamir/manipulator_project/install/manipulator_project/share/manipulator_project//config/moveit_robot_config/build/moveit_robot_config/.cmake/api/v1/reply/target-uninstall-c83a569c2a1bb3657037.json
[6.514s] -- Up-to-date symlink: /home/tamir/manipulator_project/install/manipulator_project/share/manipulator_project//config/moveit_robot_config/build/moveit_robot_config/CMakeCache.txt
[6.514s] -- Up-to-date symlink: /home/tamir/manipulator_project/install/manipulator_project/share/manipulator_project//config/moveit_robot_config/build/moveit_robot_config/CMakeFiles/3.22.1/CMakeCCompiler.cmake
[6.514s] -- Up-to-date symlink: /home/tamir/manipulator_project/install/manipulator_project/share/manipulator_project//config/moveit_robot_config/build/moveit_robot_config/CMakeFiles/3.22.1/CMakeCXXCompiler.cmake
[6.515s] -- Up-to-date symlink: /home/tamir/manipulator_project/install/manipulator_project/share/manipulator_project//config/moveit_robot_config/build/moveit_robot_config/CMakeFiles/3.22.1/CMakeDetermineCompilerABI_C.bin
[6.515s] -- Up-to-date symlink: /home/tamir/manipulator_project/install/manipulator_project/share/manipulator_project//config/moveit_robot_config/build/moveit_robot_config/CMakeFiles/3.22.1/CMakeDetermineCompilerABI_CXX.bin
[6.515s] -- Up-to-date symlink: /home/tamir/manipulator_project/install/manipulator_project/share/manipulator_project//config/moveit_robot_config/build/moveit_robot_config/CMakeFiles/3.22.1/CMakeSystem.cmake
[6.515s] -- Up-to-date symlink: /home/tamir/manipulator_project/install/manipulator_project/share/manipulator_project//config/moveit_robot_config/build/moveit_robot_config/CMakeFiles/3.22.1/CompilerIdC/CMakeCCompilerId.c
[6.515s] -- Up-to-date symlink: /home/tamir/manipulator_project/install/manipulator_project/share/manipulator_project//config/moveit_robot_config/build/moveit_robot_config/CMakeFiles/3.22.1/CompilerIdC/a.out
[6.515s] -- Up-to-date symlink: /home/tamir/manipulator_project/install/manipulator_project/share/manipulator_project//config/moveit_robot_config/build/moveit_robot_config/CMakeFiles/3.22.1/CompilerIdCXX/CMakeCXXCompilerId.cpp
[6.515s] -- Up-to-date symlink: /home/tamir/manipulator_project/install/manipulator_project/share/manipulator_project//config/moveit_robot_config/build/moveit_robot_config/CMakeFiles/3.22.1/CompilerIdCXX/a.out
[6.516s] -- Up-to-date symlink: /home/tamir/manipulator_project/install/manipulator_project/share/manipulator_project//config/moveit_robot_config/build/moveit_robot_config/CMakeFiles/CMakeDirectoryInformation.cmake
[6.516s] -- Up-to-date symlink: /home/tamir/manipulator_project/install/manipulator_project/share/manipulator_project//config/moveit_robot_config/build/moveit_robot_config/CMakeFiles/CMakeOutput.log
[6.516s] -- Up-to-date symlink: /home/tamir/manipulator_project/install/manipulator_project/share/manipulator_project//config/moveit_robot_config/build/moveit_robot_config/CMakeFiles/CMakeRuleHashes.txt
[6.516s] -- Up-to-date symlink: /home/tamir/manipulator_project/install/manipulator_project/share/manipulator_project//config/moveit_robot_config/build/moveit_robot_config/CMakeFiles/Makefile.cmake
[6.516s] -- Up-to-date symlink: /home/tamir/manipulator_project/install/manipulator_project/share/manipulator_project//config/moveit_robot_config/build/moveit_robot_config/CMakeFiles/Makefile2
[6.516s] -- Up-to-date symlink: /home/tamir/manipulator_project/install/manipulator_project/share/manipulator_project//config/moveit_robot_config/build/moveit_robot_config/CMakeFiles/TargetDirectories.txt
[6.516s] -- Up-to-date symlink: /home/tamir/manipulator_project/install/manipulator_project/share/manipulator_project//config/moveit_robot_config/build/moveit_robot_config/CMakeFiles/cmake.check_cache
[6.516s] -- Up-to-date symlink: /home/tamir/manipulator_project/install/manipulator_project/share/manipulator_project//config/moveit_robot_config/build/moveit_robot_config/CMakeFiles/moveit_robot_config_uninstall.dir/DependInfo.cmake
[6.517s] -- Up-to-date symlink: /home/tamir/manipulator_project/install/manipulator_project/share/manipulator_project//config/moveit_robot_config/build/moveit_robot_config/CMakeFiles/moveit_robot_config_uninstall.dir/build.make
[6.517s] -- Up-to-date symlink: /home/tamir/manipulator_project/install/manipulator_project/share/manipulator_project//config/moveit_robot_config/build/moveit_robot_config/CMakeFiles/moveit_robot_config_uninstall.dir/cmake_clean.cmake
[6.517s] -- Up-to-date symlink: /home/tamir/manipulator_project/install/manipulator_project/share/manipulator_project//config/moveit_robot_config/build/moveit_robot_config/CMakeFiles/moveit_robot_config_uninstall.dir/compiler_depend.make
[6.517s] -- Up-to-date symlink: /home/tamir/manipulator_project/install/manipulator_project/share/manipulator_project//config/moveit_robot_config/build/moveit_robot_config/CMakeFiles/moveit_robot_config_uninstall.dir/compiler_depend.ts
[6.517s] -- Up-to-date symlink: /home/tamir/manipulator_project/install/manipulator_project/share/manipulator_project//config/moveit_robot_config/build/moveit_robot_config/CMakeFiles/moveit_robot_config_uninstall.dir/progress.make
[6.517s] -- Up-to-date symlink: /home/tamir/manipulator_project/install/manipulator_project/share/manipulator_project//config/moveit_robot_config/build/moveit_robot_config/CMakeFiles/progress.marks
[6.517s] -- Up-to-date symlink: /home/tamir/manipulator_project/install/manipulator_project/share/manipulator_project//config/moveit_robot_config/build/moveit_robot_config/CMakeFiles/uninstall.dir/DependInfo.cmake
[6.517s] -- Up-to-date symlink: /home/tamir/manipulator_project/install/manipulator_project/share/manipulator_project//config/moveit_robot_config/build/moveit_robot_config/CMakeFiles/uninstall.dir/build.make
[6.517s] -- Up-to-date symlink: /home/tamir/manipulator_project/install/manipulator_project/share/manipulator_project//config/moveit_robot_config/build/moveit_robot_config/CMakeFiles/uninstall.dir/cmake_clean.cmake
[6.517s] -- Up-to-date symlink: /home/tamir/manipulator_project/install/manipulator_project/share/manipulator_project//config/moveit_robot_config/build/moveit_robot_config/CMakeFiles/uninstall.dir/compiler_depend.make
[6.518s] -- Up-to-date symlink: /home/tamir/manipulator_project/install/manipulator_project/share/manipulator_project//config/moveit_robot_config/build/moveit_robot_config/CMakeFiles/uninstall.dir/compiler_depend.ts
[6.518s] -- Up-to-date symlink: /home/tamir/manipulator_project/install/manipulator_project/share/manipulator_project//config/moveit_robot_config/build/moveit_robot_config/CMakeFiles/uninstall.dir/progress.make
[6.518s] -- Up-to-date symlink: /home/tamir/manipulator_project/install/manipulator_project/share/manipulator_project//config/moveit_robot_config/build/moveit_robot_config/CTestConfiguration.ini
[6.518s] -- Up-to-date symlink: /home/tamir/manipulator_project/install/manipulator_project/share/manipulator_project//config/moveit_robot_config/build/moveit_robot_config/CTestCustom.cmake
[6.519s] -- Up-to-date symlink: /home/tamir/manipulator_project/install/manipulator_project/share/manipulator_project//config/moveit_robot_config/build/moveit_robot_config/CTestTestfile.cmake
[6.519s] -- Up-to-date symlink: /home/tamir/manipulator_project/install/manipulator_project/share/manipulator_project//config/moveit_robot_config/build/moveit_robot_config/Makefile
[6.519s] -- Up-to-date symlink: /home/tamir/manipulator_project/install/manipulator_project/share/manipulator_project//config/moveit_robot_config/build/moveit_robot_config/ament_cmake_core/moveit_robot_configConfig-version.cmake
[6.519s] -- Up-to-date symlink: /home/tamir/manipulator_project/install/manipulator_project/share/manipulator_project//config/moveit_robot_config/build/moveit_robot_config/ament_cmake_core/moveit_robot_configConfig.cmake
[6.519s] -- Up-to-date symlink: /home/tamir/manipulator_project/install/manipulator_project/share/manipulator_project//config/moveit_robot_config/build/moveit_robot_config/ament_cmake_core/package.cmake
[6.519s] -- Up-to-date symlink: /home/tamir/manipulator_project/install/manipulator_project/share/manipulator_project//config/moveit_robot_config/build/moveit_robot_config/ament_cmake_core/stamps/ament_prefix_path.sh.stamp
[6.519s] -- Up-to-date symlink: /home/tamir/manipulator_project/install/manipulator_project/share/manipulator_project//config/moveit_robot_config/build/moveit_robot_config/ament_cmake_core/stamps/nameConfig-version.cmake.in.stamp
[6.519s] -- Up-to-date symlink: /home/tamir/manipulator_project/install/manipulator_project/share/manipulator_project//config/moveit_robot_config/build/moveit_robot_config/ament_cmake_core/stamps/nameConfig.cmake.in.stamp
[6.519s] -- Up-to-date symlink: /home/tamir/manipulator_project/install/manipulator_project/share/manipulator_project//config/moveit_robot_config/build/moveit_robot_config/ament_cmake_core/stamps/package.xml.stamp
[6.519s] -- Up-to-date symlink: /home/tamir/manipulator_project/install/manipulator_project/share/manipulator_project//config/moveit_robot_config/build/moveit_robot_config/ament_cmake_core/stamps/package_xml_2_cmake.py.stamp
[6.520s] -- Up-to-date symlink: /home/tamir/manipulator_project/install/manipulator_project/share/manipulator_project//config/moveit_robot_config/build/moveit_robot_config/ament_cmake_core/stamps/path.sh.stamp
[6.520s] -- Up-to-date symlink: /home/tamir/manipulator_project/install/manipulator_project/share/manipulator_project//config/moveit_robot_config/build/moveit_robot_config/ament_cmake_core/stamps/templates_2_cmake.py.stamp
[6.520s] -- Up-to-date symlink: /home/tamir/manipulator_project/install/manipulator_project/share/manipulator_project//config/moveit_robot_config/build/moveit_robot_config/ament_cmake_environment_hooks/ament_prefix_path.dsv
[6.520s] -- Up-to-date symlink: /home/tamir/manipulator_project/install/manipulator_project/share/manipulator_project//config/moveit_robot_config/build/moveit_robot_config/ament_cmake_environment_hooks/local_setup.bash
[6.520s] -- Up-to-date symlink: /home/tamir/manipulator_project/install/manipulator_project/share/manipulator_project//config/moveit_robot_config/build/moveit_robot_config/ament_cmake_environment_hooks/local_setup.dsv
[6.520s] -- Up-to-date symlink: /home/tamir/manipulator_project/install/manipulator_project/share/manipulator_project//config/moveit_robot_config/build/moveit_robot_config/ament_cmake_environment_hooks/local_setup.sh
[6.520s] -- Up-to-date symlink: /home/tamir/manipulator_project/install/manipulator_project/share/manipulator_project//config/moveit_robot_config/build/moveit_robot_config/ament_cmake_environment_hooks/local_setup.zsh
[6.520s] -- Up-to-date symlink: /home/tamir/manipulator_project/install/manipulator_project/share/manipulator_project//config/moveit_robot_config/build/moveit_robot_config/ament_cmake_environment_hooks/package.dsv
[6.520s] -- Up-to-date symlink: /home/tamir/manipulator_project/install/manipulator_project/share/manipulator_project//config/moveit_robot_config/build/moveit_robot_config/ament_cmake_environment_hooks/path.dsv
[6.520s] -- Up-to-date symlink: /home/tamir/manipulator_project/install/manipulator_project/share/manipulator_project//config/moveit_robot_config/build/moveit_robot_config/ament_cmake_index/share/ament_index/resource_index/package_run_dependencies/moveit_robot_config
[6.520s] -- Up-to-date symlink: /home/tamir/manipulator_project/install/manipulator_project/share/manipulator_project//config/moveit_robot_config/build/moveit_robot_config/ament_cmake_index/share/ament_index/resource_index/packages/moveit_robot_config
[6.520s] -- Up-to-date symlink: /home/tamir/manipulator_project/install/manipulator_project/share/manipulator_project//config/moveit_robot_config/build/moveit_robot_config/ament_cmake_index/share/ament_index/resource_index/parent_prefix_path/moveit_robot_config
[6.520s] -- Up-to-date symlink: /home/tamir/manipulator_project/install/manipulator_project/share/manipulator_project//config/moveit_robot_config/build/moveit_robot_config/ament_cmake_package_templates/templates.cmake
[6.520s] -- Up-to-date symlink: /home/tamir/manipulator_project/install/manipulator_project/share/manipulator_project//config/moveit_robot_config/build/moveit_robot_config/ament_cmake_uninstall_target/ament_cmake_uninstall_target.cmake
[6.520s] -- Up-to-date symlink: /home/tamir/manipulator_project/install/manipulator_project/share/manipulator_project//config/moveit_robot_config/build/moveit_robot_config/cmake_args.last
[6.520s] -- Up-to-date symlink: /home/tamir/manipulator_project/install/manipulator_project/share/manipulator_project//config/moveit_robot_config/build/moveit_robot_config/cmake_install.cmake
[6.520s] -- Up-to-date symlink: /home/tamir/manipulator_project/install/manipulator_project/share/manipulator_project//config/moveit_robot_config/build/moveit_robot_config/colcon_build.rc
[6.520s] -- Up-to-date symlink: /home/tamir/manipulator_project/install/manipulator_project/share/manipulator_project//config/moveit_robot_config/build/moveit_robot_config/colcon_command_prefix_build.sh
[6.521s] -- Up-to-date symlink: /home/tamir/manipulator_project/install/manipulator_project/share/manipulator_project//config/moveit_robot_config/build/moveit_robot_config/colcon_command_prefix_build.sh.env
[6.521s] -- Up-to-date symlink: /home/tamir/manipulator_project/install/manipulator_project/share/manipulator_project//config/moveit_robot_config/build/moveit_robot_config/install_manifest.txt
[6.521s] -- Up-to-date symlink: /home/tamir/manipulator_project/install/manipulator_project/share/manipulator_project//config/moveit_robot_config/config/initial_positions.yaml
[6.521s] -- Up-to-date symlink: /home/tamir/manipulator_project/install/manipulator_project/share/manipulator_project//config/moveit_robot_config/config/joint_limits.yaml
[6.521s] -- Up-to-date symlink: /home/tamir/manipulator_project/install/manipulator_project/share/manipulator_project//config/moveit_robot_config/config/kinematics.yaml
[6.521s] -- Up-to-date symlink: /home/tamir/manipulator_project/install/manipulator_project/share/manipulator_project//config/moveit_robot_config/config/manipulator_robot.ros2_control.xacro
[6.521s] -- Up-to-date symlink: /home/tamir/manipulator_project/install/manipulator_project/share/manipulator_project//config/moveit_robot_config/config/manipulator_robot.srdf
[6.521s] -- Up-to-date symlink: /home/tamir/manipulator_project/install/manipulator_project/share/manipulator_project//config/moveit_robot_config/config/manipulator_robot.urdf.xacro
[6.521s] -- Up-to-date symlink: /home/tamir/manipulator_project/install/manipulator_project/share/manipulator_project//config/moveit_robot_config/config/moveit.rviz
[6.521s] -- Up-to-date symlink: /home/tamir/manipulator_project/install/manipulator_project/share/manipulator_project//config/moveit_robot_config/config/moveit_controllers.yaml
[6.521s] -- Up-to-date symlink: /home/tamir/manipulator_project/install/manipulator_project/share/manipulator_project//config/moveit_robot_config/config/pilz_cartesian_limits.yaml
[6.521s] -- Up-to-date symlink: /home/tamir/manipulator_project/install/manipulator_project/share/manipulator_project//config/moveit_robot_config/config/ros2_controllers.yaml
[6.521s] -- Up-to-date symlink: /home/tamir/manipulator_project/install/manipulator_project/share/manipulator_project//config/moveit_robot_config/install/.colcon_install_layout
[6.521s] -- Up-to-date symlink: /home/tamir/manipulator_project/install/manipulator_project/share/manipulator_project//config/moveit_robot_config/install/COLCON_IGNORE
[6.521s] -- Up-to-date symlink: /home/tamir/manipulator_project/install/manipulator_project/share/manipulator_project//config/moveit_robot_config/install/_local_setup_util_ps1.py
[6.521s] -- Up-to-date symlink: /home/tamir/manipulator_project/install/manipulator_project/share/manipulator_project//config/moveit_robot_config/install/_local_setup_util_sh.py
[6.521s] -- Up-to-date symlink: /home/tamir/manipulator_project/install/manipulator_project/share/manipulator_project//config/moveit_robot_config/install/local_setup.bash
[6.521s] -- Up-to-date symlink: /home/tamir/manipulator_project/install/manipulator_project/share/manipulator_project//config/moveit_robot_config/install/local_setup.ps1
[6.521s] -- Up-to-date symlink: /home/tamir/manipulator_project/install/manipulator_project/share/manipulator_project//config/moveit_robot_config/install/local_setup.sh
[6.521s] -- Up-to-date symlink: /home/tamir/manipulator_project/install/manipulator_project/share/manipulator_project//config/moveit_robot_config/install/local_setup.zsh
[6.522s] -- Up-to-date symlink: /home/tamir/manipulator_project/install/manipulator_project/share/manipulator_project//config/moveit_robot_config/install/moveit_robot_config/share/ament_index/resource_index/package_run_dependencies/moveit_robot_config
[6.522s] -- Up-to-date symlink: /home/tamir/manipulator_project/install/manipulator_project/share/manipulator_project//config/moveit_robot_config/install/moveit_robot_config/share/ament_index/resource_index/packages/moveit_robot_config
[6.522s] -- Up-to-date symlink: /home/tamir/manipulator_project/install/manipulator_project/share/manipulator_project//config/moveit_robot_config/install/moveit_robot_config/share/ament_index/resource_index/parent_prefix_path/moveit_robot_config
[6.522s] -- Up-to-date symlink: /home/tamir/manipulator_project/install/manipulator_project/share/manipulator_project//config/moveit_robot_config/install/moveit_robot_config/share/colcon-core/packages/moveit_robot_config
[6.522s] -- Up-to-date symlink: /home/tamir/manipulator_project/install/manipulator_project/share/manipulator_project//config/moveit_robot_config/install/moveit_robot_config/share/moveit_robot_config/.setup_assistant
[6.522s] -- Up-to-date symlink: /home/tamir/manipulator_project/install/manipulator_project/share/manipulator_project//config/moveit_robot_config/install/moveit_robot_config/share/moveit_robot_config/cmake/moveit_robot_configConfig-version.cmake
[6.522s] -- Up-to-date symlink: /home/tamir/manipulator_project/install/manipulator_project/share/manipulator_project//config/moveit_robot_config/install/moveit_robot_config/share/moveit_robot_config/cmake/moveit_robot_configConfig.cmake
[6.522s] -- Up-to-date symlink: /home/tamir/manipulator_project/install/manipulator_project/share/manipulator_project//config/moveit_robot_config/install/moveit_robot_config/share/moveit_robot_config/config/initial_positions.yaml
[6.522s] -- Up-to-date symlink: /home/tamir/manipulator_project/install/manipulator_project/share/manipulator_project//config/moveit_robot_config/install/moveit_robot_config/share/moveit_robot_config/config/joint_limits.yaml
[6.522s] -- Up-to-date symlink: /home/tamir/manipulator_project/install/manipulator_project/share/manipulator_project//config/moveit_robot_config/install/moveit_robot_config/share/moveit_robot_config/config/kinematics.yaml
[6.522s] -- Up-to-date symlink: /home/tamir/manipulator_project/install/manipulator_project/share/manipulator_project//config/moveit_robot_config/install/moveit_robot_config/share/moveit_robot_config/config/manipulator_robot.ros2_control.xacro
[6.522s] -- Up-to-date symlink: /home/tamir/manipulator_project/install/manipulator_project/share/manipulator_project//config/moveit_robot_config/install/moveit_robot_config/share/moveit_robot_config/config/manipulator_robot.srdf
[6.522s] -- Up-to-date symlink: /home/tamir/manipulator_project/install/manipulator_project/share/manipulator_project//config/moveit_robot_config/install/moveit_robot_config/share/moveit_robot_config/config/manipulator_robot.urdf.xacro
[6.522s] -- Up-to-date symlink: /home/tamir/manipulator_project/install/manipulator_project/share/manipulator_project//config/moveit_robot_config/install/moveit_robot_config/share/moveit_robot_config/config/moveit.rviz
[6.522s] -- Up-to-date symlink: /home/tamir/manipulator_project/install/manipulator_project/share/manipulator_project//config/moveit_robot_config/install/moveit_robot_config/share/moveit_robot_config/config/moveit_controllers.yaml
[6.522s] -- Up-to-date symlink: /home/tamir/manipulator_project/install/manipulator_project/share/manipulator_project//config/moveit_robot_config/install/moveit_robot_config/share/moveit_robot_config/config/pilz_cartesian_limits.yaml
[6.523s] -- Up-to-date symlink: /home/tamir/manipulator_project/install/manipulator_project/share/manipulator_project//config/moveit_robot_config/install/moveit_robot_config/share/moveit_robot_config/config/ros2_controllers.yaml
[6.523s] -- Up-to-date symlink: /home/tamir/manipulator_project/install/manipulator_project/share/manipulator_project//config/moveit_robot_config/install/moveit_robot_config/share/moveit_robot_config/environment/ament_prefix_path.dsv
[6.523s] -- Up-to-date symlink: /home/tamir/manipulator_project/install/manipulator_project/share/manipulator_project//config/moveit_robot_config/install/moveit_robot_config/share/moveit_robot_config/environment/ament_prefix_path.sh
[6.523s] -- Up-to-date symlink: /home/tamir/manipulator_project/install/manipulator_project/share/manipulator_project//config/moveit_robot_config/install/moveit_robot_config/share/moveit_robot_config/environment/path.dsv
[6.523s] -- Up-to-date symlink: /home/tamir/manipulator_project/install/manipulator_project/share/manipulator_project//config/moveit_robot_config/install/moveit_robot_config/share/moveit_robot_config/environment/path.sh
[6.523s] -- Up-to-date symlink: /home/tamir/manipulator_project/install/manipulator_project/share/manipulator_project//config/moveit_robot_config/install/moveit_robot_config/share/moveit_robot_config/hook/cmake_prefix_path.dsv
[6.523s] -- Up-to-date symlink: /home/tamir/manipulator_project/install/manipulator_project/share/manipulator_project//config/moveit_robot_config/install/moveit_robot_config/share/moveit_robot_config/hook/cmake_prefix_path.ps1
[6.523s] -- Up-to-date symlink: /home/tamir/manipulator_project/install/manipulator_project/share/manipulator_project//config/moveit_robot_config/install/moveit_robot_config/share/moveit_robot_config/hook/cmake_prefix_path.sh
[6.523s] -- Up-to-date symlink: /home/tamir/manipulator_project/install/manipulator_project/share/manipulator_project//config/moveit_robot_config/install/moveit_robot_config/share/moveit_robot_config/launch/__pycache__/demo.launch.cpython-310.pyc
[6.523s] -- Up-to-date symlink: /home/tamir/manipulator_project/install/manipulator_project/share/manipulator_project//config/moveit_robot_config/install/moveit_robot_config/share/moveit_robot_config/launch/__pycache__/move_group.launch.cpython-310.pyc
[6.523s] -- Up-to-date symlink: /home/tamir/manipulator_project/install/manipulator_project/share/manipulator_project//config/moveit_robot_config/install/moveit_robot_config/share/moveit_robot_config/launch/__pycache__/moveit_rviz.launch.cpython-310.pyc
[6.524s] -- Up-to-date symlink: /home/tamir/manipulator_project/install/manipulator_project/share/manipulator_project//config/moveit_robot_config/install/moveit_robot_config/share/moveit_robot_config/launch/__pycache__/rsp.launch.cpython-310.pyc
[6.524s] -- Up-to-date symlink: /home/tamir/manipulator_project/install/manipulator_project/share/manipulator_project//config/moveit_robot_config/install/moveit_robot_config/share/moveit_robot_config/launch/__pycache__/spawn_controllers.launch.cpython-310.pyc
[6.524s] -- Up-to-date symlink: /home/tamir/manipulator_project/install/manipulator_project/share/manipulator_project//config/moveit_robot_config/install/moveit_robot_config/share/moveit_robot_config/launch/__pycache__/static_virtual_joint_tfs.launch.cpython-310.pyc
[6.524s] -- Up-to-date symlink: /home/tamir/manipulator_project/install/manipulator_project/share/manipulator_project//config/moveit_robot_config/install/moveit_robot_config/share/moveit_robot_config/launch/__pycache__/warehouse_db.launch.cpython-310.pyc
[6.524s] -- Up-to-date symlink: /home/tamir/manipulator_project/install/manipulator_project/share/manipulator_project//config/moveit_robot_config/install/moveit_robot_config/share/moveit_robot_config/launch/build/.built_by
[6.524s] -- Up-to-date symlink: /home/tamir/manipulator_project/install/manipulator_project/share/manipulator_project//config/moveit_robot_config/install/moveit_robot_config/share/moveit_robot_config/launch/build/COLCON_IGNORE
[6.524s] -- Up-to-date symlink: /home/tamir/manipulator_project/install/manipulator_project/share/manipulator_project//config/moveit_robot_config/install/moveit_robot_config/share/moveit_robot_config/launch/demo.launch.py
[6.524s] -- Up-to-date symlink: /home/tamir/manipulator_project/install/manipulator_project/share/manipulator_project//config/moveit_robot_config/install/moveit_robot_config/share/moveit_robot_config/launch/install/.colcon_install_layout
[6.524s] -- Up-to-date symlink: /home/tamir/manipulator_project/install/manipulator_project/share/manipulator_project//config/moveit_robot_config/install/moveit_robot_config/share/moveit_robot_config/launch/install/COLCON_IGNORE
[6.524s] -- Up-to-date symlink: /home/tamir/manipulator_project/install/manipulator_project/share/manipulator_project//config/moveit_robot_config/install/moveit_robot_config/share/moveit_robot_config/launch/install/_local_setup_util_ps1.py
[6.524s] -- Up-to-date symlink: /home/tamir/manipulator_project/install/manipulator_project/share/manipulator_project//config/moveit_robot_config/install/moveit_robot_config/share/moveit_robot_config/launch/install/_local_setup_util_sh.py
[6.524s] -- Up-to-date symlink: /home/tamir/manipulator_project/install/manipulator_project/share/manipulator_project//config/moveit_robot_config/install/moveit_robot_config/share/moveit_robot_config/launch/install/local_setup.bash
[6.524s] -- Up-to-date symlink: /home/tamir/manipulator_project/install/manipulator_project/share/manipulator_project//config/moveit_robot_config/install/moveit_robot_config/share/moveit_robot_config/launch/install/local_setup.ps1
[6.524s] -- Up-to-date symlink: /home/tamir/manipulator_project/install/manipulator_project/share/manipulator_project//config/moveit_robot_config/install/moveit_robot_config/share/moveit_robot_config/launch/install/local_setup.sh
[6.524s] -- Up-to-date symlink: /home/tamir/manipulator_project/install/manipulator_project/share/manipulator_project//config/moveit_robot_config/install/moveit_robot_config/share/moveit_robot_config/launch/install/local_setup.zsh
[6.525s] -- Up-to-date symlink: /home/tamir/manipulator_project/install/manipulator_project/share/manipulator_project//config/moveit_robot_config/install/moveit_robot_config/share/moveit_robot_config/launch/install/setup.bash
[6.525s] -- Up-to-date symlink: /home/tamir/manipulator_project/install/manipulator_project/share/manipulator_project//config/moveit_robot_config/install/moveit_robot_config/share/moveit_robot_config/launch/install/setup.ps1
[6.525s] -- Up-to-date symlink: /home/tamir/manipulator_project/install/manipulator_project/share/manipulator_project//config/moveit_robot_config/install/moveit_robot_config/share/moveit_robot_config/launch/install/setup.sh
[6.525s] -- Up-to-date symlink: /home/tamir/manipulator_project/install/manipulator_project/share/manipulator_project//config/moveit_robot_config/install/moveit_robot_config/share/moveit_robot_config/launch/install/setup.zsh
[6.525s] -- Up-to-date symlink: /home/tamir/manipulator_project/install/manipulator_project/share/manipulator_project//config/moveit_robot_config/install/moveit_robot_config/share/moveit_robot_config/launch/log/COLCON_IGNORE
[6.525s] -- Symlinking: /home/tamir/manipulator_project/install/manipulator_project/share/manipulator_project//config/moveit_robot_config/install/moveit_robot_config/share/moveit_robot_config/launch/log/build_2025-01-22_15-48-35/events.log
[6.537s] -- Symlinking: /home/tamir/manipulator_project/install/manipulator_project/share/manipulator_project//config/moveit_robot_config/install/moveit_robot_config/share/moveit_robot_config/launch/log/build_2025-01-22_15-48-35/logger_all.log
[6.545s] -- Up-to-date symlink: /home/tamir/manipulator_project/install/manipulator_project/share/manipulator_project//config/moveit_robot_config/install/moveit_robot_config/share/moveit_robot_config/launch/log/build_2025-01-23_20-15-38/events.log
[6.545s] -- Up-to-date symlink: /home/tamir/manipulator_project/install/manipulator_project/share/manipulator_project//config/moveit_robot_config/install/moveit_robot_config/share/moveit_robot_config/launch/log/build_2025-01-23_20-15-38/logger_all.log
[6.545s] -- Symlinking: /home/tamir/manipulator_project/install/manipulator_project/share/manipulator_project//config/moveit_robot_config/install/moveit_robot_config/share/moveit_robot_config/launch/log/latest/events.log
[6.553s] -- Symlinking: /home/tamir/manipulator_project/install/manipulator_project/share/manipulator_project//config/moveit_robot_config/install/moveit_robot_config/share/moveit_robot_config/launch/log/latest/logger_all.log
[6.562s] -- Up-to-date symlink: /home/tamir/manipulator_project/install/manipulator_project/share/manipulator_project//config/moveit_robot_config/install/moveit_robot_config/share/moveit_robot_config/launch/log/latest_build/events.log
[6.562s] -- Up-to-date symlink: /home/tamir/manipulator_project/install/manipulator_project/share/manipulator_project//config/moveit_robot_config/install/moveit_robot_config/share/moveit_robot_config/launch/log/latest_build/logger_all.log
[6.562s] -- Up-to-date symlink: /home/tamir/manipulator_project/install/manipulator_project/share/manipulator_project//config/moveit_robot_config/install/moveit_robot_config/share/moveit_robot_config/launch/move_group.launch.py
[6.563s] -- Up-to-date symlink: /home/tamir/manipulator_project/install/manipulator_project/share/manipulator_project//config/moveit_robot_config/install/moveit_robot_config/share/moveit_robot_config/launch/moveit_rviz.launch.py
[6.563s] -- Up-to-date symlink: /home/tamir/manipulator_project/install/manipulator_project/share/manipulator_project//config/moveit_robot_config/install/moveit_robot_config/share/moveit_robot_config/launch/rsp.launch.py
[6.563s] -- Up-to-date symlink: /home/tamir/manipulator_project/install/manipulator_project/share/manipulator_project//config/moveit_robot_config/install/moveit_robot_config/share/moveit_robot_config/launch/setup_assistant.launch.py
[6.563s] -- Up-to-date symlink: /home/tamir/manipulator_project/install/manipulator_project/share/manipulator_project//config/moveit_robot_config/install/moveit_robot_config/share/moveit_robot_config/launch/spawn_controllers.launch.py
[6.563s] -- Up-to-date symlink: /home/tamir/manipulator_project/install/manipulator_project/share/manipulator_project//config/moveit_robot_config/install/moveit_robot_config/share/moveit_robot_config/launch/static_virtual_joint_tfs.launch.py
[6.563s] -- Up-to-date symlink: /home/tamir/manipulator_project/install/manipulator_project/share/manipulator_project//config/moveit_robot_config/install/moveit_robot_config/share/moveit_robot_config/launch/warehouse_db.launch.py
[6.563s] -- Up-to-date symlink: /home/tamir/manipulator_project/install/manipulator_project/share/manipulator_project//config/moveit_robot_config/install/moveit_robot_config/share/moveit_robot_config/local_setup.bash
[6.563s] -- Up-to-date symlink: /home/tamir/manipulator_project/install/manipulator_project/share/manipulator_project//config/moveit_robot_config/install/moveit_robot_config/share/moveit_robot_config/local_setup.dsv
[6.563s] -- Up-to-date symlink: /home/tamir/manipulator_project/install/manipulator_project/share/manipulator_project//config/moveit_robot_config/install/moveit_robot_config/share/moveit_robot_config/local_setup.sh
[6.563s] -- Up-to-date symlink: /home/tamir/manipulator_project/install/manipulator_project/share/manipulator_project//config/moveit_robot_config/install/moveit_robot_config/share/moveit_robot_config/local_setup.zsh
[6.564s] -- Up-to-date symlink: /home/tamir/manipulator_project/install/manipulator_project/share/manipulator_project//config/moveit_robot_config/install/moveit_robot_config/share/moveit_robot_config/package.bash
[6.564s] -- Up-to-date symlink: /home/tamir/manipulator_project/install/manipulator_project/share/manipulator_project//config/moveit_robot_config/install/moveit_robot_config/share/moveit_robot_config/package.dsv
[6.564s] -- Up-to-date symlink: /home/tamir/manipulator_project/install/manipulator_project/share/manipulator_project//config/moveit_robot_config/install/moveit_robot_config/share/moveit_robot_config/package.ps1
[6.564s] -- Up-to-date symlink: /home/tamir/manipulator_project/install/manipulator_project/share/manipulator_project//config/moveit_robot_config/install/moveit_robot_config/share/moveit_robot_config/package.sh
[6.564s] -- Up-to-date symlink: /home/tamir/manipulator_project/install/manipulator_project/share/manipulator_project//config/moveit_robot_config/install/moveit_robot_config/share/moveit_robot_config/package.xml
[6.564s] -- Up-to-date symlink: /home/tamir/manipulator_project/install/manipulator_project/share/manipulator_project//config/moveit_robot_config/install/moveit_robot_config/share/moveit_robot_config/package.zsh
[6.564s] -- Up-to-date symlink: /home/tamir/manipulator_project/install/manipulator_project/share/manipulator_project//config/moveit_robot_config/install/setup.bash
[6.564s] -- Up-to-date symlink: /home/tamir/manipulator_project/install/manipulator_project/share/manipulator_project//config/moveit_robot_config/install/setup.ps1
[6.564s] -- Up-to-date symlink: /home/tamir/manipulator_project/install/manipulator_project/share/manipulator_project//config/moveit_robot_config/install/setup.sh
[6.564s] -- Up-to-date symlink: /home/tamir/manipulator_project/install/manipulator_project/share/manipulator_project//config/moveit_robot_config/install/setup.zsh
[6.564s] -- Up-to-date symlink: /home/tamir/manipulator_project/install/manipulator_project/share/manipulator_project//config/moveit_robot_config/launch/__pycache__/demo.launch.cpython-310.pyc
[6.565s] -- Up-to-date symlink: /home/tamir/manipulator_project/install/manipulator_project/share/manipulator_project//config/moveit_robot_config/launch/__pycache__/move_group.launch.cpython-310.pyc
[6.565s] -- Up-to-date symlink: /home/tamir/manipulator_project/install/manipulator_project/share/manipulator_project//config/moveit_robot_config/launch/__pycache__/moveit_rviz.launch.cpython-310.pyc
[6.565s] -- Up-to-date symlink: /home/tamir/manipulator_project/install/manipulator_project/share/manipulator_project//config/moveit_robot_config/launch/build/.built_by
[6.565s] -- Up-to-date symlink: /home/tamir/manipulator_project/install/manipulator_project/share/manipulator_project//config/moveit_robot_config/launch/build/COLCON_IGNORE
[6.565s] -- Up-to-date symlink: /home/tamir/manipulator_project/install/manipulator_project/share/manipulator_project//config/moveit_robot_config/launch/demo.launch.py
[6.565s] -- Up-to-date symlink: /home/tamir/manipulator_project/install/manipulator_project/share/manipulator_project//config/moveit_robot_config/launch/install/.colcon_install_layout
[6.565s] -- Up-to-date symlink: /home/tamir/manipulator_project/install/manipulator_project/share/manipulator_project//config/moveit_robot_config/launch/install/COLCON_IGNORE
[6.566s] -- Up-to-date symlink: /home/tamir/manipulator_project/install/manipulator_project/share/manipulator_project//config/moveit_robot_config/launch/install/_local_setup_util_ps1.py
[6.566s] -- Up-to-date symlink: /home/tamir/manipulator_project/install/manipulator_project/share/manipulator_project//config/moveit_robot_config/launch/install/_local_setup_util_sh.py
[6.566s] -- Up-to-date symlink: /home/tamir/manipulator_project/install/manipulator_project/share/manipulator_project//config/moveit_robot_config/launch/install/local_setup.bash
[6.566s] -- Up-to-date symlink: /home/tamir/manipulator_project/install/manipulator_project/share/manipulator_project//config/moveit_robot_config/launch/install/local_setup.ps1
[6.566s] -- Up-to-date symlink: /home/tamir/manipulator_project/install/manipulator_project/share/manipulator_project//config/moveit_robot_config/launch/install/local_setup.sh
[6.566s] -- Up-to-date symlink: /home/tamir/manipulator_project/install/manipulator_project/share/manipulator_project//config/moveit_robot_config/launch/install/local_setup.zsh
[6.567s] -- Up-to-date symlink: /home/tamir/manipulator_project/install/manipulator_project/share/manipulator_project//config/moveit_robot_config/launch/install/setup.bash
[6.567s] -- Up-to-date symlink: /home/tamir/manipulator_project/install/manipulator_project/share/manipulator_project//config/moveit_robot_config/launch/install/setup.ps1
[6.567s] -- Up-to-date symlink: /home/tamir/manipulator_project/install/manipulator_project/share/manipulator_project//config/moveit_robot_config/launch/install/setup.sh
[6.567s] -- Up-to-date symlink: /home/tamir/manipulator_project/install/manipulator_project/share/manipulator_project//config/moveit_robot_config/launch/install/setup.zsh
[6.567s] -- Up-to-date symlink: /home/tamir/manipulator_project/install/manipulator_project/share/manipulator_project//config/moveit_robot_config/launch/log/COLCON_IGNORE
[6.567s] -- Up-to-date symlink: /home/tamir/manipulator_project/install/manipulator_project/share/manipulator_project//config/moveit_robot_config/launch/log/build_2025-01-22_15-48-35/events.log
[6.567s] -- Up-to-date symlink: /home/tamir/manipulator_project/install/manipulator_project/share/manipulator_project//config/moveit_robot_config/launch/log/build_2025-01-22_15-48-35/logger_all.log
[6.568s] -- Up-to-date symlink: /home/tamir/manipulator_project/install/manipulator_project/share/manipulator_project//config/moveit_robot_config/launch/log/build_2025-01-23_20-15-38/events.log
[6.568s] -- Up-to-date symlink: /home/tamir/manipulator_project/install/manipulator_project/share/manipulator_project//config/moveit_robot_config/launch/log/build_2025-01-23_20-15-38/logger_all.log
[6.568s] -- Up-to-date symlink: /home/tamir/manipulator_project/install/manipulator_project/share/manipulator_project//config/moveit_robot_config/launch/log/latest/events.log
[6.568s] -- Up-to-date symlink: /home/tamir/manipulator_project/install/manipulator_project/share/manipulator_project//config/moveit_robot_config/launch/log/latest/logger_all.log
[6.568s] -- Up-to-date symlink: /home/tamir/manipulator_project/install/manipulator_project/share/manipulator_project//config/moveit_robot_config/launch/log/latest_build/events.log
[6.568s] -- Up-to-date symlink: /home/tamir/manipulator_project/install/manipulator_project/share/manipulator_project//config/moveit_robot_config/launch/log/latest_build/logger_all.log
[6.568s] -- Up-to-date symlink: /home/tamir/manipulator_project/install/manipulator_project/share/manipulator_project//config/moveit_robot_config/launch/move_group.launch.py
[6.568s] -- Up-to-date symlink: /home/tamir/manipulator_project/install/manipulator_project/share/manipulator_project//config/moveit_robot_config/launch/moveit_rviz.launch.py
[6.568s] -- Up-to-date symlink: /home/tamir/manipulator_project/install/manipulator_project/share/manipulator_project//config/moveit_robot_config/launch/rsp.launch.py
[6.568s] -- Up-to-date symlink: /home/tamir/manipulator_project/install/manipulator_project/share/manipulator_project//config/moveit_robot_config/launch/setup_assistant.launch.py
[6.568s] -- Up-to-date symlink: /home/tamir/manipulator_project/install/manipulator_project/share/manipulator_project//config/moveit_robot_config/launch/spawn_controllers.launch.py
[6.569s] -- Up-to-date symlink: /home/tamir/manipulator_project/install/manipulator_project/share/manipulator_project//config/moveit_robot_config/launch/static_virtual_joint_tfs.launch.py
[6.569s] -- Up-to-date symlink: /home/tamir/manipulator_project/install/manipulator_project/share/manipulator_project//config/moveit_robot_config/launch/warehouse_db.launch.py
[6.569s] -- Up-to-date symlink: /home/tamir/manipulator_project/install/manipulator_project/share/manipulator_project//config/moveit_robot_config/log/COLCON_IGNORE
[6.569s] -- Up-to-date symlink: /home/tamir/manipulator_project/install/manipulator_project/share/manipulator_project//config/moveit_robot_config/log/build_2025-01-24_10-03-45/events.log
[6.569s] -- Up-to-date symlink: /home/tamir/manipulator_project/install/manipulator_project/share/manipulator_project//config/moveit_robot_config/log/build_2025-01-24_10-03-45/logger_all.log
[6.569s] -- Up-to-date symlink: /home/tamir/manipulator_project/install/manipulator_project/share/manipulator_project//config/moveit_robot_config/log/build_2025-01-24_10-03-45/moveit_robot_config/command.log
[6.569s] -- Up-to-date symlink: /home/tamir/manipulator_project/install/manipulator_project/share/manipulator_project//config/moveit_robot_config/log/build_2025-01-24_10-03-45/moveit_robot_config/stderr.log
[6.569s] -- Up-to-date symlink: /home/tamir/manipulator_project/install/manipulator_project/share/manipulator_project//config/moveit_robot_config/log/build_2025-01-24_10-03-45/moveit_robot_config/stdout.log
[6.569s] -- Up-to-date symlink: /home/tamir/manipulator_project/install/manipulator_project/share/manipulator_project//config/moveit_robot_config/log/build_2025-01-24_10-03-45/moveit_robot_config/stdout_stderr.log
[6.569s] -- Up-to-date symlink: /home/tamir/manipulator_project/install/manipulator_project/share/manipulator_project//config/moveit_robot_config/log/build_2025-01-24_10-03-45/moveit_robot_config/streams.log
[6.569s] -- Up-to-date symlink: /home/tamir/manipulator_project/install/manipulator_project/share/manipulator_project//config/moveit_robot_config/log/latest/events.log
[6.569s] -- Up-to-date symlink: /home/tamir/manipulator_project/install/manipulator_project/share/manipulator_project//config/moveit_robot_config/log/latest/logger_all.log
[6.569s] -- Up-to-date symlink: /home/tamir/manipulator_project/install/manipulator_project/share/manipulator_project//config/moveit_robot_config/log/latest/moveit_robot_config/command.log
[6.569s] -- Up-to-date symlink: /home/tamir/manipulator_project/install/manipulator_project/share/manipulator_project//config/moveit_robot_config/log/latest/moveit_robot_config/stderr.log
[6.570s] -- Up-to-date symlink: /home/tamir/manipulator_project/install/manipulator_project/share/manipulator_project//config/moveit_robot_config/log/latest/moveit_robot_config/stdout.log
[6.570s] -- Up-to-date symlink: /home/tamir/manipulator_project/install/manipulator_project/share/manipulator_project//config/moveit_robot_config/log/latest/moveit_robot_config/stdout_stderr.log
[6.570s] -- Up-to-date symlink: /home/tamir/manipulator_project/install/manipulator_project/share/manipulator_project//config/moveit_robot_config/log/latest/moveit_robot_config/streams.log
[6.570s] -- Up-to-date symlink: /home/tamir/manipulator_project/install/manipulator_project/share/manipulator_project//config/moveit_robot_config/log/latest_build/events.log
[6.570s] -- Up-to-date symlink: /home/tamir/manipulator_project/install/manipulator_project/share/manipulator_project//config/moveit_robot_config/log/latest_build/logger_all.log
[6.570s] -- Up-to-date symlink: /home/tamir/manipulator_project/install/manipulator_project/share/manipulator_project//config/moveit_robot_config/log/latest_build/moveit_robot_config/command.log
[6.570s] -- Up-to-date symlink: /home/tamir/manipulator_project/install/manipulator_project/share/manipulator_project//config/moveit_robot_config/log/latest_build/moveit_robot_config/stderr.log
[6.570s] -- Up-to-date symlink: /home/tamir/manipulator_project/install/manipulator_project/share/manipulator_project//config/moveit_robot_config/log/latest_build/moveit_robot_config/stdout.log
[6.570s] -- Up-to-date symlink: /home/tamir/manipulator_project/install/manipulator_project/share/manipulator_project//config/moveit_robot_config/log/latest_build/moveit_robot_config/stdout_stderr.log
[6.570s] -- Up-to-date symlink: /home/tamir/manipulator_project/install/manipulator_project/share/manipulator_project//config/moveit_robot_config/log/latest_build/moveit_robot_config/streams.log
[6.570s] -- Up-to-date symlink: /home/tamir/manipulator_project/install/manipulator_project/share/manipulator_project//config/moveit_robot_config/package.xml
[6.570s] -- Up-to-date symlink: /home/tamir/manipulator_project/install/manipulator_project/share/manipulator_project//config/urdf_config.rviz
[6.570s] -- Symlinking: /home/tamir/manipulator_project/install/manipulator_project/share/manipulator_project//launch/__pycache__/simulation.launch.cpython-310.pyc
[6.575s] -- Up-to-date symlink: /home/tamir/manipulator_project/install/manipulator_project/share/manipulator_project//launch/simulation.launch.py
[6.576s] -- Up-to-date symlink: /home/tamir/manipulator_project/install/manipulator_project/share/manipulator_project//urdf/manipulator_model.urdf.xacro
[6.576s] -- Up-to-date symlink: /home/tamir/manipulator_project/install/manipulator_project/share/ament_index/resource_index/package_run_dependencies/manipulator_project
[6.576s] -- Up-to-date symlink: /home/tamir/manipulator_project/install/manipulator_project/share/ament_index/resource_index/parent_prefix_path/manipulator_project
[6.576s] -- Up-to-date symlink: /home/tamir/manipulator_project/install/manipulator_project/share/manipulator_project/environment/ament_prefix_path.sh
[6.576s] -- Up-to-date symlink: /home/tamir/manipulator_project/install/manipulator_project/share/manipulator_project/environment/ament_prefix_path.dsv
[6.576s] -- Up-to-date symlink: /home/tamir/manipulator_project/install/manipulator_project/share/manipulator_project/environment/path.sh
[6.576s] -- Up-to-date symlink: /home/tamir/manipulator_project/install/manipulator_project/share/manipulator_project/environment/path.dsv
[6.576s] -- Up-to-date symlink: /home/tamir/manipulator_project/install/manipulator_project/share/manipulator_project/local_setup.bash
[6.576s] -- Up-to-date symlink: /home/tamir/manipulator_project/install/manipulator_project/share/manipulator_project/local_setup.sh
[6.576s] -- Up-to-date symlink: /home/tamir/manipulator_project/install/manipulator_project/share/manipulator_project/local_setup.zsh
[6.577s] -- Up-to-date symlink: /home/tamir/manipulator_project/install/manipulator_project/share/manipulator_project/local_setup.dsv
[6.577s] -- Symlinking: /home/tamir/manipulator_project/install/manipulator_project/share/manipulator_project/package.dsv
[6.585s] -- Up-to-date symlink: /home/tamir/manipulator_project/install/manipulator_project/share/ament_index/resource_index/packages/manipulator_project
[6.585s] -- Up-to-date symlink: /home/tamir/manipulator_project/install/manipulator_project/share/manipulator_project/cmake/manipulator_projectConfig.cmake
[6.585s] -- Up-to-date symlink: /home/tamir/manipulator_project/install/manipulator_project/share/manipulator_project/cmake/manipulator_projectConfig-version.cmake
[6.585s] -- Up-to-date symlink: /home/tamir/manipulator_project/install/manipulator_project/share/manipulator_project/package.xml
[6.587s] Invoked command in '/home/tamir/manipulator_project/build/manipulator_project' returned '0': CMAKE_PREFIX_PATH=${CMAKE_PREFIX_PATH}:/home/tamir/ros2_ws/install/turtle_spawner:/home/tamir/ros2_ws/install/turtle_controller:/home/tamir/ros2_ws/install/my_py_pkg:/home/tamir/autonomous_robot/autonomous_robot_control/install/control_hardware:/home/tamir/autonomous_robot/autonomous_robot_control/install/calc_odom:/home/tamir/ws_moveit2/install/moveit_configs_utils:/home/tamir/ws_moveit2/install/launch_param_builder:/home/tamir/autonomous_robot/install/calc_odom:/home/tamir/autonomous_robot/install/control_hardware:/home/tamir/autonomous_robot/autonomous_robot_control/src/control_hardware/install/control_hardware:/opt/ros/humble /usr/bin/cmake --install /home/tamir/manipulator_project/build/manipulator_project
