[0.014s] Invoking command in '/home/tamir/manipulator_project/config/build/robot_moveit_config': CMAKE_PREFIX_PATH=${CMAKE_PREFIX_PATH}:/home/tamir/ros2_ws/install/turtle_spawner:/home/tamir/ros2_ws/install/turtle_controller:/home/tamir/ros2_ws/install/my_py_pkg:/home/tamir/autonomous_robot/autonomous_robot_control/install/control_hardware:/home/tamir/autonomous_robot/autonomous_robot_control/install/calc_odom:/home/tamir/ws_moveit2/install/moveit_configs_utils:/home/tamir/ws_moveit2/install/launch_param_builder:/home/tamir/autonomous_robot/install/calc_odom:/home/tamir/autonomous_robot/install/control_hardware:/home/tamir/autonomous_robot/autonomous_robot_control/src/control_hardware/install/control_hardware:/opt/ros/humble /usr/bin/cmake /home/tamir/manipulator_project/config/robot_moveit_config -DCMAKE_INSTALL_PREFIX=/home/tamir/manipulator_project/config/install/robot_moveit_config
[0.079s] -- The C compiler identification is GNU 11.4.0
[0.137s] -- The CXX compiler identification is GNU 11.4.0
[0.143s] -- Detecting C compiler ABI info
[0.240s] -- Detecting C compiler ABI info - done
[0.248s] -- Check for working C compiler: /usr/bin/cc - skipped
[0.249s] -- Detecting C compile features
[0.249s] -- Detecting C compile features - done
[0.252s] -- Detecting CXX compiler ABI info
[0.342s] -- Detecting CXX compiler ABI info - done
[0.347s] -- Check for working CXX compiler: /usr/bin/c++ - skipped
[0.347s] -- Detecting CXX compile features
[0.348s] -- Detecting CXX compile features - done
[0.356s] -- Found ament_cmake: 1.3.11 (/opt/ros/humble/share/ament_cmake/cmake)
[0.497s] -- Found Python3: /usr/bin/python3 (found version "3.10.12") found components: Interpreter 
[0.661s] -- Configuring done
[0.662s] -- Generating done
[0.663s] -- Build files have been written to: /home/tamir/manipulator_project/config/build/robot_moveit_config
[0.666s] Invoked command in '/home/tamir/manipulator_project/config/build/robot_moveit_config' returned '0': CMAKE_PREFIX_PATH=${CMAKE_PREFIX_PATH}:/home/tamir/ros2_ws/install/turtle_spawner:/home/tamir/ros2_ws/install/turtle_controller:/home/tamir/ros2_ws/install/my_py_pkg:/home/tamir/autonomous_robot/autonomous_robot_control/install/control_hardware:/home/tamir/autonomous_robot/autonomous_robot_control/install/calc_odom:/home/tamir/ws_moveit2/install/moveit_configs_utils:/home/tamir/ws_moveit2/install/launch_param_builder:/home/tamir/autonomous_robot/install/calc_odom:/home/tamir/autonomous_robot/install/control_hardware:/home/tamir/autonomous_robot/autonomous_robot_control/src/control_hardware/install/control_hardware:/opt/ros/humble /usr/bin/cmake /home/tamir/manipulator_project/config/robot_moveit_config -DCMAKE_INSTALL_PREFIX=/home/tamir/manipulator_project/config/install/robot_moveit_config
[0.668s] Invoking command in '/home/tamir/manipulator_project/config/build/robot_moveit_config': CMAKE_PREFIX_PATH=${CMAKE_PREFIX_PATH}:/home/tamir/ros2_ws/install/turtle_spawner:/home/tamir/ros2_ws/install/turtle_controller:/home/tamir/ros2_ws/install/my_py_pkg:/home/tamir/autonomous_robot/autonomous_robot_control/install/control_hardware:/home/tamir/autonomous_robot/autonomous_robot_control/install/calc_odom:/home/tamir/ws_moveit2/install/moveit_configs_utils:/home/tamir/ws_moveit2/install/launch_param_builder:/home/tamir/autonomous_robot/install/calc_odom:/home/tamir/autonomous_robot/install/control_hardware:/home/tamir/autonomous_robot/autonomous_robot_control/src/control_hardware/install/control_hardware:/opt/ros/humble /usr/bin/cmake --build /home/tamir/manipulator_project/config/build/robot_moveit_config -- -j12 -l12
[0.711s] Invoked command in '/home/tamir/manipulator_project/config/build/robot_moveit_config' returned '0': CMAKE_PREFIX_PATH=${CMAKE_PREFIX_PATH}:/home/tamir/ros2_ws/install/turtle_spawner:/home/tamir/ros2_ws/install/turtle_controller:/home/tamir/ros2_ws/install/my_py_pkg:/home/tamir/autonomous_robot/autonomous_robot_control/install/control_hardware:/home/tamir/autonomous_robot/autonomous_robot_control/install/calc_odom:/home/tamir/ws_moveit2/install/moveit_configs_utils:/home/tamir/ws_moveit2/install/launch_param_builder:/home/tamir/autonomous_robot/install/calc_odom:/home/tamir/autonomous_robot/install/control_hardware:/home/tamir/autonomous_robot/autonomous_robot_control/src/control_hardware/install/control_hardware:/opt/ros/humble /usr/bin/cmake --build /home/tamir/manipulator_project/config/build/robot_moveit_config -- -j12 -l12
[0.727s] Invoking command in '/home/tamir/manipulator_project/config/build/robot_moveit_config': CMAKE_PREFIX_PATH=${CMAKE_PREFIX_PATH}:/home/tamir/ros2_ws/install/turtle_spawner:/home/tamir/ros2_ws/install/turtle_controller:/home/tamir/ros2_ws/install/my_py_pkg:/home/tamir/autonomous_robot/autonomous_robot_control/install/control_hardware:/home/tamir/autonomous_robot/autonomous_robot_control/install/calc_odom:/home/tamir/ws_moveit2/install/moveit_configs_utils:/home/tamir/ws_moveit2/install/launch_param_builder:/home/tamir/autonomous_robot/install/calc_odom:/home/tamir/autonomous_robot/install/control_hardware:/home/tamir/autonomous_robot/autonomous_robot_control/src/control_hardware/install/control_hardware:/opt/ros/humble /usr/bin/cmake --install /home/tamir/manipulator_project/config/build/robot_moveit_config
[0.739s] -- Install configuration: ""
[0.739s] -- Installing: /home/tamir/manipulator_project/config/install/robot_moveit_config/share/ament_index/resource_index/package_run_dependencies/robot_moveit_config
[0.739s] -- Installing: /home/tamir/manipulator_project/config/install/robot_moveit_config/share/ament_index/resource_index/parent_prefix_path/robot_moveit_config
[0.740s] -- Installing: /home/tamir/manipulator_project/config/install/robot_moveit_config/share/robot_moveit_config/environment/ament_prefix_path.sh
[0.740s] -- Installing: /home/tamir/manipulator_project/config/install/robot_moveit_config/share/robot_moveit_config/environment/ament_prefix_path.dsv
[0.740s] -- Installing: /home/tamir/manipulator_project/config/install/robot_moveit_config/share/robot_moveit_config/environment/path.sh
[0.740s] -- Installing: /home/tamir/manipulator_project/config/install/robot_moveit_config/share/robot_moveit_config/environment/path.dsv
[0.740s] -- Installing: /home/tamir/manipulator_project/config/install/robot_moveit_config/share/robot_moveit_config/local_setup.bash
[0.740s] -- Installing: /home/tamir/manipulator_project/config/install/robot_moveit_config/share/robot_moveit_config/local_setup.sh
[0.740s] -- Installing: /home/tamir/manipulator_project/config/install/robot_moveit_config/share/robot_moveit_config/local_setup.zsh
[0.740s] -- Installing: /home/tamir/manipulator_project/config/install/robot_moveit_config/share/robot_moveit_config/local_setup.dsv
[0.740s] -- Installing: /home/tamir/manipulator_project/config/install/robot_moveit_config/share/robot_moveit_config/package.dsv
[0.741s] -- Installing: /home/tamir/manipulator_project/config/install/robot_moveit_config/share/ament_index/resource_index/packages/robot_moveit_config
[0.741s] -- Installing: /home/tamir/manipulator_project/config/install/robot_moveit_config/share/robot_moveit_config/cmake/robot_moveit_configConfig.cmake
[0.741s] -- Installing: /home/tamir/manipulator_project/config/install/robot_moveit_config/share/robot_moveit_config/cmake/robot_moveit_configConfig-version.cmake
[0.741s] -- Installing: /home/tamir/manipulator_project/config/install/robot_moveit_config/share/robot_moveit_config/package.xml
[0.741s] -- Installing: /home/tamir/manipulator_project/config/install/robot_moveit_config/share/robot_moveit_config/launch
[0.741s] -- Installing: /home/tamir/manipulator_project/config/install/robot_moveit_config/share/robot_moveit_config/launch/setup_assistant.launch.py
[0.741s] -- Installing: /home/tamir/manipulator_project/config/install/robot_moveit_config/share/robot_moveit_config/launch/move_group.launch.py
[0.741s] -- Installing: /home/tamir/manipulator_project/config/install/robot_moveit_config/share/robot_moveit_config/launch/moveit_rviz.launch.py
[0.741s] -- Installing: /home/tamir/manipulator_project/config/install/robot_moveit_config/share/robot_moveit_config/launch/demo.launch.py
[0.741s] -- Installing: /home/tamir/manipulator_project/config/install/robot_moveit_config/share/robot_moveit_config/launch/static_virtual_joint_tfs.launch.py
[0.742s] -- Installing: /home/tamir/manipulator_project/config/install/robot_moveit_config/share/robot_moveit_config/launch/warehouse_db.launch.py
[0.742s] -- Installing: /home/tamir/manipulator_project/config/install/robot_moveit_config/share/robot_moveit_config/launch/spawn_controllers.launch.py
[0.742s] -- Installing: /home/tamir/manipulator_project/config/install/robot_moveit_config/share/robot_moveit_config/launch/rsp.launch.py
[0.742s] -- Installing: /home/tamir/manipulator_project/config/install/robot_moveit_config/share/robot_moveit_config/config
[0.742s] -- Installing: /home/tamir/manipulator_project/config/install/robot_moveit_config/share/robot_moveit_config/config/moveit_controllers.yaml
[0.743s] -- Installing: /home/tamir/manipulator_project/config/install/robot_moveit_config/share/robot_moveit_config/config/kinematics.yaml
[0.743s] -- Installing: /home/tamir/manipulator_project/config/install/robot_moveit_config/share/robot_moveit_config/config/manipulator_robot.ros2_control.xacro
[0.743s] -- Installing: /home/tamir/manipulator_project/config/install/robot_moveit_config/share/robot_moveit_config/config/ros2_controllers.yaml
[0.743s] -- Installing: /home/tamir/manipulator_project/config/install/robot_moveit_config/share/robot_moveit_config/config/joint_limits.yaml
[0.743s] -- Installing: /home/tamir/manipulator_project/config/install/robot_moveit_config/share/robot_moveit_config/config/moveit.rviz
[0.743s] -- Installing: /home/tamir/manipulator_project/config/install/robot_moveit_config/share/robot_moveit_config/config/manipulator_robot.srdf
[0.743s] -- Installing: /home/tamir/manipulator_project/config/install/robot_moveit_config/share/robot_moveit_config/config/manipulator_robot.urdf.xacro
[0.743s] -- Installing: /home/tamir/manipulator_project/config/install/robot_moveit_config/share/robot_moveit_config/config/pilz_cartesian_limits.yaml
[0.743s] -- Installing: /home/tamir/manipulator_project/config/install/robot_moveit_config/share/robot_moveit_config/config/initial_positions.yaml
[0.744s] -- Installing: /home/tamir/manipulator_project/config/install/robot_moveit_config/share/robot_moveit_config/.setup_assistant
[0.745s] Invoked command in '/home/tamir/manipulator_project/config/build/robot_moveit_config' returned '0': CMAKE_PREFIX_PATH=${CMAKE_PREFIX_PATH}:/home/tamir/ros2_ws/install/turtle_spawner:/home/tamir/ros2_ws/install/turtle_controller:/home/tamir/ros2_ws/install/my_py_pkg:/home/tamir/autonomous_robot/autonomous_robot_control/install/control_hardware:/home/tamir/autonomous_robot/autonomous_robot_control/install/calc_odom:/home/tamir/ws_moveit2/install/moveit_configs_utils:/home/tamir/ws_moveit2/install/launch_param_builder:/home/tamir/autonomous_robot/install/calc_odom:/home/tamir/autonomous_robot/install/control_hardware:/home/tamir/autonomous_robot/autonomous_robot_control/src/control_hardware/install/control_hardware:/opt/ros/humble /usr/bin/cmake --install /home/tamir/manipulator_project/config/build/robot_moveit_config
