[100%] Built target move_robot
-- Install configuration: ""
-- Up-to-date: /home/tamir/manipulator_project/install/manipulator_project/lib/manipulator_project/move_robot
-- Up-to-date: /home/tamir/manipulator_project/install/manipulator_project/share/manipulator_project//config
-- Up-to-date: /home/tamir/manipulator_project/install/manipulator_project/share/manipulator_project//config/urdf_config.rviz
-- Installing: /home/tamir/manipulator_project/install/manipulator_project/share/manipulator_project//config/robot_moveit_config
-- Installing: /home/tamir/manipulator_project/install/manipulator_project/share/manipulator_project//config/robot_moveit_config/package.xml
-- Installing: /home/tamir/manipulator_project/install/manipulator_project/share/manipulator_project//config/robot_moveit_config/launch
-- Installing: /home/tamir/manipulator_project/install/manipulator_project/share/manipulator_project//config/robot_moveit_config/launch/__pycache__
-- Installing: /home/tamir/manipulator_project/install/manipulator_project/share/manipulator_project//config/robot_moveit_config/launch/__pycache__/demo.launch.cpython-310.pyc
-- Installing: /home/tamir/manipulator_project/install/manipulator_project/share/manipulator_project//config/robot_moveit_config/launch/setup_assistant.launch.py
-- Installing: /home/tamir/manipulator_project/install/manipulator_project/share/manipulator_project//config/robot_moveit_config/launch/move_group.launch.py
-- Installing: /home/tamir/manipulator_project/install/manipulator_project/share/manipulator_project//config/robot_moveit_config/launch/moveit_rviz.launch.py
-- Installing: /home/tamir/manipulator_project/install/manipulator_project/share/manipulator_project//config/robot_moveit_config/launch/demo.launch.py
-- Installing: /home/tamir/manipulator_project/install/manipulator_project/share/manipulator_project//config/robot_moveit_config/launch/static_virtual_joint_tfs.launch.py
-- Installing: /home/tamir/manipulator_project/install/manipulator_project/share/manipulator_project//config/robot_moveit_config/launch/warehouse_db.launch.py
-- Installing: /home/tamir/manipulator_project/install/manipulator_project/share/manipulator_project//config/robot_moveit_config/launch/spawn_controllers.launch.py
-- Installing: /home/tamir/manipulator_project/install/manipulator_project/share/manipulator_project//config/robot_moveit_config/launch/rsp.launch.py
-- Installing: /home/tamir/manipulator_project/install/manipulator_project/share/manipulator_project//config/robot_moveit_config/CMakeLists.txt
-- Installing: /home/tamir/manipulator_project/install/manipulator_project/share/manipulator_project//config/robot_moveit_config/config
-- Installing: /home/tamir/manipulator_project/install/manipulator_project/share/manipulator_project//config/robot_moveit_config/config/moveit_controllers.yaml
-- Installing: /home/tamir/manipulator_project/install/manipulator_project/share/manipulator_project//config/robot_moveit_config/config/kinematics.yaml
-- Installing: /home/tamir/manipulator_project/install/manipulator_project/share/manipulator_project//config/robot_moveit_config/config/manipulator_robot.ros2_control.xacro
-- Installing: /home/tamir/manipulator_project/install/manipulator_project/share/manipulator_project//config/robot_moveit_config/config/ros2_controllers.yaml
-- Installing: /home/tamir/manipulator_project/install/manipulator_project/share/manipulator_project//config/robot_moveit_config/config/joint_limits.yaml
-- Installing: /home/tamir/manipulator_project/install/manipulator_project/share/manipulator_project//config/robot_moveit_config/config/moveit.rviz
-- Installing: /home/tamir/manipulator_project/install/manipulator_project/share/manipulator_project//config/robot_moveit_config/config/manipulator_robot.srdf
-- Installing: /home/tamir/manipulator_project/install/manipulator_project/share/manipulator_project//config/robot_moveit_config/config/sensors_3d.yaml
-- Installing: /home/tamir/manipulator_project/install/manipulator_project/share/manipulator_project//config/robot_moveit_config/config/manipulator_robot.urdf.xacro
-- Installing: /home/tamir/manipulator_project/install/manipulator_project/share/manipulator_project//config/robot_moveit_config/config/pilz_cartesian_limits.yaml
-- Installing: /home/tamir/manipulator_project/install/manipulator_project/share/manipulator_project//config/robot_moveit_config/config/initial_positions.yaml
-- Installing: /home/tamir/manipulator_project/install/manipulator_project/share/manipulator_project//config/robot_moveit_config/.setup_assistant
-- Installing: /home/tamir/manipulator_project/install/manipulator_project/share/manipulator_project//config/build
-- Installing: /home/tamir/manipulator_project/install/manipulator_project/share/manipulator_project//config/build/COLCON_IGNORE
-- Installing: /home/tamir/manipulator_project/install/manipulator_project/share/manipulator_project//config/build/robot_moveit_config
-- Installing: /home/tamir/manipulator_project/install/manipulator_project/share/manipulator_project//config/build/robot_moveit_config/CTestConfiguration.ini
-- Installing: /home/tamir/manipulator_project/install/manipulator_project/share/manipulator_project//config/build/robot_moveit_config/ament_cmake_index
-- Installing: /home/tamir/manipulator_project/install/manipulator_project/share/manipulator_project//config/build/robot_moveit_config/ament_cmake_index/share
-- Installing: /home/tamir/manipulator_project/install/manipulator_project/share/manipulator_project//config/build/robot_moveit_config/ament_cmake_index/share/ament_index
-- Installing: /home/tamir/manipulator_project/install/manipulator_project/share/manipulator_project//config/build/robot_moveit_config/ament_cmake_index/share/ament_index/resource_index
-- Installing: /home/tamir/manipulator_project/install/manipulator_project/share/manipulator_project//config/build/robot_moveit_config/ament_cmake_index/share/ament_index/resource_index/package_run_dependencies
-- Installing: /home/tamir/manipulator_project/install/manipulator_project/share/manipulator_project//config/build/robot_moveit_config/ament_cmake_index/share/ament_index/resource_index/package_run_dependencies/robot_moveit_config
-- Installing: /home/tamir/manipulator_project/install/manipulator_project/share/manipulator_project//config/build/robot_moveit_config/ament_cmake_index/share/ament_index/resource_index/packages
-- Installing: /home/tamir/manipulator_project/install/manipulator_project/share/manipulator_project//config/build/robot_moveit_config/ament_cmake_index/share/ament_index/resource_index/packages/robot_moveit_config
-- Installing: /home/tamir/manipulator_project/install/manipulator_project/share/manipulator_project//config/build/robot_moveit_config/ament_cmake_index/share/ament_index/resource_index/parent_prefix_path
-- Installing: /home/tamir/manipulator_project/install/manipulator_project/share/manipulator_project//config/build/robot_moveit_config/ament_cmake_index/share/ament_index/resource_index/parent_prefix_path/robot_moveit_config
-- Installing: /home/tamir/manipulator_project/install/manipulator_project/share/manipulator_project//config/build/robot_moveit_config/colcon_command_prefix_build.sh
-- Installing: /home/tamir/manipulator_project/install/manipulator_project/share/manipulator_project//config/build/robot_moveit_config/ament_cmake_uninstall_target
-- Installing: /home/tamir/manipulator_project/install/manipulator_project/share/manipulator_project//config/build/robot_moveit_config/ament_cmake_uninstall_target/ament_cmake_uninstall_target.cmake
-- Installing: /home/tamir/manipulator_project/install/manipulator_project/share/manipulator_project//config/build/robot_moveit_config/cmake_args.last
-- Installing: /home/tamir/manipulator_project/install/manipulator_project/share/manipulator_project//config/build/robot_moveit_config/colcon_command_prefix_build.sh.env
-- Installing: /home/tamir/manipulator_project/install/manipulator_project/share/manipulator_project//config/build/robot_moveit_config/CTestTestfile.cmake
-- Installing: /home/tamir/manipulator_project/install/manipulator_project/share/manipulator_project//config/build/robot_moveit_config/ament_cmake_core
-- Installing: /home/tamir/manipulator_project/install/manipulator_project/share/manipulator_project//config/build/robot_moveit_config/ament_cmake_core/package.cmake
-- Installing: /home/tamir/manipulator_project/install/manipulator_project/share/manipulator_project//config/build/robot_moveit_config/ament_cmake_core/robot_moveit_configConfig-version.cmake
-- Installing: /home/tamir/manipulator_project/install/manipulator_project/share/manipulator_project//config/build/robot_moveit_config/ament_cmake_core/robot_moveit_configConfig.cmake
-- Installing: /home/tamir/manipulator_project/install/manipulator_project/share/manipulator_project//config/build/robot_moveit_config/ament_cmake_core/stamps
-- Installing: /home/tamir/manipulator_project/install/manipulator_project/share/manipulator_project//config/build/robot_moveit_config/ament_cmake_core/stamps/package_xml_2_cmake.py.stamp
-- Installing: /home/tamir/manipulator_project/install/manipulator_project/share/manipulator_project//config/build/robot_moveit_config/ament_cmake_core/stamps/nameConfig.cmake.in.stamp
-- Installing: /home/tamir/manipulator_project/install/manipulator_project/share/manipulator_project//config/build/robot_moveit_config/ament_cmake_core/stamps/templates_2_cmake.py.stamp
-- Installing: /home/tamir/manipulator_project/install/manipulator_project/share/manipulator_project//config/build/robot_moveit_config/ament_cmake_core/stamps/nameConfig-version.cmake.in.stamp
-- Installing: /home/tamir/manipulator_project/install/manipulator_project/share/manipulator_project//config/build/robot_moveit_config/ament_cmake_core/stamps/package.xml.stamp
-- Installing: /home/tamir/manipulator_project/install/manipulator_project/share/manipulator_project//config/build/robot_moveit_config/ament_cmake_core/stamps/path.sh.stamp
-- Installing: /home/tamir/manipulator_project/install/manipulator_project/share/manipulator_project//config/build/robot_moveit_config/ament_cmake_core/stamps/ament_prefix_path.sh.stamp
-- Installing: /home/tamir/manipulator_project/install/manipulator_project/share/manipulator_project//config/build/robot_moveit_config/CTestCustom.cmake
-- Installing: /home/tamir/manipulator_project/install/manipulator_project/share/manipulator_project//config/build/robot_moveit_config/colcon_build.rc
-- Installing: /home/tamir/manipulator_project/install/manipulator_project/share/manipulator_project//config/build/robot_moveit_config/ament_cmake_package_templates
-- Installing: /home/tamir/manipulator_project/install/manipulator_project/share/manipulator_project//config/build/robot_moveit_config/ament_cmake_package_templates/templates.cmake
-- Installing: /home/tamir/manipulator_project/install/manipulator_project/share/manipulator_project//config/build/robot_moveit_config/ament_cmake_environment_hooks
-- Installing: /home/tamir/manipulator_project/install/manipulator_project/share/manipulator_project//config/build/robot_moveit_config/ament_cmake_environment_hooks/local_setup.sh
-- Installing: /home/tamir/manipulator_project/install/manipulator_project/share/manipulator_project//config/build/robot_moveit_config/ament_cmake_environment_hooks/ament_prefix_path.dsv
-- Installing: /home/tamir/manipulator_project/install/manipulator_project/share/manipulator_project//config/build/robot_moveit_config/ament_cmake_environment_hooks/local_setup.zsh
-- Installing: /home/tamir/manipulator_project/install/manipulator_project/share/manipulator_project//config/build/robot_moveit_config/ament_cmake_environment_hooks/local_setup.dsv
-- Installing: /home/tamir/manipulator_project/install/manipulator_project/share/manipulator_project//config/build/robot_moveit_config/ament_cmake_environment_hooks/path.dsv
-- Installing: /home/tamir/manipulator_project/install/manipulator_project/share/manipulator_project//config/build/robot_moveit_config/ament_cmake_environment_hooks/local_setup.bash
-- Installing: /home/tamir/manipulator_project/install/manipulator_project/share/manipulator_project//config/build/robot_moveit_config/ament_cmake_environment_hooks/package.dsv
-- Installing: /home/tamir/manipulator_project/install/manipulator_project/share/manipulator_project//config/build/robot_moveit_config/CMakeFiles
-- Installing: /home/tamir/manipulator_project/install/manipulator_project/share/manipulator_project//config/build/robot_moveit_config/CMakeFiles/Makefile.cmake
-- Installing: /home/tamir/manipulator_project/install/manipulator_project/share/manipulator_project//config/build/robot_moveit_config/CMakeFiles/CMakeOutput.log
-- Installing: /home/tamir/manipulator_project/install/manipulator_project/share/manipulator_project//config/build/robot_moveit_config/CMakeFiles/robot_moveit_config_uninstall.dir
-- Installing: /home/tamir/manipulator_project/install/manipulator_project/share/manipulator_project//config/build/robot_moveit_config/CMakeFiles/robot_moveit_config_uninstall.dir/build.make
-- Installing: /home/tamir/manipulator_project/install/manipulator_project/share/manipulator_project//config/build/robot_moveit_config/CMakeFiles/robot_moveit_config_uninstall.dir/compiler_depend.make
-- Installing: /home/tamir/manipulator_project/install/manipulator_project/share/manipulator_project//config/build/robot_moveit_config/CMakeFiles/robot_moveit_config_uninstall.dir/progress.make
-- Installing: /home/tamir/manipulator_project/install/manipulator_project/share/manipulator_project//config/build/robot_moveit_config/CMakeFiles/robot_moveit_config_uninstall.dir/compiler_depend.ts
-- Installing: /home/tamir/manipulator_project/install/manipulator_project/share/manipulator_project//config/build/robot_moveit_config/CMakeFiles/robot_moveit_config_uninstall.dir/cmake_clean.cmake
-- Installing: /home/tamir/manipulator_project/install/manipulator_project/share/manipulator_project//config/build/robot_moveit_config/CMakeFiles/robot_moveit_config_uninstall.dir/DependInfo.cmake
-- Installing: /home/tamir/manipulator_project/install/manipulator_project/share/manipulator_project//config/build/robot_moveit_config/CMakeFiles/CMakeDirectoryInformation.cmake
-- Installing: /home/tamir/manipulator_project/install/manipulator_project/share/manipulator_project//config/build/robot_moveit_config/CMakeFiles/TargetDirectories.txt
-- Installing: /home/tamir/manipulator_project/install/manipulator_project/share/manipulator_project//config/build/robot_moveit_config/CMakeFiles/progress.marks
-- Installing: /home/tamir/manipulator_project/install/manipulator_project/share/manipulator_project//config/build/robot_moveit_config/CMakeFiles/CMakeTmp
-- Installing: /home/tamir/manipulator_project/install/manipulator_project/share/manipulator_project//config/build/robot_moveit_config/CMakeFiles/Makefile2
-- Installing: /home/tamir/manipulator_project/install/manipulator_project/share/manipulator_project//config/build/robot_moveit_config/CMakeFiles/uninstall.dir
-- Installing: /home/tamir/manipulator_project/install/manipulator_project/share/manipulator_project//config/build/robot_moveit_config/CMakeFiles/uninstall.dir/build.make
-- Installing: /home/tamir/manipulator_project/install/manipulator_project/share/manipulator_project//config/build/robot_moveit_config/CMakeFiles/uninstall.dir/compiler_depend.make
-- Installing: /home/tamir/manipulator_project/install/manipulator_project/share/manipulator_project//config/build/robot_moveit_config/CMakeFiles/uninstall.dir/progress.make
-- Installing: /home/tamir/manipulator_project/install/manipulator_project/share/manipulator_project//config/build/robot_moveit_config/CMakeFiles/uninstall.dir/compiler_depend.ts
-- Installing: /home/tamir/manipulator_project/install/manipulator_project/share/manipulator_project//config/build/robot_moveit_config/CMakeFiles/uninstall.dir/cmake_clean.cmake
-- Installing: /home/tamir/manipulator_project/install/manipulator_project/share/manipulator_project//config/build/robot_moveit_config/CMakeFiles/uninstall.dir/DependInfo.cmake
-- Installing: /home/tamir/manipulator_project/install/manipulator_project/share/manipulator_project//config/build/robot_moveit_config/CMakeFiles/3.22.1
-- Installing: /home/tamir/manipulator_project/install/manipulator_project/share/manipulator_project//config/build/robot_moveit_config/CMakeFiles/3.22.1/CMakeDetermineCompilerABI_CXX.bin
-- Installing: /home/tamir/manipulator_project/install/manipulator_project/share/manipulator_project//config/build/robot_moveit_config/CMakeFiles/3.22.1/CMakeSystem.cmake
-- Installing: /home/tamir/manipulator_project/install/manipulator_project/share/manipulator_project//config/build/robot_moveit_config/CMakeFiles/3.22.1/CMakeDetermineCompilerABI_C.bin
-- Installing: /home/tamir/manipulator_project/install/manipulator_project/share/manipulator_project//config/build/robot_moveit_config/CMakeFiles/3.22.1/CMakeCXXCompiler.cmake
-- Installing: /home/tamir/manipulator_project/install/manipulator_project/share/manipulator_project//config/build/robot_moveit_config/CMakeFiles/3.22.1/CMakeCCompiler.cmake
-- Installing: /home/tamir/manipulator_project/install/manipulator_project/share/manipulator_project//config/build/robot_moveit_config/CMakeFiles/3.22.1/CompilerIdCXX
-- Installing: /home/tamir/manipulator_project/install/manipulator_project/share/manipulator_project//config/build/robot_moveit_config/CMakeFiles/3.22.1/CompilerIdCXX/tmp
-- Installing: /home/tamir/manipulator_project/install/manipulator_project/share/manipulator_project//config/build/robot_moveit_config/CMakeFiles/3.22.1/CompilerIdCXX/a.out
-- Installing: /home/tamir/manipulator_project/install/manipulator_project/share/manipulator_project//config/build/robot_moveit_config/CMakeFiles/3.22.1/CompilerIdCXX/CMakeCXXCompilerId.cpp
-- Installing: /home/tamir/manipulator_project/install/manipulator_project/share/manipulator_project//config/build/robot_moveit_config/CMakeFiles/3.22.1/CompilerIdC
-- Installing: /home/tamir/manipulator_project/install/manipulator_project/share/manipulator_project//config/build/robot_moveit_config/CMakeFiles/3.22.1/CompilerIdC/tmp
-- Installing: /home/tamir/manipulator_project/install/manipulator_project/share/manipulator_project//config/build/robot_moveit_config/CMakeFiles/3.22.1/CompilerIdC/a.out
-- Installing: /home/tamir/manipulator_project/install/manipulator_project/share/manipulator_project//config/build/robot_moveit_config/CMakeFiles/3.22.1/CompilerIdC/CMakeCCompilerId.c
-- Installing: /home/tamir/manipulator_project/install/manipulator_project/share/manipulator_project//config/build/robot_moveit_config/CMakeFiles/cmake.check_cache
-- Installing: /home/tamir/manipulator_project/install/manipulator_project/share/manipulator_project//config/build/robot_moveit_config/CMakeFiles/CMakeRuleHashes.txt
-- Installing: /home/tamir/manipulator_project/install/manipulator_project/share/manipulator_project//config/build/robot_moveit_config/cmake_install.cmake
-- Installing: /home/tamir/manipulator_project/install/manipulator_project/share/manipulator_project//config/build/robot_moveit_config/CMakeCache.txt
-- Installing: /home/tamir/manipulator_project/install/manipulator_project/share/manipulator_project//config/build/robot_moveit_config/install_manifest.txt
-- Installing: /home/tamir/manipulator_project/install/manipulator_project/share/manipulator_project//config/build/robot_moveit_config/.cmake
-- Installing: /home/tamir/manipulator_project/install/manipulator_project/share/manipulator_project//config/build/robot_moveit_config/.cmake/api
-- Installing: /home/tamir/manipulator_project/install/manipulator_project/share/manipulator_project//config/build/robot_moveit_config/.cmake/api/v1
-- Installing: /home/tamir/manipulator_project/install/manipulator_project/share/manipulator_project//config/build/robot_moveit_config/.cmake/api/v1/reply
-- Installing: /home/tamir/manipulator_project/install/manipulator_project/share/manipulator_project//config/build/robot_moveit_config/.cmake/api/v1/reply/target-robot_moveit_config_uninstall-7eb40b38dc575ad11a88.json
-- Installing: /home/tamir/manipulator_project/install/manipulator_project/share/manipulator_project//config/build/robot_moveit_config/.cmake/api/v1/reply/target-uninstall-897f2a0d27ff0c94a00e.json
-- Installing: /home/tamir/manipulator_project/install/manipulator_project/share/manipulator_project//config/build/robot_moveit_config/.cmake/api/v1/reply/codemodel-v2-847cd24e50195569df5b.json
-- Installing: /home/tamir/manipulator_project/install/manipulator_project/share/manipulator_project//config/build/robot_moveit_config/.cmake/api/v1/reply/directory-.-c286217f675b59b72911.json
-- Installing: /home/tamir/manipulator_project/install/manipulator_project/share/manipulator_project//config/build/robot_moveit_config/.cmake/api/v1/reply/index-2025-01-24T22-04-20-0336.json
-- Installing: /home/tamir/manipulator_project/install/manipulator_project/share/manipulator_project//config/build/robot_moveit_config/.cmake/api/v1/query
-- Installing: /home/tamir/manipulator_project/install/manipulator_project/share/manipulator_project//config/build/robot_moveit_config/.cmake/api/v1/query/client-colcon-cmake
-- Installing: /home/tamir/manipulator_project/install/manipulator_project/share/manipulator_project//config/build/robot_moveit_config/.cmake/api/v1/query/client-colcon-cmake/codemodel-v2
-- Installing: /home/tamir/manipulator_project/install/manipulator_project/share/manipulator_project//config/build/robot_moveit_config/Makefile
-- Installing: /home/tamir/manipulator_project/install/manipulator_project/share/manipulator_project//config/build/.built_by
-- Installing: /home/tamir/manipulator_project/install/manipulator_project/share/manipulator_project//config/log
-- Installing: /home/tamir/manipulator_project/install/manipulator_project/share/manipulator_project//config/log/build_2025-01-24_23-55-14
-- Installing: /home/tamir/manipulator_project/install/manipulator_project/share/manipulator_project//config/log/build_2025-01-24_23-55-14/events.log
-- Installing: /home/tamir/manipulator_project/install/manipulator_project/share/manipulator_project//config/log/build_2025-01-24_23-55-14/robot_moveit_config
-- Installing: /home/tamir/manipulator_project/install/manipulator_project/share/manipulator_project//config/log/build_2025-01-24_23-55-14/robot_moveit_config/command.log
-- Installing: /home/tamir/manipulator_project/install/manipulator_project/share/manipulator_project//config/log/build_2025-01-24_23-55-14/robot_moveit_config/stderr.log
-- Installing: /home/tamir/manipulator_project/install/manipulator_project/share/manipulator_project//config/log/build_2025-01-24_23-55-14/robot_moveit_config/stdout_stderr.log
-- Installing: /home/tamir/manipulator_project/install/manipulator_project/share/manipulator_project//config/log/build_2025-01-24_23-55-14/robot_moveit_config/streams.log
-- Installing: /home/tamir/manipulator_project/install/manipulator_project/share/manipulator_project//config/log/build_2025-01-24_23-55-14/robot_moveit_config/stdout.log
-- Installing: /home/tamir/manipulator_project/install/manipulator_project/share/manipulator_project//config/log/build_2025-01-24_23-55-14/logger_all.log
-- Installing: /home/tamir/manipulator_project/install/manipulator_project/share/manipulator_project//config/log/build_2025-01-24_23-47-51
-- Installing: /home/tamir/manipulator_project/install/manipulator_project/share/manipulator_project//config/log/build_2025-01-24_23-47-51/events.log
-- Installing: /home/tamir/manipulator_project/install/manipulator_project/share/manipulator_project//config/log/build_2025-01-24_23-47-51/robot_moveit_config
-- Installing: /home/tamir/manipulator_project/install/manipulator_project/share/manipulator_project//config/log/build_2025-01-24_23-47-51/robot_moveit_config/command.log
-- Installing: /home/tamir/manipulator_project/install/manipulator_project/share/manipulator_project//config/log/build_2025-01-24_23-47-51/robot_moveit_config/stderr.log
-- Installing: /home/tamir/manipulator_project/install/manipulator_project/share/manipulator_project//config/log/build_2025-01-24_23-47-51/robot_moveit_config/stdout_stderr.log
-- Installing: /home/tamir/manipulator_project/install/manipulator_project/share/manipulator_project//config/log/build_2025-01-24_23-47-51/robot_moveit_config/streams.log
-- Installing: /home/tamir/manipulator_project/install/manipulator_project/share/manipulator_project//config/log/build_2025-01-24_23-47-51/robot_moveit_config/stdout.log
-- Installing: /home/tamir/manipulator_project/install/manipulator_project/share/manipulator_project//config/log/build_2025-01-24_23-47-51/logger_all.log
-- Installing: /home/tamir/manipulator_project/install/manipulator_project/share/manipulator_project//config/log/build_2025-01-25_00-04-19
-- Installing: /home/tamir/manipulator_project/install/manipulator_project/share/manipulator_project//config/log/build_2025-01-25_00-04-19/events.log
-- Installing: /home/tamir/manipulator_project/install/manipulator_project/share/manipulator_project//config/log/build_2025-01-25_00-04-19/robot_moveit_config
-- Installing: /home/tamir/manipulator_project/install/manipulator_project/share/manipulator_project//config/log/build_2025-01-25_00-04-19/robot_moveit_config/command.log
-- Installing: /home/tamir/manipulator_project/install/manipulator_project/share/manipulator_project//config/log/build_2025-01-25_00-04-19/robot_moveit_config/stderr.log
-- Installing: /home/tamir/manipulator_project/install/manipulator_project/share/manipulator_project//config/log/build_2025-01-25_00-04-19/robot_moveit_config/stdout_stderr.log
-- Installing: /home/tamir/manipulator_project/install/manipulator_project/share/manipulator_project//config/log/build_2025-01-25_00-04-19/robot_moveit_config/streams.log
-- Installing: /home/tamir/manipulator_project/install/manipulator_project/share/manipulator_project//config/log/build_2025-01-25_00-04-19/robot_moveit_config/stdout.log
-- Installing: /home/tamir/manipulator_project/install/manipulator_project/share/manipulator_project//config/log/build_2025-01-25_00-04-19/logger_all.log
-- Installing: /home/tamir/manipulator_project/install/manipulator_project/share/manipulator_project//config/log/COLCON_IGNORE
-- Installing: /home/tamir/manipulator_project/install/manipulator_project/share/manipulator_project//config/log/build_2025-01-25_00-05-01
-- Installing: /home/tamir/manipulator_project/install/manipulator_project/share/manipulator_project//config/log/build_2025-01-25_00-05-01/events.log
-- Installing: /home/tamir/manipulator_project/install/manipulator_project/share/manipulator_project//config/log/build_2025-01-25_00-05-01/robot_moveit_config
-- Installing: /home/tamir/manipulator_project/install/manipulator_project/share/manipulator_project//config/log/build_2025-01-25_00-05-01/robot_moveit_config/command.log
-- Installing: /home/tamir/manipulator_project/install/manipulator_project/share/manipulator_project//config/log/build_2025-01-25_00-05-01/robot_moveit_config/stderr.log
-- Installing: /home/tamir/manipulator_project/install/manipulator_project/share/manipulator_project//config/log/build_2025-01-25_00-05-01/robot_moveit_config/stdout_stderr.log
-- Installing: /home/tamir/manipulator_project/install/manipulator_project/share/manipulator_project//config/log/build_2025-01-25_00-05-01/robot_moveit_config/streams.log
-- Installing: /home/tamir/manipulator_project/install/manipulator_project/share/manipulator_project//config/log/build_2025-01-25_00-05-01/robot_moveit_config/stdout.log
-- Installing: /home/tamir/manipulator_project/install/manipulator_project/share/manipulator_project//config/log/build_2025-01-25_00-05-01/logger_all.log
-- Installing: /home/tamir/manipulator_project/install/manipulator_project/share/manipulator_project//config/log/build_2025-01-24_23-57-32
-- Installing: /home/tamir/manipulator_project/install/manipulator_project/share/manipulator_project//config/log/build_2025-01-24_23-57-32/events.log
-- Installing: /home/tamir/manipulator_project/install/manipulator_project/share/manipulator_project//config/log/build_2025-01-24_23-57-32/robot_moveit_config
-- Installing: /home/tamir/manipulator_project/install/manipulator_project/share/manipulator_project//config/log/build_2025-01-24_23-57-32/robot_moveit_config/command.log
-- Installing: /home/tamir/manipulator_project/install/manipulator_project/share/manipulator_project//config/log/build_2025-01-24_23-57-32/robot_moveit_config/stderr.log
-- Installing: /home/tamir/manipulator_project/install/manipulator_project/share/manipulator_project//config/log/build_2025-01-24_23-57-32/robot_moveit_config/stdout_stderr.log
-- Installing: /home/tamir/manipulator_project/install/manipulator_project/share/manipulator_project//config/log/build_2025-01-24_23-57-32/robot_moveit_config/streams.log
-- Installing: /home/tamir/manipulator_project/install/manipulator_project/share/manipulator_project//config/log/build_2025-01-24_23-57-32/robot_moveit_config/stdout.log
-- Installing: /home/tamir/manipulator_project/install/manipulator_project/share/manipulator_project//config/log/build_2025-01-24_23-57-32/logger_all.log
-- Installing: /home/tamir/manipulator_project/install/manipulator_project/share/manipulator_project//config/log/latest
-- Installing: /home/tamir/manipulator_project/install/manipulator_project/share/manipulator_project//config/log/latest_build
-- Installing: /home/tamir/manipulator_project/install/manipulator_project/share/manipulator_project//config/install
-- Installing: /home/tamir/manipulator_project/install/manipulator_project/share/manipulator_project//config/install/setup.ps1
-- Installing: /home/tamir/manipulator_project/install/manipulator_project/share/manipulator_project//config/install/setup.zsh
-- Installing: /home/tamir/manipulator_project/install/manipulator_project/share/manipulator_project//config/install/local_setup.sh
-- Installing: /home/tamir/manipulator_project/install/manipulator_project/share/manipulator_project//config/install/_local_setup_util_ps1.py
-- Installing: /home/tamir/manipulator_project/install/manipulator_project/share/manipulator_project//config/install/COLCON_IGNORE
-- Installing: /home/tamir/manipulator_project/install/manipulator_project/share/manipulator_project//config/install/robot_moveit_config
-- Installing: /home/tamir/manipulator_project/install/manipulator_project/share/manipulator_project//config/install/robot_moveit_config/share
-- Installing: /home/tamir/manipulator_project/install/manipulator_project/share/manipulator_project//config/install/robot_moveit_config/share/robot_moveit_config
-- Installing: /home/tamir/manipulator_project/install/manipulator_project/share/manipulator_project//config/install/robot_moveit_config/share/robot_moveit_config/package.zsh
-- Installing: /home/tamir/manipulator_project/install/manipulator_project/share/manipulator_project//config/install/robot_moveit_config/share/robot_moveit_config/package.xml
-- Installing: /home/tamir/manipulator_project/install/manipulator_project/share/manipulator_project//config/install/robot_moveit_config/share/robot_moveit_config/local_setup.sh
-- Installing: /home/tamir/manipulator_project/install/manipulator_project/share/manipulator_project//config/install/robot_moveit_config/share/robot_moveit_config/launch
-- Installing: /home/tamir/manipulator_project/install/manipulator_project/share/manipulator_project//config/install/robot_moveit_config/share/robot_moveit_config/launch/__pycache__
-- Installing: /home/tamir/manipulator_project/install/manipulator_project/share/manipulator_project//config/install/robot_moveit_config/share/robot_moveit_config/launch/__pycache__/move_group.launch.cpython-310.pyc
-- Installing: /home/tamir/manipulator_project/install/manipulator_project/share/manipulator_project//config/install/robot_moveit_config/share/robot_moveit_config/launch/__pycache__/moveit_rviz.launch.cpython-310.pyc
-- Installing: /home/tamir/manipulator_project/install/manipulator_project/share/manipulator_project//config/install/robot_moveit_config/share/robot_moveit_config/launch/__pycache__/spawn_controllers.launch.cpython-310.pyc
-- Installing: /home/tamir/manipulator_project/install/manipulator_project/share/manipulator_project//config/install/robot_moveit_config/share/robot_moveit_config/launch/__pycache__/rsp.launch.cpython-310.pyc
-- Installing: /home/tamir/manipulator_project/install/manipulator_project/share/manipulator_project//config/install/robot_moveit_config/share/robot_moveit_config/launch/__pycache__/static_virtual_joint_tfs.launch.cpython-310.pyc
-- Installing: /home/tamir/manipulator_project/install/manipulator_project/share/manipulator_project//config/install/robot_moveit_config/share/robot_moveit_config/launch/__pycache__/demo.launch.cpython-310.pyc
-- Installing: /home/tamir/manipulator_project/install/manipulator_project/share/manipulator_project//config/install/robot_moveit_config/share/robot_moveit_config/launch/__pycache__/warehouse_db.launch.cpython-310.pyc
-- Installing: /home/tamir/manipulator_project/install/manipulator_project/share/manipulator_project//config/install/robot_moveit_config/share/robot_moveit_config/launch/setup_assistant.launch.py
-- Installing: /home/tamir/manipulator_project/install/manipulator_project/share/manipulator_project//config/install/robot_moveit_config/share/robot_moveit_config/launch/move_group.launch.py
-- Installing: /home/tamir/manipulator_project/install/manipulator_project/share/manipulator_project//config/install/robot_moveit_config/share/robot_moveit_config/launch/moveit_rviz.launch.py
-- Installing: /home/tamir/manipulator_project/install/manipulator_project/share/manipulator_project//config/install/robot_moveit_config/share/robot_moveit_config/launch/demo.launch.py
-- Installing: /home/tamir/manipulator_project/install/manipulator_project/share/manipulator_project//config/install/robot_moveit_config/share/robot_moveit_config/launch/static_virtual_joint_tfs.launch.py
-- Installing: /home/tamir/manipulator_project/install/manipulator_project/share/manipulator_project//config/install/robot_moveit_config/share/robot_moveit_config/launch/warehouse_db.launch.py
-- Installing: /home/tamir/manipulator_project/install/manipulator_project/share/manipulator_project//config/install/robot_moveit_config/share/robot_moveit_config/launch/spawn_controllers.launch.py
-- Installing: /home/tamir/manipulator_project/install/manipulator_project/share/manipulator_project//config/install/robot_moveit_config/share/robot_moveit_config/launch/rsp.launch.py
-- Installing: /home/tamir/manipulator_project/install/manipulator_project/share/manipulator_project//config/install/robot_moveit_config/share/robot_moveit_config/environment
-- Installing: /home/tamir/manipulator_project/install/manipulator_project/share/manipulator_project//config/install/robot_moveit_config/share/robot_moveit_config/environment/ament_prefix_path.sh
-- Installing: /home/tamir/manipulator_project/install/manipulator_project/share/manipulator_project//config/install/robot_moveit_config/share/robot_moveit_config/environment/path.sh
-- Installing: /home/tamir/manipulator_project/install/manipulator_project/share/manipulator_project//config/install/robot_moveit_config/share/robot_moveit_config/environment/ament_prefix_path.dsv
-- Installing: /home/tamir/manipulator_project/install/manipulator_project/share/manipulator_project//config/install/robot_moveit_config/share/robot_moveit_config/environment/path.dsv
-- Installing: /home/tamir/manipulator_project/install/manipulator_project/share/manipulator_project//config/install/robot_moveit_config/share/robot_moveit_config/cmake
-- Installing: /home/tamir/manipulator_project/install/manipulator_project/share/manipulator_project//config/install/robot_moveit_config/share/robot_moveit_config/cmake/robot_moveit_configConfig-version.cmake
-- Installing: /home/tamir/manipulator_project/install/manipulator_project/share/manipulator_project//config/install/robot_moveit_config/share/robot_moveit_config/cmake/robot_moveit_configConfig.cmake
-- Installing: /home/tamir/manipulator_project/install/manipulator_project/share/manipulator_project//config/install/robot_moveit_config/share/robot_moveit_config/package.ps1
-- Installing: /home/tamir/manipulator_project/install/manipulator_project/share/manipulator_project//config/install/robot_moveit_config/share/robot_moveit_config/config
-- Installing: /home/tamir/manipulator_project/install/manipulator_project/share/manipulator_project//config/install/robot_moveit_config/share/robot_moveit_config/config/moveit_controllers.yaml
-- Installing: /home/tamir/manipulator_project/install/manipulator_project/share/manipulator_project//config/install/robot_moveit_config/share/robot_moveit_config/config/kinematics.yaml
-- Installing: /home/tamir/manipulator_project/install/manipulator_project/share/manipulator_project//config/install/robot_moveit_config/share/robot_moveit_config/config/manipulator_robot.ros2_control.xacro
-- Installing: /home/tamir/manipulator_project/install/manipulator_project/share/manipulator_project//config/install/robot_moveit_config/share/robot_moveit_config/config/ros2_controllers.yaml
-- Installing: /home/tamir/manipulator_project/install/manipulator_project/share/manipulator_project//config/install/robot_moveit_config/share/robot_moveit_config/config/joint_limits.yaml
-- Installing: /home/tamir/manipulator_project/install/manipulator_project/share/manipulator_project//config/install/robot_moveit_config/share/robot_moveit_config/config/moveit.rviz
-- Installing: /home/tamir/manipulator_project/install/manipulator_project/share/manipulator_project//config/install/robot_moveit_config/share/robot_moveit_config/config/manipulator_robot.srdf
-- Installing: /home/tamir/manipulator_project/install/manipulator_project/share/manipulator_project//config/install/robot_moveit_config/share/robot_moveit_config/config/sensors_3d.yaml
-- Installing: /home/tamir/manipulator_project/install/manipulator_project/share/manipulator_project//config/install/robot_moveit_config/share/robot_moveit_config/config/manipulator_robot.urdf.xacro
-- Installing: /home/tamir/manipulator_project/install/manipulator_project/share/manipulator_project//config/install/robot_moveit_config/share/robot_moveit_config/config/pilz_cartesian_limits.yaml
-- Installing: /home/tamir/manipulator_project/install/manipulator_project/share/manipulator_project//config/install/robot_moveit_config/share/robot_moveit_config/config/initial_positions.yaml
-- Installing: /home/tamir/manipulator_project/install/manipulator_project/share/manipulator_project//config/install/robot_moveit_config/share/robot_moveit_config/local_setup.zsh
-- Installing: /home/tamir/manipulator_project/install/manipulator_project/share/manipulator_project//config/install/robot_moveit_config/share/robot_moveit_config/local_setup.dsv
-- Installing: /home/tamir/manipulator_project/install/manipulator_project/share/manipulator_project//config/install/robot_moveit_config/share/robot_moveit_config/package.sh
-- Installing: /home/tamir/manipulator_project/install/manipulator_project/share/manipulator_project//config/install/robot_moveit_config/share/robot_moveit_config/hook
-- Installing: /home/tamir/manipulator_project/install/manipulator_project/share/manipulator_project//config/install/robot_moveit_config/share/robot_moveit_config/hook/cmake_prefix_path.dsv
-- Installing: /home/tamir/manipulator_project/install/manipulator_project/share/manipulator_project//config/install/robot_moveit_config/share/robot_moveit_config/hook/cmake_prefix_path.sh
-- Installing: /home/tamir/manipulator_project/install/manipulator_project/share/manipulator_project//config/install/robot_moveit_config/share/robot_moveit_config/hook/cmake_prefix_path.ps1
-- Installing: /home/tamir/manipulator_project/install/manipulator_project/share/manipulator_project//config/install/robot_moveit_config/share/robot_moveit_config/local_setup.bash
-- Installing: /home/tamir/manipulator_project/install/manipulator_project/share/manipulator_project//config/install/robot_moveit_config/share/robot_moveit_config/package.dsv
-- Installing: /home/tamir/manipulator_project/install/manipulator_project/share/manipulator_project//config/install/robot_moveit_config/share/robot_moveit_config/.setup_assistant
-- Installing: /home/tamir/manipulator_project/install/manipulator_project/share/manipulator_project//config/install/robot_moveit_config/share/robot_moveit_config/package.bash
-- Installing: /home/tamir/manipulator_project/install/manipulator_project/share/manipulator_project//config/install/robot_moveit_config/share/colcon-core
-- Installing: /home/tamir/manipulator_project/install/manipulator_project/share/manipulator_project//config/install/robot_moveit_config/share/colcon-core/packages
-- Installing: /home/tamir/manipulator_project/install/manipulator_project/share/manipulator_project//config/install/robot_moveit_config/share/colcon-core/packages/robot_moveit_config
-- Installing: /home/tamir/manipulator_project/install/manipulator_project/share/manipulator_project//config/install/robot_moveit_config/share/ament_index
-- Installing: /home/tamir/manipulator_project/install/manipulator_project/share/manipulator_project//config/install/robot_moveit_config/share/ament_index/resource_index
-- Installing: /home/tamir/manipulator_project/install/manipulator_project/share/manipulator_project//config/install/robot_moveit_config/share/ament_index/resource_index/package_run_dependencies
-- Installing: /home/tamir/manipulator_project/install/manipulator_project/share/manipulator_project//config/install/robot_moveit_config/share/ament_index/resource_index/package_run_dependencies/robot_moveit_config
-- Installing: /home/tamir/manipulator_project/install/manipulator_project/share/manipulator_project//config/install/robot_moveit_config/share/ament_index/resource_index/packages
-- Installing: /home/tamir/manipulator_project/install/manipulator_project/share/manipulator_project//config/install/robot_moveit_config/share/ament_index/resource_index/packages/robot_moveit_config
-- Installing: /home/tamir/manipulator_project/install/manipulator_project/share/manipulator_project//config/install/robot_moveit_config/share/ament_index/resource_index/parent_prefix_path
-- Installing: /home/tamir/manipulator_project/install/manipulator_project/share/manipulator_project//config/install/robot_moveit_config/share/ament_index/resource_index/parent_prefix_path/robot_moveit_config
-- Installing: /home/tamir/manipulator_project/install/manipulator_project/share/manipulator_project//config/install/.colcon_install_layout
-- Installing: /home/tamir/manipulator_project/install/manipulator_project/share/manipulator_project//config/install/setup.sh
-- Installing: /home/tamir/manipulator_project/install/manipulator_project/share/manipulator_project//config/install/setup.bash
-- Installing: /home/tamir/manipulator_project/install/manipulator_project/share/manipulator_project//config/install/local_setup.zsh
-- Installing: /home/tamir/manipulator_project/install/manipulator_project/share/manipulator_project//config/install/local_setup.ps1
-- Installing: /home/tamir/manipulator_project/install/manipulator_project/share/manipulator_project//config/install/local_setup.bash
-- Installing: /home/tamir/manipulator_project/install/manipulator_project/share/manipulator_project//config/install/_local_setup_util_sh.py
-- Up-to-date: /home/tamir/manipulator_project/install/manipulator_project/share/manipulator_project//launch
-- Up-to-date: /home/tamir/manipulator_project/install/manipulator_project/share/manipulator_project//launch/simulation.launch.py
-- Up-to-date: /home/tamir/manipulator_project/install/manipulator_project/share/manipulator_project//launch/rviz_urdf_check.launch.py
-- Up-to-date: /home/tamir/manipulator_project/install/manipulator_project/share/manipulator_project//urdf
-- Up-to-date: /home/tamir/manipulator_project/install/manipulator_project/share/manipulator_project//urdf/manipulator_model.urdf.xacro
-- Up-to-date: /home/tamir/manipulator_project/install/manipulator_project/share/manipulator_project//urdf/build
-- Up-to-date: /home/tamir/manipulator_project/install/manipulator_project/share/manipulator_project//urdf/build/COLCON_IGNORE
-- Up-to-date: /home/tamir/manipulator_project/install/manipulator_project/share/manipulator_project//urdf/build/.built_by
-- Up-to-date: /home/tamir/manipulator_project/install/manipulator_project/share/manipulator_project//urdf/log
-- Up-to-date: /home/tamir/manipulator_project/install/manipulator_project/share/manipulator_project//urdf/log/COLCON_IGNORE
-- Up-to-date: /home/tamir/manipulator_project/install/manipulator_project/share/manipulator_project//urdf/log/latest
-- Up-to-date: /home/tamir/manipulator_project/install/manipulator_project/share/manipulator_project//urdf/log/latest_build
-- Up-to-date: /home/tamir/manipulator_project/install/manipulator_project/share/manipulator_project//urdf/log/build_2025-01-24_23-38-41
-- Up-to-date: /home/tamir/manipulator_project/install/manipulator_project/share/manipulator_project//urdf/log/build_2025-01-24_23-38-41/events.log
-- Up-to-date: /home/tamir/manipulator_project/install/manipulator_project/share/manipulator_project//urdf/log/build_2025-01-24_23-38-41/logger_all.log
-- Up-to-date: /home/tamir/manipulator_project/install/manipulator_project/share/manipulator_project//urdf/install
-- Up-to-date: /home/tamir/manipulator_project/install/manipulator_project/share/manipulator_project//urdf/install/setup.ps1
-- Up-to-date: /home/tamir/manipulator_project/install/manipulator_project/share/manipulator_project//urdf/install/setup.zsh
-- Up-to-date: /home/tamir/manipulator_project/install/manipulator_project/share/manipulator_project//urdf/install/local_setup.sh
-- Up-to-date: /home/tamir/manipulator_project/install/manipulator_project/share/manipulator_project//urdf/install/_local_setup_util_ps1.py
-- Up-to-date: /home/tamir/manipulator_project/install/manipulator_project/share/manipulator_project//urdf/install/COLCON_IGNORE
-- Up-to-date: /home/tamir/manipulator_project/install/manipulator_project/share/manipulator_project//urdf/install/.colcon_install_layout
-- Up-to-date: /home/tamir/manipulator_project/install/manipulator_project/share/manipulator_project//urdf/install/setup.sh
-- Up-to-date: /home/tamir/manipulator_project/install/manipulator_project/share/manipulator_project//urdf/install/setup.bash
-- Up-to-date: /home/tamir/manipulator_project/install/manipulator_project/share/manipulator_project//urdf/install/local_setup.zsh
-- Up-to-date: /home/tamir/manipulator_project/install/manipulator_project/share/manipulator_project//urdf/install/local_setup.ps1
-- Up-to-date: /home/tamir/manipulator_project/install/manipulator_project/share/manipulator_project//urdf/install/local_setup.bash
-- Up-to-date: /home/tamir/manipulator_project/install/manipulator_project/share/manipulator_project//urdf/install/_local_setup_util_sh.py
-- Up-to-date: /home/tamir/manipulator_project/install/manipulator_project/share/ament_index/resource_index/package_run_dependencies/manipulator_project
-- Up-to-date: /home/tamir/manipulator_project/install/manipulator_project/share/ament_index/resource_index/parent_prefix_path/manipulator_project
-- Up-to-date: /home/tamir/manipulator_project/install/manipulator_project/share/manipulator_project/environment/ament_prefix_path.sh
-- Up-to-date: /home/tamir/manipulator_project/install/manipulator_project/share/manipulator_project/environment/ament_prefix_path.dsv
-- Up-to-date: /home/tamir/manipulator_project/install/manipulator_project/share/manipulator_project/environment/path.sh
-- Up-to-date: /home/tamir/manipulator_project/install/manipulator_project/share/manipulator_project/environment/path.dsv
-- Up-to-date: /home/tamir/manipulator_project/install/manipulator_project/share/manipulator_project/local_setup.bash
-- Up-to-date: /home/tamir/manipulator_project/install/manipulator_project/share/manipulator_project/local_setup.sh
-- Up-to-date: /home/tamir/manipulator_project/install/manipulator_project/share/manipulator_project/local_setup.zsh
-- Up-to-date: /home/tamir/manipulator_project/install/manipulator_project/share/manipulator_project/local_setup.dsv
-- Installing: /home/tamir/manipulator_project/install/manipulator_project/share/manipulator_project/package.dsv
-- Up-to-date: /home/tamir/manipulator_project/install/manipulator_project/share/ament_index/resource_index/packages/manipulator_project
-- Up-to-date: /home/tamir/manipulator_project/install/manipulator_project/share/manipulator_project/cmake/manipulator_projectConfig.cmake
-- Up-to-date: /home/tamir/manipulator_project/install/manipulator_project/share/manipulator_project/cmake/manipulator_projectConfig-version.cmake
-- Up-to-date: /home/tamir/manipulator_project/install/manipulator_project/share/manipulator_project/package.xml
