[0.014s] Invoking command in '/home/tamir/manipulator_project/config/build/moveit_robot_config': CMAKE_PREFIX_PATH=${CMAKE_PREFIX_PATH}:/home/tamir/ros2_ws/install/turtle_spawner:/home/tamir/ros2_ws/install/turtle_controller:/home/tamir/ros2_ws/install/my_py_pkg:/home/tamir/autonomous_robot/autonomous_robot_control/install/control_hardware:/home/tamir/autonomous_robot/autonomous_robot_control/install/calc_odom:/home/tamir/ws_moveit2/install/moveit_configs_utils:/home/tamir/ws_moveit2/install/launch_param_builder:/home/tamir/autonomous_robot/install/calc_odom:/home/tamir/autonomous_robot/install/control_hardware:/home/tamir/autonomous_robot/autonomous_robot_control/src/control_hardware/install/control_hardware:/opt/ros/humble /usr/bin/cmake --build /home/tamir/manipulator_project/config/build/moveit_robot_config -- -j12 -l12
[0.054s] Invoked command in '/home/tamir/manipulator_project/config/build/moveit_robot_config' returned '0': CMAKE_PREFIX_PATH=${CMAKE_PREFIX_PATH}:/home/tamir/ros2_ws/install/turtle_spawner:/home/tamir/ros2_ws/install/turtle_controller:/home/tamir/ros2_ws/install/my_py_pkg:/home/tamir/autonomous_robot/autonomous_robot_control/install/control_hardware:/home/tamir/autonomous_robot/autonomous_robot_control/install/calc_odom:/home/tamir/ws_moveit2/install/moveit_configs_utils:/home/tamir/ws_moveit2/install/launch_param_builder:/home/tamir/autonomous_robot/install/calc_odom:/home/tamir/autonomous_robot/install/control_hardware:/home/tamir/autonomous_robot/autonomous_robot_control/src/control_hardware/install/control_hardware:/opt/ros/humble /usr/bin/cmake --build /home/tamir/manipulator_project/config/build/moveit_robot_config -- -j12 -l12
[0.064s] Invoking command in '/home/tamir/manipulator_project/config/build/moveit_robot_config': CMAKE_PREFIX_PATH=${CMAKE_PREFIX_PATH}:/home/tamir/ros2_ws/install/turtle_spawner:/home/tamir/ros2_ws/install/turtle_controller:/home/tamir/ros2_ws/install/my_py_pkg:/home/tamir/autonomous_robot/autonomous_robot_control/install/control_hardware:/home/tamir/autonomous_robot/autonomous_robot_control/install/calc_odom:/home/tamir/ws_moveit2/install/moveit_configs_utils:/home/tamir/ws_moveit2/install/launch_param_builder:/home/tamir/autonomous_robot/install/calc_odom:/home/tamir/autonomous_robot/install/control_hardware:/home/tamir/autonomous_robot/autonomous_robot_control/src/control_hardware/install/control_hardware:/opt/ros/humble /usr/bin/cmake --install /home/tamir/manipulator_project/config/build/moveit_robot_config
[0.070s] -- Install configuration: ""
[0.070s] -- Up-to-date: /home/tamir/manipulator_project/config/install/moveit_robot_config/share/ament_index/resource_index/package_run_dependencies/moveit_robot_config
[0.070s] -- Up-to-date: /home/tamir/manipulator_project/config/install/moveit_robot_config/share/ament_index/resource_index/parent_prefix_path/moveit_robot_config
[0.070s] -- Up-to-date: /home/tamir/manipulator_project/config/install/moveit_robot_config/share/moveit_robot_config/environment/ament_prefix_path.sh
[0.070s] -- Up-to-date: /home/tamir/manipulator_project/config/install/moveit_robot_config/share/moveit_robot_config/environment/ament_prefix_path.dsv
[0.071s] -- Up-to-date: /home/tamir/manipulator_project/config/install/moveit_robot_config/share/moveit_robot_config/environment/path.sh
[0.071s] -- Up-to-date: /home/tamir/manipulator_project/config/install/moveit_robot_config/share/moveit_robot_config/environment/path.dsv
[0.071s] -- Up-to-date: /home/tamir/manipulator_project/config/install/moveit_robot_config/share/moveit_robot_config/local_setup.bash
[0.071s] -- Up-to-date: /home/tamir/manipulator_project/config/install/moveit_robot_config/share/moveit_robot_config/local_setup.sh
[0.071s] -- Up-to-date: /home/tamir/manipulator_project/config/install/moveit_robot_config/share/moveit_robot_config/local_setup.zsh
[0.071s] -- Up-to-date: /home/tamir/manipulator_project/config/install/moveit_robot_config/share/moveit_robot_config/local_setup.dsv
[0.071s] -- Installing: /home/tamir/manipulator_project/config/install/moveit_robot_config/share/moveit_robot_config/package.dsv
[0.071s] -- Up-to-date: /home/tamir/manipulator_project/config/install/moveit_robot_config/share/ament_index/resource_index/packages/moveit_robot_config
[0.071s] -- Up-to-date: /home/tamir/manipulator_project/config/install/moveit_robot_config/share/moveit_robot_config/cmake/moveit_robot_configConfig.cmake
[0.071s] -- Up-to-date: /home/tamir/manipulator_project/config/install/moveit_robot_config/share/moveit_robot_config/cmake/moveit_robot_configConfig-version.cmake
[0.072s] -- Up-to-date: /home/tamir/manipulator_project/config/install/moveit_robot_config/share/moveit_robot_config/package.xml
[0.072s] -- Up-to-date: /home/tamir/manipulator_project/config/install/moveit_robot_config/share/moveit_robot_config/launch
[0.072s] -- Up-to-date: /home/tamir/manipulator_project/config/install/moveit_robot_config/share/moveit_robot_config/launch/__pycache__
[0.072s] -- Up-to-date: /home/tamir/manipulator_project/config/install/moveit_robot_config/share/moveit_robot_config/launch/__pycache__/move_group.launch.cpython-310.pyc
[0.072s] -- Up-to-date: /home/tamir/manipulator_project/config/install/moveit_robot_config/share/moveit_robot_config/launch/__pycache__/moveit_rviz.launch.cpython-310.pyc
[0.072s] -- Up-to-date: /home/tamir/manipulator_project/config/install/moveit_robot_config/share/moveit_robot_config/launch/__pycache__/demo.launch.cpython-310.pyc
[0.073s] -- Up-to-date: /home/tamir/manipulator_project/config/install/moveit_robot_config/share/moveit_robot_config/launch/setup_assistant.launch.py
[0.073s] -- Up-to-date: /home/tamir/manipulator_project/config/install/moveit_robot_config/share/moveit_robot_config/launch/move_group.launch.py
[0.073s] -- Up-to-date: /home/tamir/manipulator_project/config/install/moveit_robot_config/share/moveit_robot_config/launch/moveit_rviz.launch.py
[0.073s] -- Up-to-date: /home/tamir/manipulator_project/config/install/moveit_robot_config/share/moveit_robot_config/launch/demo.launch.py
[0.073s] -- Up-to-date: /home/tamir/manipulator_project/config/install/moveit_robot_config/share/moveit_robot_config/launch/static_virtual_joint_tfs.launch.py
[0.074s] -- Up-to-date: /home/tamir/manipulator_project/config/install/moveit_robot_config/share/moveit_robot_config/launch/warehouse_db.launch.py
[0.074s] -- Up-to-date: /home/tamir/manipulator_project/config/install/moveit_robot_config/share/moveit_robot_config/launch/build
[0.074s] -- Up-to-date: /home/tamir/manipulator_project/config/install/moveit_robot_config/share/moveit_robot_config/launch/build/COLCON_IGNORE
[0.074s] -- Up-to-date: /home/tamir/manipulator_project/config/install/moveit_robot_config/share/moveit_robot_config/launch/build/.built_by
[0.074s] -- Up-to-date: /home/tamir/manipulator_project/config/install/moveit_robot_config/share/moveit_robot_config/launch/log
[0.075s] -- Up-to-date: /home/tamir/manipulator_project/config/install/moveit_robot_config/share/moveit_robot_config/launch/log/COLCON_IGNORE
[0.075s] -- Up-to-date: /home/tamir/manipulator_project/config/install/moveit_robot_config/share/moveit_robot_config/launch/log/build_2025-01-22_15-48-35
[0.075s] -- Up-to-date: /home/tamir/manipulator_project/config/install/moveit_robot_config/share/moveit_robot_config/launch/log/build_2025-01-22_15-48-35/events.log
[0.075s] -- Up-to-date: /home/tamir/manipulator_project/config/install/moveit_robot_config/share/moveit_robot_config/launch/log/build_2025-01-22_15-48-35/logger_all.log
[0.075s] -- Up-to-date: /home/tamir/manipulator_project/config/install/moveit_robot_config/share/moveit_robot_config/launch/log/latest
[0.075s] -- Up-to-date: /home/tamir/manipulator_project/config/install/moveit_robot_config/share/moveit_robot_config/launch/log/latest_build
[0.076s] -- Up-to-date: /home/tamir/manipulator_project/config/install/moveit_robot_config/share/moveit_robot_config/launch/log/build_2025-01-23_20-15-38
[0.076s] -- Up-to-date: /home/tamir/manipulator_project/config/install/moveit_robot_config/share/moveit_robot_config/launch/log/build_2025-01-23_20-15-38/events.log
[0.076s] -- Up-to-date: /home/tamir/manipulator_project/config/install/moveit_robot_config/share/moveit_robot_config/launch/log/build_2025-01-23_20-15-38/logger_all.log
[0.076s] -- Up-to-date: /home/tamir/manipulator_project/config/install/moveit_robot_config/share/moveit_robot_config/launch/spawn_controllers.launch.py
[0.076s] -- Up-to-date: /home/tamir/manipulator_project/config/install/moveit_robot_config/share/moveit_robot_config/launch/rsp.launch.py
[0.076s] -- Up-to-date: /home/tamir/manipulator_project/config/install/moveit_robot_config/share/moveit_robot_config/launch/install
[0.076s] -- Up-to-date: /home/tamir/manipulator_project/config/install/moveit_robot_config/share/moveit_robot_config/launch/install/setup.ps1
[0.076s] -- Up-to-date: /home/tamir/manipulator_project/config/install/moveit_robot_config/share/moveit_robot_config/launch/install/setup.zsh
[0.076s] -- Up-to-date: /home/tamir/manipulator_project/config/install/moveit_robot_config/share/moveit_robot_config/launch/install/local_setup.sh
[0.077s] -- Up-to-date: /home/tamir/manipulator_project/config/install/moveit_robot_config/share/moveit_robot_config/launch/install/_local_setup_util_ps1.py
[0.077s] -- Up-to-date: /home/tamir/manipulator_project/config/install/moveit_robot_config/share/moveit_robot_config/launch/install/COLCON_IGNORE
[0.077s] -- Up-to-date: /home/tamir/manipulator_project/config/install/moveit_robot_config/share/moveit_robot_config/launch/install/.colcon_install_layout
[0.077s] -- Up-to-date: /home/tamir/manipulator_project/config/install/moveit_robot_config/share/moveit_robot_config/launch/install/setup.sh
[0.077s] -- Up-to-date: /home/tamir/manipulator_project/config/install/moveit_robot_config/share/moveit_robot_config/launch/install/setup.bash
[0.078s] -- Up-to-date: /home/tamir/manipulator_project/config/install/moveit_robot_config/share/moveit_robot_config/launch/install/local_setup.zsh
[0.078s] -- Up-to-date: /home/tamir/manipulator_project/config/install/moveit_robot_config/share/moveit_robot_config/launch/install/local_setup.ps1
[0.078s] -- Up-to-date: /home/tamir/manipulator_project/config/install/moveit_robot_config/share/moveit_robot_config/launch/install/local_setup.bash
[0.078s] -- Up-to-date: /home/tamir/manipulator_project/config/install/moveit_robot_config/share/moveit_robot_config/launch/install/_local_setup_util_sh.py
[0.078s] -- Up-to-date: /home/tamir/manipulator_project/config/install/moveit_robot_config/share/moveit_robot_config/config
[0.079s] -- Up-to-date: /home/tamir/manipulator_project/config/install/moveit_robot_config/share/moveit_robot_config/config/moveit_controllers.yaml
[0.079s] -- Up-to-date: /home/tamir/manipulator_project/config/install/moveit_robot_config/share/moveit_robot_config/config/kinematics.yaml
[0.080s] -- Up-to-date: /home/tamir/manipulator_project/config/install/moveit_robot_config/share/moveit_robot_config/config/manipulator_robot.ros2_control.xacro
[0.080s] -- Up-to-date: /home/tamir/manipulator_project/config/install/moveit_robot_config/share/moveit_robot_config/config/ros2_controllers.yaml
[0.080s] -- Up-to-date: /home/tamir/manipulator_project/config/install/moveit_robot_config/share/moveit_robot_config/config/joint_limits.yaml
[0.080s] -- Up-to-date: /home/tamir/manipulator_project/config/install/moveit_robot_config/share/moveit_robot_config/config/moveit.rviz
[0.081s] -- Up-to-date: /home/tamir/manipulator_project/config/install/moveit_robot_config/share/moveit_robot_config/config/manipulator_robot.srdf
[0.081s] -- Up-to-date: /home/tamir/manipulator_project/config/install/moveit_robot_config/share/moveit_robot_config/config/manipulator_robot.urdf.xacro
[0.081s] -- Up-to-date: /home/tamir/manipulator_project/config/install/moveit_robot_config/share/moveit_robot_config/config/pilz_cartesian_limits.yaml
[0.082s] -- Up-to-date: /home/tamir/manipulator_project/config/install/moveit_robot_config/share/moveit_robot_config/config/initial_positions.yaml
[0.082s] -- Up-to-date: /home/tamir/manipulator_project/config/install/moveit_robot_config/share/moveit_robot_config/.setup_assistant
[0.082s] Invoked command in '/home/tamir/manipulator_project/config/build/moveit_robot_config' returned '0': CMAKE_PREFIX_PATH=${CMAKE_PREFIX_PATH}:/home/tamir/ros2_ws/install/turtle_spawner:/home/tamir/ros2_ws/install/turtle_controller:/home/tamir/ros2_ws/install/my_py_pkg:/home/tamir/autonomous_robot/autonomous_robot_control/install/control_hardware:/home/tamir/autonomous_robot/autonomous_robot_control/install/calc_odom:/home/tamir/ws_moveit2/install/moveit_configs_utils:/home/tamir/ws_moveit2/install/launch_param_builder:/home/tamir/autonomous_robot/install/calc_odom:/home/tamir/autonomous_robot/install/control_hardware:/home/tamir/autonomous_robot/autonomous_robot_control/src/control_hardware/install/control_hardware:/opt/ros/humble /usr/bin/cmake --install /home/tamir/manipulator_project/config/build/moveit_robot_config
