[0.080s] DEBUG:colcon:Command line arguments: ['/usr/bin/colcon', 'build']
[0.080s] DEBUG:colcon:Parsed command line arguments: Namespace(log_base=None, log_level=None, verb_name='build', build_base='build', install_base='install', merge_install=False, symlink_install=False, test_result_base=None, continue_on_error=False, executor='parallel', parallel_workers=12, event_handlers=None, ignore_user_meta=False, metas=['./colcon.meta'], base_paths=['.'], packages_ignore=None, packages_ignore_regex=None, paths=None, packages_up_to=None, packages_up_to_regex=None, packages_above=None, packages_above_and_dependencies=None, packages_above_depth=None, packages_select_by_dep=None, packages_skip_by_dep=None, packages_skip_up_to=None, packages_select_build_failed=False, packages_skip_build_finished=False, packages_select_test_failures=False, packages_skip_test_passed=False, packages_select=None, packages_skip=None, packages_select_regex=None, packages_skip_regex=None, packages_start=None, packages_end=None, allow_overriding=[], cmake_args=None, cmake_target=None, cmake_target_skip_unavailable=False, cmake_clean_cache=False, cmake_clean_first=False, cmake_force_configure=False, ament_cmake_args=None, catkin_cmake_args=None, catkin_skip_building_tests=False, mixin_files=None, mixin=None, verb_parser=<colcon_mixin.mixin.mixin_argument.MixinArgumentDecorator object at 0x7dd1bfa29630>, verb_extension=<colcon_core.verb.build.BuildVerb object at 0x7dd1bfa28790>, main=<bound method BuildVerb.main of <colcon_core.verb.build.BuildVerb object at 0x7dd1bfa28790>>, mixin_verb=('build',))
[0.208s] Level 1:colcon.colcon_core.package_discovery:discover_packages(colcon_meta) check parameters
[0.208s] Level 1:colcon.colcon_core.package_discovery:discover_packages(recursive) check parameters
[0.208s] Level 1:colcon.colcon_core.package_discovery:discover_packages(ignore) check parameters
[0.208s] Level 1:colcon.colcon_core.package_discovery:discover_packages(path) check parameters
[0.208s] Level 1:colcon.colcon_core.package_discovery:discover_packages(colcon_meta) discover
[0.208s] Level 1:colcon.colcon_core.package_discovery:discover_packages(recursive) discover
[0.208s] INFO:colcon.colcon_core.package_discovery:Crawling recursively for packages in '/home/tamir/manipulator_project'
[0.208s] Level 1:colcon.colcon_core.package_identification:_identify(.) by extensions ['ignore', 'ignore_ament_install']
[0.208s] Level 1:colcon.colcon_core.package_identification:_identify(.) by extension 'ignore'
[0.208s] Level 1:colcon.colcon_core.package_identification:_identify(.) by extension 'ignore_ament_install'
[0.208s] Level 1:colcon.colcon_core.package_identification:_identify(.) by extensions ['colcon_pkg']
[0.208s] Level 1:colcon.colcon_core.package_identification:_identify(.) by extension 'colcon_pkg'
[0.208s] Level 1:colcon.colcon_core.package_identification:_identify(.) by extensions ['colcon_meta']
[0.208s] Level 1:colcon.colcon_core.package_identification:_identify(.) by extension 'colcon_meta'
[0.208s] Level 1:colcon.colcon_core.package_identification:_identify(.) by extensions ['ros']
[0.208s] Level 1:colcon.colcon_core.package_identification:_identify(.) by extension 'ros'
[0.227s] DEBUG:colcon.colcon_core.package_identification:Package '.' with type 'ros.ament_cmake' and name 'manipulator_project'
[0.227s] Level 1:colcon.colcon_core.package_discovery:discover_packages(recursive) using defaults
[0.227s] Level 1:colcon.colcon_core.package_discovery:discover_packages(ignore) discover
[0.227s] Level 1:colcon.colcon_core.package_discovery:discover_packages(ignore) using defaults
[0.227s] Level 1:colcon.colcon_core.package_discovery:discover_packages(path) discover
[0.227s] Level 1:colcon.colcon_core.package_discovery:discover_packages(path) using defaults
[0.241s] Level 1:colcon.colcon_core.package_discovery:discover_packages(prefix_path) check parameters
[0.241s] Level 1:colcon.colcon_core.package_discovery:discover_packages(prefix_path) discover
[0.242s] WARNING:colcon.colcon_ros.prefix_path.ament:The path '/home/tamir/manipulator_project/install/manipulator_project' in the environment variable AMENT_PREFIX_PATH doesn't exist
[0.243s] WARNING:colcon.colcon_ros.prefix_path.catkin:The path '/home/tamir/manipulator_project/install/manipulator_project' in the environment variable CMAKE_PREFIX_PATH doesn't exist
[0.244s] DEBUG:colcon.colcon_installed_package_information.package_discovery:Found 0 installed packages in /home/tamir/manipulator_project/install
[0.244s] DEBUG:colcon.colcon_installed_package_information.package_discovery:Found 1 installed packages in /home/tamir/manipulator_project/src/manipulator_interfaces/install
[0.245s] DEBUG:colcon.colcon_installed_package_information.package_discovery:Found 55 installed packages in /home/tamir/ws_moveit2/install
[0.245s] DEBUG:colcon.colcon_installed_package_information.package_discovery:Found 7 installed packages in /home/tamir/autonomous_robot/install
[0.246s] DEBUG:colcon.colcon_installed_package_information.package_discovery:Found 0 installed packages in /home/tamir/autonomous_robot/autonomous_robot_description/launch/install
[0.246s] DEBUG:colcon.colcon_installed_package_information.package_discovery:Found 1 installed packages in /home/tamir/autonomous_robot/autonomous_robot_description/install
[0.246s] DEBUG:colcon.colcon_installed_package_information.package_discovery:Found 3 installed packages in /home/tamir/turtlebot3_ws/install
[0.246s] DEBUG:colcon.colcon_installed_package_information.package_discovery:Found 8 installed packages in /home/tamir/ros2_ws/install
[0.247s] DEBUG:colcon.colcon_installed_package_information.package_discovery:Found 3 installed packages in /home/tamir/autonomous_robot/autonomous_robot_control/install
[0.247s] DEBUG:colcon.colcon_installed_package_information.package_discovery:Found 3 installed packages in /home/tamir/autonomous_robot/sensors_package/src/lidar_ws/install
[0.247s] DEBUG:colcon.colcon_installed_package_information.package_discovery:Found 1 installed packages in /home/tamir/autonomous_robot/autonomous_robot_control/src/control_hardware/install
[0.248s] DEBUG:colcon.colcon_installed_package_information.package_discovery:Found 436 installed packages in /opt/ros/humble
[0.250s] Level 1:colcon.colcon_core.package_discovery:discover_packages(prefix_path) using defaults
[0.285s] Level 5:colcon.colcon_core.verb:set package 'manipulator_project' build argument 'cmake_args' from command line to 'None'
[0.285s] Level 5:colcon.colcon_core.verb:set package 'manipulator_project' build argument 'cmake_target' from command line to 'None'
[0.285s] Level 5:colcon.colcon_core.verb:set package 'manipulator_project' build argument 'cmake_target_skip_unavailable' from command line to 'False'
[0.285s] Level 5:colcon.colcon_core.verb:set package 'manipulator_project' build argument 'cmake_clean_cache' from command line to 'False'
[0.285s] Level 5:colcon.colcon_core.verb:set package 'manipulator_project' build argument 'cmake_clean_first' from command line to 'False'
[0.285s] Level 5:colcon.colcon_core.verb:set package 'manipulator_project' build argument 'cmake_force_configure' from command line to 'False'
[0.285s] Level 5:colcon.colcon_core.verb:set package 'manipulator_project' build argument 'ament_cmake_args' from command line to 'None'
[0.285s] Level 5:colcon.colcon_core.verb:set package 'manipulator_project' build argument 'catkin_cmake_args' from command line to 'None'
[0.285s] Level 5:colcon.colcon_core.verb:set package 'manipulator_project' build argument 'catkin_skip_building_tests' from command line to 'False'
[0.285s] DEBUG:colcon.colcon_core.verb:Building package 'manipulator_project' with the following arguments: {'ament_cmake_args': None, 'build_base': '/home/tamir/manipulator_project/build/manipulator_project', 'catkin_cmake_args': None, 'catkin_skip_building_tests': False, 'cmake_args': None, 'cmake_clean_cache': False, 'cmake_clean_first': False, 'cmake_force_configure': False, 'cmake_target': None, 'cmake_target_skip_unavailable': False, 'install_base': '/home/tamir/manipulator_project/install/manipulator_project', 'merge_install': False, 'path': '/home/tamir/manipulator_project', 'symlink_install': False, 'test_result_base': None}
[0.285s] INFO:colcon.colcon_core.executor:Executing jobs using 'parallel' executor
[0.286s] DEBUG:colcon.colcon_parallel_executor.executor.parallel:run_until_complete
[0.286s] INFO:colcon.colcon_ros.task.ament_cmake.build:Building ROS package in '/home/tamir/manipulator_project' with build type 'ament_cmake'
[0.286s] INFO:colcon.colcon_cmake.task.cmake.build:Building CMake package in '/home/tamir/manipulator_project'
[0.288s] INFO:colcon.colcon_core.plugin_system:Skipping extension 'colcon_core.shell.bat': Not used on non-Windows systems
[0.288s] INFO:colcon.colcon_core.shell:Skip shell extension 'powershell' for command environment: Not usable outside of PowerShell
[0.288s] DEBUG:colcon.colcon_core.shell:Skip shell extension 'dsv' for command environment
[0.301s] DEBUG:colcon.colcon_core.event_handler.log_command:Invoking command in '/home/tamir/manipulator_project/build/manipulator_project': CMAKE_PREFIX_PATH=${CMAKE_PREFIX_PATH}:/home/tamir/ws_moveit2/install/moveit_configs_utils:/home/tamir/ws_moveit2/install/launch_param_builder:/home/tamir/autonomous_robot/install/calc_odom:/home/tamir/autonomous_robot/install/control_hardware:/home/tamir/ros2_ws/install/turtle_spawner:/home/tamir/ros2_ws/install/turtle_controller:/home/tamir/ros2_ws/install/my_py_pkg:/home/tamir/autonomous_robot/autonomous_robot_control/install/control_hardware:/home/tamir/autonomous_robot/autonomous_robot_control/install/calc_odom:/home/tamir/autonomous_robot/autonomous_robot_control/src/control_hardware/install/control_hardware:/opt/ros/humble /usr/bin/cmake /home/tamir/manipulator_project -DCMAKE_INSTALL_PREFIX=/home/tamir/manipulator_project/install/manipulator_project
[2.592s] DEBUG:colcon.colcon_core.event_handler.log_command:Invoked command in '/home/tamir/manipulator_project/build/manipulator_project' returned '0': CMAKE_PREFIX_PATH=${CMAKE_PREFIX_PATH}:/home/tamir/ws_moveit2/install/moveit_configs_utils:/home/tamir/ws_moveit2/install/launch_param_builder:/home/tamir/autonomous_robot/install/calc_odom:/home/tamir/autonomous_robot/install/control_hardware:/home/tamir/ros2_ws/install/turtle_spawner:/home/tamir/ros2_ws/install/turtle_controller:/home/tamir/ros2_ws/install/my_py_pkg:/home/tamir/autonomous_robot/autonomous_robot_control/install/control_hardware:/home/tamir/autonomous_robot/autonomous_robot_control/install/calc_odom:/home/tamir/autonomous_robot/autonomous_robot_control/src/control_hardware/install/control_hardware:/opt/ros/humble /usr/bin/cmake /home/tamir/manipulator_project -DCMAKE_INSTALL_PREFIX=/home/tamir/manipulator_project/install/manipulator_project
[2.593s] DEBUG:colcon.colcon_core.event_handler.log_command:Invoking command in '/home/tamir/manipulator_project/build/manipulator_project': CMAKE_PREFIX_PATH=${CMAKE_PREFIX_PATH}:/home/tamir/ws_moveit2/install/moveit_configs_utils:/home/tamir/ws_moveit2/install/launch_param_builder:/home/tamir/autonomous_robot/install/calc_odom:/home/tamir/autonomous_robot/install/control_hardware:/home/tamir/ros2_ws/install/turtle_spawner:/home/tamir/ros2_ws/install/turtle_controller:/home/tamir/ros2_ws/install/my_py_pkg:/home/tamir/autonomous_robot/autonomous_robot_control/install/control_hardware:/home/tamir/autonomous_robot/autonomous_robot_control/install/calc_odom:/home/tamir/autonomous_robot/autonomous_robot_control/src/control_hardware/install/control_hardware:/opt/ros/humble /usr/bin/cmake --build /home/tamir/manipulator_project/build/manipulator_project -- -j12 -l12
[8.405s] DEBUG:colcon.colcon_core.event_handler.log_command:Invoked command in '/home/tamir/manipulator_project/build/manipulator_project' returned '0': CMAKE_PREFIX_PATH=${CMAKE_PREFIX_PATH}:/home/tamir/ws_moveit2/install/moveit_configs_utils:/home/tamir/ws_moveit2/install/launch_param_builder:/home/tamir/autonomous_robot/install/calc_odom:/home/tamir/autonomous_robot/install/control_hardware:/home/tamir/ros2_ws/install/turtle_spawner:/home/tamir/ros2_ws/install/turtle_controller:/home/tamir/ros2_ws/install/my_py_pkg:/home/tamir/autonomous_robot/autonomous_robot_control/install/control_hardware:/home/tamir/autonomous_robot/autonomous_robot_control/install/calc_odom:/home/tamir/autonomous_robot/autonomous_robot_control/src/control_hardware/install/control_hardware:/opt/ros/humble /usr/bin/cmake --build /home/tamir/manipulator_project/build/manipulator_project -- -j12 -l12
[8.423s] DEBUG:colcon.colcon_core.event_handler.log_command:Invoking command in '/home/tamir/manipulator_project/build/manipulator_project': CMAKE_PREFIX_PATH=${CMAKE_PREFIX_PATH}:/home/tamir/ws_moveit2/install/moveit_configs_utils:/home/tamir/ws_moveit2/install/launch_param_builder:/home/tamir/autonomous_robot/install/calc_odom:/home/tamir/autonomous_robot/install/control_hardware:/home/tamir/ros2_ws/install/turtle_spawner:/home/tamir/ros2_ws/install/turtle_controller:/home/tamir/ros2_ws/install/my_py_pkg:/home/tamir/autonomous_robot/autonomous_robot_control/install/control_hardware:/home/tamir/autonomous_robot/autonomous_robot_control/install/calc_odom:/home/tamir/autonomous_robot/autonomous_robot_control/src/control_hardware/install/control_hardware:/opt/ros/humble /usr/bin/cmake --install /home/tamir/manipulator_project/build/manipulator_project
[8.443s] Level 1:colcon.colcon_core.environment:create_environment_scripts_only(manipulator_project)
[8.444s] DEBUG:colcon.colcon_core.event_handler.log_command:Invoked command in '/home/tamir/manipulator_project/build/manipulator_project' returned '0': CMAKE_PREFIX_PATH=${CMAKE_PREFIX_PATH}:/home/tamir/ws_moveit2/install/moveit_configs_utils:/home/tamir/ws_moveit2/install/launch_param_builder:/home/tamir/autonomous_robot/install/calc_odom:/home/tamir/autonomous_robot/install/control_hardware:/home/tamir/ros2_ws/install/turtle_spawner:/home/tamir/ros2_ws/install/turtle_controller:/home/tamir/ros2_ws/install/my_py_pkg:/home/tamir/autonomous_robot/autonomous_robot_control/install/control_hardware:/home/tamir/autonomous_robot/autonomous_robot_control/install/calc_odom:/home/tamir/autonomous_robot/autonomous_robot_control/src/control_hardware/install/control_hardware:/opt/ros/humble /usr/bin/cmake --install /home/tamir/manipulator_project/build/manipulator_project
[8.446s] Level 1:colcon.colcon_core.environment:checking '/home/tamir/manipulator_project/install/manipulator_project' for CMake module files
[8.446s] Level 1:colcon.colcon_core.environment:checking '/home/tamir/manipulator_project/install/manipulator_project' for CMake config files
[8.446s] Level 1:colcon.colcon_core.shell:create_environment_hook('manipulator_project', 'cmake_prefix_path')
[8.447s] INFO:colcon.colcon_core.shell:Creating environment hook '/home/tamir/manipulator_project/install/manipulator_project/share/manipulator_project/hook/cmake_prefix_path.ps1'
[8.447s] INFO:colcon.colcon_core.shell:Creating environment descriptor '/home/tamir/manipulator_project/install/manipulator_project/share/manipulator_project/hook/cmake_prefix_path.dsv'
[8.448s] INFO:colcon.colcon_core.shell:Creating environment hook '/home/tamir/manipulator_project/install/manipulator_project/share/manipulator_project/hook/cmake_prefix_path.sh'
[8.448s] Level 1:colcon.colcon_core.environment:checking '/home/tamir/manipulator_project/install/manipulator_project/lib'
[8.449s] Level 1:colcon.colcon_core.environment:checking '/home/tamir/manipulator_project/install/manipulator_project/bin'
[8.449s] Level 1:colcon.colcon_core.environment:checking '/home/tamir/manipulator_project/install/manipulator_project/lib/pkgconfig/manipulator_project.pc'
[8.449s] Level 1:colcon.colcon_core.environment:checking '/home/tamir/manipulator_project/install/manipulator_project/lib/python3.10/site-packages'
[8.449s] Level 1:colcon.colcon_core.environment:checking '/home/tamir/manipulator_project/install/manipulator_project/bin'
[8.450s] INFO:colcon.colcon_core.shell:Creating package script '/home/tamir/manipulator_project/install/manipulator_project/share/manipulator_project/package.ps1'
[8.450s] INFO:colcon.colcon_core.shell:Creating package descriptor '/home/tamir/manipulator_project/install/manipulator_project/share/manipulator_project/package.dsv'
[8.451s] INFO:colcon.colcon_core.shell:Creating package script '/home/tamir/manipulator_project/install/manipulator_project/share/manipulator_project/package.sh'
[8.451s] INFO:colcon.colcon_core.shell:Creating package script '/home/tamir/manipulator_project/install/manipulator_project/share/manipulator_project/package.bash'
[8.452s] INFO:colcon.colcon_core.shell:Creating package script '/home/tamir/manipulator_project/install/manipulator_project/share/manipulator_project/package.zsh'
[8.453s] Level 1:colcon.colcon_core.environment:create_file_with_runtime_dependencies(/home/tamir/manipulator_project/install/manipulator_project/share/colcon-core/packages/manipulator_project)
[8.453s] Level 1:colcon.colcon_core.environment:create_environment_scripts_only(manipulator_project)
[8.453s] Level 1:colcon.colcon_core.environment:checking '/home/tamir/manipulator_project/install/manipulator_project' for CMake module files
[8.454s] Level 1:colcon.colcon_core.environment:checking '/home/tamir/manipulator_project/install/manipulator_project' for CMake config files
[8.454s] Level 1:colcon.colcon_core.shell:create_environment_hook('manipulator_project', 'cmake_prefix_path')
[8.454s] INFO:colcon.colcon_core.shell:Creating environment hook '/home/tamir/manipulator_project/install/manipulator_project/share/manipulator_project/hook/cmake_prefix_path.ps1'
[8.454s] INFO:colcon.colcon_core.shell:Creating environment descriptor '/home/tamir/manipulator_project/install/manipulator_project/share/manipulator_project/hook/cmake_prefix_path.dsv'
[8.454s] INFO:colcon.colcon_core.shell:Creating environment hook '/home/tamir/manipulator_project/install/manipulator_project/share/manipulator_project/hook/cmake_prefix_path.sh'
[8.455s] Level 1:colcon.colcon_core.environment:checking '/home/tamir/manipulator_project/install/manipulator_project/lib'
[8.455s] Level 1:colcon.colcon_core.environment:checking '/home/tamir/manipulator_project/install/manipulator_project/bin'
[8.455s] Level 1:colcon.colcon_core.environment:checking '/home/tamir/manipulator_project/install/manipulator_project/lib/pkgconfig/manipulator_project.pc'
[8.455s] Level 1:colcon.colcon_core.environment:checking '/home/tamir/manipulator_project/install/manipulator_project/lib/python3.10/site-packages'
[8.455s] Level 1:colcon.colcon_core.environment:checking '/home/tamir/manipulator_project/install/manipulator_project/bin'
[8.455s] INFO:colcon.colcon_core.shell:Creating package script '/home/tamir/manipulator_project/install/manipulator_project/share/manipulator_project/package.ps1'
[8.456s] INFO:colcon.colcon_core.shell:Creating package descriptor '/home/tamir/manipulator_project/install/manipulator_project/share/manipulator_project/package.dsv'
[8.456s] INFO:colcon.colcon_core.shell:Creating package script '/home/tamir/manipulator_project/install/manipulator_project/share/manipulator_project/package.sh'
[8.456s] INFO:colcon.colcon_core.shell:Creating package script '/home/tamir/manipulator_project/install/manipulator_project/share/manipulator_project/package.bash'
[8.456s] INFO:colcon.colcon_core.shell:Creating package script '/home/tamir/manipulator_project/install/manipulator_project/share/manipulator_project/package.zsh'
[8.457s] Level 1:colcon.colcon_core.environment:create_file_with_runtime_dependencies(/home/tamir/manipulator_project/install/manipulator_project/share/colcon-core/packages/manipulator_project)
[8.457s] DEBUG:colcon.colcon_parallel_executor.executor.parallel:closing loop
[8.457s] DEBUG:colcon.colcon_parallel_executor.executor.parallel:loop closed
[8.457s] DEBUG:colcon.colcon_parallel_executor.executor.parallel:run_until_complete finished with '0'
[8.457s] DEBUG:colcon.colcon_core.event_reactor:joining thread
[8.461s] INFO:colcon.colcon_core.plugin_system:Skipping extension 'colcon_notification.desktop_notification.terminal_notifier': Not used on non-Darwin systems
[8.461s] INFO:colcon.colcon_core.plugin_system:Skipping extension 'colcon_notification.desktop_notification.win32': Not used on non-Windows systems
[8.461s] INFO:colcon.colcon_notification.desktop_notification:Sending desktop notification using 'notify2'
[8.471s] DEBUG:colcon.colcon_core.event_reactor:joined thread
[8.471s] INFO:colcon.colcon_core.shell:Creating prefix script '/home/tamir/manipulator_project/install/local_setup.ps1'
[8.472s] INFO:colcon.colcon_core.shell:Creating prefix util module '/home/tamir/manipulator_project/install/_local_setup_util_ps1.py'
[8.473s] INFO:colcon.colcon_core.shell:Creating prefix chain script '/home/tamir/manipulator_project/install/setup.ps1'
[8.475s] INFO:colcon.colcon_core.shell:Creating prefix script '/home/tamir/manipulator_project/install/local_setup.sh'
[8.476s] INFO:colcon.colcon_core.shell:Creating prefix util module '/home/tamir/manipulator_project/install/_local_setup_util_sh.py'
[8.476s] INFO:colcon.colcon_core.shell:Creating prefix chain script '/home/tamir/manipulator_project/install/setup.sh'
[8.478s] INFO:colcon.colcon_core.shell:Creating prefix script '/home/tamir/manipulator_project/install/local_setup.bash'
[8.478s] INFO:colcon.colcon_core.shell:Creating prefix chain script '/home/tamir/manipulator_project/install/setup.bash'
[8.481s] INFO:colcon.colcon_core.shell:Creating prefix script '/home/tamir/manipulator_project/install/local_setup.zsh'
[8.481s] INFO:colcon.colcon_core.shell:Creating prefix chain script '/home/tamir/manipulator_project/install/setup.zsh'
