[35m[1mConsolidate compiler generated dependencies of target move_group[0m
[100%] Built target move_group
-- Install configuration: ""
-- Execute custom install script
-- Up-to-date symlink: /home/tamir/manipulator_project/install/manipulator_project/lib/manipulator_project/move_group
-- Up-to-date symlink: /home/tamir/manipulator_project/install/manipulator_project/share/manipulator_project//config/build/.built_by
-- Up-to-date symlink: /home/tamir/manipulator_project/install/manipulator_project/share/manipulator_project//config/build/COLCON_IGNORE
-- Up-to-date symlink: /home/tamir/manipulator_project/install/manipulator_project/share/manipulator_project//config/build/moveit_robot_config/.cmake/api/v1/query/client-colcon-cmake/codemodel-v2
-- Up-to-date symlink: /home/tamir/manipulator_project/install/manipulator_project/share/manipulator_project//config/build/moveit_robot_config/.cmake/api/v1/reply/codemodel-v2-870ec90986b518efe5cb.json
-- Up-to-date symlink: /home/tamir/manipulator_project/install/manipulator_project/share/manipulator_project//config/build/moveit_robot_config/.cmake/api/v1/reply/directory-.-e2ea9b12327a68eeb404.json
-- Up-to-date symlink: /home/tamir/manipulator_project/install/manipulator_project/share/manipulator_project//config/build/moveit_robot_config/.cmake/api/v1/reply/index-2025-01-24T07-50-35-0055.json
-- Up-to-date symlink: /home/tamir/manipulator_project/install/manipulator_project/share/manipulator_project//config/build/moveit_robot_config/.cmake/api/v1/reply/target-moveit_robot_config_uninstall-b721e67dd9db5ecf9481.json
-- Up-to-date symlink: /home/tamir/manipulator_project/install/manipulator_project/share/manipulator_project//config/build/moveit_robot_config/.cmake/api/v1/reply/target-uninstall-c83a569c2a1bb3657037.json
-- Up-to-date symlink: /home/tamir/manipulator_project/install/manipulator_project/share/manipulator_project//config/build/moveit_robot_config/CMakeCache.txt
-- Up-to-date symlink: /home/tamir/manipulator_project/install/manipulator_project/share/manipulator_project//config/build/moveit_robot_config/CMakeFiles/3.22.1/CMakeCCompiler.cmake
-- Up-to-date symlink: /home/tamir/manipulator_project/install/manipulator_project/share/manipulator_project//config/build/moveit_robot_config/CMakeFiles/3.22.1/CMakeCXXCompiler.cmake
-- Up-to-date symlink: /home/tamir/manipulator_project/install/manipulator_project/share/manipulator_project//config/build/moveit_robot_config/CMakeFiles/3.22.1/CMakeDetermineCompilerABI_C.bin
-- Up-to-date symlink: /home/tamir/manipulator_project/install/manipulator_project/share/manipulator_project//config/build/moveit_robot_config/CMakeFiles/3.22.1/CMakeDetermineCompilerABI_CXX.bin
-- Up-to-date symlink: /home/tamir/manipulator_project/install/manipulator_project/share/manipulator_project//config/build/moveit_robot_config/CMakeFiles/3.22.1/CMakeSystem.cmake
-- Up-to-date symlink: /home/tamir/manipulator_project/install/manipulator_project/share/manipulator_project//config/build/moveit_robot_config/CMakeFiles/3.22.1/CompilerIdC/CMakeCCompilerId.c
-- Up-to-date symlink: /home/tamir/manipulator_project/install/manipulator_project/share/manipulator_project//config/build/moveit_robot_config/CMakeFiles/3.22.1/CompilerIdC/a.out
-- Up-to-date symlink: /home/tamir/manipulator_project/install/manipulator_project/share/manipulator_project//config/build/moveit_robot_config/CMakeFiles/3.22.1/CompilerIdCXX/CMakeCXXCompilerId.cpp
-- Up-to-date symlink: /home/tamir/manipulator_project/install/manipulator_project/share/manipulator_project//config/build/moveit_robot_config/CMakeFiles/3.22.1/CompilerIdCXX/a.out
-- Up-to-date symlink: /home/tamir/manipulator_project/install/manipulator_project/share/manipulator_project//config/build/moveit_robot_config/CMakeFiles/CMakeDirectoryInformation.cmake
-- Up-to-date symlink: /home/tamir/manipulator_project/install/manipulator_project/share/manipulator_project//config/build/moveit_robot_config/CMakeFiles/CMakeOutput.log
-- Up-to-date symlink: /home/tamir/manipulator_project/install/manipulator_project/share/manipulator_project//config/build/moveit_robot_config/CMakeFiles/CMakeRuleHashes.txt
-- Up-to-date symlink: /home/tamir/manipulator_project/install/manipulator_project/share/manipulator_project//config/build/moveit_robot_config/CMakeFiles/Makefile.cmake
-- Up-to-date symlink: /home/tamir/manipulator_project/install/manipulator_project/share/manipulator_project//config/build/moveit_robot_config/CMakeFiles/Makefile2
-- Up-to-date symlink: /home/tamir/manipulator_project/install/manipulator_project/share/manipulator_project//config/build/moveit_robot_config/CMakeFiles/TargetDirectories.txt
-- Up-to-date symlink: /home/tamir/manipulator_project/install/manipulator_project/share/manipulator_project//config/build/moveit_robot_config/CMakeFiles/cmake.check_cache
-- Up-to-date symlink: /home/tamir/manipulator_project/install/manipulator_project/share/manipulator_project//config/build/moveit_robot_config/CMakeFiles/moveit_robot_config_uninstall.dir/DependInfo.cmake
-- Up-to-date symlink: /home/tamir/manipulator_project/install/manipulator_project/share/manipulator_project//config/build/moveit_robot_config/CMakeFiles/moveit_robot_config_uninstall.dir/build.make
-- Up-to-date symlink: /home/tamir/manipulator_project/install/manipulator_project/share/manipulator_project//config/build/moveit_robot_config/CMakeFiles/moveit_robot_config_uninstall.dir/cmake_clean.cmake
-- Up-to-date symlink: /home/tamir/manipulator_project/install/manipulator_project/share/manipulator_project//config/build/moveit_robot_config/CMakeFiles/moveit_robot_config_uninstall.dir/compiler_depend.make
-- Up-to-date symlink: /home/tamir/manipulator_project/install/manipulator_project/share/manipulator_project//config/build/moveit_robot_config/CMakeFiles/moveit_robot_config_uninstall.dir/compiler_depend.ts
-- Up-to-date symlink: /home/tamir/manipulator_project/install/manipulator_project/share/manipulator_project//config/build/moveit_robot_config/CMakeFiles/moveit_robot_config_uninstall.dir/progress.make
-- Up-to-date symlink: /home/tamir/manipulator_project/install/manipulator_project/share/manipulator_project//config/build/moveit_robot_config/CMakeFiles/progress.marks
-- Up-to-date symlink: /home/tamir/manipulator_project/install/manipulator_project/share/manipulator_project//config/build/moveit_robot_config/CMakeFiles/uninstall.dir/DependInfo.cmake
-- Up-to-date symlink: /home/tamir/manipulator_project/install/manipulator_project/share/manipulator_project//config/build/moveit_robot_config/CMakeFiles/uninstall.dir/build.make
-- Up-to-date symlink: /home/tamir/manipulator_project/install/manipulator_project/share/manipulator_project//config/build/moveit_robot_config/CMakeFiles/uninstall.dir/cmake_clean.cmake
-- Up-to-date symlink: /home/tamir/manipulator_project/install/manipulator_project/share/manipulator_project//config/build/moveit_robot_config/CMakeFiles/uninstall.dir/compiler_depend.make
-- Up-to-date symlink: /home/tamir/manipulator_project/install/manipulator_project/share/manipulator_project//config/build/moveit_robot_config/CMakeFiles/uninstall.dir/compiler_depend.ts
-- Up-to-date symlink: /home/tamir/manipulator_project/install/manipulator_project/share/manipulator_project//config/build/moveit_robot_config/CMakeFiles/uninstall.dir/progress.make
-- Up-to-date symlink: /home/tamir/manipulator_project/install/manipulator_project/share/manipulator_project//config/build/moveit_robot_config/CTestConfiguration.ini
-- Up-to-date symlink: /home/tamir/manipulator_project/install/manipulator_project/share/manipulator_project//config/build/moveit_robot_config/CTestCustom.cmake
-- Up-to-date symlink: /home/tamir/manipulator_project/install/manipulator_project/share/manipulator_project//config/build/moveit_robot_config/CTestTestfile.cmake
-- Up-to-date symlink: /home/tamir/manipulator_project/install/manipulator_project/share/manipulator_project//config/build/moveit_robot_config/Makefile
-- Up-to-date symlink: /home/tamir/manipulator_project/install/manipulator_project/share/manipulator_project//config/build/moveit_robot_config/ament_cmake_core/moveit_robot_configConfig-version.cmake
-- Up-to-date symlink: /home/tamir/manipulator_project/install/manipulator_project/share/manipulator_project//config/build/moveit_robot_config/ament_cmake_core/moveit_robot_configConfig.cmake
-- Up-to-date symlink: /home/tamir/manipulator_project/install/manipulator_project/share/manipulator_project//config/build/moveit_robot_config/ament_cmake_core/package.cmake
-- Up-to-date symlink: /home/tamir/manipulator_project/install/manipulator_project/share/manipulator_project//config/build/moveit_robot_config/ament_cmake_core/stamps/ament_prefix_path.sh.stamp
-- Up-to-date symlink: /home/tamir/manipulator_project/install/manipulator_project/share/manipulator_project//config/build/moveit_robot_config/ament_cmake_core/stamps/nameConfig-version.cmake.in.stamp
-- Up-to-date symlink: /home/tamir/manipulator_project/install/manipulator_project/share/manipulator_project//config/build/moveit_robot_config/ament_cmake_core/stamps/nameConfig.cmake.in.stamp
-- Up-to-date symlink: /home/tamir/manipulator_project/install/manipulator_project/share/manipulator_project//config/build/moveit_robot_config/ament_cmake_core/stamps/package.xml.stamp
-- Up-to-date symlink: /home/tamir/manipulator_project/install/manipulator_project/share/manipulator_project//config/build/moveit_robot_config/ament_cmake_core/stamps/package_xml_2_cmake.py.stamp
-- Up-to-date symlink: /home/tamir/manipulator_project/install/manipulator_project/share/manipulator_project//config/build/moveit_robot_config/ament_cmake_core/stamps/path.sh.stamp
-- Up-to-date symlink: /home/tamir/manipulator_project/install/manipulator_project/share/manipulator_project//config/build/moveit_robot_config/ament_cmake_core/stamps/templates_2_cmake.py.stamp
-- Up-to-date symlink: /home/tamir/manipulator_project/install/manipulator_project/share/manipulator_project//config/build/moveit_robot_config/ament_cmake_environment_hooks/ament_prefix_path.dsv
-- Up-to-date symlink: /home/tamir/manipulator_project/install/manipulator_project/share/manipulator_project//config/build/moveit_robot_config/ament_cmake_environment_hooks/local_setup.bash
-- Up-to-date symlink: /home/tamir/manipulator_project/install/manipulator_project/share/manipulator_project//config/build/moveit_robot_config/ament_cmake_environment_hooks/local_setup.dsv
-- Up-to-date symlink: /home/tamir/manipulator_project/install/manipulator_project/share/manipulator_project//config/build/moveit_robot_config/ament_cmake_environment_hooks/local_setup.sh
-- Up-to-date symlink: /home/tamir/manipulator_project/install/manipulator_project/share/manipulator_project//config/build/moveit_robot_config/ament_cmake_environment_hooks/local_setup.zsh
-- Up-to-date symlink: /home/tamir/manipulator_project/install/manipulator_project/share/manipulator_project//config/build/moveit_robot_config/ament_cmake_environment_hooks/package.dsv
-- Up-to-date symlink: /home/tamir/manipulator_project/install/manipulator_project/share/manipulator_project//config/build/moveit_robot_config/ament_cmake_environment_hooks/path.dsv
-- Up-to-date symlink: /home/tamir/manipulator_project/install/manipulator_project/share/manipulator_project//config/build/moveit_robot_config/ament_cmake_index/share/ament_index/resource_index/package_run_dependencies/moveit_robot_config
-- Up-to-date symlink: /home/tamir/manipulator_project/install/manipulator_project/share/manipulator_project//config/build/moveit_robot_config/ament_cmake_index/share/ament_index/resource_index/packages/moveit_robot_config
-- Up-to-date symlink: /home/tamir/manipulator_project/install/manipulator_project/share/manipulator_project//config/build/moveit_robot_config/ament_cmake_index/share/ament_index/resource_index/parent_prefix_path/moveit_robot_config
-- Up-to-date symlink: /home/tamir/manipulator_project/install/manipulator_project/share/manipulator_project//config/build/moveit_robot_config/ament_cmake_package_templates/templates.cmake
-- Up-to-date symlink: /home/tamir/manipulator_project/install/manipulator_project/share/manipulator_project//config/build/moveit_robot_config/ament_cmake_uninstall_target/ament_cmake_uninstall_target.cmake
-- Up-to-date symlink: /home/tamir/manipulator_project/install/manipulator_project/share/manipulator_project//config/build/moveit_robot_config/cmake_args.last
-- Up-to-date symlink: /home/tamir/manipulator_project/install/manipulator_project/share/manipulator_project//config/build/moveit_robot_config/cmake_install.cmake
-- Up-to-date symlink: /home/tamir/manipulator_project/install/manipulator_project/share/manipulator_project//config/build/moveit_robot_config/colcon_build.rc
-- Up-to-date symlink: /home/tamir/manipulator_project/install/manipulator_project/share/manipulator_project//config/build/moveit_robot_config/colcon_command_prefix_build.sh
-- Up-to-date symlink: /home/tamir/manipulator_project/install/manipulator_project/share/manipulator_project//config/build/moveit_robot_config/colcon_command_prefix_build.sh.env
-- Up-to-date symlink: /home/tamir/manipulator_project/install/manipulator_project/share/manipulator_project//config/build/moveit_robot_config/install_manifest.txt
-- Up-to-date symlink: /home/tamir/manipulator_project/install/manipulator_project/share/manipulator_project//config/install/.colcon_install_layout
-- Up-to-date symlink: /home/tamir/manipulator_project/install/manipulator_project/share/manipulator_project//config/install/COLCON_IGNORE
-- Up-to-date symlink: /home/tamir/manipulator_project/install/manipulator_project/share/manipulator_project//config/install/_local_setup_util_ps1.py
-- Up-to-date symlink: /home/tamir/manipulator_project/install/manipulator_project/share/manipulator_project//config/install/_local_setup_util_sh.py
-- Up-to-date symlink: /home/tamir/manipulator_project/install/manipulator_project/share/manipulator_project//config/install/local_setup.bash
-- Up-to-date symlink: /home/tamir/manipulator_project/install/manipulator_project/share/manipulator_project//config/install/local_setup.ps1
-- Up-to-date symlink: /home/tamir/manipulator_project/install/manipulator_project/share/manipulator_project//config/install/local_setup.sh
-- Up-to-date symlink: /home/tamir/manipulator_project/install/manipulator_project/share/manipulator_project//config/install/local_setup.zsh
-- Up-to-date symlink: /home/tamir/manipulator_project/install/manipulator_project/share/manipulator_project//config/install/moveit_robot_config/share/ament_index/resource_index/package_run_dependencies/moveit_robot_config
-- Up-to-date symlink: /home/tamir/manipulator_project/install/manipulator_project/share/manipulator_project//config/install/moveit_robot_config/share/ament_index/resource_index/packages/moveit_robot_config
-- Up-to-date symlink: /home/tamir/manipulator_project/install/manipulator_project/share/manipulator_project//config/install/moveit_robot_config/share/ament_index/resource_index/parent_prefix_path/moveit_robot_config
-- Up-to-date symlink: /home/tamir/manipulator_project/install/manipulator_project/share/manipulator_project//config/install/moveit_robot_config/share/colcon-core/packages/moveit_robot_config
-- Up-to-date symlink: /home/tamir/manipulator_project/install/manipulator_project/share/manipulator_project//config/install/moveit_robot_config/share/moveit_robot_config/.setup_assistant
-- Up-to-date symlink: /home/tamir/manipulator_project/install/manipulator_project/share/manipulator_project//config/install/moveit_robot_config/share/moveit_robot_config/cmake/moveit_robot_configConfig-version.cmake
-- Up-to-date symlink: /home/tamir/manipulator_project/install/manipulator_project/share/manipulator_project//config/install/moveit_robot_config/share/moveit_robot_config/cmake/moveit_robot_configConfig.cmake
-- Up-to-date symlink: /home/tamir/manipulator_project/install/manipulator_project/share/manipulator_project//config/install/moveit_robot_config/share/moveit_robot_config/config/initial_positions.yaml
-- Up-to-date symlink: /home/tamir/manipulator_project/install/manipulator_project/share/manipulator_project//config/install/moveit_robot_config/share/moveit_robot_config/config/joint_limits.yaml
-- Up-to-date symlink: /home/tamir/manipulator_project/install/manipulator_project/share/manipulator_project//config/install/moveit_robot_config/share/moveit_robot_config/config/kinematics.yaml
-- Up-to-date symlink: /home/tamir/manipulator_project/install/manipulator_project/share/manipulator_project//config/install/moveit_robot_config/share/moveit_robot_config/config/manipulator_robot.ros2_control.xacro
-- Up-to-date symlink: /home/tamir/manipulator_project/install/manipulator_project/share/manipulator_project//config/install/moveit_robot_config/share/moveit_robot_config/config/manipulator_robot.srdf
-- Up-to-date symlink: /home/tamir/manipulator_project/install/manipulator_project/share/manipulator_project//config/install/moveit_robot_config/share/moveit_robot_config/config/manipulator_robot.urdf.xacro
-- Up-to-date symlink: /home/tamir/manipulator_project/install/manipulator_project/share/manipulator_project//config/install/moveit_robot_config/share/moveit_robot_config/config/moveit.rviz
-- Up-to-date symlink: /home/tamir/manipulator_project/install/manipulator_project/share/manipulator_project//config/install/moveit_robot_config/share/moveit_robot_config/config/moveit_controllers.yaml
-- Up-to-date symlink: /home/tamir/manipulator_project/install/manipulator_project/share/manipulator_project//config/install/moveit_robot_config/share/moveit_robot_config/config/pilz_cartesian_limits.yaml
-- Up-to-date symlink: /home/tamir/manipulator_project/install/manipulator_project/share/manipulator_project//config/install/moveit_robot_config/share/moveit_robot_config/config/ros2_controllers.yaml
-- Up-to-date symlink: /home/tamir/manipulator_project/install/manipulator_project/share/manipulator_project//config/install/moveit_robot_config/share/moveit_robot_config/environment/ament_prefix_path.dsv
-- Up-to-date symlink: /home/tamir/manipulator_project/install/manipulator_project/share/manipulator_project//config/install/moveit_robot_config/share/moveit_robot_config/environment/ament_prefix_path.sh
-- Up-to-date symlink: /home/tamir/manipulator_project/install/manipulator_project/share/manipulator_project//config/install/moveit_robot_config/share/moveit_robot_config/environment/path.dsv
-- Up-to-date symlink: /home/tamir/manipulator_project/install/manipulator_project/share/manipulator_project//config/install/moveit_robot_config/share/moveit_robot_config/environment/path.sh
-- Up-to-date symlink: /home/tamir/manipulator_project/install/manipulator_project/share/manipulator_project//config/install/moveit_robot_config/share/moveit_robot_config/hook/cmake_prefix_path.dsv
-- Up-to-date symlink: /home/tamir/manipulator_project/install/manipulator_project/share/manipulator_project//config/install/moveit_robot_config/share/moveit_robot_config/hook/cmake_prefix_path.ps1
-- Up-to-date symlink: /home/tamir/manipulator_project/install/manipulator_project/share/manipulator_project//config/install/moveit_robot_config/share/moveit_robot_config/hook/cmake_prefix_path.sh
-- Up-to-date symlink: /home/tamir/manipulator_project/install/manipulator_project/share/manipulator_project//config/install/moveit_robot_config/share/moveit_robot_config/launch/__pycache__/demo.launch.cpython-310.pyc
-- Up-to-date symlink: /home/tamir/manipulator_project/install/manipulator_project/share/manipulator_project//config/install/moveit_robot_config/share/moveit_robot_config/launch/__pycache__/move_group.launch.cpython-310.pyc
-- Up-to-date symlink: /home/tamir/manipulator_project/install/manipulator_project/share/manipulator_project//config/install/moveit_robot_config/share/moveit_robot_config/launch/__pycache__/moveit_rviz.launch.cpython-310.pyc
-- Up-to-date symlink: /home/tamir/manipulator_project/install/manipulator_project/share/manipulator_project//config/install/moveit_robot_config/share/moveit_robot_config/launch/__pycache__/rsp.launch.cpython-310.pyc
-- Up-to-date symlink: /home/tamir/manipulator_project/install/manipulator_project/share/manipulator_project//config/install/moveit_robot_config/share/moveit_robot_config/launch/__pycache__/spawn_controllers.launch.cpython-310.pyc
-- Up-to-date symlink: /home/tamir/manipulator_project/install/manipulator_project/share/manipulator_project//config/install/moveit_robot_config/share/moveit_robot_config/launch/__pycache__/static_virtual_joint_tfs.launch.cpython-310.pyc
-- Up-to-date symlink: /home/tamir/manipulator_project/install/manipulator_project/share/manipulator_project//config/install/moveit_robot_config/share/moveit_robot_config/launch/__pycache__/warehouse_db.launch.cpython-310.pyc
-- Up-to-date symlink: /home/tamir/manipulator_project/install/manipulator_project/share/manipulator_project//config/install/moveit_robot_config/share/moveit_robot_config/launch/build/.built_by
-- Up-to-date symlink: /home/tamir/manipulator_project/install/manipulator_project/share/manipulator_project//config/install/moveit_robot_config/share/moveit_robot_config/launch/build/COLCON_IGNORE
-- Up-to-date symlink: /home/tamir/manipulator_project/install/manipulator_project/share/manipulator_project//config/install/moveit_robot_config/share/moveit_robot_config/launch/demo.launch.py
-- Up-to-date symlink: /home/tamir/manipulator_project/install/manipulator_project/share/manipulator_project//config/install/moveit_robot_config/share/moveit_robot_config/launch/install/.colcon_install_layout
-- Up-to-date symlink: /home/tamir/manipulator_project/install/manipulator_project/share/manipulator_project//config/install/moveit_robot_config/share/moveit_robot_config/launch/install/COLCON_IGNORE
-- Up-to-date symlink: /home/tamir/manipulator_project/install/manipulator_project/share/manipulator_project//config/install/moveit_robot_config/share/moveit_robot_config/launch/install/_local_setup_util_ps1.py
-- Up-to-date symlink: /home/tamir/manipulator_project/install/manipulator_project/share/manipulator_project//config/install/moveit_robot_config/share/moveit_robot_config/launch/install/_local_setup_util_sh.py
-- Up-to-date symlink: /home/tamir/manipulator_project/install/manipulator_project/share/manipulator_project//config/install/moveit_robot_config/share/moveit_robot_config/launch/install/local_setup.bash
-- Up-to-date symlink: /home/tamir/manipulator_project/install/manipulator_project/share/manipulator_project//config/install/moveit_robot_config/share/moveit_robot_config/launch/install/local_setup.ps1
-- Up-to-date symlink: /home/tamir/manipulator_project/install/manipulator_project/share/manipulator_project//config/install/moveit_robot_config/share/moveit_robot_config/launch/install/local_setup.sh
-- Up-to-date symlink: /home/tamir/manipulator_project/install/manipulator_project/share/manipulator_project//config/install/moveit_robot_config/share/moveit_robot_config/launch/install/local_setup.zsh
-- Up-to-date symlink: /home/tamir/manipulator_project/install/manipulator_project/share/manipulator_project//config/install/moveit_robot_config/share/moveit_robot_config/launch/install/setup.bash
-- Up-to-date symlink: /home/tamir/manipulator_project/install/manipulator_project/share/manipulator_project//config/install/moveit_robot_config/share/moveit_robot_config/launch/install/setup.ps1
-- Up-to-date symlink: /home/tamir/manipulator_project/install/manipulator_project/share/manipulator_project//config/install/moveit_robot_config/share/moveit_robot_config/launch/install/setup.sh
-- Up-to-date symlink: /home/tamir/manipulator_project/install/manipulator_project/share/manipulator_project//config/install/moveit_robot_config/share/moveit_robot_config/launch/install/setup.zsh
-- Up-to-date symlink: /home/tamir/manipulator_project/install/manipulator_project/share/manipulator_project//config/install/moveit_robot_config/share/moveit_robot_config/launch/log/COLCON_IGNORE
-- Up-to-date symlink: /home/tamir/manipulator_project/install/manipulator_project/share/manipulator_project//config/install/moveit_robot_config/share/moveit_robot_config/launch/log/build_2025-01-22_15-48-35/events.log
-- Up-to-date symlink: /home/tamir/manipulator_project/install/manipulator_project/share/manipulator_project//config/install/moveit_robot_config/share/moveit_robot_config/launch/log/build_2025-01-22_15-48-35/logger_all.log
-- Up-to-date symlink: /home/tamir/manipulator_project/install/manipulator_project/share/manipulator_project//config/install/moveit_robot_config/share/moveit_robot_config/launch/log/build_2025-01-23_20-15-38/events.log
-- Up-to-date symlink: /home/tamir/manipulator_project/install/manipulator_project/share/manipulator_project//config/install/moveit_robot_config/share/moveit_robot_config/launch/log/build_2025-01-23_20-15-38/logger_all.log
-- Up-to-date symlink: /home/tamir/manipulator_project/install/manipulator_project/share/manipulator_project//config/install/moveit_robot_config/share/moveit_robot_config/launch/log/latest/events.log
-- Up-to-date symlink: /home/tamir/manipulator_project/install/manipulator_project/share/manipulator_project//config/install/moveit_robot_config/share/moveit_robot_config/launch/log/latest/logger_all.log
-- Up-to-date symlink: /home/tamir/manipulator_project/install/manipulator_project/share/manipulator_project//config/install/moveit_robot_config/share/moveit_robot_config/launch/log/latest_build/events.log
-- Up-to-date symlink: /home/tamir/manipulator_project/install/manipulator_project/share/manipulator_project//config/install/moveit_robot_config/share/moveit_robot_config/launch/log/latest_build/logger_all.log
-- Up-to-date symlink: /home/tamir/manipulator_project/install/manipulator_project/share/manipulator_project//config/install/moveit_robot_config/share/moveit_robot_config/launch/move_group.launch.py
-- Up-to-date symlink: /home/tamir/manipulator_project/install/manipulator_project/share/manipulator_project//config/install/moveit_robot_config/share/moveit_robot_config/launch/moveit_rviz.launch.py
-- Up-to-date symlink: /home/tamir/manipulator_project/install/manipulator_project/share/manipulator_project//config/install/moveit_robot_config/share/moveit_robot_config/launch/rsp.launch.py
-- Up-to-date symlink: /home/tamir/manipulator_project/install/manipulator_project/share/manipulator_project//config/install/moveit_robot_config/share/moveit_robot_config/launch/setup_assistant.launch.py
-- Up-to-date symlink: /home/tamir/manipulator_project/install/manipulator_project/share/manipulator_project//config/install/moveit_robot_config/share/moveit_robot_config/launch/spawn_controllers.launch.py
-- Up-to-date symlink: /home/tamir/manipulator_project/install/manipulator_project/share/manipulator_project//config/install/moveit_robot_config/share/moveit_robot_config/launch/static_virtual_joint_tfs.launch.py
-- Up-to-date symlink: /home/tamir/manipulator_project/install/manipulator_project/share/manipulator_project//config/install/moveit_robot_config/share/moveit_robot_config/launch/warehouse_db.launch.py
-- Up-to-date symlink: /home/tamir/manipulator_project/install/manipulator_project/share/manipulator_project//config/install/moveit_robot_config/share/moveit_robot_config/local_setup.bash
-- Up-to-date symlink: /home/tamir/manipulator_project/install/manipulator_project/share/manipulator_project//config/install/moveit_robot_config/share/moveit_robot_config/local_setup.dsv
-- Up-to-date symlink: /home/tamir/manipulator_project/install/manipulator_project/share/manipulator_project//config/install/moveit_robot_config/share/moveit_robot_config/local_setup.sh
-- Up-to-date symlink: /home/tamir/manipulator_project/install/manipulator_project/share/manipulator_project//config/install/moveit_robot_config/share/moveit_robot_config/local_setup.zsh
-- Up-to-date symlink: /home/tamir/manipulator_project/install/manipulator_project/share/manipulator_project//config/install/moveit_robot_config/share/moveit_robot_config/package.bash
-- Up-to-date symlink: /home/tamir/manipulator_project/install/manipulator_project/share/manipulator_project//config/install/moveit_robot_config/share/moveit_robot_config/package.dsv
-- Up-to-date symlink: /home/tamir/manipulator_project/install/manipulator_project/share/manipulator_project//config/install/moveit_robot_config/share/moveit_robot_config/package.ps1
-- Up-to-date symlink: /home/tamir/manipulator_project/install/manipulator_project/share/manipulator_project//config/install/moveit_robot_config/share/moveit_robot_config/package.sh
-- Up-to-date symlink: /home/tamir/manipulator_project/install/manipulator_project/share/manipulator_project//config/install/moveit_robot_config/share/moveit_robot_config/package.xml
-- Up-to-date symlink: /home/tamir/manipulator_project/install/manipulator_project/share/manipulator_project//config/install/moveit_robot_config/share/moveit_robot_config/package.zsh
-- Up-to-date symlink: /home/tamir/manipulator_project/install/manipulator_project/share/manipulator_project//config/install/setup.bash
-- Up-to-date symlink: /home/tamir/manipulator_project/install/manipulator_project/share/manipulator_project//config/install/setup.ps1
-- Up-to-date symlink: /home/tamir/manipulator_project/install/manipulator_project/share/manipulator_project//config/install/setup.sh
-- Up-to-date symlink: /home/tamir/manipulator_project/install/manipulator_project/share/manipulator_project//config/install/setup.zsh
-- Up-to-date symlink: /home/tamir/manipulator_project/install/manipulator_project/share/manipulator_project//config/log/COLCON_IGNORE
-- Up-to-date symlink: /home/tamir/manipulator_project/install/manipulator_project/share/manipulator_project//config/log/build_2025-01-22_13-07-04/events.log
-- Up-to-date symlink: /home/tamir/manipulator_project/install/manipulator_project/share/manipulator_project//config/log/build_2025-01-22_13-07-04/logger_all.log
-- Up-to-date symlink: /home/tamir/manipulator_project/install/manipulator_project/share/manipulator_project//config/log/build_2025-01-22_13-07-04/moveit_robot_config/command.log
-- Up-to-date symlink: /home/tamir/manipulator_project/install/manipulator_project/share/manipulator_project//config/log/build_2025-01-22_13-07-04/moveit_robot_config/stderr.log
-- Up-to-date symlink: /home/tamir/manipulator_project/install/manipulator_project/share/manipulator_project//config/log/build_2025-01-22_13-07-04/moveit_robot_config/stdout.log
-- Up-to-date symlink: /home/tamir/manipulator_project/install/manipulator_project/share/manipulator_project//config/log/build_2025-01-22_13-07-04/moveit_robot_config/stdout_stderr.log
-- Up-to-date symlink: /home/tamir/manipulator_project/install/manipulator_project/share/manipulator_project//config/log/build_2025-01-22_13-07-04/moveit_robot_config/streams.log
-- Up-to-date symlink: /home/tamir/manipulator_project/install/manipulator_project/share/manipulator_project//config/log/build_2025-01-23_18-14-55/events.log
-- Up-to-date symlink: /home/tamir/manipulator_project/install/manipulator_project/share/manipulator_project//config/log/build_2025-01-23_18-14-55/logger_all.log
-- Up-to-date symlink: /home/tamir/manipulator_project/install/manipulator_project/share/manipulator_project//config/log/build_2025-01-23_18-14-55/moveit_robot_config/command.log
-- Up-to-date symlink: /home/tamir/manipulator_project/install/manipulator_project/share/manipulator_project//config/log/build_2025-01-23_18-14-55/moveit_robot_config/stderr.log
-- Up-to-date symlink: /home/tamir/manipulator_project/install/manipulator_project/share/manipulator_project//config/log/build_2025-01-23_18-14-55/moveit_robot_config/stdout.log
-- Up-to-date symlink: /home/tamir/manipulator_project/install/manipulator_project/share/manipulator_project//config/log/build_2025-01-23_18-14-55/moveit_robot_config/stdout_stderr.log
-- Up-to-date symlink: /home/tamir/manipulator_project/install/manipulator_project/share/manipulator_project//config/log/build_2025-01-23_18-14-55/moveit_robot_config/streams.log
-- Up-to-date symlink: /home/tamir/manipulator_project/install/manipulator_project/share/manipulator_project//config/log/build_2025-01-23_20-15-51/events.log
-- Up-to-date symlink: /home/tamir/manipulator_project/install/manipulator_project/share/manipulator_project//config/log/build_2025-01-23_20-15-51/logger_all.log
-- Up-to-date symlink: /home/tamir/manipulator_project/install/manipulator_project/share/manipulator_project//config/log/build_2025-01-23_20-15-51/moveit_robot_config/command.log
-- Up-to-date symlink: /home/tamir/manipulator_project/install/manipulator_project/share/manipulator_project//config/log/build_2025-01-23_20-15-51/moveit_robot_config/stderr.log
-- Up-to-date symlink: /home/tamir/manipulator_project/install/manipulator_project/share/manipulator_project//config/log/build_2025-01-23_20-15-51/moveit_robot_config/stdout.log
-- Up-to-date symlink: /home/tamir/manipulator_project/install/manipulator_project/share/manipulator_project//config/log/build_2025-01-23_20-15-51/moveit_robot_config/stdout_stderr.log
-- Up-to-date symlink: /home/tamir/manipulator_project/install/manipulator_project/share/manipulator_project//config/log/build_2025-01-23_20-15-51/moveit_robot_config/streams.log
-- Symlinking: /home/tamir/manipulator_project/install/manipulator_project/share/manipulator_project//config/log/build_2025-01-23_20-21-44/events.log
-- Symlinking: /home/tamir/manipulator_project/install/manipulator_project/share/manipulator_project//config/log/build_2025-01-23_20-21-44/logger_all.log
-- Symlinking: /home/tamir/manipulator_project/install/manipulator_project/share/manipulator_project//config/log/build_2025-01-23_20-21-44/moveit_robot_config/command.log
-- Symlinking: /home/tamir/manipulator_project/install/manipulator_project/share/manipulator_project//config/log/build_2025-01-23_20-21-44/moveit_robot_config/stderr.log
-- Symlinking: /home/tamir/manipulator_project/install/manipulator_project/share/manipulator_project//config/log/build_2025-01-23_20-21-44/moveit_robot_config/stdout.log
-- Symlinking: /home/tamir/manipulator_project/install/manipulator_project/share/manipulator_project//config/log/build_2025-01-23_20-21-44/moveit_robot_config/stdout_stderr.log
-- Symlinking: /home/tamir/manipulator_project/install/manipulator_project/share/manipulator_project//config/log/build_2025-01-23_20-21-44/moveit_robot_config/streams.log
-- Up-to-date symlink: /home/tamir/manipulator_project/install/manipulator_project/share/manipulator_project//config/log/build_2025-01-24_09-50-34/events.log
-- Up-to-date symlink: /home/tamir/manipulator_project/install/manipulator_project/share/manipulator_project//config/log/build_2025-01-24_09-50-34/logger_all.log
-- Up-to-date symlink: /home/tamir/manipulator_project/install/manipulator_project/share/manipulator_project//config/log/build_2025-01-24_09-50-34/moveit_robot_config/command.log
-- Up-to-date symlink: /home/tamir/manipulator_project/install/manipulator_project/share/manipulator_project//config/log/build_2025-01-24_09-50-34/moveit_robot_config/stderr.log
-- Up-to-date symlink: /home/tamir/manipulator_project/install/manipulator_project/share/manipulator_project//config/log/build_2025-01-24_09-50-34/moveit_robot_config/stdout.log
-- Up-to-date symlink: /home/tamir/manipulator_project/install/manipulator_project/share/manipulator_project//config/log/build_2025-01-24_09-50-34/moveit_robot_config/stdout_stderr.log
-- Up-to-date symlink: /home/tamir/manipulator_project/install/manipulator_project/share/manipulator_project//config/log/build_2025-01-24_09-50-34/moveit_robot_config/streams.log
-- Up-to-date symlink: /home/tamir/manipulator_project/install/manipulator_project/share/manipulator_project//config/log/build_2025-01-24_09-51-54/events.log
-- Up-to-date symlink: /home/tamir/manipulator_project/install/manipulator_project/share/manipulator_project//config/log/build_2025-01-24_09-51-54/logger_all.log
-- Up-to-date symlink: /home/tamir/manipulator_project/install/manipulator_project/share/manipulator_project//config/log/build_2025-01-24_09-51-54/moveit_robot_config/command.log
-- Up-to-date symlink: /home/tamir/manipulator_project/install/manipulator_project/share/manipulator_project//config/log/build_2025-01-24_09-51-54/moveit_robot_config/stderr.log
-- Up-to-date symlink: /home/tamir/manipulator_project/install/manipulator_project/share/manipulator_project//config/log/build_2025-01-24_09-51-54/moveit_robot_config/stdout.log
-- Up-to-date symlink: /home/tamir/manipulator_project/install/manipulator_project/share/manipulator_project//config/log/build_2025-01-24_09-51-54/moveit_robot_config/stdout_stderr.log
-- Up-to-date symlink: /home/tamir/manipulator_project/install/manipulator_project/share/manipulator_project//config/log/build_2025-01-24_09-51-54/moveit_robot_config/streams.log
-- Up-to-date symlink: /home/tamir/manipulator_project/install/manipulator_project/share/manipulator_project//config/log/build_2025-01-24_09-56-24/events.log
-- Up-to-date symlink: /home/tamir/manipulator_project/install/manipulator_project/share/manipulator_project//config/log/build_2025-01-24_09-56-24/logger_all.log
-- Up-to-date symlink: /home/tamir/manipulator_project/install/manipulator_project/share/manipulator_project//config/log/build_2025-01-24_09-56-24/moveit_robot_config/command.log
-- Up-to-date symlink: /home/tamir/manipulator_project/install/manipulator_project/share/manipulator_project//config/log/build_2025-01-24_09-56-24/moveit_robot_config/stderr.log
-- Up-to-date symlink: /home/tamir/manipulator_project/install/manipulator_project/share/manipulator_project//config/log/build_2025-01-24_09-56-24/moveit_robot_config/stdout.log
-- Up-to-date symlink: /home/tamir/manipulator_project/install/manipulator_project/share/manipulator_project//config/log/build_2025-01-24_09-56-24/moveit_robot_config/stdout_stderr.log
-- Up-to-date symlink: /home/tamir/manipulator_project/install/manipulator_project/share/manipulator_project//config/log/build_2025-01-24_09-56-24/moveit_robot_config/streams.log
-- Up-to-date symlink: /home/tamir/manipulator_project/install/manipulator_project/share/manipulator_project//config/log/build_2025-01-24_10-03-30/events.log
-- Up-to-date symlink: /home/tamir/manipulator_project/install/manipulator_project/share/manipulator_project//config/log/build_2025-01-24_10-03-30/logger_all.log
-- Up-to-date symlink: /home/tamir/manipulator_project/install/manipulator_project/share/manipulator_project//config/log/build_2025-01-24_10-03-30/moveit_robot_config/command.log
-- Up-to-date symlink: /home/tamir/manipulator_project/install/manipulator_project/share/manipulator_project//config/log/build_2025-01-24_10-03-30/moveit_robot_config/stderr.log
-- Up-to-date symlink: /home/tamir/manipulator_project/install/manipulator_project/share/manipulator_project//config/log/build_2025-01-24_10-03-30/moveit_robot_config/stdout.log
-- Up-to-date symlink: /home/tamir/manipulator_project/install/manipulator_project/share/manipulator_project//config/log/build_2025-01-24_10-03-30/moveit_robot_config/stdout_stderr.log
-- Up-to-date symlink: /home/tamir/manipulator_project/install/manipulator_project/share/manipulator_project//config/log/build_2025-01-24_10-03-30/moveit_robot_config/streams.log
-- Symlinking: /home/tamir/manipulator_project/install/manipulator_project/share/manipulator_project//config/log/latest/events.log
-- Symlinking: /home/tamir/manipulator_project/install/manipulator_project/share/manipulator_project//config/log/latest/logger_all.log
-- Symlinking: /home/tamir/manipulator_project/install/manipulator_project/share/manipulator_project//config/log/latest/moveit_robot_config/command.log
-- Symlinking: /home/tamir/manipulator_project/install/manipulator_project/share/manipulator_project//config/log/latest/moveit_robot_config/stderr.log
-- Symlinking: /home/tamir/manipulator_project/install/manipulator_project/share/manipulator_project//config/log/latest/moveit_robot_config/stdout.log
-- Symlinking: /home/tamir/manipulator_project/install/manipulator_project/share/manipulator_project//config/log/latest/moveit_robot_config/stdout_stderr.log
-- Symlinking: /home/tamir/manipulator_project/install/manipulator_project/share/manipulator_project//config/log/latest/moveit_robot_config/streams.log
-- Up-to-date symlink: /home/tamir/manipulator_project/install/manipulator_project/share/manipulator_project//config/log/latest_build/events.log
-- Up-to-date symlink: /home/tamir/manipulator_project/install/manipulator_project/share/manipulator_project//config/log/latest_build/logger_all.log
-- Up-to-date symlink: /home/tamir/manipulator_project/install/manipulator_project/share/manipulator_project//config/log/latest_build/moveit_robot_config/command.log
-- Up-to-date symlink: /home/tamir/manipulator_project/install/manipulator_project/share/manipulator_project//config/log/latest_build/moveit_robot_config/stderr.log
-- Up-to-date symlink: /home/tamir/manipulator_project/install/manipulator_project/share/manipulator_project//config/log/latest_build/moveit_robot_config/stdout.log
-- Up-to-date symlink: /home/tamir/manipulator_project/install/manipulator_project/share/manipulator_project//config/log/latest_build/moveit_robot_config/stdout_stderr.log
-- Up-to-date symlink: /home/tamir/manipulator_project/install/manipulator_project/share/manipulator_project//config/log/latest_build/moveit_robot_config/streams.log
-- Up-to-date symlink: /home/tamir/manipulator_project/install/manipulator_project/share/manipulator_project//config/moveit_robot_config/.setup_assistant
-- Up-to-date symlink: /home/tamir/manipulator_project/install/manipulator_project/share/manipulator_project//config/moveit_robot_config/CMakeLists.txt
-- Up-to-date symlink: /home/tamir/manipulator_project/install/manipulator_project/share/manipulator_project//config/moveit_robot_config/build/.built_by
-- Up-to-date symlink: /home/tamir/manipulator_project/install/manipulator_project/share/manipulator_project//config/moveit_robot_config/build/COLCON_IGNORE
-- Up-to-date symlink: /home/tamir/manipulator_project/install/manipulator_project/share/manipulator_project//config/moveit_robot_config/build/moveit_robot_config/.cmake/api/v1/query/client-colcon-cmake/codemodel-v2
-- Up-to-date symlink: /home/tamir/manipulator_project/install/manipulator_project/share/manipulator_project//config/moveit_robot_config/build/moveit_robot_config/.cmake/api/v1/reply/codemodel-v2-bd4ebd743d0298c513d5.json
-- Up-to-date symlink: /home/tamir/manipulator_project/install/manipulator_project/share/manipulator_project//config/moveit_robot_config/build/moveit_robot_config/.cmake/api/v1/reply/directory-.-f8d22c1f97afd56bc7fa.json
-- Up-to-date symlink: /home/tamir/manipulator_project/install/manipulator_project/share/manipulator_project//config/moveit_robot_config/build/moveit_robot_config/.cmake/api/v1/reply/index-2025-01-24T08-03-46-0837.json
-- Up-to-date symlink: /home/tamir/manipulator_project/install/manipulator_project/share/manipulator_project//config/moveit_robot_config/build/moveit_robot_config/.cmake/api/v1/reply/target-moveit_robot_config_uninstall-734a376b3e9dacabe2d7.json
-- Up-to-date symlink: /home/tamir/manipulator_project/install/manipulator_project/share/manipulator_project//config/moveit_robot_config/build/moveit_robot_config/.cmake/api/v1/reply/target-uninstall-c83a569c2a1bb3657037.json
-- Up-to-date symlink: /home/tamir/manipulator_project/install/manipulator_project/share/manipulator_project//config/moveit_robot_config/build/moveit_robot_config/CMakeCache.txt
-- Up-to-date symlink: /home/tamir/manipulator_project/install/manipulator_project/share/manipulator_project//config/moveit_robot_config/build/moveit_robot_config/CMakeFiles/3.22.1/CMakeCCompiler.cmake
-- Up-to-date symlink: /home/tamir/manipulator_project/install/manipulator_project/share/manipulator_project//config/moveit_robot_config/build/moveit_robot_config/CMakeFiles/3.22.1/CMakeCXXCompiler.cmake
-- Up-to-date symlink: /home/tamir/manipulator_project/install/manipulator_project/share/manipulator_project//config/moveit_robot_config/build/moveit_robot_config/CMakeFiles/3.22.1/CMakeDetermineCompilerABI_C.bin
-- Up-to-date symlink: /home/tamir/manipulator_project/install/manipulator_project/share/manipulator_project//config/moveit_robot_config/build/moveit_robot_config/CMakeFiles/3.22.1/CMakeDetermineCompilerABI_CXX.bin
-- Up-to-date symlink: /home/tamir/manipulator_project/install/manipulator_project/share/manipulator_project//config/moveit_robot_config/build/moveit_robot_config/CMakeFiles/3.22.1/CMakeSystem.cmake
-- Up-to-date symlink: /home/tamir/manipulator_project/install/manipulator_project/share/manipulator_project//config/moveit_robot_config/build/moveit_robot_config/CMakeFiles/3.22.1/CompilerIdC/CMakeCCompilerId.c
-- Up-to-date symlink: /home/tamir/manipulator_project/install/manipulator_project/share/manipulator_project//config/moveit_robot_config/build/moveit_robot_config/CMakeFiles/3.22.1/CompilerIdC/a.out
-- Up-to-date symlink: /home/tamir/manipulator_project/install/manipulator_project/share/manipulator_project//config/moveit_robot_config/build/moveit_robot_config/CMakeFiles/3.22.1/CompilerIdCXX/CMakeCXXCompilerId.cpp
-- Up-to-date symlink: /home/tamir/manipulator_project/install/manipulator_project/share/manipulator_project//config/moveit_robot_config/build/moveit_robot_config/CMakeFiles/3.22.1/CompilerIdCXX/a.out
-- Up-to-date symlink: /home/tamir/manipulator_project/install/manipulator_project/share/manipulator_project//config/moveit_robot_config/build/moveit_robot_config/CMakeFiles/CMakeDirectoryInformation.cmake
-- Up-to-date symlink: /home/tamir/manipulator_project/install/manipulator_project/share/manipulator_project//config/moveit_robot_config/build/moveit_robot_config/CMakeFiles/CMakeOutput.log
-- Up-to-date symlink: /home/tamir/manipulator_project/install/manipulator_project/share/manipulator_project//config/moveit_robot_config/build/moveit_robot_config/CMakeFiles/CMakeRuleHashes.txt
-- Up-to-date symlink: /home/tamir/manipulator_project/install/manipulator_project/share/manipulator_project//config/moveit_robot_config/build/moveit_robot_config/CMakeFiles/Makefile.cmake
-- Up-to-date symlink: /home/tamir/manipulator_project/install/manipulator_project/share/manipulator_project//config/moveit_robot_config/build/moveit_robot_config/CMakeFiles/Makefile2
-- Up-to-date symlink: /home/tamir/manipulator_project/install/manipulator_project/share/manipulator_project//config/moveit_robot_config/build/moveit_robot_config/CMakeFiles/TargetDirectories.txt
-- Up-to-date symlink: /home/tamir/manipulator_project/install/manipulator_project/share/manipulator_project//config/moveit_robot_config/build/moveit_robot_config/CMakeFiles/cmake.check_cache
-- Up-to-date symlink: /home/tamir/manipulator_project/install/manipulator_project/share/manipulator_project//config/moveit_robot_config/build/moveit_robot_config/CMakeFiles/moveit_robot_config_uninstall.dir/DependInfo.cmake
-- Up-to-date symlink: /home/tamir/manipulator_project/install/manipulator_project/share/manipulator_project//config/moveit_robot_config/build/moveit_robot_config/CMakeFiles/moveit_robot_config_uninstall.dir/build.make
-- Up-to-date symlink: /home/tamir/manipulator_project/install/manipulator_project/share/manipulator_project//config/moveit_robot_config/build/moveit_robot_config/CMakeFiles/moveit_robot_config_uninstall.dir/cmake_clean.cmake
-- Up-to-date symlink: /home/tamir/manipulator_project/install/manipulator_project/share/manipulator_project//config/moveit_robot_config/build/moveit_robot_config/CMakeFiles/moveit_robot_config_uninstall.dir/compiler_depend.make
-- Up-to-date symlink: /home/tamir/manipulator_project/install/manipulator_project/share/manipulator_project//config/moveit_robot_config/build/moveit_robot_config/CMakeFiles/moveit_robot_config_uninstall.dir/compiler_depend.ts
-- Up-to-date symlink: /home/tamir/manipulator_project/install/manipulator_project/share/manipulator_project//config/moveit_robot_config/build/moveit_robot_config/CMakeFiles/moveit_robot_config_uninstall.dir/progress.make
-- Up-to-date symlink: /home/tamir/manipulator_project/install/manipulator_project/share/manipulator_project//config/moveit_robot_config/build/moveit_robot_config/CMakeFiles/progress.marks
-- Up-to-date symlink: /home/tamir/manipulator_project/install/manipulator_project/share/manipulator_project//config/moveit_robot_config/build/moveit_robot_config/CMakeFiles/uninstall.dir/DependInfo.cmake
-- Up-to-date symlink: /home/tamir/manipulator_project/install/manipulator_project/share/manipulator_project//config/moveit_robot_config/build/moveit_robot_config/CMakeFiles/uninstall.dir/build.make
-- Up-to-date symlink: /home/tamir/manipulator_project/install/manipulator_project/share/manipulator_project//config/moveit_robot_config/build/moveit_robot_config/CMakeFiles/uninstall.dir/cmake_clean.cmake
-- Up-to-date symlink: /home/tamir/manipulator_project/install/manipulator_project/share/manipulator_project//config/moveit_robot_config/build/moveit_robot_config/CMakeFiles/uninstall.dir/compiler_depend.make
-- Up-to-date symlink: /home/tamir/manipulator_project/install/manipulator_project/share/manipulator_project//config/moveit_robot_config/build/moveit_robot_config/CMakeFiles/uninstall.dir/compiler_depend.ts
-- Up-to-date symlink: /home/tamir/manipulator_project/install/manipulator_project/share/manipulator_project//config/moveit_robot_config/build/moveit_robot_config/CMakeFiles/uninstall.dir/progress.make
-- Up-to-date symlink: /home/tamir/manipulator_project/install/manipulator_project/share/manipulator_project//config/moveit_robot_config/build/moveit_robot_config/CTestConfiguration.ini
-- Up-to-date symlink: /home/tamir/manipulator_project/install/manipulator_project/share/manipulator_project//config/moveit_robot_config/build/moveit_robot_config/CTestCustom.cmake
-- Up-to-date symlink: /home/tamir/manipulator_project/install/manipulator_project/share/manipulator_project//config/moveit_robot_config/build/moveit_robot_config/CTestTestfile.cmake
-- Up-to-date symlink: /home/tamir/manipulator_project/install/manipulator_project/share/manipulator_project//config/moveit_robot_config/build/moveit_robot_config/Makefile
-- Up-to-date symlink: /home/tamir/manipulator_project/install/manipulator_project/share/manipulator_project//config/moveit_robot_config/build/moveit_robot_config/ament_cmake_core/moveit_robot_configConfig-version.cmake
-- Up-to-date symlink: /home/tamir/manipulator_project/install/manipulator_project/share/manipulator_project//config/moveit_robot_config/build/moveit_robot_config/ament_cmake_core/moveit_robot_configConfig.cmake
-- Up-to-date symlink: /home/tamir/manipulator_project/install/manipulator_project/share/manipulator_project//config/moveit_robot_config/build/moveit_robot_config/ament_cmake_core/package.cmake
-- Up-to-date symlink: /home/tamir/manipulator_project/install/manipulator_project/share/manipulator_project//config/moveit_robot_config/build/moveit_robot_config/ament_cmake_core/stamps/ament_prefix_path.sh.stamp
-- Up-to-date symlink: /home/tamir/manipulator_project/install/manipulator_project/share/manipulator_project//config/moveit_robot_config/build/moveit_robot_config/ament_cmake_core/stamps/nameConfig-version.cmake.in.stamp
-- Up-to-date symlink: /home/tamir/manipulator_project/install/manipulator_project/share/manipulator_project//config/moveit_robot_config/build/moveit_robot_config/ament_cmake_core/stamps/nameConfig.cmake.in.stamp
-- Up-to-date symlink: /home/tamir/manipulator_project/install/manipulator_project/share/manipulator_project//config/moveit_robot_config/build/moveit_robot_config/ament_cmake_core/stamps/package.xml.stamp
-- Up-to-date symlink: /home/tamir/manipulator_project/install/manipulator_project/share/manipulator_project//config/moveit_robot_config/build/moveit_robot_config/ament_cmake_core/stamps/package_xml_2_cmake.py.stamp
-- Up-to-date symlink: /home/tamir/manipulator_project/install/manipulator_project/share/manipulator_project//config/moveit_robot_config/build/moveit_robot_config/ament_cmake_core/stamps/path.sh.stamp
-- Up-to-date symlink: /home/tamir/manipulator_project/install/manipulator_project/share/manipulator_project//config/moveit_robot_config/build/moveit_robot_config/ament_cmake_core/stamps/templates_2_cmake.py.stamp
-- Up-to-date symlink: /home/tamir/manipulator_project/install/manipulator_project/share/manipulator_project//config/moveit_robot_config/build/moveit_robot_config/ament_cmake_environment_hooks/ament_prefix_path.dsv
-- Up-to-date symlink: /home/tamir/manipulator_project/install/manipulator_project/share/manipulator_project//config/moveit_robot_config/build/moveit_robot_config/ament_cmake_environment_hooks/local_setup.bash
-- Up-to-date symlink: /home/tamir/manipulator_project/install/manipulator_project/share/manipulator_project//config/moveit_robot_config/build/moveit_robot_config/ament_cmake_environment_hooks/local_setup.dsv
-- Up-to-date symlink: /home/tamir/manipulator_project/install/manipulator_project/share/manipulator_project//config/moveit_robot_config/build/moveit_robot_config/ament_cmake_environment_hooks/local_setup.sh
-- Up-to-date symlink: /home/tamir/manipulator_project/install/manipulator_project/share/manipulator_project//config/moveit_robot_config/build/moveit_robot_config/ament_cmake_environment_hooks/local_setup.zsh
-- Up-to-date symlink: /home/tamir/manipulator_project/install/manipulator_project/share/manipulator_project//config/moveit_robot_config/build/moveit_robot_config/ament_cmake_environment_hooks/package.dsv
-- Up-to-date symlink: /home/tamir/manipulator_project/install/manipulator_project/share/manipulator_project//config/moveit_robot_config/build/moveit_robot_config/ament_cmake_environment_hooks/path.dsv
-- Up-to-date symlink: /home/tamir/manipulator_project/install/manipulator_project/share/manipulator_project//config/moveit_robot_config/build/moveit_robot_config/ament_cmake_index/share/ament_index/resource_index/package_run_dependencies/moveit_robot_config
-- Up-to-date symlink: /home/tamir/manipulator_project/install/manipulator_project/share/manipulator_project//config/moveit_robot_config/build/moveit_robot_config/ament_cmake_index/share/ament_index/resource_index/packages/moveit_robot_config
-- Up-to-date symlink: /home/tamir/manipulator_project/install/manipulator_project/share/manipulator_project//config/moveit_robot_config/build/moveit_robot_config/ament_cmake_index/share/ament_index/resource_index/parent_prefix_path/moveit_robot_config
-- Up-to-date symlink: /home/tamir/manipulator_project/install/manipulator_project/share/manipulator_project//config/moveit_robot_config/build/moveit_robot_config/ament_cmake_package_templates/templates.cmake
-- Up-to-date symlink: /home/tamir/manipulator_project/install/manipulator_project/share/manipulator_project//config/moveit_robot_config/build/moveit_robot_config/ament_cmake_uninstall_target/ament_cmake_uninstall_target.cmake
-- Up-to-date symlink: /home/tamir/manipulator_project/install/manipulator_project/share/manipulator_project//config/moveit_robot_config/build/moveit_robot_config/cmake_args.last
-- Up-to-date symlink: /home/tamir/manipulator_project/install/manipulator_project/share/manipulator_project//config/moveit_robot_config/build/moveit_robot_config/cmake_install.cmake
-- Up-to-date symlink: /home/tamir/manipulator_project/install/manipulator_project/share/manipulator_project//config/moveit_robot_config/build/moveit_robot_config/colcon_build.rc
-- Up-to-date symlink: /home/tamir/manipulator_project/install/manipulator_project/share/manipulator_project//config/moveit_robot_config/build/moveit_robot_config/colcon_command_prefix_build.sh
-- Up-to-date symlink: /home/tamir/manipulator_project/install/manipulator_project/share/manipulator_project//config/moveit_robot_config/build/moveit_robot_config/colcon_command_prefix_build.sh.env
-- Up-to-date symlink: /home/tamir/manipulator_project/install/manipulator_project/share/manipulator_project//config/moveit_robot_config/build/moveit_robot_config/install_manifest.txt
-- Up-to-date symlink: /home/tamir/manipulator_project/install/manipulator_project/share/manipulator_project//config/moveit_robot_config/config/initial_positions.yaml
-- Up-to-date symlink: /home/tamir/manipulator_project/install/manipulator_project/share/manipulator_project//config/moveit_robot_config/config/joint_limits.yaml
-- Up-to-date symlink: /home/tamir/manipulator_project/install/manipulator_project/share/manipulator_project//config/moveit_robot_config/config/kinematics.yaml
-- Up-to-date symlink: /home/tamir/manipulator_project/install/manipulator_project/share/manipulator_project//config/moveit_robot_config/config/manipulator_robot.ros2_control.xacro
-- Up-to-date symlink: /home/tamir/manipulator_project/install/manipulator_project/share/manipulator_project//config/moveit_robot_config/config/manipulator_robot.srdf
-- Up-to-date symlink: /home/tamir/manipulator_project/install/manipulator_project/share/manipulator_project//config/moveit_robot_config/config/manipulator_robot.urdf.xacro
-- Up-to-date symlink: /home/tamir/manipulator_project/install/manipulator_project/share/manipulator_project//config/moveit_robot_config/config/moveit.rviz
-- Up-to-date symlink: /home/tamir/manipulator_project/install/manipulator_project/share/manipulator_project//config/moveit_robot_config/config/moveit_controllers.yaml
-- Up-to-date symlink: /home/tamir/manipulator_project/install/manipulator_project/share/manipulator_project//config/moveit_robot_config/config/pilz_cartesian_limits.yaml
-- Up-to-date symlink: /home/tamir/manipulator_project/install/manipulator_project/share/manipulator_project//config/moveit_robot_config/config/ros2_controllers.yaml
-- Up-to-date symlink: /home/tamir/manipulator_project/install/manipulator_project/share/manipulator_project//config/moveit_robot_config/install/.colcon_install_layout
-- Up-to-date symlink: /home/tamir/manipulator_project/install/manipulator_project/share/manipulator_project//config/moveit_robot_config/install/COLCON_IGNORE
-- Up-to-date symlink: /home/tamir/manipulator_project/install/manipulator_project/share/manipulator_project//config/moveit_robot_config/install/_local_setup_util_ps1.py
-- Up-to-date symlink: /home/tamir/manipulator_project/install/manipulator_project/share/manipulator_project//config/moveit_robot_config/install/_local_setup_util_sh.py
-- Up-to-date symlink: /home/tamir/manipulator_project/install/manipulator_project/share/manipulator_project//config/moveit_robot_config/install/local_setup.bash
-- Up-to-date symlink: /home/tamir/manipulator_project/install/manipulator_project/share/manipulator_project//config/moveit_robot_config/install/local_setup.ps1
-- Up-to-date symlink: /home/tamir/manipulator_project/install/manipulator_project/share/manipulator_project//config/moveit_robot_config/install/local_setup.sh
-- Up-to-date symlink: /home/tamir/manipulator_project/install/manipulator_project/share/manipulator_project//config/moveit_robot_config/install/local_setup.zsh
-- Up-to-date symlink: /home/tamir/manipulator_project/install/manipulator_project/share/manipulator_project//config/moveit_robot_config/install/moveit_robot_config/share/ament_index/resource_index/package_run_dependencies/moveit_robot_config
-- Up-to-date symlink: /home/tamir/manipulator_project/install/manipulator_project/share/manipulator_project//config/moveit_robot_config/install/moveit_robot_config/share/ament_index/resource_index/packages/moveit_robot_config
-- Up-to-date symlink: /home/tamir/manipulator_project/install/manipulator_project/share/manipulator_project//config/moveit_robot_config/install/moveit_robot_config/share/ament_index/resource_index/parent_prefix_path/moveit_robot_config
-- Up-to-date symlink: /home/tamir/manipulator_project/install/manipulator_project/share/manipulator_project//config/moveit_robot_config/install/moveit_robot_config/share/colcon-core/packages/moveit_robot_config
-- Up-to-date symlink: /home/tamir/manipulator_project/install/manipulator_project/share/manipulator_project//config/moveit_robot_config/install/moveit_robot_config/share/moveit_robot_config/.setup_assistant
-- Up-to-date symlink: /home/tamir/manipulator_project/install/manipulator_project/share/manipulator_project//config/moveit_robot_config/install/moveit_robot_config/share/moveit_robot_config/cmake/moveit_robot_configConfig-version.cmake
-- Up-to-date symlink: /home/tamir/manipulator_project/install/manipulator_project/share/manipulator_project//config/moveit_robot_config/install/moveit_robot_config/share/moveit_robot_config/cmake/moveit_robot_configConfig.cmake
-- Up-to-date symlink: /home/tamir/manipulator_project/install/manipulator_project/share/manipulator_project//config/moveit_robot_config/install/moveit_robot_config/share/moveit_robot_config/config/initial_positions.yaml
-- Up-to-date symlink: /home/tamir/manipulator_project/install/manipulator_project/share/manipulator_project//config/moveit_robot_config/install/moveit_robot_config/share/moveit_robot_config/config/joint_limits.yaml
-- Up-to-date symlink: /home/tamir/manipulator_project/install/manipulator_project/share/manipulator_project//config/moveit_robot_config/install/moveit_robot_config/share/moveit_robot_config/config/kinematics.yaml
-- Up-to-date symlink: /home/tamir/manipulator_project/install/manipulator_project/share/manipulator_project//config/moveit_robot_config/install/moveit_robot_config/share/moveit_robot_config/config/manipulator_robot.ros2_control.xacro
-- Up-to-date symlink: /home/tamir/manipulator_project/install/manipulator_project/share/manipulator_project//config/moveit_robot_config/install/moveit_robot_config/share/moveit_robot_config/config/manipulator_robot.srdf
-- Up-to-date symlink: /home/tamir/manipulator_project/install/manipulator_project/share/manipulator_project//config/moveit_robot_config/install/moveit_robot_config/share/moveit_robot_config/config/manipulator_robot.urdf.xacro
-- Up-to-date symlink: /home/tamir/manipulator_project/install/manipulator_project/share/manipulator_project//config/moveit_robot_config/install/moveit_robot_config/share/moveit_robot_config/config/moveit.rviz
-- Up-to-date symlink: /home/tamir/manipulator_project/install/manipulator_project/share/manipulator_project//config/moveit_robot_config/install/moveit_robot_config/share/moveit_robot_config/config/moveit_controllers.yaml
-- Up-to-date symlink: /home/tamir/manipulator_project/install/manipulator_project/share/manipulator_project//config/moveit_robot_config/install/moveit_robot_config/share/moveit_robot_config/config/pilz_cartesian_limits.yaml
-- Up-to-date symlink: /home/tamir/manipulator_project/install/manipulator_project/share/manipulator_project//config/moveit_robot_config/install/moveit_robot_config/share/moveit_robot_config/config/ros2_controllers.yaml
-- Up-to-date symlink: /home/tamir/manipulator_project/install/manipulator_project/share/manipulator_project//config/moveit_robot_config/install/moveit_robot_config/share/moveit_robot_config/environment/ament_prefix_path.dsv
-- Up-to-date symlink: /home/tamir/manipulator_project/install/manipulator_project/share/manipulator_project//config/moveit_robot_config/install/moveit_robot_config/share/moveit_robot_config/environment/ament_prefix_path.sh
-- Up-to-date symlink: /home/tamir/manipulator_project/install/manipulator_project/share/manipulator_project//config/moveit_robot_config/install/moveit_robot_config/share/moveit_robot_config/environment/path.dsv
-- Up-to-date symlink: /home/tamir/manipulator_project/install/manipulator_project/share/manipulator_project//config/moveit_robot_config/install/moveit_robot_config/share/moveit_robot_config/environment/path.sh
-- Up-to-date symlink: /home/tamir/manipulator_project/install/manipulator_project/share/manipulator_project//config/moveit_robot_config/install/moveit_robot_config/share/moveit_robot_config/hook/cmake_prefix_path.dsv
-- Up-to-date symlink: /home/tamir/manipulator_project/install/manipulator_project/share/manipulator_project//config/moveit_robot_config/install/moveit_robot_config/share/moveit_robot_config/hook/cmake_prefix_path.ps1
-- Up-to-date symlink: /home/tamir/manipulator_project/install/manipulator_project/share/manipulator_project//config/moveit_robot_config/install/moveit_robot_config/share/moveit_robot_config/hook/cmake_prefix_path.sh
-- Up-to-date symlink: /home/tamir/manipulator_project/install/manipulator_project/share/manipulator_project//config/moveit_robot_config/install/moveit_robot_config/share/moveit_robot_config/launch/__pycache__/demo.launch.cpython-310.pyc
-- Up-to-date symlink: /home/tamir/manipulator_project/install/manipulator_project/share/manipulator_project//config/moveit_robot_config/install/moveit_robot_config/share/moveit_robot_config/launch/__pycache__/move_group.launch.cpython-310.pyc
-- Up-to-date symlink: /home/tamir/manipulator_project/install/manipulator_project/share/manipulator_project//config/moveit_robot_config/install/moveit_robot_config/share/moveit_robot_config/launch/__pycache__/moveit_rviz.launch.cpython-310.pyc
-- Up-to-date symlink: /home/tamir/manipulator_project/install/manipulator_project/share/manipulator_project//config/moveit_robot_config/install/moveit_robot_config/share/moveit_robot_config/launch/__pycache__/rsp.launch.cpython-310.pyc
-- Up-to-date symlink: /home/tamir/manipulator_project/install/manipulator_project/share/manipulator_project//config/moveit_robot_config/install/moveit_robot_config/share/moveit_robot_config/launch/__pycache__/spawn_controllers.launch.cpython-310.pyc
-- Up-to-date symlink: /home/tamir/manipulator_project/install/manipulator_project/share/manipulator_project//config/moveit_robot_config/install/moveit_robot_config/share/moveit_robot_config/launch/__pycache__/static_virtual_joint_tfs.launch.cpython-310.pyc
-- Up-to-date symlink: /home/tamir/manipulator_project/install/manipulator_project/share/manipulator_project//config/moveit_robot_config/install/moveit_robot_config/share/moveit_robot_config/launch/__pycache__/warehouse_db.launch.cpython-310.pyc
-- Up-to-date symlink: /home/tamir/manipulator_project/install/manipulator_project/share/manipulator_project//config/moveit_robot_config/install/moveit_robot_config/share/moveit_robot_config/launch/build/.built_by
-- Up-to-date symlink: /home/tamir/manipulator_project/install/manipulator_project/share/manipulator_project//config/moveit_robot_config/install/moveit_robot_config/share/moveit_robot_config/launch/build/COLCON_IGNORE
-- Up-to-date symlink: /home/tamir/manipulator_project/install/manipulator_project/share/manipulator_project//config/moveit_robot_config/install/moveit_robot_config/share/moveit_robot_config/launch/demo.launch.py
-- Up-to-date symlink: /home/tamir/manipulator_project/install/manipulator_project/share/manipulator_project//config/moveit_robot_config/install/moveit_robot_config/share/moveit_robot_config/launch/install/.colcon_install_layout
-- Up-to-date symlink: /home/tamir/manipulator_project/install/manipulator_project/share/manipulator_project//config/moveit_robot_config/install/moveit_robot_config/share/moveit_robot_config/launch/install/COLCON_IGNORE
-- Up-to-date symlink: /home/tamir/manipulator_project/install/manipulator_project/share/manipulator_project//config/moveit_robot_config/install/moveit_robot_config/share/moveit_robot_config/launch/install/_local_setup_util_ps1.py
-- Up-to-date symlink: /home/tamir/manipulator_project/install/manipulator_project/share/manipulator_project//config/moveit_robot_config/install/moveit_robot_config/share/moveit_robot_config/launch/install/_local_setup_util_sh.py
-- Up-to-date symlink: /home/tamir/manipulator_project/install/manipulator_project/share/manipulator_project//config/moveit_robot_config/install/moveit_robot_config/share/moveit_robot_config/launch/install/local_setup.bash
-- Up-to-date symlink: /home/tamir/manipulator_project/install/manipulator_project/share/manipulator_project//config/moveit_robot_config/install/moveit_robot_config/share/moveit_robot_config/launch/install/local_setup.ps1
-- Up-to-date symlink: /home/tamir/manipulator_project/install/manipulator_project/share/manipulator_project//config/moveit_robot_config/install/moveit_robot_config/share/moveit_robot_config/launch/install/local_setup.sh
-- Up-to-date symlink: /home/tamir/manipulator_project/install/manipulator_project/share/manipulator_project//config/moveit_robot_config/install/moveit_robot_config/share/moveit_robot_config/launch/install/local_setup.zsh
-- Up-to-date symlink: /home/tamir/manipulator_project/install/manipulator_project/share/manipulator_project//config/moveit_robot_config/install/moveit_robot_config/share/moveit_robot_config/launch/install/setup.bash
-- Up-to-date symlink: /home/tamir/manipulator_project/install/manipulator_project/share/manipulator_project//config/moveit_robot_config/install/moveit_robot_config/share/moveit_robot_config/launch/install/setup.ps1
-- Up-to-date symlink: /home/tamir/manipulator_project/install/manipulator_project/share/manipulator_project//config/moveit_robot_config/install/moveit_robot_config/share/moveit_robot_config/launch/install/setup.sh
-- Up-to-date symlink: /home/tamir/manipulator_project/install/manipulator_project/share/manipulator_project//config/moveit_robot_config/install/moveit_robot_config/share/moveit_robot_config/launch/install/setup.zsh
-- Up-to-date symlink: /home/tamir/manipulator_project/install/manipulator_project/share/manipulator_project//config/moveit_robot_config/install/moveit_robot_config/share/moveit_robot_config/launch/log/COLCON_IGNORE
-- Symlinking: /home/tamir/manipulator_project/install/manipulator_project/share/manipulator_project//config/moveit_robot_config/install/moveit_robot_config/share/moveit_robot_config/launch/log/build_2025-01-22_15-48-35/events.log
-- Symlinking: /home/tamir/manipulator_project/install/manipulator_project/share/manipulator_project//config/moveit_robot_config/install/moveit_robot_config/share/moveit_robot_config/launch/log/build_2025-01-22_15-48-35/logger_all.log
-- Up-to-date symlink: /home/tamir/manipulator_project/install/manipulator_project/share/manipulator_project//config/moveit_robot_config/install/moveit_robot_config/share/moveit_robot_config/launch/log/build_2025-01-23_20-15-38/events.log
-- Up-to-date symlink: /home/tamir/manipulator_project/install/manipulator_project/share/manipulator_project//config/moveit_robot_config/install/moveit_robot_config/share/moveit_robot_config/launch/log/build_2025-01-23_20-15-38/logger_all.log
-- Symlinking: /home/tamir/manipulator_project/install/manipulator_project/share/manipulator_project//config/moveit_robot_config/install/moveit_robot_config/share/moveit_robot_config/launch/log/latest/events.log
-- Symlinking: /home/tamir/manipulator_project/install/manipulator_project/share/manipulator_project//config/moveit_robot_config/install/moveit_robot_config/share/moveit_robot_config/launch/log/latest/logger_all.log
-- Up-to-date symlink: /home/tamir/manipulator_project/install/manipulator_project/share/manipulator_project//config/moveit_robot_config/install/moveit_robot_config/share/moveit_robot_config/launch/log/latest_build/events.log
-- Up-to-date symlink: /home/tamir/manipulator_project/install/manipulator_project/share/manipulator_project//config/moveit_robot_config/install/moveit_robot_config/share/moveit_robot_config/launch/log/latest_build/logger_all.log
-- Up-to-date symlink: /home/tamir/manipulator_project/install/manipulator_project/share/manipulator_project//config/moveit_robot_config/install/moveit_robot_config/share/moveit_robot_config/launch/move_group.launch.py
-- Up-to-date symlink: /home/tamir/manipulator_project/install/manipulator_project/share/manipulator_project//config/moveit_robot_config/install/moveit_robot_config/share/moveit_robot_config/launch/moveit_rviz.launch.py
-- Up-to-date symlink: /home/tamir/manipulator_project/install/manipulator_project/share/manipulator_project//config/moveit_robot_config/install/moveit_robot_config/share/moveit_robot_config/launch/rsp.launch.py
-- Up-to-date symlink: /home/tamir/manipulator_project/install/manipulator_project/share/manipulator_project//config/moveit_robot_config/install/moveit_robot_config/share/moveit_robot_config/launch/setup_assistant.launch.py
-- Up-to-date symlink: /home/tamir/manipulator_project/install/manipulator_project/share/manipulator_project//config/moveit_robot_config/install/moveit_robot_config/share/moveit_robot_config/launch/spawn_controllers.launch.py
-- Up-to-date symlink: /home/tamir/manipulator_project/install/manipulator_project/share/manipulator_project//config/moveit_robot_config/install/moveit_robot_config/share/moveit_robot_config/launch/static_virtual_joint_tfs.launch.py
-- Up-to-date symlink: /home/tamir/manipulator_project/install/manipulator_project/share/manipulator_project//config/moveit_robot_config/install/moveit_robot_config/share/moveit_robot_config/launch/warehouse_db.launch.py
-- Up-to-date symlink: /home/tamir/manipulator_project/install/manipulator_project/share/manipulator_project//config/moveit_robot_config/install/moveit_robot_config/share/moveit_robot_config/local_setup.bash
-- Up-to-date symlink: /home/tamir/manipulator_project/install/manipulator_project/share/manipulator_project//config/moveit_robot_config/install/moveit_robot_config/share/moveit_robot_config/local_setup.dsv
-- Up-to-date symlink: /home/tamir/manipulator_project/install/manipulator_project/share/manipulator_project//config/moveit_robot_config/install/moveit_robot_config/share/moveit_robot_config/local_setup.sh
-- Up-to-date symlink: /home/tamir/manipulator_project/install/manipulator_project/share/manipulator_project//config/moveit_robot_config/install/moveit_robot_config/share/moveit_robot_config/local_setup.zsh
-- Up-to-date symlink: /home/tamir/manipulator_project/install/manipulator_project/share/manipulator_project//config/moveit_robot_config/install/moveit_robot_config/share/moveit_robot_config/package.bash
-- Up-to-date symlink: /home/tamir/manipulator_project/install/manipulator_project/share/manipulator_project//config/moveit_robot_config/install/moveit_robot_config/share/moveit_robot_config/package.dsv
-- Up-to-date symlink: /home/tamir/manipulator_project/install/manipulator_project/share/manipulator_project//config/moveit_robot_config/install/moveit_robot_config/share/moveit_robot_config/package.ps1
-- Up-to-date symlink: /home/tamir/manipulator_project/install/manipulator_project/share/manipulator_project//config/moveit_robot_config/install/moveit_robot_config/share/moveit_robot_config/package.sh
-- Up-to-date symlink: /home/tamir/manipulator_project/install/manipulator_project/share/manipulator_project//config/moveit_robot_config/install/moveit_robot_config/share/moveit_robot_config/package.xml
-- Up-to-date symlink: /home/tamir/manipulator_project/install/manipulator_project/share/manipulator_project//config/moveit_robot_config/install/moveit_robot_config/share/moveit_robot_config/package.zsh
-- Up-to-date symlink: /home/tamir/manipulator_project/install/manipulator_project/share/manipulator_project//config/moveit_robot_config/install/setup.bash
-- Up-to-date symlink: /home/tamir/manipulator_project/install/manipulator_project/share/manipulator_project//config/moveit_robot_config/install/setup.ps1
-- Up-to-date symlink: /home/tamir/manipulator_project/install/manipulator_project/share/manipulator_project//config/moveit_robot_config/install/setup.sh
-- Up-to-date symlink: /home/tamir/manipulator_project/install/manipulator_project/share/manipulator_project//config/moveit_robot_config/install/setup.zsh
-- Up-to-date symlink: /home/tamir/manipulator_project/install/manipulator_project/share/manipulator_project//config/moveit_robot_config/launch/__pycache__/demo.launch.cpython-310.pyc
-- Up-to-date symlink: /home/tamir/manipulator_project/install/manipulator_project/share/manipulator_project//config/moveit_robot_config/launch/__pycache__/move_group.launch.cpython-310.pyc
-- Up-to-date symlink: /home/tamir/manipulator_project/install/manipulator_project/share/manipulator_project//config/moveit_robot_config/launch/__pycache__/moveit_rviz.launch.cpython-310.pyc
-- Up-to-date symlink: /home/tamir/manipulator_project/install/manipulator_project/share/manipulator_project//config/moveit_robot_config/launch/build/.built_by
-- Up-to-date symlink: /home/tamir/manipulator_project/install/manipulator_project/share/manipulator_project//config/moveit_robot_config/launch/build/COLCON_IGNORE
-- Up-to-date symlink: /home/tamir/manipulator_project/install/manipulator_project/share/manipulator_project//config/moveit_robot_config/launch/demo.launch.py
-- Up-to-date symlink: /home/tamir/manipulator_project/install/manipulator_project/share/manipulator_project//config/moveit_robot_config/launch/install/.colcon_install_layout
-- Up-to-date symlink: /home/tamir/manipulator_project/install/manipulator_project/share/manipulator_project//config/moveit_robot_config/launch/install/COLCON_IGNORE
-- Up-to-date symlink: /home/tamir/manipulator_project/install/manipulator_project/share/manipulator_project//config/moveit_robot_config/launch/install/_local_setup_util_ps1.py
-- Up-to-date symlink: /home/tamir/manipulator_project/install/manipulator_project/share/manipulator_project//config/moveit_robot_config/launch/install/_local_setup_util_sh.py
-- Up-to-date symlink: /home/tamir/manipulator_project/install/manipulator_project/share/manipulator_project//config/moveit_robot_config/launch/install/local_setup.bash
-- Up-to-date symlink: /home/tamir/manipulator_project/install/manipulator_project/share/manipulator_project//config/moveit_robot_config/launch/install/local_setup.ps1
-- Up-to-date symlink: /home/tamir/manipulator_project/install/manipulator_project/share/manipulator_project//config/moveit_robot_config/launch/install/local_setup.sh
-- Up-to-date symlink: /home/tamir/manipulator_project/install/manipulator_project/share/manipulator_project//config/moveit_robot_config/launch/install/local_setup.zsh
-- Up-to-date symlink: /home/tamir/manipulator_project/install/manipulator_project/share/manipulator_project//config/moveit_robot_config/launch/install/setup.bash
-- Up-to-date symlink: /home/tamir/manipulator_project/install/manipulator_project/share/manipulator_project//config/moveit_robot_config/launch/install/setup.ps1
-- Up-to-date symlink: /home/tamir/manipulator_project/install/manipulator_project/share/manipulator_project//config/moveit_robot_config/launch/install/setup.sh
-- Up-to-date symlink: /home/tamir/manipulator_project/install/manipulator_project/share/manipulator_project//config/moveit_robot_config/launch/install/setup.zsh
-- Up-to-date symlink: /home/tamir/manipulator_project/install/manipulator_project/share/manipulator_project//config/moveit_robot_config/launch/log/COLCON_IGNORE
-- Up-to-date symlink: /home/tamir/manipulator_project/install/manipulator_project/share/manipulator_project//config/moveit_robot_config/launch/log/build_2025-01-22_15-48-35/events.log
-- Up-to-date symlink: /home/tamir/manipulator_project/install/manipulator_project/share/manipulator_project//config/moveit_robot_config/launch/log/build_2025-01-22_15-48-35/logger_all.log
-- Up-to-date symlink: /home/tamir/manipulator_project/install/manipulator_project/share/manipulator_project//config/moveit_robot_config/launch/log/build_2025-01-23_20-15-38/events.log
-- Up-to-date symlink: /home/tamir/manipulator_project/install/manipulator_project/share/manipulator_project//config/moveit_robot_config/launch/log/build_2025-01-23_20-15-38/logger_all.log
-- Up-to-date symlink: /home/tamir/manipulator_project/install/manipulator_project/share/manipulator_project//config/moveit_robot_config/launch/log/latest/events.log
-- Up-to-date symlink: /home/tamir/manipulator_project/install/manipulator_project/share/manipulator_project//config/moveit_robot_config/launch/log/latest/logger_all.log
-- Up-to-date symlink: /home/tamir/manipulator_project/install/manipulator_project/share/manipulator_project//config/moveit_robot_config/launch/log/latest_build/events.log
-- Up-to-date symlink: /home/tamir/manipulator_project/install/manipulator_project/share/manipulator_project//config/moveit_robot_config/launch/log/latest_build/logger_all.log
-- Up-to-date symlink: /home/tamir/manipulator_project/install/manipulator_project/share/manipulator_project//config/moveit_robot_config/launch/move_group.launch.py
-- Up-to-date symlink: /home/tamir/manipulator_project/install/manipulator_project/share/manipulator_project//config/moveit_robot_config/launch/moveit_rviz.launch.py
-- Up-to-date symlink: /home/tamir/manipulator_project/install/manipulator_project/share/manipulator_project//config/moveit_robot_config/launch/rsp.launch.py
-- Up-to-date symlink: /home/tamir/manipulator_project/install/manipulator_project/share/manipulator_project//config/moveit_robot_config/launch/setup_assistant.launch.py
-- Up-to-date symlink: /home/tamir/manipulator_project/install/manipulator_project/share/manipulator_project//config/moveit_robot_config/launch/spawn_controllers.launch.py
-- Up-to-date symlink: /home/tamir/manipulator_project/install/manipulator_project/share/manipulator_project//config/moveit_robot_config/launch/static_virtual_joint_tfs.launch.py
-- Up-to-date symlink: /home/tamir/manipulator_project/install/manipulator_project/share/manipulator_project//config/moveit_robot_config/launch/warehouse_db.launch.py
-- Up-to-date symlink: /home/tamir/manipulator_project/install/manipulator_project/share/manipulator_project//config/moveit_robot_config/log/COLCON_IGNORE
-- Up-to-date symlink: /home/tamir/manipulator_project/install/manipulator_project/share/manipulator_project//config/moveit_robot_config/log/build_2025-01-24_10-03-45/events.log
-- Up-to-date symlink: /home/tamir/manipulator_project/install/manipulator_project/share/manipulator_project//config/moveit_robot_config/log/build_2025-01-24_10-03-45/logger_all.log
-- Up-to-date symlink: /home/tamir/manipulator_project/install/manipulator_project/share/manipulator_project//config/moveit_robot_config/log/build_2025-01-24_10-03-45/moveit_robot_config/command.log
-- Up-to-date symlink: /home/tamir/manipulator_project/install/manipulator_project/share/manipulator_project//config/moveit_robot_config/log/build_2025-01-24_10-03-45/moveit_robot_config/stderr.log
-- Up-to-date symlink: /home/tamir/manipulator_project/install/manipulator_project/share/manipulator_project//config/moveit_robot_config/log/build_2025-01-24_10-03-45/moveit_robot_config/stdout.log
-- Up-to-date symlink: /home/tamir/manipulator_project/install/manipulator_project/share/manipulator_project//config/moveit_robot_config/log/build_2025-01-24_10-03-45/moveit_robot_config/stdout_stderr.log
-- Up-to-date symlink: /home/tamir/manipulator_project/install/manipulator_project/share/manipulator_project//config/moveit_robot_config/log/build_2025-01-24_10-03-45/moveit_robot_config/streams.log
-- Up-to-date symlink: /home/tamir/manipulator_project/install/manipulator_project/share/manipulator_project//config/moveit_robot_config/log/latest/events.log
-- Up-to-date symlink: /home/tamir/manipulator_project/install/manipulator_project/share/manipulator_project//config/moveit_robot_config/log/latest/logger_all.log
-- Up-to-date symlink: /home/tamir/manipulator_project/install/manipulator_project/share/manipulator_project//config/moveit_robot_config/log/latest/moveit_robot_config/command.log
-- Up-to-date symlink: /home/tamir/manipulator_project/install/manipulator_project/share/manipulator_project//config/moveit_robot_config/log/latest/moveit_robot_config/stderr.log
-- Up-to-date symlink: /home/tamir/manipulator_project/install/manipulator_project/share/manipulator_project//config/moveit_robot_config/log/latest/moveit_robot_config/stdout.log
-- Up-to-date symlink: /home/tamir/manipulator_project/install/manipulator_project/share/manipulator_project//config/moveit_robot_config/log/latest/moveit_robot_config/stdout_stderr.log
-- Up-to-date symlink: /home/tamir/manipulator_project/install/manipulator_project/share/manipulator_project//config/moveit_robot_config/log/latest/moveit_robot_config/streams.log
-- Up-to-date symlink: /home/tamir/manipulator_project/install/manipulator_project/share/manipulator_project//config/moveit_robot_config/log/latest_build/events.log
-- Up-to-date symlink: /home/tamir/manipulator_project/install/manipulator_project/share/manipulator_project//config/moveit_robot_config/log/latest_build/logger_all.log
-- Up-to-date symlink: /home/tamir/manipulator_project/install/manipulator_project/share/manipulator_project//config/moveit_robot_config/log/latest_build/moveit_robot_config/command.log
-- Up-to-date symlink: /home/tamir/manipulator_project/install/manipulator_project/share/manipulator_project//config/moveit_robot_config/log/latest_build/moveit_robot_config/stderr.log
-- Up-to-date symlink: /home/tamir/manipulator_project/install/manipulator_project/share/manipulator_project//config/moveit_robot_config/log/latest_build/moveit_robot_config/stdout.log
-- Up-to-date symlink: /home/tamir/manipulator_project/install/manipulator_project/share/manipulator_project//config/moveit_robot_config/log/latest_build/moveit_robot_config/stdout_stderr.log
-- Up-to-date symlink: /home/tamir/manipulator_project/install/manipulator_project/share/manipulator_project//config/moveit_robot_config/log/latest_build/moveit_robot_config/streams.log
-- Up-to-date symlink: /home/tamir/manipulator_project/install/manipulator_project/share/manipulator_project//config/moveit_robot_config/package.xml
-- Up-to-date symlink: /home/tamir/manipulator_project/install/manipulator_project/share/manipulator_project//config/urdf_config.rviz
-- Up-to-date symlink: /home/tamir/manipulator_project/install/manipulator_project/share/manipulator_project//launch/__pycache__/simulation.launch.cpython-310.pyc
-- Up-to-date symlink: /home/tamir/manipulator_project/install/manipulator_project/share/manipulator_project//launch/simulation.launch.py
-- Up-to-date symlink: /home/tamir/manipulator_project/install/manipulator_project/share/manipulator_project//urdf/manipulator_model.urdf.xacro
-- Up-to-date symlink: /home/tamir/manipulator_project/install/manipulator_project/share/ament_index/resource_index/package_run_dependencies/manipulator_project
-- Up-to-date symlink: /home/tamir/manipulator_project/install/manipulator_project/share/ament_index/resource_index/parent_prefix_path/manipulator_project
-- Up-to-date symlink: /home/tamir/manipulator_project/install/manipulator_project/share/manipulator_project/environment/ament_prefix_path.sh
-- Up-to-date symlink: /home/tamir/manipulator_project/install/manipulator_project/share/manipulator_project/environment/ament_prefix_path.dsv
-- Up-to-date symlink: /home/tamir/manipulator_project/install/manipulator_project/share/manipulator_project/environment/path.sh
-- Up-to-date symlink: /home/tamir/manipulator_project/install/manipulator_project/share/manipulator_project/environment/path.dsv
-- Up-to-date symlink: /home/tamir/manipulator_project/install/manipulator_project/share/manipulator_project/local_setup.bash
-- Up-to-date symlink: /home/tamir/manipulator_project/install/manipulator_project/share/manipulator_project/local_setup.sh
-- Up-to-date symlink: /home/tamir/manipulator_project/install/manipulator_project/share/manipulator_project/local_setup.zsh
-- Up-to-date symlink: /home/tamir/manipulator_project/install/manipulator_project/share/manipulator_project/local_setup.dsv
-- Symlinking: /home/tamir/manipulator_project/install/manipulator_project/share/manipulator_project/package.dsv
-- Up-to-date symlink: /home/tamir/manipulator_project/install/manipulator_project/share/ament_index/resource_index/packages/manipulator_project
-- Up-to-date symlink: /home/tamir/manipulator_project/install/manipulator_project/share/manipulator_project/cmake/manipulator_projectConfig.cmake
-- Up-to-date symlink: /home/tamir/manipulator_project/install/manipulator_project/share/manipulator_project/cmake/manipulator_projectConfig-version.cmake
-- Up-to-date symlink: /home/tamir/manipulator_project/install/manipulator_project/share/manipulator_project/package.xml
